[DroneInstance 0] Initializing DroneInstance with domain ID 0 [SAFE mode]
[DroneInstance 0] Battery percentage unavailable.
[DroneInstance 0] Received message from Unity: {'type': 'map_area', 'mission_id': 'cube_demo', 'points': [{'x': -5.0, 'y': -5.0, 'z': 2.0}, {'x': -5.0, 'y': -5.0, 'z': 12.0}, {'x': -5.0, 'y': 5.0, 'z': 2.0}, {'x': -5.0, 'y': 5.0, 'z': 12.0}, {'x': 5.0, 'y': -5.0, 'z': 2.0}, {'x': 5.0, 'y': -5.0, 'z': 12.0}, {'x': 5.0, 'y': 5.0, 'z': 2.0}, {'x': 5.0, 'y': 5.0, 'z': 12.0}], 'priority': 5, 'vertical_step': 4.0, 'grid_spacing': 2.0, 'preempt': False}
[DroneInstance 0] Mission 'cube_demo' added with priority 5 and 48 waypoints.
[DroneInstance 0] Resetting takeoff flags (drone on ground).
[DroneInstance 0] [3D Slicer] 48 waypoints generated from 3D hull between Z=2.00-12.00 every 4.0m.
[DroneInstance 0] Starting mission: cube_demo
[DroneInstance 0] Drone not armed. Sending arm command.
[DroneInstance 0] Switching to GUIDED mode.
[DroneInstance 0] Initiating takeoff to 2.0m.
[DroneInstance 0] Waiting to reach takeoff altitude: z=-0.01
[DroneInstance 0] Waiting to reach takeoff altitude: z=0.08
[DroneInstance 0] Waiting to reach takeoff altitude: z=1.08
[DroneInstance 0] Reached takeoff altitude. Starting mission.
[DroneInstance 0] Distance to waypoint: 4.26 meters
[DroneInstance 0] Distance to waypoint: 3.96 meters
[DroneInstance 0] Distance to waypoint: 1.95 meters
[DroneInstance 0] Distance to waypoint: 0.36 meters
[DroneInstance 0] _complete_current_waypoint: idx=0, hold_duration=0, is_holding=False, hold_start_time=None
[DroneInstance 0]  Advancing from waypoint #1 to #2
[DroneInstance 0] Distance to waypoint: 2.05 meters
[DroneInstance 0] Distance to waypoint: 1.73 meters
[DroneInstance 0] Distance to waypoint: 0.55 meters
[DroneInstance 0] Distance to waypoint: 0.04 meters
[DroneInstance 0] _complete_current_waypoint: idx=1, hold_duration=0, is_holding=False, hold_start_time=None
[DroneInstance 0]  Advancing from waypoint #2 to #3
[DroneInstance 0] Distance to waypoint: 1.95 meters
[DroneInstance 0] Distance to waypoint: 1.67 meters
[DroneInstance 0] Distance to waypoint: 0.51 meters
[DroneInstance 0] Distance to waypoint: 0.02 meters
[DroneInstance 0] _complete_current_waypoint: idx=2, hold_duration=0, is_holding=False, hold_start_time=None
[DroneInstance 0]  Advancing from waypoint #3 to #4
[DroneInstance 0] Distance to waypoint: 1.93 meters
[DroneInstance 0] Distance to waypoint: 1.66 meters
[DroneInstance 0] Shutting down DroneInstance...
