[DroneInstance 0] Initializing DroneInstance with domain ID 0 [SAFE mode]
[DroneInstance 0] Battery percentage unavailable.
[DroneInstance 0] LatencyProbe | Received N/A id=f14eee63-7190-4d58-aa1a-f29bd6b2dc7b at 9671.093329
[DroneInstance 0] Received message from Unity: {'type': 'map_area', 'mission_id': 'Mission_4005', 'points': [{'x': 0.6510019302368164, 'y': 3.61840558052063, 'z': 2.490230083465576}, {'x': 0.5544791221618652, 'y': 4.227828025817871, 'z': 2.490230083465576}, {'x': 0.2743583619594574, 'y': 4.777595520019531, 'z': 2.490230083465576}, {'x': -0.16193976998329163, 'y': 5.213893890380859, 'z': 2.490230083465576}, {'x': -0.7117074728012085, 'y': 5.494014739990234, 'z': 2.490230083465576}, {'x': -1.3211296796798706, 'y': 5.5905375480651855, 'z': 2.490230083465576}, {'x': -1.9305518865585327, 'y': 5.494014263153076, 'z': 2.490230083465576}, {'x': -2.4803197383880615, 'y': 5.213893413543701, 'z': 2.490230083465576}, {'x': -2.9166176319122314, 'y': 4.777595520019531, 'z': 2.490230083465576}, {'x': -3.1967382431030273, 'y': 4.227828025817871, 'z': 2.490230083465576}, {'x': -3.2932612895965576, 'y': 3.618405342102051, 'z': 2.490230083465576}, {'x': -3.1967380046844482, 'y': 3.0089828968048096, 'z': 2.490230083465576}, {'x': -2.9166173934936523, 'y': 2.4592154026031494, 'z': 2.490230083465576}, {'x': -2.480319023132324, 'y': 2.0229175090789795, 'z': 2.490230083465576}, {'x': -1.9305510520935059, 'y': 1.7427968978881836, 'z': 2.490230083465576}, {'x': -1.321129560470581, 'y': 1.6462740898132324, 'z': 2.490230083465576}, {'x': -0.7117071151733398, 'y': 1.7427971363067627, 'z': 2.490230083465576}, {'x': -0.16193929314613342, 'y': 2.0229179859161377, 'z': 2.490230083465576}, {'x': 0.27435824275016785, 'y': 2.4592156410217285, 'z': 2.490230083465576}, {'x': 0.5544791221618652, 'y': 3.0089833736419678, 'z': 2.490230083465576}, {'x': 0.6510019302368164, 'y': 3.61840558052063, 'z': 9.064002990722656}, {'x': 0.5544791221618652, 'y': 4.227828025817871, 'z': 9.064002990722656}, {'x': 0.2743583619594574, 'y': 4.777595520019531, 'z': 9.064002990722656}, {'x': -0.16193976998329163, 'y': 5.213893890380859, 'z': 9.064002990722656}, {'x': -0.7117074728012085, 'y': 5.494014739990234, 'z': 9.064002990722656}, {'x': -1.3211296796798706, 'y': 5.5905375480651855, 'z': 9.064002990722656}, {'x': -1.9305518865585327, 'y': 5.494014263153076, 'z': 9.064002990722656}, {'x': -2.4803197383880615, 'y': 5.213893413543701, 'z': 9.064002990722656}, {'x': -2.9166176319122314, 'y': 4.777595520019531, 'z': 9.064002990722656}, {'x': -3.1967382431030273, 'y': 4.227828025817871, 'z': 9.064002990722656}, {'x': -3.2932612895965576, 'y': 3.618405342102051, 'z': 9.064002990722656}, {'x': -3.1967380046844482, 'y': 3.0089828968048096, 'z': 9.064002990722656}, {'x': -2.9166173934936523, 'y': 2.4592154026031494, 'z': 9.064002990722656}, {'x': -2.480319023132324, 'y': 2.0229175090789795, 'z': 9.064002990722656}, {'x': -1.9305510520935059, 'y': 1.7427968978881836, 'z': 9.064002990722656}, {'x': -1.321129560470581, 'y': 1.6462740898132324, 'z': 9.064002990722656}, {'x': -0.7117071151733398, 'y': 1.7427971363067627, 'z': 9.064002990722656}, {'x': -0.16193929314613342, 'y': 2.0229179859161377, 'z': 9.064002990722656}, {'x': 0.27435824275016785, 'y': 2.4592156410217285, 'z': 9.064002990722656}, {'x': 0.5544791221618652, 'y': 3.0089833736419678, 'z': 9.064002990722656}], 'grid_spacing': 0.6667022109031677, 'vertical_step': 2.1912577152252197, 'priority': 1, 'preempt': False}
[DroneInstance 0] Mission 'Mission_4005' added with priority 1 and 75 waypoints.
[DroneInstance 0] Resetting takeoff flags (drone on ground).
[DroneInstance 0] {'type': 'add_mission', 'mission_id': 'Mission_4005', 'waypoints': [(0.040249764919281006, 2.3129763007164, 2.490230083465576), (-0.6264524459838867, 2.3129763007164, 2.490230083465576), (-1.2931546568870544, 2.3129763007164, 2.490230083465576), (-1.9598568677902222, 2.3129763007164, 2.490230083465576), (-2.62655907869339, 2.3129763007164, 2.490230083465576), (-2.62655907869339, 2.979678511619568, 2.490230083465576), (-1.9598568677902222, 2.979678511619568, 2.490230083465576), (-1.2931546568870544, 2.979678511619568, 2.490230083465576), (-0.6264524459838867, 2.979678511619568, 2.490230083465576), (0.040249764919281006, 2.979678511619568, 2.490230083465576), (0.040249764919281006, 3.6463807225227356, 2.490230083465576), (-0.6264524459838867, 3.6463807225227356, 2.490230083465576), (-1.2931546568870544, 3.6463807225227356, 2.490230083465576), (-1.9598568677902222, 3.6463807225227356, 2.490230083465576), (-2.62655907869339, 3.6463807225227356, 2.490230083465576), (-2.62655907869339, 4.313082933425903, 2.490230083465576), (-1.9598568677902222, 4.313082933425903, 2.490230083465576), (-1.2931546568870544, 4.313082933425903, 2.490230083465576), (-0.6264524459838867, 4.313082933425903, 2.490230083465576), (0.040249764919281006, 4.313082933425903, 2.490230083465576), (0.040249764919281006, 4.979785144329071, 2.490230083465576), (-0.6264524459838867, 4.979785144329071, 2.490230083465576), (-1.2931546568870544, 4.979785144329071, 2.490230083465576), (-1.9598568677902222, 4.979785144329071, 2.490230083465576), (-2.62655907869339, 4.979785144329071, 2.490230083465576), (0.040249764919281006, 2.3129763007164, 4.681487798690796), (-0.6264524459838867, 2.3129763007164, 4.681487798690796), (-1.2931546568870544, 2.3129763007164, 4.681487798690796), (-1.9598568677902222, 2.3129763007164, 4.681487798690796), (-2.62655907869339, 2.3129763007164, 4.681487798690796), (-2.62655907869339, 2.979678511619568, 4.681487798690796), (-1.9598568677902222, 2.979678511619568, 4.681487798690796), (-1.2931546568870544, 2.979678511619568, 4.681487798690796), (-0.6264524459838867, 2.979678511619568, 4.681487798690796), (0.040249764919281006, 2.979678511619568, 4.681487798690796), (0.040249764919281006, 3.6463807225227356, 4.681487798690796), (-0.6264524459838867, 3.6463807225227356, 4.681487798690796), (-1.2931546568870544, 3.6463807225227356, 4.681487798690796), (-1.9598568677902222, 3.6463807225227356, 4.681487798690796), (-2.62655907869339, 3.6463807225227356, 4.681487798690796), (-2.62655907869339, 4.313082933425903, 4.681487798690796), (-1.9598568677902222, 4.313082933425903, 4.681487798690796), (-1.2931546568870544, 4.313082933425903, 4.681487798690796), (-0.6264524459838867, 4.313082933425903, 4.681487798690796), (0.040249764919281006, 4.313082933425903, 4.681487798690796), (0.040249764919281006, 4.979785144329071, 4.681487798690796), (-0.6264524459838867, 4.979785144329071, 4.681487798690796), (-1.2931546568870544, 4.979785144329071, 4.681487798690796), (-1.9598568677902222, 4.979785144329071, 4.681487798690796), (-2.62655907869339, 4.979785144329071, 4.681487798690796), (0.040249764919281006, 2.3129763007164, 6.872745513916016), (-0.6264524459838867, 2.3129763007164, 6.872745513916016), (-1.2931546568870544, 2.3129763007164, 6.872745513916016), (-1.9598568677902222, 2.3129763007164, 6.872745513916016), (-2.62655907869339, 2.3129763007164, 6.872745513916016), (-2.62655907869339, 2.979678511619568, 6.872745513916016), (-1.9598568677902222, 2.979678511619568, 6.872745513916016), (-1.2931546568870544, 2.979678511619568, 6.872745513916016), (-0.6264524459838867, 2.979678511619568, 6.872745513916016), (0.040249764919281006, 2.979678511619568, 6.872745513916016), (0.040249764919281006, 3.6463807225227356, 6.872745513916016), (-0.6264524459838867, 3.6463807225227356, 6.872745513916016), (-1.2931546568870544, 3.6463807225227356, 6.872745513916016), (-1.9598568677902222, 3.6463807225227356, 6.872745513916016), (-2.62655907869339, 3.6463807225227356, 6.872745513916016), (-2.62655907869339, 4.313082933425903, 6.872745513916016), (-1.9598568677902222, 4.313082933425903, 6.872745513916016), (-1.2931546568870544, 4.313082933425903, 6.872745513916016), (-0.6264524459838867, 4.313082933425903, 6.872745513916016), (0.040249764919281006, 4.313082933425903, 6.872745513916016), (0.040249764919281006, 4.979785144329071, 6.872745513916016), (-0.6264524459838867, 4.979785144329071, 6.872745513916016), (-1.2931546568870544, 4.979785144329071, 6.872745513916016), (-1.9598568677902222, 4.979785144329071, 6.872745513916016), (-2.62655907869339, 4.979785144329071, 6.872745513916016)], 'mode': 'once', 'patrol_loops': 1, 'priority': 1, 'preempt': False}
[DroneInstance 0] [3D Slicer] 75 waypoints generated from 3D hull between Z=2.49-9.06 every 2.1912577152252197m.
[DroneInstance 0] Starting mission: Mission_4005
[DroneInstance 0] Drone not armed. Sending arm command.
[DroneInstance 0] Switching to GUIDED mode.
[DroneInstance 0] Initiating takeoff to 2.0m.
[DroneInstance 0] Waiting to reach takeoff altitude: z=-0.01
[DroneInstance 0] Waiting to reach takeoff altitude: z=0.10
[DroneInstance 0] Waiting to reach takeoff altitude: z=1.17
[DroneInstance 0] Reached takeoff altitude. Starting mission.
[DroneInstance 0] Distance to waypoint: 2.39 meters
[DroneInstance 0] LatencyProbe | Sent pos command at 9678.531482
[DroneInstance 0] Distance to waypoint: 1.93 meters
[DroneInstance 0] Distance to waypoint: 0.57 meters
[DroneInstance 0] Distance to waypoint: 0.04 meters
[DroneInstance 0] _complete_current_waypoint: idx=0, hold_duration=0, is_holding=False, hold_start_time=None
[DroneInstance 0]  Advancing from waypoint #1 to #2
[DroneInstance 0] Distance to waypoint: 0.70 meters
[DroneInstance 0] LatencyProbe | Sent pos command at 9682.531162
[DroneInstance 0] Distance to waypoint: 0.46 meters
[DroneInstance 0] _complete_current_waypoint: idx=1, hold_duration=0, is_holding=False, hold_start_time=None
[DroneInstance 0]  Advancing from waypoint #2 to #3
[DroneInstance 0] Distance to waypoint: 0.74 meters
[DroneInstance 0] LatencyProbe | Sent pos command at 9684.531184
[DroneInstance 0] Distance to waypoint: 0.42 meters
[DroneInstance 0] _complete_current_waypoint: idx=2, hold_duration=0, is_holding=False, hold_start_time=None
[DroneInstance 0]  Advancing from waypoint #3 to #4
[DroneInstance 0] Distance to waypoint: 0.72 meters
[DroneInstance 0] LatencyProbe | Sent pos command at 9686.531244
[DroneInstance 0] Distance to waypoint: 0.41 meters
[DroneInstance 0] _complete_current_waypoint: idx=3, hold_duration=0, is_holding=False, hold_start_time=None
[DroneInstance 0]  Advancing from waypoint #4 to #5
[DroneInstance 0] Distance to waypoint: 0.71 meters
[DroneInstance 0] LatencyProbe | Sent pos command at 9688.531140
[DroneInstance 0] Distance to waypoint: 0.40 meters
[DroneInstance 0] _complete_current_waypoint: idx=4, hold_duration=0, is_holding=False, hold_start_time=None
[DroneInstance 0]  Advancing from waypoint #5 to #6
[DroneInstance 0] Distance to waypoint: 0.68 meters
[DroneInstance 0] LatencyProbe | Sent pos command at 9690.531322
[DroneInstance 0] Distance to waypoint: 0.49 meters
[DroneInstance 0] _complete_current_waypoint: idx=5, hold_duration=0, is_holding=False, hold_start_time=None
[DroneInstance 0]  Advancing from waypoint #6 to #7
[DroneInstance 0] Distance to waypoint: 0.73 meters
[DroneInstance 0] LatencyProbe | Sent pos command at 9692.531149
[DroneInstance 0] Distance to waypoint: 0.50 meters
[DroneInstance 0] Distance to waypoint: 0.13 meters
[DroneInstance 0] _complete_current_waypoint: idx=6, hold_duration=0, is_holding=False, hold_start_time=None
[DroneInstance 0]  Advancing from waypoint #7 to #8
[DroneInstance 0] Distance to waypoint: 0.67 meters
[DroneInstance 0] LatencyProbe | Sent pos command at 9695.531254
[DroneInstance 0] Distance to waypoint: 0.46 meters
[DroneInstance 0] _complete_current_waypoint: idx=7, hold_duration=0, is_holding=False, hold_start_time=None
[DroneInstance 0]  Advancing from waypoint #8 to #9
[DroneInstance 0] LatencyProbe | Received N/A id=573fdeaf-9f24-42ed-b247-a8b0f249cc58 at 9696.699346
[DroneInstance 0] Received message from Unity: {'type': 'delete_mission', 'mission_id': 'Mission_4005'}
[DroneInstance 0] Deleting active mission 'Mission_4005'. Aborting mission.
[DroneInstance 0] LatencyProbe | Received N/A id=0bd9955f-2666-4696-a79e-3cb936c1d039 at 9720.938344
[DroneInstance 0] Received message from Unity: {'type': 'map_area', 'mission_id': 'Mission_3031', 'points': [{'x': -0.12503460049629211, 'y': 3.636765956878662, 'z': 2.5294857025146484}, {'x': -0.16940662264823914, 'y': 3.9169201850891113, 'z': 2.5294857025146484}, {'x': -0.29817935824394226, 'y': 4.169650554656982, 'z': 2.5294857025146484}, {'x': -0.4987476170063019, 'y': 4.370218753814697, 'z': 2.5294857025146484}, {'x': -0.751478374004364, 'y': 4.4989914894104, 'z': 2.5294857025146484}, {'x': -1.0316325426101685, 'y': 4.543363571166992, 'z': 2.5294857025146484}, {'x': -1.3117867708206177, 'y': 4.4989914894104, 'z': 2.5294857025146484}, {'x': -1.5645174980163574, 'y': 4.370218753814697, 'z': 2.5294857025146484}, {'x': -1.7650856971740723, 'y': 4.169650554656982, 'z': 2.5294857025146484}, {'x': -1.8938584327697754, 'y': 3.9169201850891113, 'z': 2.5294857025146484}, {'x': -1.9382305145263672, 'y': 3.636765956878662, 'z': 2.5294857025146484}, {'x': -1.8938583135604858, 'y': 3.356611490249634, 'z': 2.5294857025146484}, {'x': -1.7650856971740723, 'y': 3.1038811206817627, 'z': 2.5294857025146484}, {'x': -1.5645172595977783, 'y': 2.9033126831054688, 'z': 2.5294857025146484}, {'x': -1.311786413192749, 'y': 2.7745399475097656, 'z': 2.5294857025146484}, {'x': -1.0316325426101685, 'y': 2.730168104171753, 'z': 2.5294857025146484}, {'x': -0.7514781951904297, 'y': 2.7745401859283447, 'z': 2.5294857025146484}, {'x': -0.49874743819236755, 'y': 2.903312921524048, 'z': 2.5294857025146484}, {'x': -0.29817941784858704, 'y': 3.1038811206817627, 'z': 2.5294857025146484}, {'x': -0.16940662264823914, 'y': 3.356611967086792, 'z': 2.5294857025146484}, {'x': -0.12503460049629211, 'y': 3.636765956878662, 'z': 5.551479339599609}, {'x': -0.16940662264823914, 'y': 3.9169201850891113, 'z': 5.551479339599609}, {'x': -0.29817935824394226, 'y': 4.169650554656982, 'z': 5.551479339599609}, {'x': -0.4987476170063019, 'y': 4.370218753814697, 'z': 5.551479339599609}, {'x': -0.751478374004364, 'y': 4.4989914894104, 'z': 5.551479339599609}, {'x': -1.0316325426101685, 'y': 4.543363571166992, 'z': 5.551479339599609}, {'x': -1.3117867708206177, 'y': 4.4989914894104, 'z': 5.551479339599609}, {'x': -1.5645174980163574, 'y': 4.370218753814697, 'z': 5.551479339599609}, {'x': -1.7650856971740723, 'y': 4.169650554656982, 'z': 5.551479339599609}, {'x': -1.8938584327697754, 'y': 3.9169201850891113, 'z': 5.551479339599609}, {'x': -1.9382305145263672, 'y': 3.636765956878662, 'z': 5.551479339599609}, {'x': -1.8938583135604858, 'y': 3.356611490249634, 'z': 5.551479339599609}, {'x': -1.7650856971740723, 'y': 3.1038811206817627, 'z': 5.551479339599609}, {'x': -1.5645172595977783, 'y': 2.9033126831054688, 'z': 5.551479339599609}, {'x': -1.311786413192749, 'y': 2.7745399475097656, 'z': 5.551479339599609}, {'x': -1.0316325426101685, 'y': 2.730168104171753, 'z': 5.551479339599609}, {'x': -0.7514781951904297, 'y': 2.7745401859283447, 'z': 5.551479339599609}, {'x': -0.49874743819236755, 'y': 2.903312921524048, 'z': 5.551479339599609}, {'x': -0.29817941784858704, 'y': 3.1038811206817627, 'z': 5.551479339599609}, {'x': -0.16940662264823914, 'y': 3.356611967086792, 'z': 5.551479339599609}], 'grid_spacing': 0.30648601055145264, 'vertical_step': 1.0073312520980835, 'priority': 1, 'preempt': False}
[DroneInstance 0] Mission 'Mission_3031' added with priority 1 and 75 waypoints.
[DroneInstance 0] {'type': 'add_mission', 'mission_id': 'Mission_3031', 'waypoints': [(-0.405800461769104, 3.0366541147232056, 2.5294857025146484), (-0.7122864723205566, 3.0366541147232056, 2.5294857025146484), (-1.0187724828720093, 3.0366541147232056, 2.5294857025146484), (-1.325258493423462, 3.0366541147232056, 2.5294857025146484), (-1.6317445039749146, 3.0366541147232056, 2.5294857025146484), (-1.6317445039749146, 3.343140125274658, 2.5294857025146484), (-1.325258493423462, 3.343140125274658, 2.5294857025146484), (-1.0187724828720093, 3.343140125274658, 2.5294857025146484), (-0.7122864723205566, 3.343140125274658, 2.5294857025146484), (-0.405800461769104, 3.343140125274658, 2.5294857025146484), (-0.405800461769104, 3.649626135826111, 2.5294857025146484), (-0.7122864723205566, 3.649626135826111, 2.5294857025146484), (-1.0187724828720093, 3.649626135826111, 2.5294857025146484), (-1.325258493423462, 3.649626135826111, 2.5294857025146484), (-1.6317445039749146, 3.649626135826111, 2.5294857025146484), (-1.6317445039749146, 3.9561121463775635, 2.5294857025146484), (-1.325258493423462, 3.9561121463775635, 2.5294857025146484), (-1.0187724828720093, 3.9561121463775635, 2.5294857025146484), (-0.7122864723205566, 3.9561121463775635, 2.5294857025146484), (-0.405800461769104, 3.9561121463775635, 2.5294857025146484), (-0.405800461769104, 4.262598156929016, 2.5294857025146484), (-0.7122864723205566, 4.262598156929016, 2.5294857025146484), (-1.0187724828720093, 4.262598156929016, 2.5294857025146484), (-1.325258493423462, 4.262598156929016, 2.5294857025146484), (-1.6317445039749146, 4.262598156929016, 2.5294857025146484), (-0.405800461769104, 3.0366541147232056, 3.536816954612732), (-0.7122864723205566, 3.0366541147232056, 3.536816954612732), (-1.0187724828720093, 3.0366541147232056, 3.536816954612732), (-1.325258493423462, 3.0366541147232056, 3.536816954612732), (-1.6317445039749146, 3.0366541147232056, 3.536816954612732), (-1.6317445039749146, 3.343140125274658, 3.536816954612732), (-1.325258493423462, 3.343140125274658, 3.536816954612732), (-1.0187724828720093, 3.343140125274658, 3.536816954612732), (-0.7122864723205566, 3.343140125274658, 3.536816954612732), (-0.405800461769104, 3.343140125274658, 3.536816954612732), (-0.405800461769104, 3.649626135826111, 3.536816954612732), (-0.7122864723205566, 3.649626135826111, 3.536816954612732), (-1.0187724828720093, 3.649626135826111, 3.536816954612732), (-1.325258493423462, 3.649626135826111, 3.536816954612732), (-1.6317445039749146, 3.649626135826111, 3.536816954612732), (-1.6317445039749146, 3.9561121463775635, 3.536816954612732), (-1.325258493423462, 3.9561121463775635, 3.536816954612732), (-1.0187724828720093, 3.9561121463775635, 3.536816954612732), (-0.7122864723205566, 3.9561121463775635, 3.536816954612732), (-0.405800461769104, 3.9561121463775635, 3.536816954612732), (-0.405800461769104, 4.262598156929016, 3.536816954612732), (-0.7122864723205566, 4.262598156929016, 3.536816954612732), (-1.0187724828720093, 4.262598156929016, 3.536816954612732), (-1.325258493423462, 4.262598156929016, 3.536816954612732), (-1.6317445039749146, 4.262598156929016, 3.536816954612732), (-0.405800461769104, 3.0366541147232056, 4.544148206710815), (-0.7122864723205566, 3.0366541147232056, 4.544148206710815), (-1.0187724828720093, 3.0366541147232056, 4.544148206710815), (-1.325258493423462, 3.0366541147232056, 4.544148206710815), (-1.6317445039749146, 3.0366541147232056, 4.544148206710815), (-1.6317445039749146, 3.343140125274658, 4.544148206710815), (-1.325258493423462, 3.343140125274658, 4.544148206710815), (-1.0187724828720093, 3.343140125274658, 4.544148206710815), (-0.7122864723205566, 3.343140125274658, 4.544148206710815), (-0.405800461769104, 3.343140125274658, 4.544148206710815), (-0.405800461769104, 3.649626135826111, 4.544148206710815), (-0.7122864723205566, 3.649626135826111, 4.544148206710815), (-1.0187724828720093, 3.649626135826111, 4.544148206710815), (-1.325258493423462, 3.649626135826111, 4.544148206710815), (-1.6317445039749146, 3.649626135826111, 4.544148206710815), (-1.6317445039749146, 3.9561121463775635, 4.544148206710815), (-1.325258493423462, 3.9561121463775635, 4.544148206710815), (-1.0187724828720093, 3.9561121463775635, 4.544148206710815), (-0.7122864723205566, 3.9561121463775635, 4.544148206710815), (-0.405800461769104, 3.9561121463775635, 4.544148206710815), (-0.405800461769104, 4.262598156929016, 4.544148206710815), (-0.7122864723205566, 4.262598156929016, 4.544148206710815), (-1.0187724828720093, 4.262598156929016, 4.544148206710815), (-1.325258493423462, 4.262598156929016, 4.544148206710815), (-1.6317445039749146, 4.262598156929016, 4.544148206710815)], 'mode': 'once', 'patrol_loops': 1, 'priority': 1, 'preempt': False}
[DroneInstance 0] [3D Slicer] 75 waypoints generated from 3D hull between Z=2.53-5.55 every 1.0073312520980835m.
[DroneInstance 0] Starting mission: Mission_3031
[DroneInstance 0] Distance to waypoint: 0.91 meters
[DroneInstance 0] LatencyProbe | Sent pos command at 9722.531277
[DroneInstance 0] Distance to waypoint: 0.65 meters
[DroneInstance 0] Distance to waypoint: 0.16 meters
[DroneInstance 0] _complete_current_waypoint: idx=0, hold_duration=0, is_holding=False, hold_start_time=None
[DroneInstance 0]  Advancing from waypoint #1 to #2
[DroneInstance 0] Distance to waypoint: 0.32 meters
[DroneInstance 0] _complete_current_waypoint: idx=1, hold_duration=0, is_holding=False, hold_start_time=None
[DroneInstance 0]  Advancing from waypoint #2 to #3
[DroneInstance 0] Distance to waypoint: 0.63 meters
[DroneInstance 0] LatencyProbe | Sent pos command at 9726.530286
[DroneInstance 0] Distance to waypoint: 0.42 meters
[DroneInstance 0] _complete_current_waypoint: idx=2, hold_duration=0, is_holding=False, hold_start_time=None
[DroneInstance 0]  Advancing from waypoint #3 to #4
[DroneInstance 0] Distance to waypoint: 0.38 meters
[DroneInstance 0] _complete_current_waypoint: idx=3, hold_duration=0, is_holding=False, hold_start_time=None
[DroneInstance 0]  Advancing from waypoint #4 to #5
[DroneInstance 0] Shutting down DroneInstance...
