[DroneInstance 0] Initializing DroneInstance with domain ID 0 [SAFE mode]
[DroneInstance 0] Battery percentage unavailable.
[DroneInstance 0] Received message from Unity: {'type': 'add_mission', 'mission_id': 'path_mission_1', 'waypoints': [{'coords': [0.0, 0.0, 4.0], 'hold_duration': 0}, {'coords': [4.0, 0.0, 4.0], 'hold_duration': 0}, {'coords': [8.0, 0.0, 4.0], 'hold_duration': 0}, {'coords': [12.0, 0.0, 4.0], 'hold_duration': 0}, {'coords': [16.0, 0.0, 4.0], 'hold_duration': 0}], 'priority': 5, 'mode': 'once', 'patrol_loops': 2, 'preempt': False}
[DroneInstance 0] Mission 'path_mission_1' added with priority 5 and 5 waypoints.
[DroneInstance 0] Resetting takeoff flags (drone on ground).
[DroneInstance 0] Starting mission: path_mission_1
[DroneInstance 0] Drone not armed. Sending arm command.
[DroneInstance 0] Switching to GUIDED mode.
[DroneInstance 0] Initiating takeoff to 2.0m.
[DroneInstance 0] Waiting to reach takeoff altitude: z=-0.01
[DroneInstance 0] Waiting to reach takeoff altitude: z=0.10
[DroneInstance 0] Waiting to reach takeoff altitude: z=1.14
[DroneInstance 0] Reached takeoff altitude. Starting mission.
[DroneInstance 0] Distance to waypoint: 2.09 meters
[DroneInstance 0] Distance to waypoint: 1.67 meters
[DroneInstance 0] Distance to waypoint: 0.58 meters
[DroneInstance 0] Distance to waypoint: 0.03 meters
[DroneInstance 0] _complete_current_waypoint: idx=0, hold_duration=0, is_holding=False, hold_start_time=None
[DroneInstance 0]  Advancing from waypoint #1 to #2
[DroneInstance 0] Distance to waypoint: 4.04 meters
[DroneInstance 0] Distance to waypoint: 3.64 meters
[DroneInstance 0] Distance to waypoint: 1.64 meters
[DroneInstance 0] Distance to waypoint: 0.20 meters
[DroneInstance 0] _complete_current_waypoint: idx=1, hold_duration=0, is_holding=False, hold_start_time=None
[DroneInstance 0]  Advancing from waypoint #2 to #3
[DroneInstance 0] Distance to waypoint: 3.81 meters
[DroneInstance 0] Distance to waypoint: 3.46 meters
[DroneInstance 0] Distance to waypoint: 1.54 meters
[DroneInstance 0] Distance to waypoint: 0.15 meters
[DroneInstance 0] _complete_current_waypoint: idx=2, hold_duration=0, is_holding=False, hold_start_time=None
[DroneInstance 0]  Advancing from waypoint #3 to #4
[DroneInstance 0] Distance to waypoint: 3.79 meters
[DroneInstance 0] Distance to waypoint: 3.45 meters
[DroneInstance 0] Distance to waypoint: 1.53 meters
[DroneInstance 0] Distance to waypoint: 0.14 meters
[DroneInstance 0] _complete_current_waypoint: idx=3, hold_duration=0, is_holding=False, hold_start_time=None
[DroneInstance 0]  Advancing from waypoint #4 to #5
[DroneInstance 0] Distance to waypoint: 3.79 meters
[DroneInstance 0] Distance to waypoint: 3.44 meters
[DroneInstance 0] Distance to waypoint: 1.52 meters
[DroneInstance 0] Distance to waypoint: 0.15 meters
[DroneInstance 0] _complete_current_waypoint: idx=4, hold_duration=0, is_holding=False, hold_start_time=None
[DroneInstance 0]  Advancing from waypoint #5 to #6
[DroneInstance 0] Mission 'path_mission_1' complete.
[DroneInstance 0] Received message from Unity: {'type': 'add_mission', 'mission_id': 'path_mission_2_preempt', 'waypoints': [{'coords': [5.0, 5.0, 4.0], 'hold_duration': 0}, {'coords': [7.82842712474619, 7.82842712474619, 4.0], 'hold_duration': 0}, {'coords': [10.65685424949238, 10.65685424949238, 4.0], 'hold_duration': 0}, {'coords': [13.485281374238571, 13.48528137423857, 4.0], 'hold_duration': 0}, {'coords': [16.31370849898476, 16.31370849898476, 4.0], 'hold_duration': 0}, {'coords': [19.14213562373095, 19.14213562373095, 4.0], 'hold_duration': 0}, {'coords': [21.970562748477143, 21.97056274847714, 4.0], 'hold_duration': 0}, {'coords': [24.79898987322333, 24.798989873223327, 4.0], 'hold_duration': 0}, {'coords': [27.627416997969522, 27.62741699796952, 4.0], 'hold_duration': 0}, {'coords': [30.455844122715714, 30.45584412271571, 4.0], 'hold_duration': 0}, {'coords': [33.2842712474619, 33.2842712474619, 4.0], 'hold_duration': 0}, {'coords': [36.112698372208094, 36.11269837220809, 4.0], 'hold_duration': 0}, {'coords': [38.941125496954285, 38.94112549695428, 4.0], 'hold_duration': 0}, {'coords': [41.76955262170048, 41.76955262170047, 4.0], 'hold_duration': 0}, {'coords': [44.59797974644666, 44.597979746446654, 4.0], 'hold_duration': 0}, {'coords': [47.42640687119285, 47.426406871192846, 4.0], 'hold_duration': 0}, {'coords': [50.254833995939045, 50.25483399593904, 4.0], 'hold_duration': 0}, {'coords': [53.083261120685236, 53.08326112068523, 4.0], 'hold_duration': 0}, {'coords': [55.91168824543143, 55.91168824543142, 4.0], 'hold_duration': 0}, {'coords': [58.74011537017761, 58.740115370177605, 4.0], 'hold_duration': 0}], 'priority': 5, 'mode': 'once', 'patrol_loops': 2, 'preempt': True}
[DroneInstance 0] Mission 'path_mission_2_preempt' added with priority 5 and 20 waypoints.
[DroneInstance 0] Starting mission: path_mission_2_preempt
[DroneInstance 0] Distance to waypoint: 12.12 meters
[DroneInstance 0] Distance to waypoint: 11.69 meters
[DroneInstance 0] Distance to waypoint: 9.02 meters
[DroneInstance 0] Distance to waypoint: 5.03 meters
[DroneInstance 0] Distance to waypoint: 1.81 meters
[DroneInstance 0] Distance to waypoint: 0.06 meters
[DroneInstance 0] _complete_current_waypoint: idx=0, hold_duration=0, is_holding=False, hold_start_time=None
[DroneInstance 0]  Advancing from waypoint #1 to #2
[DroneInstance 0] Distance to waypoint: 4.09 meters
[DroneInstance 0] Distance to waypoint: 3.65 meters
[DroneInstance 0] Distance to waypoint: 1.62 meters
[DroneInstance 0] Distance to waypoint: 0.21 meters
[DroneInstance 0] _complete_current_waypoint: idx=1, hold_duration=0, is_holding=False, hold_start_time=None
[DroneInstance 0]  Advancing from waypoint #2 to #3
[DroneInstance 0] Distance to waypoint: 3.83 meters
[DroneInstance 0] Distance to waypoint: 3.46 meters
[DroneInstance 0] Distance to waypoint: 1.52 meters
[DroneInstance 0] Distance to waypoint: 0.14 meters
[DroneInstance 0] _complete_current_waypoint: idx=2, hold_duration=0, is_holding=False, hold_start_time=None
[DroneInstance 0]  Advancing from waypoint #3 to #4
[DroneInstance 0] Distance to waypoint: 3.80 meters
[DroneInstance 0] Distance to waypoint: 3.44 meters
[DroneInstance 0] Distance to waypoint: 1.51 meters
[DroneInstance 0] Distance to waypoint: 0.14 meters
[DroneInstance 0] _complete_current_waypoint: idx=3, hold_duration=0, is_holding=False, hold_start_time=None
[DroneInstance 0]  Advancing from waypoint #4 to #5
[DroneInstance 0] Distance to waypoint: 3.80 meters
[DroneInstance 0] Distance to waypoint: 3.43 meters
[DroneInstance 0] Distance to waypoint: 1.49 meters
[DroneInstance 0] Distance to waypoint: 0.13 meters
[DroneInstance 0] _complete_current_waypoint: idx=4, hold_duration=0, is_holding=False, hold_start_time=None
[DroneInstance 0]  Advancing from waypoint #5 to #6
[DroneInstance 0] Distance to waypoint: 3.80 meters
[DroneInstance 0] Distance to waypoint: 3.43 meters
[DroneInstance 0] Distance to waypoint: 1.49 meters
[DroneInstance 0] Distance to waypoint: 0.13 meters
[DroneInstance 0] _complete_current_waypoint: idx=5, hold_duration=0, is_holding=False, hold_start_time=None
[DroneInstance 0]  Advancing from waypoint #6 to #7
[DroneInstance 0] Distance to waypoint: 3.79 meters
[DroneInstance 0] Distance to waypoint: 3.44 meters
[DroneInstance 0] Distance to waypoint: 1.50 meters
[DroneInstance 0] Distance to waypoint: 0.13 meters
[DroneInstance 0] _complete_current_waypoint: idx=6, hold_duration=0, is_holding=False, hold_start_time=None
[DroneInstance 0]  Advancing from waypoint #7 to #8
[DroneInstance 0] Distance to waypoint: 3.79 meters
[DroneInstance 0] Distance to waypoint: 3.42 meters
[DroneInstance 0] Distance to waypoint: 1.48 meters
[DroneInstance 0] Distance to waypoint: 0.12 meters
[DroneInstance 0] _complete_current_waypoint: idx=7, hold_duration=0, is_holding=False, hold_start_time=None
[DroneInstance 0]  Advancing from waypoint #8 to #9
[DroneInstance 0] Distance to waypoint: 3.79 meters
[DroneInstance 0] Distance to waypoint: 3.42 meters
[DroneInstance 0] Distance to waypoint: 1.47 meters
[DroneInstance 0] Distance to waypoint: 0.13 meters
[DroneInstance 0] _complete_current_waypoint: idx=8, hold_duration=0, is_holding=False, hold_start_time=None
[DroneInstance 0]  Advancing from waypoint #9 to #10
[DroneInstance 0] Distance to waypoint: 3.80 meters
[DroneInstance 0] Distance to waypoint: 3.42 meters
[DroneInstance 0] Distance to waypoint: 1.47 meters
[DroneInstance 0] Distance to waypoint: 0.12 meters
[DroneInstance 0] _complete_current_waypoint: idx=9, hold_duration=0, is_holding=False, hold_start_time=None
[DroneInstance 0]  Advancing from waypoint #10 to #11
[DroneInstance 0] Distance to waypoint: 3.80 meters
[DroneInstance 0] Distance to waypoint: 3.42 meters
[DroneInstance 0] Distance to waypoint: 1.47 meters
[DroneInstance 0] Distance to waypoint: 0.12 meters
[DroneInstance 0] _complete_current_waypoint: idx=10, hold_duration=0, is_holding=False, hold_start_time=None
[DroneInstance 0]  Advancing from waypoint #11 to #12
[DroneInstance 0] Distance to waypoint: 3.79 meters
[DroneInstance 0] Distance to waypoint: 3.42 meters
[DroneInstance 0] Distance to waypoint: 1.47 meters
[DroneInstance 0] Distance to waypoint: 0.12 meters
[DroneInstance 0] _complete_current_waypoint: idx=11, hold_duration=0, is_holding=False, hold_start_time=None
[DroneInstance 0]  Advancing from waypoint #12 to #13
[DroneInstance 0] Distance to waypoint: 3.79 meters
[DroneInstance 0] Distance to waypoint: 3.41 meters
[DroneInstance 0] Distance to waypoint: 1.46 meters
[DroneInstance 0] Distance to waypoint: 0.11 meters
[DroneInstance 0] _complete_current_waypoint: idx=12, hold_duration=0, is_holding=False, hold_start_time=None
[DroneInstance 0]  Advancing from waypoint #13 to #14
[DroneInstance 0] Distance to waypoint: 3.79 meters
[DroneInstance 0] Distance to waypoint: 3.41 meters
[DroneInstance 0] Distance to waypoint: 1.46 meters
[DroneInstance 0] Distance to waypoint: 0.12 meters
[DroneInstance 0] _complete_current_waypoint: idx=13, hold_duration=0, is_holding=False, hold_start_time=None
[DroneInstance 0]  Advancing from waypoint #14 to #15
[DroneInstance 0] Distance to waypoint: 3.80 meters
[DroneInstance 0] Distance to waypoint: 3.40 meters
[DroneInstance 0] Distance to waypoint: 1.44 meters
[DroneInstance 0] Distance to waypoint: 0.11 meters
[DroneInstance 0] _complete_current_waypoint: idx=14, hold_duration=0, is_holding=False, hold_start_time=None
[DroneInstance 0]  Advancing from waypoint #15 to #16
[DroneInstance 0] Distance to waypoint: 3.79 meters
[DroneInstance 0] Distance to waypoint: 3.40 meters
[DroneInstance 0] Distance to waypoint: 1.44 meters
[DroneInstance 0] Distance to waypoint: 0.10 meters
[DroneInstance 0] _complete_current_waypoint: idx=15, hold_duration=0, is_holding=False, hold_start_time=None
[DroneInstance 0]  Advancing from waypoint #16 to #17
[DroneInstance 0] Distance to waypoint: 3.79 meters
[DroneInstance 0] Distance to waypoint: 3.40 meters
[DroneInstance 0] Distance to waypoint: 1.45 meters
[DroneInstance 0] Distance to waypoint: 0.11 meters
[DroneInstance 0] _complete_current_waypoint: idx=16, hold_duration=0, is_holding=False, hold_start_time=None
[DroneInstance 0]  Advancing from waypoint #17 to #18
[DroneInstance 0] Distance to waypoint: 3.79 meters
[DroneInstance 0] Distance to waypoint: 3.39 meters
[DroneInstance 0] Distance to waypoint: 1.43 meters
[DroneInstance 0] Distance to waypoint: 0.11 meters
[DroneInstance 0] _complete_current_waypoint: idx=17, hold_duration=0, is_holding=False, hold_start_time=None
[DroneInstance 0]  Advancing from waypoint #18 to #19
[DroneInstance 0] Distance to waypoint: 3.80 meters
[DroneInstance 0] Distance to waypoint: 3.40 meters
[DroneInstance 0] Distance to waypoint: 1.44 meters
[DroneInstance 0] Distance to waypoint: 0.11 meters
[DroneInstance 0] _complete_current_waypoint: idx=18, hold_duration=0, is_holding=False, hold_start_time=None
[DroneInstance 0]  Advancing from waypoint #19 to #20
[DroneInstance 0] Distance to waypoint: 3.80 meters
[DroneInstance 0] Distance to waypoint: 3.38 meters
[DroneInstance 0] Distance to waypoint: 1.42 meters
[DroneInstance 0] Distance to waypoint: 0.10 meters
[DroneInstance 0] _complete_current_waypoint: idx=19, hold_duration=0, is_holding=False, hold_start_time=None
[DroneInstance 0]  Advancing from waypoint #20 to #21
[DroneInstance 0] Mission 'path_mission_2_preempt' complete.
[DroneInstance 0] Shutting down DroneInstance...
