[DroneInstance 0] Initializing DroneInstance with domain ID 0 [SAFE mode]
[DroneInstance 0] Battery percentage unavailable.
[DroneInstance 0] LatencyProbe | Received start_manual id=fc426189-438e-4dcd-a3c3-996c02dcbe25 at 33930.754166
[DroneInstance 0] Received message from Unity: {'type': 'command', 'command': 'start_manual'}
[DroneInstance 0] Entered MANUAL mode
[DroneInstance 0] LatencyProbe | Received takeoff id=082fed01-db8a-4bfe-b3c4-3233e2349561 at 33930.810495
[DroneInstance 0] Received message from Unity: {'type': 'command', 'command': 'takeoff', 'altitude': 3, 'id': 0}
[DroneInstance 0] LatencyProbe | Sent takeoff id=None at 33930.810937
[DroneInstance 0] LatencyProbe | Received N/A id=7d3c9a2c-f26e-4210-bd35-a5a0fbca41e0 at 33943.890095
[DroneInstance 0] Received message from Unity: {'type': 'manual_control', 'axes': {'lx': 0, 'ly': 0.1, 'rx': 0, 'ry': 0}}
[DroneInstance 0] LatencyProbe | Sent vel command at 33943.890724
[DroneInstance 0] Manual VEL cmd: x=0.10, y=0.00, z=0.00, yaw=0.00
[DroneInstance 0] LatencyProbe | Received N/A id=d4c84834-9b92-49c1-ad18-ce0abc6eb0b2 at 33944.381262
[DroneInstance 0] Received message from Unity: {'type': 'manual_control', 'axes': {'lx': 0, 'ly': 0.2, 'rx': 0, 'ry': 0}}
[DroneInstance 0] LatencyProbe | Sent vel command at 33944.381596
[DroneInstance 0] Manual VEL cmd: x=0.20, y=0.00, z=0.00, yaw=0.00
[DroneInstance 0] LatencyProbe | Received N/A id=ad56f6a9-51be-4a18-bfa0-33636c663b7f at 33944.904951
[DroneInstance 0] Received message from Unity: {'type': 'manual_control', 'axes': {'lx': 0, 'ly': 0.3, 'rx': 0, 'ry': 0}}
[DroneInstance 0] LatencyProbe | Sent vel command at 33944.905260
[DroneInstance 0] Manual VEL cmd: x=0.30, y=0.00, z=0.00, yaw=0.00
[DroneInstance 0] LatencyProbe | Received N/A id=c05bb5ad-3ed1-4d24-98b1-187db4c4b795 at 33945.426921
[DroneInstance 0] Received message from Unity: {'type': 'manual_control', 'axes': {'lx': 0, 'ly': 0.4, 'rx': 0, 'ry': 0}}
[DroneInstance 0] LatencyProbe | Sent vel command at 33945.427223
[DroneInstance 0] Manual VEL cmd: x=0.40, y=0.00, z=0.00, yaw=0.00
[DroneInstance 0] LatencyProbe | Received N/A id=81dd3a07-a331-4d92-b7e5-93a1bfcca36f at 33945.919058
[DroneInstance 0] Received message from Unity: {'type': 'manual_control', 'axes': {'lx': 0, 'ly': 0.5, 'rx': 0, 'ry': 0}}
[DroneInstance 0] LatencyProbe | Sent vel command at 33945.919416
[DroneInstance 0] Manual VEL cmd: x=0.50, y=0.00, z=0.00, yaw=0.00
[DroneInstance 0] LatencyProbe | Received N/A id=d5a5abc6-e207-4e59-b6bb-3bdaaa36b6ca at 33946.425874
[DroneInstance 0] Received message from Unity: {'type': 'manual_control', 'axes': {'lx': 0, 'ly': 0.6, 'rx': 0, 'ry': 0}}
[DroneInstance 0] LatencyProbe | Sent vel command at 33946.426169
[DroneInstance 0] Manual VEL cmd: x=0.60, y=0.00, z=0.00, yaw=0.00
[DroneInstance 0] LatencyProbe | Received N/A id=583174ee-5cf7-48ee-8182-2ced7ad582ed at 33957.473572
[DroneInstance 0] Received message from Unity: {'type': 'manual_control', 'axes': {'lx': 0, 'ly': 0.7, 'rx': 0, 'ry': 0}}
[DroneInstance 0] LatencyProbe | Sent vel command at 33957.473899
[DroneInstance 0] Manual VEL cmd: x=0.70, y=0.00, z=0.00, yaw=0.00
[DroneInstance 0] LatencyProbe | Received N/A id=0ac26d53-4b80-4186-8067-57f56579ef13 at 33957.979365
[DroneInstance 0] Received message from Unity: {'type': 'manual_control', 'axes': {'lx': 0, 'ly': 0.8000001, 'rx': 0, 'ry': 0}}
[DroneInstance 0] LatencyProbe | Sent vel command at 33957.979690
[DroneInstance 0] Manual VEL cmd: x=0.80, y=0.00, z=0.00, yaw=0.00
[DroneInstance 0] LatencyProbe | Received N/A id=e131dc4b-ed8f-4260-b3f5-128372972da8 at 33958.490805
[DroneInstance 0] Received message from Unity: {'type': 'manual_control', 'axes': {'lx': 0, 'ly': 0.9000001, 'rx': 0, 'ry': 0}}
[DroneInstance 0] LatencyProbe | Sent vel command at 33958.491334
[DroneInstance 0] Manual VEL cmd: x=0.90, y=0.00, z=0.00, yaw=0.00
[DroneInstance 0] LatencyProbe | Received N/A id=d01b4ffe-f382-4c18-918c-a8750593cf77 at 33961.683177
[DroneInstance 0] Received message from Unity: {'type': 'manual_control', 'axes': {'lx': 0, 'ly': 1, 'rx': 0, 'ry': 0}}
[DroneInstance 0] LatencyProbe | Sent vel command at 33961.683643
[DroneInstance 0] Manual VEL cmd: x=1.00, y=0.00, z=0.00, yaw=0.00
[DroneInstance 0] LatencyProbe | Received N/A id=ae2f298d-474b-4e35-9028-a817d03eacee at 33969.534977
[DroneInstance 0] Received message from Unity: {'type': 'manual_control', 'axes': {'lx': 0, 'ly': 1, 'rx': 0, 'ry': 0.124613}}
[DroneInstance 0] LatencyProbe | Sent vel command at 33969.535320
[DroneInstance 0] Manual VEL cmd: x=1.00, y=0.00, z=0.06, yaw=0.00
[DroneInstance 0] LatencyProbe | Received N/A id=134b762d-53b6-4dce-b511-dbcf55553c89 at 33969.762258
[DroneInstance 0] Received message from Unity: {'type': 'manual_control', 'axes': {'lx': 0, 'ly': 1, 'rx': 0, 'ry': 0.1423836}}
[DroneInstance 0] LatencyProbe | Sent vel command at 33969.762569
[DroneInstance 0] Manual VEL cmd: x=1.00, y=0.00, z=0.07, yaw=0.00
[DroneInstance 0] LatencyProbe | Received N/A id=4b5f980b-e6cc-4cfd-b1c3-9010e66c43dd at 33969.763052
[DroneInstance 0] Received message from Unity: {'type': 'manual_control', 'axes': {'lx': 0, 'ly': 1, 'rx': 0, 'ry': 0.181493}}
[DroneInstance 0] LatencyProbe | Sent vel command at 33969.763242
[DroneInstance 0] Manual VEL cmd: x=1.00, y=0.00, z=0.09, yaw=0.00
[DroneInstance 0] LatencyProbe | Received N/A id=0ad66afd-5d5c-4ebb-81a9-c9bd5d34249b at 33969.763658
[DroneInstance 0] Received message from Unity: {'type': 'manual_control', 'axes': {'lx': 0, 'ly': 1, 'rx': 0, 'ry': 0.1872966}}
[DroneInstance 0] LatencyProbe | Sent vel command at 33969.763844
[DroneInstance 0] Manual VEL cmd: x=1.00, y=0.00, z=0.09, yaw=0.00
[DroneInstance 0] LatencyProbe | Received N/A id=b2740a89-8c9e-4f66-abeb-e9197d12b1bb at 33969.764308
[DroneInstance 0] Received message from Unity: {'type': 'manual_control', 'axes': {'lx': 0, 'ly': 1, 'rx': 0, 'ry': 0.2026551}}
[DroneInstance 0] LatencyProbe | Sent vel command at 33969.764482
[DroneInstance 0] Manual VEL cmd: x=1.00, y=0.00, z=0.10, yaw=0.00
[DroneInstance 0] LatencyProbe | Received N/A id=c62d6b28-4332-4231-b05a-f6d09864b540 at 33969.764919
[DroneInstance 0] Received message from Unity: {'type': 'manual_control', 'axes': {'lx': 0, 'ly': 1, 'rx': 0, 'ry': 0.2378857}}
[DroneInstance 0] LatencyProbe | Sent vel command at 33969.765092
[DroneInstance 0] Manual VEL cmd: x=1.00, y=0.00, z=0.12, yaw=0.00
[DroneInstance 0] LatencyProbe | Received N/A id=d97db7b5-0e59-433a-ad10-ffd982c255d5 at 33969.765520
[DroneInstance 0] Received message from Unity: {'type': 'manual_control', 'axes': {'lx': 0, 'ly': 1, 'rx': 0, 'ry': 0.2999678}}
[DroneInstance 0] LatencyProbe | Sent vel command at 33969.765692
[DroneInstance 0] Manual VEL cmd: x=1.00, y=0.00, z=0.15, yaw=0.00
[DroneInstance 0] LatencyProbe | Received N/A id=001d39da-1ae2-4133-9cc3-97f1d1a7b336 at 33969.766222
[DroneInstance 0] Received message from Unity: {'type': 'manual_control', 'axes': {'lx': 0, 'ly': 1, 'rx': 0, 'ry': 0.3662747}}
[DroneInstance 0] LatencyProbe | Sent vel command at 33969.766485
[DroneInstance 0] Manual VEL cmd: x=1.00, y=0.00, z=0.18, yaw=0.00
[DroneInstance 0] LatencyProbe | Received N/A id=56a173b0-cd86-420c-a64c-be6cd2cc6c40 at 33969.767060
[DroneInstance 0] Received message from Unity: {'type': 'manual_control', 'axes': {'lx': 0, 'ly': 1, 'rx': 0, 'ry': 0.4585162}}
[DroneInstance 0] LatencyProbe | Sent vel command at 33969.767262
[DroneInstance 0] Manual VEL cmd: x=1.00, y=0.00, z=0.23, yaw=0.00
[DroneInstance 0] LatencyProbe | Received N/A id=a4cdfe6a-569f-44e5-8606-2b2abca1a378 at 33969.767710
[DroneInstance 0] Received message from Unity: {'type': 'manual_control', 'axes': {'lx': 0, 'ly': 1, 'rx': 0, 'ry': 0.5914103}}
[DroneInstance 0] LatencyProbe | Sent vel command at 33969.767898
[DroneInstance 0] Manual VEL cmd: x=1.00, y=0.00, z=0.30, yaw=0.00
[DroneInstance 0] LatencyProbe | Received N/A id=be446b63-8a59-41aa-b07b-68f152cac5cf at 33969.768327
[DroneInstance 0] Received message from Unity: {'type': 'manual_control', 'axes': {'lx': 0, 'ly': 1, 'rx': 0, 'ry': 0.7484188}}
[DroneInstance 0] LatencyProbe | Sent vel command at 33969.768500
[DroneInstance 0] Manual VEL cmd: x=1.00, y=0.00, z=0.37, yaw=0.00
[DroneInstance 0] LatencyProbe | Received N/A id=9cfd7a97-5ffc-4adf-86ff-999e6a213754 at 33969.768943
[DroneInstance 0] Received message from Unity: {'type': 'manual_control', 'axes': {'lx': 0, 'ly': 1, 'rx': 0, 'ry': 0.910233}}
[DroneInstance 0] LatencyProbe | Sent vel command at 33969.769116
[DroneInstance 0] Manual VEL cmd: x=1.00, y=0.00, z=0.46, yaw=0.00
[DroneInstance 0] LatencyProbe | Received N/A id=d0812e50-50bf-4ec1-9a89-abe1ada75a27 at 33969.769539
[DroneInstance 0] Received message from Unity: {'type': 'manual_control', 'axes': {'lx': 0, 'ly': 1, 'rx': 0, 'ry': 1}}
[DroneInstance 0] LatencyProbe | Sent vel command at 33969.769711
[DroneInstance 0] Manual VEL cmd: x=1.00, y=0.00, z=0.50, yaw=0.00
[DroneInstance 0] LatencyProbe | Received N/A id=50c57bad-107f-44f8-a2b1-f3f9e64cc349 at 33979.973535
[DroneInstance 0] Received message from Unity: {'type': 'manual_control', 'axes': {'lx': 0, 'ly': 1, 'rx': 0, 'ry': 0.9280403}}
[DroneInstance 0] LatencyProbe | Sent vel command at 33979.973892
[DroneInstance 0] Manual VEL cmd: x=1.00, y=0.00, z=0.46, yaw=0.00
[DroneInstance 0] LatencyProbe | Received N/A id=b315069a-f44f-41c0-8d9e-defa3337cffd at 33980.019366
[DroneInstance 0] Received message from Unity: {'type': 'manual_control', 'axes': {'lx': 0, 'ly': 1, 'rx': 0, 'ry': 0.8966051}}
[DroneInstance 0] LatencyProbe | Sent vel command at 33980.019663
[DroneInstance 0] Manual VEL cmd: x=1.00, y=0.00, z=0.45, yaw=0.00
[DroneInstance 0] LatencyProbe | Received N/A id=6ec960c1-f655-46f2-8b10-0806e5868246 at 33980.020143
[DroneInstance 0] Received message from Unity: {'type': 'manual_control', 'axes': {'lx': 0, 'ly': 1, 'rx': 0, 'ry': 0.8760726}}
[DroneInstance 0] LatencyProbe | Sent vel command at 33980.020347
[DroneInstance 0] Manual VEL cmd: x=1.00, y=0.00, z=0.44, yaw=0.00
[DroneInstance 0] LatencyProbe | Received N/A id=28dee059-9cab-40fb-b0c2-a8cd636c93c9 at 33980.020814
[DroneInstance 0] Received message from Unity: {'type': 'manual_control', 'axes': {'lx': 0, 'ly': 1, 'rx': 0, 'ry': 0.8767908}}
[DroneInstance 0] LatencyProbe | Sent vel command at 33980.021002
[DroneInstance 0] Manual VEL cmd: x=1.00, y=0.00, z=0.44, yaw=0.00
[DroneInstance 0] LatencyProbe | Received N/A id=9287a035-540d-412d-9a3f-41aaf7c96e01 at 33980.207325
[DroneInstance 0] Received message from Unity: {'type': 'manual_control', 'axes': {'lx': 0, 'ly': 1, 'rx': 0, 'ry': 0.8668103}}
[DroneInstance 0] LatencyProbe | Sent vel command at 33980.207634
[DroneInstance 0] Manual VEL cmd: x=1.00, y=0.00, z=0.43, yaw=0.00
[DroneInstance 0] LatencyProbe | Received N/A id=ba842d3d-29f1-4cbb-b2ea-64efd3d577df at 33980.208404
[DroneInstance 0] Received message from Unity: {'type': 'manual_control', 'axes': {'lx': 0, 'ly': 1, 'rx': 0, 'ry': 0.8408409}}
[DroneInstance 0] LatencyProbe | Sent vel command at 33980.208805
[DroneInstance 0] Manual VEL cmd: x=1.00, y=0.00, z=0.42, yaw=0.00
[DroneInstance 0] LatencyProbe | Received N/A id=063399c5-e3d7-4d9f-9249-b7abca529962 at 33980.209468
[DroneInstance 0] Received message from Unity: {'type': 'manual_control', 'axes': {'lx': 0, 'ly': 1, 'rx': 0, 'ry': 0.8095825}}
[DroneInstance 0] LatencyProbe | Sent vel command at 33980.209735
[DroneInstance 0] Manual VEL cmd: x=1.00, y=0.00, z=0.40, yaw=0.00
[DroneInstance 0] LatencyProbe | Received N/A id=b5200595-6f00-4183-a342-2aafc886384d at 33980.210408
[DroneInstance 0] Received message from Unity: {'type': 'manual_control', 'axes': {'lx': 0, 'ly': 1, 'rx': 0, 'ry': 0.7646168}}
[DroneInstance 0] LatencyProbe | Sent vel command at 33980.210686
[DroneInstance 0] Manual VEL cmd: x=1.00, y=0.00, z=0.38, yaw=0.00
[DroneInstance 0] LatencyProbe | Received N/A id=c7869b37-eb1e-4ce6-bc60-c16820aa1260 at 33980.211390
[DroneInstance 0] Received message from Unity: {'type': 'manual_control', 'axes': {'lx': 0, 'ly': 1, 'rx': 0, 'ry': 0.7298061}}
[DroneInstance 0] LatencyProbe | Sent vel command at 33980.211748
[DroneInstance 0] Manual VEL cmd: x=1.00, y=0.00, z=0.36, yaw=0.00
[DroneInstance 0] LatencyProbe | Received N/A id=a5c6e8ab-1e97-449c-bf8d-1b590be03bcb at 33980.212505
[DroneInstance 0] Received message from Unity: {'type': 'manual_control', 'axes': {'lx': 0, 'ly': 1, 'rx': 0, 'ry': 0.7028278}}
[DroneInstance 0] LatencyProbe | Sent vel command at 33980.212864
[DroneInstance 0] Manual VEL cmd: x=1.00, y=0.00, z=0.35, yaw=0.00
[DroneInstance 0] LatencyProbe | Received N/A id=00b85f56-b42c-4064-9db2-927ea365656c at 33980.213875
[DroneInstance 0] Received message from Unity: {'type': 'manual_control', 'axes': {'lx': 0, 'ly': 1, 'rx': 0, 'ry': 0.6964227}}
[DroneInstance 0] LatencyProbe | Sent vel command at 33980.214295
[DroneInstance 0] Manual VEL cmd: x=1.00, y=0.00, z=0.35, yaw=0.00
[DroneInstance 0] LatencyProbe | Received N/A id=72f4d035-db15-4807-b001-a2a7b7174ab7 at 33980.215197
[DroneInstance 0] Received message from Unity: {'type': 'manual_control', 'axes': {'lx': 0, 'ly': 1, 'rx': 0, 'ry': 0.6844004}}
[DroneInstance 0] LatencyProbe | Sent vel command at 33980.215445
[DroneInstance 0] Manual VEL cmd: x=1.00, y=0.00, z=0.34, yaw=0.00
[DroneInstance 0] LatencyProbe | Received N/A id=8f7f1b37-20c0-4903-989f-94773606ca4f at 33980.216090
[DroneInstance 0] Received message from Unity: {'type': 'manual_control', 'axes': {'lx': 0, 'ly': 1, 'rx': 0, 'ry': 0.6709218}}
[DroneInstance 0] LatencyProbe | Sent vel command at 33980.216377
[DroneInstance 0] Manual VEL cmd: x=1.00, y=0.00, z=0.34, yaw=0.00
[DroneInstance 0] LatencyProbe | Received N/A id=b73382ca-f92d-4f77-83bf-8ec32c8dad08 at 33980.217052
[DroneInstance 0] Received message from Unity: {'type': 'manual_control', 'axes': {'lx': 0, 'ly': 1, 'rx': 0, 'ry': 0.6704433}}
[DroneInstance 0] LatencyProbe | Sent vel command at 33980.217330
[DroneInstance 0] Manual VEL cmd: x=1.00, y=0.00, z=0.34, yaw=0.00
[DroneInstance 0] LatencyProbe | Received N/A id=1d59b8ba-269b-4f33-8f92-de705422798d at 33980.217964
[DroneInstance 0] Received message from Unity: {'type': 'manual_control', 'axes': {'lx': 0, 'ly': 1, 'rx': 0, 'ry': 0.663692}}
[DroneInstance 0] LatencyProbe | Sent vel command at 33980.218231
[DroneInstance 0] Manual VEL cmd: x=1.00, y=0.00, z=0.33, yaw=0.00
[DroneInstance 0] LatencyProbe | Received N/A id=3ad64b77-7311-4634-a05e-2d6b22ab159b at 33980.218831
[DroneInstance 0] Received message from Unity: {'type': 'manual_control', 'axes': {'lx': 0, 'ly': 1, 'rx': 0, 'ry': 0.6624678}}
[DroneInstance 0] LatencyProbe | Sent vel command at 33980.219115
[DroneInstance 0] Manual VEL cmd: x=1.00, y=0.00, z=0.33, yaw=0.00
[DroneInstance 0] LatencyProbe | Received N/A id=44e93409-8180-491e-9e98-fceb856863d2 at 33980.219690
[DroneInstance 0] Received message from Unity: {'type': 'manual_control', 'axes': {'lx': 0, 'ly': 1, 'rx': 0, 'ry': 0.6599445}}
[DroneInstance 0] LatencyProbe | Sent vel command at 33980.219900
[DroneInstance 0] Manual VEL cmd: x=1.00, y=0.00, z=0.33, yaw=0.00
[DroneInstance 0] LatencyProbe | Received N/A id=aafcce2b-bfc4-4d88-bed6-91482dacb170 at 33980.292529
[DroneInstance 0] Received message from Unity: {'type': 'manual_control', 'axes': {'lx': 0, 'ly': 1, 'rx': 0, 'ry': 0.6618674}}
[DroneInstance 0] LatencyProbe | Sent vel command at 33980.292823
[DroneInstance 0] Manual VEL cmd: x=1.00, y=0.00, z=0.33, yaw=0.00
[DroneInstance 0] LatencyProbe | Received N/A id=a1dc5c44-18fd-4a91-a9fc-6b02d2b53a0d at 33980.293298
[DroneInstance 0] Received message from Unity: {'type': 'manual_control', 'axes': {'lx': 0, 'ly': 1, 'rx': 0, 'ry': 0.6639214}}
[DroneInstance 0] LatencyProbe | Sent vel command at 33980.293505
[DroneInstance 0] Manual VEL cmd: x=1.00, y=0.00, z=0.33, yaw=0.00
[DroneInstance 0] LatencyProbe | Received N/A id=2c54ca2e-4649-445d-85e5-5d8f2a9b2f3d at 33980.293995
[DroneInstance 0] Received message from Unity: {'type': 'manual_control', 'axes': {'lx': 0, 'ly': 1, 'rx': 0, 'ry': 0.6535273}}
[DroneInstance 0] LatencyProbe | Sent vel command at 33980.294192
[DroneInstance 0] Manual VEL cmd: x=1.00, y=0.00, z=0.33, yaw=0.00
[DroneInstance 0] LatencyProbe | Received N/A id=6e4f8663-48cb-4936-932e-53a5a16a553f at 33980.294618
[DroneInstance 0] Received message from Unity: {'type': 'manual_control', 'axes': {'lx': 0, 'ly': 1, 'rx': 0, 'ry': 0.6406261}}
[DroneInstance 0] LatencyProbe | Sent vel command at 33980.294795
[DroneInstance 0] Manual VEL cmd: x=1.00, y=0.00, z=0.32, yaw=0.00
[DroneInstance 0] LatencyProbe | Received N/A id=10f336a3-b2a4-484f-bf9d-480be6f4a850 at 33980.295232
[DroneInstance 0] Received message from Unity: {'type': 'manual_control', 'axes': {'lx': 0, 'ly': 1, 'rx': 0, 'ry': 0.6139402}}
[DroneInstance 0] LatencyProbe | Sent vel command at 33980.295402
[DroneInstance 0] Manual VEL cmd: x=1.00, y=0.00, z=0.31, yaw=0.00
[DroneInstance 0] LatencyProbe | Received N/A id=12bee054-9343-40d4-a118-52b03b1084eb at 33980.295825
[DroneInstance 0] Received message from Unity: {'type': 'manual_control', 'axes': {'lx': 0, 'ly': 1, 'rx': 0, 'ry': 0.5903071}}
[DroneInstance 0] LatencyProbe | Sent vel command at 33980.295995
[DroneInstance 0] Manual VEL cmd: x=1.00, y=0.00, z=0.30, yaw=0.00
[DroneInstance 0] LatencyProbe | Received N/A id=35508aa8-b5d5-46ea-a706-6137bfe191af at 33980.296431
[DroneInstance 0] Received message from Unity: {'type': 'manual_control', 'axes': {'lx': 0, 'ly': 1, 'rx': 0, 'ry': 0.5696132}}
[DroneInstance 0] LatencyProbe | Sent vel command at 33980.296601
[DroneInstance 0] Manual VEL cmd: x=1.00, y=0.00, z=0.28, yaw=0.00
[DroneInstance 0] LatencyProbe | Received N/A id=fff5ae83-e129-43d6-8464-a007d8db46fe at 33980.350003
[DroneInstance 0] Received message from Unity: {'type': 'manual_control', 'axes': {'lx': 0, 'ly': 1, 'rx': 0, 'ry': 0.5534542}}
[DroneInstance 0] LatencyProbe | Sent vel command at 33980.350351
[DroneInstance 0] Manual VEL cmd: x=1.00, y=0.00, z=0.28, yaw=0.00
[DroneInstance 0] LatencyProbe | Received N/A id=3dd96483-41a0-4a1d-a3d8-a28dd2362bc1 at 33980.350854
[DroneInstance 0] Received message from Unity: {'type': 'manual_control', 'axes': {'lx': 0, 'ly': 1, 'rx': 0, 'ry': 0.5255828}}
[DroneInstance 0] LatencyProbe | Sent vel command at 33980.351077
[DroneInstance 0] Manual VEL cmd: x=1.00, y=0.00, z=0.26, yaw=0.00
[DroneInstance 0] LatencyProbe | Received N/A id=4a3040ee-8fe3-430f-a77d-924d2f96129f at 33980.351645
[DroneInstance 0] Received message from Unity: {'type': 'manual_control', 'axes': {'lx': 0, 'ly': 1, 'rx': 0, 'ry': 0.4868073}}
[DroneInstance 0] LatencyProbe | Sent vel command at 33980.351840
[DroneInstance 0] Manual VEL cmd: x=1.00, y=0.00, z=0.24, yaw=0.00
[DroneInstance 0] LatencyProbe | Received N/A id=b4f638a7-4ec4-4a42-8836-93bfda668209 at 33980.352363
[DroneInstance 0] Received message from Unity: {'type': 'manual_control', 'axes': {'lx': 0, 'ly': 1, 'rx': 0, 'ry': 0.4634969}}
[DroneInstance 0] LatencyProbe | Sent vel command at 33980.352546
[DroneInstance 0] Manual VEL cmd: x=1.00, y=0.00, z=0.23, yaw=0.00
[DroneInstance 0] LatencyProbe | Received N/A id=6d913c9b-de45-47e7-a9db-b478d0f51416 at 33980.394957
[DroneInstance 0] Received message from Unity: {'type': 'manual_control', 'axes': {'lx': 0, 'ly': 1, 'rx': 0, 'ry': 0.4793652}}
[DroneInstance 0] LatencyProbe | Sent vel command at 33980.395261
[DroneInstance 0] Manual VEL cmd: x=1.00, y=0.00, z=0.24, yaw=0.00
[DroneInstance 0] LatencyProbe | Received N/A id=7f8215ec-9e21-42ca-aae5-d668a12b9f4b at 33980.395711
[DroneInstance 0] Received message from Unity: {'type': 'manual_control', 'axes': {'lx': 0, 'ly': 1, 'rx': 0, 'ry': 0.4875119}}
[DroneInstance 0] LatencyProbe | Sent vel command at 33980.395893
[DroneInstance 0] Manual VEL cmd: x=1.00, y=0.00, z=0.24, yaw=0.00
[DroneInstance 0] LatencyProbe | Received N/A id=b677ca0c-9656-4602-84c8-7dd2f09ac6a7 at 33980.396324
[DroneInstance 0] Received message from Unity: {'type': 'manual_control', 'axes': {'lx': 0, 'ly': 1, 'rx': 0, 'ry': 0.489361}}
[DroneInstance 0] LatencyProbe | Sent vel command at 33980.396507
[DroneInstance 0] Manual VEL cmd: x=1.00, y=0.00, z=0.24, yaw=0.00
[DroneInstance 0] LatencyProbe | Received N/A id=c87e5f6a-0bf3-4c2e-b7d6-1c8125e00684 at 33980.443463
[DroneInstance 0] Received message from Unity: {'type': 'manual_control', 'axes': {'lx': 0, 'ly': 1, 'rx': 0, 'ry': 0.4875836}}
[DroneInstance 0] LatencyProbe | Sent vel command at 33980.443810
[DroneInstance 0] Manual VEL cmd: x=1.00, y=0.00, z=0.24, yaw=0.00
[DroneInstance 0] LatencyProbe | Received N/A id=d2d9113d-58e8-449d-8bbb-a8d46cf6a914 at 33980.444318
[DroneInstance 0] Received message from Unity: {'type': 'manual_control', 'axes': {'lx': 0, 'ly': 1, 'rx': 0, 'ry': 0.4787304}}
[DroneInstance 0] LatencyProbe | Sent vel command at 33980.444502
[DroneInstance 0] Manual VEL cmd: x=1.00, y=0.00, z=0.24, yaw=0.00
[DroneInstance 0] LatencyProbe | Received N/A id=f3213141-102b-4f06-abc1-b1143ea301d1 at 33980.444923
[DroneInstance 0] Received message from Unity: {'type': 'manual_control', 'axes': {'lx': 0, 'ly': 1, 'rx': 0, 'ry': 0.473712}}
[DroneInstance 0] LatencyProbe | Sent vel command at 33980.445108
[DroneInstance 0] Manual VEL cmd: x=1.00, y=0.00, z=0.24, yaw=0.00
[DroneInstance 0] LatencyProbe | Received N/A id=116b47f4-5f26-4180-8248-8f75a4442cc0 at 33980.500891
[DroneInstance 0] Received message from Unity: {'type': 'manual_control', 'axes': {'lx': 0, 'ly': 1, 'rx': 0, 'ry': 0.4676611}}
[DroneInstance 0] LatencyProbe | Sent vel command at 33980.501212
[DroneInstance 0] Manual VEL cmd: x=1.00, y=0.00, z=0.23, yaw=0.00
[DroneInstance 0] LatencyProbe | Received N/A id=0d61cd8b-fccf-4582-ae20-279489c4a730 at 33980.501726
[DroneInstance 0] Received message from Unity: {'type': 'manual_control', 'axes': {'lx': 0, 'ly': 1, 'rx': 0, 'ry': 0.4488368}}
[DroneInstance 0] LatencyProbe | Sent vel command at 33980.501921
[DroneInstance 0] Manual VEL cmd: x=1.00, y=0.00, z=0.22, yaw=0.00
[DroneInstance 0] LatencyProbe | Received N/A id=2ced77fe-7a92-4cdb-859f-7bdebc2e8ddc at 33980.502365
[DroneInstance 0] Received message from Unity: {'type': 'manual_control', 'axes': {'lx': 0, 'ly': 1, 'rx': 0, 'ry': 0.4449569}}
[DroneInstance 0] LatencyProbe | Sent vel command at 33980.502547
[DroneInstance 0] Manual VEL cmd: x=1.00, y=0.00, z=0.22, yaw=0.00
[DroneInstance 0] LatencyProbe | Received N/A id=20f61d32-1185-41ea-a1f3-86f12985e620 at 33980.502969
[DroneInstance 0] Received message from Unity: {'type': 'manual_control', 'axes': {'lx': 0, 'ly': 1, 'rx': 0, 'ry': 0.4302119}}
[DroneInstance 0] LatencyProbe | Sent vel command at 33980.503169
[DroneInstance 0] Manual VEL cmd: x=1.00, y=0.00, z=0.22, yaw=0.00
[DroneInstance 0] LatencyProbe | Received N/A id=96c3259b-ccd7-4199-b074-bc839a047feb at 33980.544968
[DroneInstance 0] Received message from Unity: {'type': 'manual_control', 'axes': {'lx': 0, 'ly': 1, 'rx': 0, 'ry': 0.4224488}}
[DroneInstance 0] LatencyProbe | Sent vel command at 33980.545288
[DroneInstance 0] Manual VEL cmd: x=1.00, y=0.00, z=0.21, yaw=0.00
[DroneInstance 0] LatencyProbe | Received N/A id=f62c0dea-df2c-4519-b9b5-e1ec2ff4b98c at 33980.545742
[DroneInstance 0] Received message from Unity: {'type': 'manual_control', 'axes': {'lx': 0, 'ly': 1, 'rx': 0, 'ry': 0.4244058}}
[DroneInstance 0] LatencyProbe | Sent vel command at 33980.545930
[DroneInstance 0] Manual VEL cmd: x=1.00, y=0.00, z=0.21, yaw=0.00
[DroneInstance 0] LatencyProbe | Received N/A id=561deaa7-1676-4ae0-aaa6-b2e82f38e224 at 33980.546385
[DroneInstance 0] Received message from Unity: {'type': 'manual_control', 'axes': {'lx': 0, 'ly': 1, 'rx': 0, 'ry': 0.4200181}}
[DroneInstance 0] LatencyProbe | Sent vel command at 33980.546563
[DroneInstance 0] Manual VEL cmd: x=1.00, y=0.00, z=0.21, yaw=0.00
[DroneInstance 0] LatencyProbe | Received N/A id=dc3a2c99-376a-4110-a22a-096987a32beb at 33980.546994
[DroneInstance 0] Received message from Unity: {'type': 'manual_control', 'axes': {'lx': 0, 'ly': 1, 'rx': 0, 'ry': 0.4136771}}
[DroneInstance 0] LatencyProbe | Sent vel command at 33980.547178
[DroneInstance 0] Manual VEL cmd: x=1.00, y=0.00, z=0.21, yaw=0.00
[DroneInstance 0] LatencyProbe | Received N/A id=c26519ff-d078-4e2f-9d81-2a756e0710bb at 33980.589778
[DroneInstance 0] Received message from Unity: {'type': 'manual_control', 'axes': {'lx': 0, 'ly': 1, 'rx': 0, 'ry': 0.3943005}}
[DroneInstance 0] LatencyProbe | Sent vel command at 33980.590078
[DroneInstance 0] Manual VEL cmd: x=1.00, y=0.00, z=0.20, yaw=0.00
[DroneInstance 0] LatencyProbe | Received N/A id=3af26921-f1c6-46a0-9234-2e9d2825878e at 33980.590535
[DroneInstance 0] Received message from Unity: {'type': 'manual_control', 'axes': {'lx': 0, 'ly': 1, 'rx': 0, 'ry': 0.361642}}
[DroneInstance 0] LatencyProbe | Sent vel command at 33980.590726
[DroneInstance 0] Manual VEL cmd: x=1.00, y=0.00, z=0.18, yaw=0.00
[DroneInstance 0] LatencyProbe | Received N/A id=37d009d0-90aa-407b-8677-b4ef757f9420 at 33980.591163
[DroneInstance 0] Received message from Unity: {'type': 'manual_control', 'axes': {'lx': 0, 'ly': 1, 'rx': 0, 'ry': 0.3256115}}
[DroneInstance 0] LatencyProbe | Sent vel command at 33980.591340
[DroneInstance 0] Manual VEL cmd: x=1.00, y=0.00, z=0.16, yaw=0.00
[DroneInstance 0] LatencyProbe | Received N/A id=9a12f133-7fcd-40fa-9c0e-dacce2a83f4c at 33980.634931
[DroneInstance 0] Received message from Unity: {'type': 'manual_control', 'axes': {'lx': 0, 'ly': 1, 'rx': 0, 'ry': 0.3008332}}
[DroneInstance 0] LatencyProbe | Sent vel command at 33980.635255
[DroneInstance 0] Manual VEL cmd: x=1.00, y=0.00, z=0.15, yaw=0.00
[DroneInstance 0] LatencyProbe | Received N/A id=9a5a8d4b-17cf-44a9-a854-549bf7c30c5e at 33980.635705
[DroneInstance 0] Received message from Unity: {'type': 'manual_control', 'axes': {'lx': 0, 'ly': 1, 'rx': 0, 'ry': 0.3098953}}
[DroneInstance 0] LatencyProbe | Sent vel command at 33980.635891
[DroneInstance 0] Manual VEL cmd: x=1.00, y=0.00, z=0.15, yaw=0.00
[DroneInstance 0] LatencyProbe | Received N/A id=f70a1528-8f04-4aae-910d-316453d14000 at 33980.636356
[DroneInstance 0] Received message from Unity: {'type': 'manual_control', 'axes': {'lx': 0, 'ly': 1, 'rx': 0, 'ry': 0.3246409}}
[DroneInstance 0] LatencyProbe | Sent vel command at 33980.636552
[DroneInstance 0] Manual VEL cmd: x=1.00, y=0.00, z=0.16, yaw=0.00
[DroneInstance 0] LatencyProbe | Received N/A id=d0134643-15e5-4c90-a5af-82772e47904f at 33980.680233
[DroneInstance 0] Received message from Unity: {'type': 'manual_control', 'axes': {'lx': 0, 'ly': 1, 'rx': 0, 'ry': 0.3348056}}
[DroneInstance 0] LatencyProbe | Sent vel command at 33980.680573
[DroneInstance 0] Manual VEL cmd: x=1.00, y=0.00, z=0.17, yaw=0.00
[DroneInstance 0] LatencyProbe | Received N/A id=4d91814b-4506-4ebc-a57e-a5643605a149 at 33980.681077
[DroneInstance 0] Received message from Unity: {'type': 'manual_control', 'axes': {'lx': 0, 'ly': 1, 'rx': 0, 'ry': 0.3408202}}
[DroneInstance 0] LatencyProbe | Sent vel command at 33980.681261
[DroneInstance 0] Manual VEL cmd: x=1.00, y=0.00, z=0.17, yaw=0.00
[DroneInstance 0] LatencyProbe | Received N/A id=c39db71c-d422-4345-aac5-7657051ce7c2 at 33980.681691
[DroneInstance 0] Received message from Unity: {'type': 'manual_control', 'axes': {'lx': 0, 'ly': 1, 'rx': 0, 'ry': 0.3515255}}
[DroneInstance 0] LatencyProbe | Sent vel command at 33980.681871
[DroneInstance 0] Manual VEL cmd: x=1.00, y=0.00, z=0.18, yaw=0.00
[DroneInstance 0] LatencyProbe | Received N/A id=7184cf63-a7a5-4abd-8307-e382e0c852d6 at 33980.726823
[DroneInstance 0] Received message from Unity: {'type': 'manual_control', 'axes': {'lx': 0, 'ly': 1, 'rx': 0, 'ry': 0.3536022}}
[DroneInstance 0] LatencyProbe | Sent vel command at 33980.727183
[DroneInstance 0] Manual VEL cmd: x=1.00, y=0.00, z=0.18, yaw=0.00
[DroneInstance 0] LatencyProbe | Received N/A id=2ab578db-3f66-4182-b6ae-84d88efb3ea8 at 33980.727718
[DroneInstance 0] Received message from Unity: {'type': 'manual_control', 'axes': {'lx': 0, 'ly': 1, 'rx': 0, 'ry': 0.352878}}
[DroneInstance 0] LatencyProbe | Sent vel command at 33980.727907
[DroneInstance 0] Manual VEL cmd: x=1.00, y=0.00, z=0.18, yaw=0.00
[DroneInstance 0] LatencyProbe | Received N/A id=4d2d8193-4914-42da-a84b-6b1cf15fdc82 at 33980.728370
[DroneInstance 0] Received message from Unity: {'type': 'manual_control', 'axes': {'lx': 0, 'ly': 1, 'rx': 0, 'ry': 0.3495661}}
[DroneInstance 0] LatencyProbe | Sent vel command at 33980.728555
[DroneInstance 0] Manual VEL cmd: x=1.00, y=0.00, z=0.17, yaw=0.00
[DroneInstance 0] LatencyProbe | Received N/A id=04b8eddf-ddbe-4ecb-aa17-ba1fe29d70d2 at 33980.729000
[DroneInstance 0] Received message from Unity: {'type': 'manual_control', 'axes': {'lx': 0, 'ly': 1, 'rx': 0, 'ry': 0.3426665}}
[DroneInstance 0] LatencyProbe | Sent vel command at 33980.729217
[DroneInstance 0] Manual VEL cmd: x=1.00, y=0.00, z=0.17, yaw=0.00
[DroneInstance 0] LatencyProbe | Received N/A id=385b00fb-ceda-4217-a402-5006c8f36415 at 33980.770397
[DroneInstance 0] Received message from Unity: {'type': 'manual_control', 'axes': {'lx': 0, 'ly': 1, 'rx': 0, 'ry': 0.3297236}}
[DroneInstance 0] LatencyProbe | Sent vel command at 33980.770704
[DroneInstance 0] Manual VEL cmd: x=1.00, y=0.00, z=0.16, yaw=0.00
[DroneInstance 0] LatencyProbe | Received N/A id=70014c37-06bf-4a28-b71b-46a0a046a31d at 33980.771268
[DroneInstance 0] Received message from Unity: {'type': 'manual_control', 'axes': {'lx': 0, 'ly': 1, 'rx': 0, 'ry': 0.3241531}}
[DroneInstance 0] LatencyProbe | Sent vel command at 33980.771549
[DroneInstance 0] Manual VEL cmd: x=1.00, y=0.00, z=0.16, yaw=0.00
[DroneInstance 0] LatencyProbe | Received N/A id=8b709abc-81e1-4472-aaaa-6bc99b010aa6 at 33980.772094
[DroneInstance 0] Received message from Unity: {'type': 'manual_control', 'axes': {'lx': 0, 'ly': 1, 'rx': 0, 'ry': 0.3201466}}
[DroneInstance 0] LatencyProbe | Sent vel command at 33980.772274
[DroneInstance 0] Manual VEL cmd: x=1.00, y=0.00, z=0.16, yaw=0.00
[DroneInstance 0] LatencyProbe | Received N/A id=838dfe1a-774e-4467-a7dc-2c6977106897 at 33980.814794
[DroneInstance 0] Received message from Unity: {'type': 'manual_control', 'axes': {'lx': 0, 'ly': 1, 'rx': 0, 'ry': 0.317914}}
[DroneInstance 0] LatencyProbe | Sent vel command at 33980.815155
[DroneInstance 0] Manual VEL cmd: x=1.00, y=0.00, z=0.16, yaw=0.00
[DroneInstance 0] LatencyProbe | Received N/A id=6929485b-3d8a-4191-8bb5-5e6013533aa3 at 33980.815626
[DroneInstance 0] Received message from Unity: {'type': 'manual_control', 'axes': {'lx': 0, 'ly': 1, 'rx': 0, 'ry': 0.3147056}}
[DroneInstance 0] LatencyProbe | Sent vel command at 33980.815822
[DroneInstance 0] Manual VEL cmd: x=1.00, y=0.00, z=0.16, yaw=0.00
[DroneInstance 0] LatencyProbe | Received N/A id=c7b6e54c-2623-4188-9226-b210e6db5cd8 at 33980.816326
[DroneInstance 0] Received message from Unity: {'type': 'manual_control', 'axes': {'lx': 0, 'ly': 1, 'rx': 0, 'ry': 0.307543}}
[DroneInstance 0] LatencyProbe | Sent vel command at 33980.816509
[DroneInstance 0] Manual VEL cmd: x=1.00, y=0.00, z=0.15, yaw=0.00
[DroneInstance 0] LatencyProbe | Received N/A id=5417e830-e0d0-4988-90ef-7a043d022147 at 33980.863304
[DroneInstance 0] Received message from Unity: {'type': 'manual_control', 'axes': {'lx': 0, 'ly': 1, 'rx': 0, 'ry': 0.3030052}}
[DroneInstance 0] LatencyProbe | Sent vel command at 33980.863610
[DroneInstance 0] Manual VEL cmd: x=1.00, y=0.00, z=0.15, yaw=0.00
[DroneInstance 0] LatencyProbe | Received N/A id=b0e67527-b1de-4777-97d4-97fbccb42523 at 33980.864180
[DroneInstance 0] Received message from Unity: {'type': 'manual_control', 'axes': {'lx': 0, 'ly': 1, 'rx': 0, 'ry': 0.2758503}}
[DroneInstance 0] LatencyProbe | Sent vel command at 33980.864364
[DroneInstance 0] Manual VEL cmd: x=1.00, y=0.00, z=0.14, yaw=0.00
[DroneInstance 0] LatencyProbe | Received N/A id=ab1ad22e-3f56-49c3-ad85-e4b06a578308 at 33980.864789
[DroneInstance 0] Received message from Unity: {'type': 'manual_control', 'axes': {'lx': 0, 'ly': 1, 'rx': 0, 'ry': 0.2207918}}
[DroneInstance 0] LatencyProbe | Sent vel command at 33980.864967
[DroneInstance 0] Manual VEL cmd: x=1.00, y=0.00, z=0.11, yaw=0.00
[DroneInstance 0] LatencyProbe | Received N/A id=25d42ab4-38d5-4a76-a731-d6d2c8dded18 at 33980.919705
[DroneInstance 0] Received message from Unity: {'type': 'manual_control', 'axes': {'lx': 0, 'ly': 1, 'rx': 0, 'ry': 0.2196332}}
[DroneInstance 0] LatencyProbe | Sent vel command at 33980.920016
[DroneInstance 0] Manual VEL cmd: x=1.00, y=0.00, z=0.11, yaw=0.00
[DroneInstance 0] LatencyProbe | Received N/A id=f4a013ae-459d-4a7a-abd9-fc9b149bef9f at 33980.920464
[DroneInstance 0] Received message from Unity: {'type': 'manual_control', 'axes': {'lx': 0, 'ly': 1, 'rx': 0, 'ry': 0.2296315}}
[DroneInstance 0] LatencyProbe | Sent vel command at 33980.920645
[DroneInstance 0] Manual VEL cmd: x=1.00, y=0.00, z=0.11, yaw=0.00
[DroneInstance 0] LatencyProbe | Received N/A id=c46b39f7-a549-42f5-abaf-47b0510f9824 at 33980.921105
[DroneInstance 0] Received message from Unity: {'type': 'manual_control', 'axes': {'lx': 0, 'ly': 1, 'rx': 0, 'ry': 0.2308335}}
[DroneInstance 0] LatencyProbe | Sent vel command at 33980.921281
[DroneInstance 0] Manual VEL cmd: x=1.00, y=0.00, z=0.12, yaw=0.00
[DroneInstance 0] LatencyProbe | Received N/A id=fb250b78-6f2a-4123-bf4e-ebd73d578540 at 33980.921685
[DroneInstance 0] Received message from Unity: {'type': 'manual_control', 'axes': {'lx': 0, 'ly': 1, 'rx': 0, 'ry': 0.2308555}}
[DroneInstance 0] LatencyProbe | Sent vel command at 33980.921868
[DroneInstance 0] Manual VEL cmd: x=1.00, y=0.00, z=0.12, yaw=0.00
[DroneInstance 0] LatencyProbe | Received N/A id=0e47e0ab-f031-4003-a062-ac987b7c1b57 at 33980.922297
[DroneInstance 0] Received message from Unity: {'type': 'manual_control', 'axes': {'lx': 0, 'ly': 1, 'rx': 0, 'ry': 0.2316483}}
[DroneInstance 0] LatencyProbe | Sent vel command at 33980.922471
[DroneInstance 0] Manual VEL cmd: x=1.00, y=0.00, z=0.12, yaw=0.00
[DroneInstance 0] LatencyProbe | Received N/A id=d3bce2d6-2b43-4834-a43d-0eb3902150a4 at 33980.964791
[DroneInstance 0] Received message from Unity: {'type': 'manual_control', 'axes': {'lx': 0, 'ly': 1, 'rx': 0, 'ry': 0.2318082}}
[DroneInstance 0] LatencyProbe | Sent vel command at 33980.965107
[DroneInstance 0] Manual VEL cmd: x=1.00, y=0.00, z=0.12, yaw=0.00
[DroneInstance 0] LatencyProbe | Received N/A id=dd7db4e6-5935-49d2-afde-c89a7f3048ed at 33980.965687
[DroneInstance 0] Received message from Unity: {'type': 'manual_control', 'axes': {'lx': 0, 'ly': 1, 'rx': 0, 'ry': 0.2324253}}
[DroneInstance 0] LatencyProbe | Sent vel command at 33980.965874
[DroneInstance 0] Manual VEL cmd: x=1.00, y=0.00, z=0.12, yaw=0.00
[DroneInstance 0] LatencyProbe | Received N/A id=3401327d-05e5-4abc-9e09-8a2353c3140c at 33980.966314
[DroneInstance 0] Received message from Unity: {'type': 'manual_control', 'axes': {'lx': 0, 'ly': 1, 'rx': 0, 'ry': 0.230289}}
[DroneInstance 0] LatencyProbe | Sent vel command at 33980.966472
[DroneInstance 0] Manual VEL cmd: x=1.00, y=0.00, z=0.12, yaw=0.00
[DroneInstance 0] LatencyProbe | Received N/A id=146963ad-94a0-4de0-894a-d54d2c91cbb0 at 33981.009906
[DroneInstance 0] Received message from Unity: {'type': 'manual_control', 'axes': {'lx': 0, 'ly': 1, 'rx': 0, 'ry': 0.2128808}}
[DroneInstance 0] LatencyProbe | Sent vel command at 33981.010236
[DroneInstance 0] Manual VEL cmd: x=1.00, y=0.00, z=0.11, yaw=0.00
[DroneInstance 0] LatencyProbe | Received N/A id=d4d0c533-f8fe-498c-98a7-50d909651294 at 33981.010828
[DroneInstance 0] Received message from Unity: {'type': 'manual_control', 'axes': {'lx': 0, 'ly': 1, 'rx': 0, 'ry': 0.1976812}}
[DroneInstance 0] LatencyProbe | Sent vel command at 33981.011065
[DroneInstance 0] Manual VEL cmd: x=1.00, y=0.00, z=0.10, yaw=0.00
[DroneInstance 0] LatencyProbe | Received N/A id=68964555-6c00-4d00-897c-390cd46e7a52 at 33981.011521
[DroneInstance 0] Received message from Unity: {'type': 'manual_control', 'axes': {'lx': 0, 'ly': 1, 'rx': 0, 'ry': 0.1808747}}
[DroneInstance 0] LatencyProbe | Sent vel command at 33981.011703
[DroneInstance 0] Manual VEL cmd: x=1.00, y=0.00, z=0.09, yaw=0.00
[DroneInstance 0] LatencyProbe | Received N/A id=42811a97-350f-4c4e-b205-65b3d09a603f at 33981.060121
[DroneInstance 0] Received message from Unity: {'type': 'manual_control', 'axes': {'lx': 0, 'ly': 1, 'rx': 0, 'ry': 0.1890914}}
[DroneInstance 0] LatencyProbe | Sent vel command at 33981.060434
[DroneInstance 0] Manual VEL cmd: x=1.00, y=0.00, z=0.09, yaw=0.00
[DroneInstance 0] LatencyProbe | Received N/A id=178b2e5a-f524-4def-816a-30ddd3262d4a at 33981.060934
[DroneInstance 0] Received message from Unity: {'type': 'manual_control', 'axes': {'lx': 0, 'ly': 1, 'rx': 0, 'ry': 0.187007}}
[DroneInstance 0] LatencyProbe | Sent vel command at 33981.061127
[DroneInstance 0] Manual VEL cmd: x=1.00, y=0.00, z=0.09, yaw=0.00
[DroneInstance 0] LatencyProbe | Received N/A id=eabf2b33-c0a3-4d2f-8a7c-a8abc77c5df4 at 33981.061572
[DroneInstance 0] Received message from Unity: {'type': 'manual_control', 'axes': {'lx': 0, 'ly': 1, 'rx': 0, 'ry': 0.1863079}}
[DroneInstance 0] LatencyProbe | Sent vel command at 33981.061755
[DroneInstance 0] Manual VEL cmd: x=1.00, y=0.00, z=0.09, yaw=0.00
[DroneInstance 0] LatencyProbe | Received N/A id=2768a994-5fa1-44ef-b948-71e498b8d657 at 33981.115832
[DroneInstance 0] Received message from Unity: {'type': 'manual_control', 'axes': {'lx': 0, 'ly': 1, 'rx': 0, 'ry': 0.1859741}}
[DroneInstance 0] LatencyProbe | Sent vel command at 33981.116148
[DroneInstance 0] Manual VEL cmd: x=1.00, y=0.00, z=0.09, yaw=0.00
[DroneInstance 0] LatencyProbe | Received N/A id=d0996f69-49af-48e8-8582-11752e492cde at 33981.116611
[DroneInstance 0] Received message from Unity: {'type': 'manual_control', 'axes': {'lx': 0, 'ly': 1, 'rx': 0, 'ry': 0.1859512}}
[DroneInstance 0] LatencyProbe | Sent vel command at 33981.116788
[DroneInstance 0] Manual VEL cmd: x=1.00, y=0.00, z=0.09, yaw=0.00
[DroneInstance 0] LatencyProbe | Received N/A id=00eabc15-feea-4aa9-aedd-0016bd1c494c at 33981.117221
[DroneInstance 0] Received message from Unity: {'type': 'manual_control', 'axes': {'lx': 0, 'ly': 1, 'rx': 0, 'ry': 0.1856455}}
[DroneInstance 0] LatencyProbe | Sent vel command at 33981.117400
[DroneInstance 0] Manual VEL cmd: x=1.00, y=0.00, z=0.09, yaw=0.00
[DroneInstance 0] LatencyProbe | Received N/A id=3aecf26f-a3e7-47d5-81c1-484d1eee1296 at 33981.117826
[DroneInstance 0] Received message from Unity: {'type': 'manual_control', 'axes': {'lx': 0, 'ly': 1, 'rx': 0, 'ry': 0.1731672}}
[DroneInstance 0] LatencyProbe | Sent vel command at 33981.117999
[DroneInstance 0] Manual VEL cmd: x=1.00, y=0.00, z=0.09, yaw=0.00
[DroneInstance 0] LatencyProbe | Received N/A id=02cb7a1c-beb4-415b-81f7-6d4d0d0df369 at 33981.118446
[DroneInstance 0] Received message from Unity: {'type': 'manual_control', 'axes': {'lx': 0, 'ly': 1, 'rx': 0, 'ry': 0.153478}}
[DroneInstance 0] LatencyProbe | Sent vel command at 33981.118616
[DroneInstance 0] Manual VEL cmd: x=1.00, y=0.00, z=0.08, yaw=0.00
[DroneInstance 0] LatencyProbe | Received N/A id=94180a23-c62a-42f4-af26-7bd5e0e5cec1 at 33981.159792
[DroneInstance 0] Received message from Unity: {'type': 'manual_control', 'axes': {'lx': 0, 'ly': 1, 'rx': 0, 'ry': 0.1495016}}
[DroneInstance 0] LatencyProbe | Sent vel command at 33981.160112
[DroneInstance 0] Manual VEL cmd: x=1.00, y=0.00, z=0.07, yaw=0.00
[DroneInstance 0] LatencyProbe | Received N/A id=322dbd3a-d9c6-4b77-8394-a46b30a4e2b8 at 33981.160618
[DroneInstance 0] Received message from Unity: {'type': 'manual_control', 'axes': {'lx': 0, 'ly': 1, 'rx': 0, 'ry': 0.1426929}}
[DroneInstance 0] LatencyProbe | Sent vel command at 33981.160814
[DroneInstance 0] Manual VEL cmd: x=1.00, y=0.00, z=0.07, yaw=0.00
[DroneInstance 0] LatencyProbe | Received N/A id=fdad212d-9598-4979-b478-3f0a2e996b0c at 33981.161339
[DroneInstance 0] Received message from Unity: {'type': 'manual_control', 'axes': {'lx': 0, 'ly': 1, 'rx': 0, 'ry': 0.136372}}
[DroneInstance 0] LatencyProbe | Sent vel command at 33981.161529
[DroneInstance 0] Manual VEL cmd: x=1.00, y=0.00, z=0.07, yaw=0.00
[DroneInstance 0] LatencyProbe | Received N/A id=728b2c46-d536-48d2-b12b-853a5415cbda at 33981.204571
[DroneInstance 0] Received message from Unity: {'type': 'manual_control', 'axes': {'lx': 0, 'ly': 1, 'rx': 0, 'ry': 0.1336875}}
[DroneInstance 0] LatencyProbe | Sent vel command at 33981.204883
[DroneInstance 0] Manual VEL cmd: x=1.00, y=0.00, z=0.07, yaw=0.00
[DroneInstance 0] LatencyProbe | Received N/A id=4d9dc6bb-a732-4895-9ac5-ca4bf85db376 at 33981.205379
[DroneInstance 0] Received message from Unity: {'type': 'manual_control', 'axes': {'lx': 0, 'ly': 1, 'rx': 0, 'ry': 0.12999}}
[DroneInstance 0] LatencyProbe | Sent vel command at 33981.205565
[DroneInstance 0] Manual VEL cmd: x=1.00, y=0.00, z=0.06, yaw=0.00
[DroneInstance 0] LatencyProbe | Received N/A id=6604ad3a-5caa-46db-84eb-6e6acc5d96ed at 33981.205999
[DroneInstance 0] Received message from Unity: {'type': 'manual_control', 'axes': {'lx': 0, 'ly': 1, 'rx': 0, 'ry': 0.1252813}}
[DroneInstance 0] LatencyProbe | Sent vel command at 33981.206187
[DroneInstance 0] Manual VEL cmd: x=1.00, y=0.00, z=0.06, yaw=0.00
[DroneInstance 0] LatencyProbe | Received N/A id=fcdf1f4f-aec3-4cf3-b0ac-ebf89aee5c4e at 33981.253292
[DroneInstance 0] Received message from Unity: {'type': 'manual_control', 'axes': {'lx': 0, 'ly': 1, 'rx': 0, 'ry': 0.1136221}}
[DroneInstance 0] LatencyProbe | Sent vel command at 33981.253592
[DroneInstance 0] Manual VEL cmd: x=1.00, y=0.00, z=0.06, yaw=0.00
[DroneInstance 0] LatencyProbe | Received N/A id=cfabb535-279e-40dc-b114-c9dfdc5eee1f at 33981.254204
[DroneInstance 0] Received message from Unity: {'type': 'manual_control', 'axes': {'lx': 0, 'ly': 1, 'rx': 0, 'ry': 0}}
[DroneInstance 0] LatencyProbe | Sent vel command at 33981.254410
[DroneInstance 0] Manual VEL cmd: x=1.00, y=0.00, z=0.00, yaw=0.00
[DroneInstance 0] LatencyProbe | Received stop_manual id=b8570741-b55f-4694-8322-446653e37940 at 33990.722673
[DroneInstance 0] Received message from Unity: {'type': 'command', 'command': 'stop_manual'}
[DroneInstance 0] Exited MANUAL mode
[DroneInstance 0] Stopped velocity streaming (manual mode off).
[DroneInstance 0] LatencyProbe | Received stop_manual id=0f46e952-b22a-49a1-9837-53e10c0e9545 at 33996.386845
[DroneInstance 0] Received message from Unity: {'type': 'command', 'command': 'stop_manual'}
[DroneInstance 0] Exited MANUAL mode
[DroneInstance 0] Stopped velocity streaming (manual mode off).
[DroneInstance 0] LatencyProbe | Received N/A id=998104ef-34e3-4368-851e-e741f215b579 at 34031.564830
[DroneInstance 0] Received message from Unity: {'type': 'add_mission', 'mission_id': 'Mission_3371', 'waypoints': [{'coords': [-7.526268482208252, 6.584300994873047, 4.564216136932373], 'hold': 0.0}, {'coords': [3.11311936378479, 7.22852087020874, 4.296019077301025], 'hold': 0.0}], 'mode': 'once', 'patrol_loops': 1, 'priority': 1, 'preempt': False}
[DroneInstance 0] Mission 'Mission_3371' added with priority 1 and 2 waypoints.
[DroneInstance 0] Starting mission: Mission_3371
[DroneInstance 0] Distance to waypoint: 51.18 meters
[DroneInstance 0] LatencyProbe | Sent pos command at 34032.941120
[DroneInstance 0] Distance to waypoint: 50.96 meters
[DroneInstance 0] Distance to waypoint: 47.69 meters
[DroneInstance 0] Distance to waypoint: 43.89 meters
[DroneInstance 0] Distance to waypoint: 34.77 meters
[DroneInstance 0] Distance to waypoint: 28.39 meters
[DroneInstance 0] Still approaching target... 28.39m remaining
[DroneInstance 0] Distance to waypoint: 20.23 meters
[DroneInstance 0] Still approaching target... 20.23m remaining
[DroneInstance 0] Distance to waypoint: 12.96 meters
[DroneInstance 0] Still approaching target... 12.96m remaining
[DroneInstance 0] Distance to waypoint: 6.99 meters
[DroneInstance 0] Still approaching target... 6.99m remaining
[DroneInstance 0] Distance to waypoint: 2.61 meters
[DroneInstance 0] Still approaching target... 2.61m remaining
[DroneInstance 0] Distance to waypoint: 0.02 meters
[DroneInstance 0] _complete_current_waypoint: idx=0, hold_duration=0.0, is_holding=False, hold_start_time=None
[DroneInstance 0]  Advancing from waypoint #1 to #2
[DroneInstance 0] Distance to waypoint: 11.43 meters
[DroneInstance 0] LatencyProbe | Sent pos command at 34043.941129
[DroneInstance 0] Distance to waypoint: 11.01 meters
[DroneInstance 0] Distance to waypoint: 8.39 meters
[DroneInstance 0] Distance to waypoint: 4.51 meters
[DroneInstance 0] Distance to waypoint: 1.49 meters
[DroneInstance 0] Distance to waypoint: 0.05 meters
[DroneInstance 0] _complete_current_waypoint: idx=1, hold_duration=0.0, is_holding=False, hold_start_time=None
[DroneInstance 0]  Advancing from waypoint #2 to #3
[DroneInstance 0] Mission 'Mission_3371' complete.
[DroneInstance 0] Shutting down DroneInstance...
