[DroneInstance 0] Initializing DroneInstance with domain ID 0 [SAFE mode]
[DroneInstance 0] Battery percentage unavailable.
[DroneInstance 0] LatencyProbe | Received N/A id=eaf09f6b-8bab-487a-af0d-5688921ecb5d at 3457.456101
[DroneInstance 0] Received message from Unity: {'type': 'map_area', 'mission_id': 'Mission_3003', 'points': [{'x': 4.520875453948975, 'y': 2.9514331817626953, 'z': 2.5042295455932617}, {'x': 4.374045372009277, 'y': 3.8784842491149902, 'z': 2.5042295455932617}, {'x': 3.9479269981384277, 'y': 4.714788913726807, 'z': 2.5042295455932617}, {'x': 3.284231424331665, 'y': 5.37848424911499, 'z': 2.5042295455932617}, {'x': 2.4479265213012695, 'y': 5.804603099822998, 'z': 2.5042295455932617}, {'x': 1.5208754539489746, 'y': 5.951433181762695, 'z': 2.5042295455932617}, {'x': 0.593824565410614, 'y': 5.80460262298584, 'z': 2.5042295455932617}, {'x': -0.2424805760383606, 'y': 5.378483772277832, 'z': 2.5042295455932617}, {'x': -0.906175434589386, 'y': 4.714788913726807, 'z': 2.5042295455932617}, {'x': -1.3322937488555908, 'y': 3.8784842491149902, 'z': 2.5042295455932617}, {'x': -1.4791243076324463, 'y': 2.9514331817626953, 'z': 2.5042295455932617}, {'x': -1.3322935104370117, 'y': 2.024381637573242, 'z': 2.5042295455932617}, {'x': -0.9061751961708069, 'y': 1.1880772113800049, 'z': 2.5042295455932617}, {'x': -0.2424796223640442, 'y': 0.5243819952011108, 'z': 2.5042295455932617}, {'x': 0.5938256978988647, 'y': 0.09826338291168213, 'z': 2.5042295455932617}, {'x': 1.5208756923675537, 'y': -0.04856669902801514, 'z': 2.5042295455932617}, {'x': 2.4479269981384277, 'y': 0.09826385974884033, 'z': 2.5042295455932617}, {'x': 3.2842321395874023, 'y': 0.5243827104568481, 'z': 2.5042295455932617}, {'x': 3.9479265213012695, 'y': 1.1880773305892944, 'z': 2.5042295455932617}, {'x': 4.374045372009277, 'y': 2.0243825912475586, 'z': 2.5042295455932617}, {'x': 4.520875453948975, 'y': 2.9514331817626953, 'z': 12.504229545593262}, {'x': 4.374045372009277, 'y': 3.8784842491149902, 'z': 12.504229545593262}, {'x': 3.9479269981384277, 'y': 4.714788913726807, 'z': 12.504229545593262}, {'x': 3.284231424331665, 'y': 5.37848424911499, 'z': 12.504229545593262}, {'x': 2.4479265213012695, 'y': 5.804603099822998, 'z': 12.504229545593262}, {'x': 1.5208754539489746, 'y': 5.951433181762695, 'z': 12.504229545593262}, {'x': 0.593824565410614, 'y': 5.80460262298584, 'z': 12.504229545593262}, {'x': -0.2424805760383606, 'y': 5.378483772277832, 'z': 12.504229545593262}, {'x': -0.906175434589386, 'y': 4.714788913726807, 'z': 12.504229545593262}, {'x': -1.3322937488555908, 'y': 3.8784842491149902, 'z': 12.504229545593262}, {'x': -1.4791243076324463, 'y': 2.9514331817626953, 'z': 12.504229545593262}, {'x': -1.3322935104370117, 'y': 2.024381637573242, 'z': 12.504229545593262}, {'x': -0.9061751961708069, 'y': 1.1880772113800049, 'z': 12.504229545593262}, {'x': -0.2424796223640442, 'y': 0.5243819952011108, 'z': 12.504229545593262}, {'x': 0.5938256978988647, 'y': 0.09826338291168213, 'z': 12.504229545593262}, {'x': 1.5208756923675537, 'y': -0.04856669902801514, 'z': 12.504229545593262}, {'x': 2.4479269981384277, 'y': 0.09826385974884033, 'z': 12.504229545593262}, {'x': 3.2842321395874023, 'y': 0.5243827104568481, 'z': 12.504229545593262}, {'x': 3.9479265213012695, 'y': 1.1880773305892944, 'z': 12.504229545593262}, {'x': 4.374045372009277, 'y': 2.0243825912475586, 'z': 12.504229545593262}], 'grid_spacing': 1.0141851902008057, 'vertical_step': 3.3333332538604736, 'priority': 1, 'preempt': False}
[DroneInstance 0] Mission 'Mission_3003' added with priority 1 and 100 waypoints.
[DroneInstance 0] Resetting takeoff flags (drone on ground).
[DroneInstance 0] {'type': 'add_mission', 'mission_id': 'Mission_3003', 'waypoints': [(3.591801643371582, 0.9656184911727905, 2.5042295455932617), (2.5776164531707764, 0.9656184911727905, 2.5042295455932617), (1.5634312629699707, 0.9656184911727905, 2.5042295455932617), (0.549246072769165, 0.9656184911727905, 2.5042295455932617), (-0.4649391174316406, 0.9656184911727905, 2.5042295455932617), (-0.4649391174316406, 1.9798036813735962, 2.5042295455932617), (0.549246072769165, 1.9798036813735962, 2.5042295455932617), (1.5634312629699707, 1.9798036813735962, 2.5042295455932617), (2.5776164531707764, 1.9798036813735962, 2.5042295455932617), (3.591801643371582, 1.9798036813735962, 2.5042295455932617), (3.591801643371582, 2.993988871574402, 2.5042295455932617), (2.5776164531707764, 2.993988871574402, 2.5042295455932617), (1.5634312629699707, 2.993988871574402, 2.5042295455932617), (0.549246072769165, 2.993988871574402, 2.5042295455932617), (-0.4649391174316406, 2.993988871574402, 2.5042295455932617), (-0.4649391174316406, 4.0081740617752075, 2.5042295455932617), (0.549246072769165, 4.0081740617752075, 2.5042295455932617), (1.5634312629699707, 4.0081740617752075, 2.5042295455932617), (2.5776164531707764, 4.0081740617752075, 2.5042295455932617), (3.591801643371582, 4.0081740617752075, 2.5042295455932617), (3.591801643371582, 5.022359251976013, 2.5042295455932617), (2.5776164531707764, 5.022359251976013, 2.5042295455932617), (1.5634312629699707, 5.022359251976013, 2.5042295455932617), (0.549246072769165, 5.022359251976013, 2.5042295455932617), (-0.4649391174316406, 5.022359251976013, 2.5042295455932617), (3.591801643371582, 0.9656184911727905, 5.837562799453735), (2.5776164531707764, 0.9656184911727905, 5.837562799453735), (1.5634312629699707, 0.9656184911727905, 5.837562799453735), (0.549246072769165, 0.9656184911727905, 5.837562799453735), (-0.4649391174316406, 0.9656184911727905, 5.837562799453735), (-0.4649391174316406, 1.9798036813735962, 5.837562799453735), (0.549246072769165, 1.9798036813735962, 5.837562799453735), (1.5634312629699707, 1.9798036813735962, 5.837562799453735), (2.5776164531707764, 1.9798036813735962, 5.837562799453735), (3.591801643371582, 1.9798036813735962, 5.837562799453735), (3.591801643371582, 2.993988871574402, 5.837562799453735), (2.5776164531707764, 2.993988871574402, 5.837562799453735), (1.5634312629699707, 2.993988871574402, 5.837562799453735), (0.549246072769165, 2.993988871574402, 5.837562799453735), (-0.4649391174316406, 2.993988871574402, 5.837562799453735), (-0.4649391174316406, 4.0081740617752075, 5.837562799453735), (0.549246072769165, 4.0081740617752075, 5.837562799453735), (1.5634312629699707, 4.0081740617752075, 5.837562799453735), (2.5776164531707764, 4.0081740617752075, 5.837562799453735), (3.591801643371582, 4.0081740617752075, 5.837562799453735), (3.591801643371582, 5.022359251976013, 5.837562799453735), (2.5776164531707764, 5.022359251976013, 5.837562799453735), (1.5634312629699707, 5.022359251976013, 5.837562799453735), (0.549246072769165, 5.022359251976013, 5.837562799453735), (-0.4649391174316406, 5.022359251976013, 5.837562799453735), (3.591801643371582, 0.9656184911727905, 9.170896053314209), (2.5776164531707764, 0.9656184911727905, 9.170896053314209), (1.5634312629699707, 0.9656184911727905, 9.170896053314209), (0.549246072769165, 0.9656184911727905, 9.170896053314209), (-0.4649391174316406, 0.9656184911727905, 9.170896053314209), (-0.4649391174316406, 1.9798036813735962, 9.170896053314209), (0.549246072769165, 1.9798036813735962, 9.170896053314209), (1.5634312629699707, 1.9798036813735962, 9.170896053314209), (2.5776164531707764, 1.9798036813735962, 9.170896053314209), (3.591801643371582, 1.9798036813735962, 9.170896053314209), (3.591801643371582, 2.993988871574402, 9.170896053314209), (2.5776164531707764, 2.993988871574402, 9.170896053314209), (1.5634312629699707, 2.993988871574402, 9.170896053314209), (0.549246072769165, 2.993988871574402, 9.170896053314209), (-0.4649391174316406, 2.993988871574402, 9.170896053314209), (-0.4649391174316406, 4.0081740617752075, 9.170896053314209), (0.549246072769165, 4.0081740617752075, 9.170896053314209), (1.5634312629699707, 4.0081740617752075, 9.170896053314209), (2.5776164531707764, 4.0081740617752075, 9.170896053314209), (3.591801643371582, 4.0081740617752075, 9.170896053314209), (3.591801643371582, 5.022359251976013, 9.170896053314209), (2.5776164531707764, 5.022359251976013, 9.170896053314209), (1.5634312629699707, 5.022359251976013, 9.170896053314209), (0.549246072769165, 5.022359251976013, 9.170896053314209), (-0.4649391174316406, 5.022359251976013, 9.170896053314209), (3.591801643371582, 0.9656184911727905, 12.504229307174683), (2.5776164531707764, 0.9656184911727905, 12.504229307174683), (1.5634312629699705, 0.9656184911727905, 12.504229307174683), (0.5492460727691648, 0.9656184911727905, 12.504229307174683), (-0.46493911743164085, 0.9656184911727905, 12.504229307174683), (-0.46493911743164085, 1.9798036813735962, 12.504229307174683), (0.5492460727691648, 1.9798036813735962, 12.504229307174683), (1.5634312629699705, 1.9798036813735962, 12.504229307174683), (2.5776164531707764, 1.9798036813735962, 12.504229307174683), (3.591801643371582, 1.9798036813735962, 12.504229307174683), (3.591801643371582, 2.993988871574402, 12.504229307174683), (2.5776164531707764, 2.993988871574402, 12.504229307174683), (1.5634312629699705, 2.993988871574402, 12.504229307174683), (0.5492460727691648, 2.993988871574402, 12.504229307174683), (-0.46493911743164085, 2.993988871574402, 12.504229307174683), (-0.46493911743164085, 4.0081740617752075, 12.504229307174683), (0.5492460727691648, 4.0081740617752075, 12.504229307174683), (1.5634312629699705, 4.0081740617752075, 12.504229307174683), (2.5776164531707764, 4.0081740617752075, 12.504229307174683), (3.591801643371582, 4.0081740617752075, 12.504229307174683), (3.591801643371582, 5.022359251976013, 12.504229307174683), (2.5776164531707764, 5.022359251976013, 12.504229307174683), (1.5634312629699705, 5.022359251976013, 12.504229307174683), (0.5492460727691648, 5.022359251976013, 12.504229307174683), (-0.46493911743164085, 5.022359251976013, 12.504229307174683)], 'mode': 'once', 'patrol_loops': 1, 'priority': 1, 'preempt': False}
[DroneInstance 0] [3D Slicer] 100 waypoints generated from 3D hull between Z=2.50-12.50 every 3.3333332538604736m.
[DroneInstance 0] Starting mission: Mission_3003
[DroneInstance 0] Drone not armed. Sending arm command.
[DroneInstance 0] Switching to GUIDED mode.
[DroneInstance 0] Initiating takeoff to 2.0m.
[DroneInstance 0] Waiting to reach takeoff altitude: z=-0.01
[DroneInstance 0] Waiting to reach takeoff altitude: z=0.10
[DroneInstance 0] Waiting to reach takeoff altitude: z=1.16
[DroneInstance 0] Reached takeoff altitude. Starting mission.
[DroneInstance 0] Distance to waypoint: 3.78 meters
[DroneInstance 0] LatencyProbe | Sent pos command at 3464.846911
[DroneInstance 0] Distance to waypoint: 3.32 meters
[DroneInstance 0] Distance to waypoint: 1.42 meters
[DroneInstance 0] Distance to waypoint: 0.19 meters
[DroneInstance 0] _complete_current_waypoint: idx=0, hold_duration=0, is_holding=False, hold_start_time=None
[DroneInstance 0]  Advancing from waypoint #1 to #2
[DroneInstance 0] Distance to waypoint: 1.11 meters
[DroneInstance 0] LatencyProbe | Sent pos command at 3468.846627
[DroneInstance 0] Distance to waypoint: 0.83 meters
[DroneInstance 0] Distance to waypoint: 0.22 meters
[DroneInstance 0] _complete_current_waypoint: idx=1, hold_duration=0, is_holding=False, hold_start_time=None
[DroneInstance 0]  Advancing from waypoint #2 to #3
[DroneInstance 0] Distance to waypoint: 1.02 meters
[DroneInstance 0] LatencyProbe | Sent pos command at 3471.846580
[DroneInstance 0] Distance to waypoint: 0.74 meters
[DroneInstance 0] Distance to waypoint: 0.18 meters
[DroneInstance 0] _complete_current_waypoint: idx=2, hold_duration=0, is_holding=False, hold_start_time=None
[DroneInstance 0]  Advancing from waypoint #3 to #4
[DroneInstance 0] Distance to waypoint: 0.99 meters
[DroneInstance 0] LatencyProbe | Sent pos command at 3474.845561
[DroneInstance 0] Distance to waypoint: 0.73 meters
[DroneInstance 0] Distance to waypoint: 0.18 meters
[DroneInstance 0] _complete_current_waypoint: idx=3, hold_duration=0, is_holding=False, hold_start_time=None
[DroneInstance 0]  Advancing from waypoint #4 to #5
[DroneInstance 0] Distance to waypoint: 1.00 meters
[DroneInstance 0] LatencyProbe | Sent pos command at 3477.845931
[DroneInstance 0] Distance to waypoint: 0.73 meters
[DroneInstance 0] Distance to waypoint: 0.17 meters
[DroneInstance 0] _complete_current_waypoint: idx=4, hold_duration=0, is_holding=False, hold_start_time=None
[DroneInstance 0]  Advancing from waypoint #5 to #6
[DroneInstance 0] Distance to waypoint: 0.99 meters
[DroneInstance 0] LatencyProbe | Sent pos command at 3480.845763
[DroneInstance 0] Distance to waypoint: 0.72 meters
[DroneInstance 0] Distance to waypoint: 0.14 meters
[DroneInstance 0] _complete_current_waypoint: idx=5, hold_duration=0, is_holding=False, hold_start_time=None
[DroneInstance 0]  Advancing from waypoint #6 to #7
[DroneInstance 0] Distance to waypoint: 1.01 meters
[DroneInstance 0] LatencyProbe | Sent pos command at 3483.846598
[DroneInstance 0] Distance to waypoint: 0.72 meters
[DroneInstance 0] Distance to waypoint: 0.15 meters
[DroneInstance 0] _complete_current_waypoint: idx=6, hold_duration=0, is_holding=False, hold_start_time=None
[DroneInstance 0]  Advancing from waypoint #7 to #8
[DroneInstance 0] Distance to waypoint: 0.96 meters
[DroneInstance 0] LatencyProbe | Sent pos command at 3486.846603
[DroneInstance 0] Distance to waypoint: 0.68 meters
[DroneInstance 0] Distance to waypoint: 0.12 meters
[DroneInstance 0] _complete_current_waypoint: idx=7, hold_duration=0, is_holding=False, hold_start_time=None
[DroneInstance 0]  Advancing from waypoint #8 to #9
[DroneInstance 0] Distance to waypoint: 0.95 meters
[DroneInstance 0] LatencyProbe | Sent pos command at 3489.846377
[DroneInstance 0] Distance to waypoint: 0.67 meters
[DroneInstance 0] Distance to waypoint: 0.12 meters
[DroneInstance 0] _complete_current_waypoint: idx=8, hold_duration=0, is_holding=False, hold_start_time=None
[DroneInstance 0]  Advancing from waypoint #9 to #10
[DroneInstance 0] Shutting down DroneInstance...
