[DroneInstance 0] Initializing DroneInstance with domain ID 0 [SAFE mode]
[DroneInstance 0] Battery percentage unavailable.
[DroneInstance 0] Received message from Unity: {'type': 'add_mission', 'mission_id': 'Mission_7723', 'waypoints': [{'coords': [1.6550445556640625, 5.327467441558838, 1.143979787826538], 'hold': 0.0}, {'coords': [8.115952491760254, 0.8050236701965332, 1.7069215774536133], 'hold': 0.0}], 'mode': 'once', 'patrol_loops': 1, 'priority': 1, 'preempt': False}
[DroneInstance 0] Mission 'Mission_7723' added with priority 1 and 2 waypoints.
[DroneInstance 0] Resetting takeoff flags (drone on ground).
[DroneInstance 0] Starting mission: Mission_7723
[DroneInstance 0] Drone not armed. Sending arm command.
[DroneInstance 0] Switching to GUIDED mode.
[DroneInstance 0] Initiating takeoff to 2.0m.
[DroneInstance 0] Waiting to reach takeoff altitude: z=-0.01
[DroneInstance 0] Waiting to reach takeoff altitude: z=0.11
[DroneInstance 0] Waiting to reach takeoff altitude: z=1.19
[DroneInstance 0] Reached takeoff altitude. Starting mission.
[DroneInstance 0] Distance to waypoint: 5.63 meters
[DroneInstance 0] Distance to waypoint: 5.21 meters
[DroneInstance 0] Distance to waypoint: 2.83 meters
[DroneInstance 0] Distance to waypoint: 0.70 meters
[DroneInstance 0] Distance to waypoint: 0.14 meters
[DroneInstance 0] _complete_current_waypoint: idx=0, hold_duration=0.0, is_holding=False, hold_start_time=None
[DroneInstance 0]  Advancing from waypoint #1 to #2
[DroneInstance 0] Distance to waypoint: 7.98 meters
[DroneInstance 0] Distance to waypoint: 7.46 meters
[DroneInstance 0] Distance to waypoint: 4.83 meters
[DroneInstance 0] Distance to waypoint: 1.90 meters
[DroneInstance 0] Distance to waypoint: 0.19 meters
[DroneInstance 0] _complete_current_waypoint: idx=1, hold_duration=0.0, is_holding=False, hold_start_time=None
[DroneInstance 0]  Advancing from waypoint #2 to #3
[DroneInstance 0] Mission 'Mission_7723' complete.
[DroneInstance 0] Home reached — issuing LAND command
[DroneInstance 0] Shutting down DroneInstance...
[DroneInstance 0] Shutting down DroneInstance...
