[DroneInstance 0] Initializing DroneInstance with domain ID 0 [SAFE mode]
[DroneInstance 0] Battery percentage unavailable.
[DroneInstance 0] LatencyProbe | Received N/A id=b0110ea0-c700-455b-814e-a489daba883e at 6792.320917
[DroneInstance 0] Received message from Unity: {'type': 'map_area', 'mission_id': 'Mission_9353', 'points': [{'x': 0.7467076182365417, 'y': 3.34244966506958, 'z': 2.6261637210845947}, {'x': 0.6263737082481384, 'y': 4.102207660675049, 'z': 2.6261637210845947}, {'x': 0.27715104818344116, 'y': 4.787595748901367, 'z': 2.6261637210845947}, {'x': -0.26677602529525757, 'y': 5.3315229415893555, 'z': 2.6261637210845947}, {'x': -0.9521640539169312, 'y': 5.680745601654053, 'z': 2.6261637210845947}, {'x': -1.7119226455688477, 'y': 5.801079273223877, 'z': 2.6261637210845947}, {'x': -2.4716811180114746, 'y': 5.680745601654053, 'z': 2.6261637210845947}, {'x': -3.157069444656372, 'y': 5.331522464752197, 'z': 2.6261637210845947}, {'x': -3.700996160507202, 'y': 4.787595748901367, 'z': 2.6261637210845947}, {'x': -4.05021858215332, 'y': 4.102208137512207, 'z': 2.6261637210845947}, {'x': -4.170552730560303, 'y': 3.342449426651001, 'z': 2.6261637210845947}, {'x': -4.05021858215332, 'y': 2.582690715789795, 'z': 2.6261637210845947}, {'x': -3.700995922088623, 'y': 1.8973028659820557, 'z': 2.6261637210845947}, {'x': -3.1570687294006348, 'y': 1.3533756732940674, 'z': 2.6261637210845947}, {'x': -2.471680164337158, 'y': 1.0041532516479492, 'z': 2.6261637210845947}, {'x': -1.7119224071502686, 'y': 0.8838195204734802, 'z': 2.6261637210845947}, {'x': -0.9521636962890625, 'y': 1.0041534900665283, 'z': 2.6261637210845947}, {'x': -0.2667754292488098, 'y': 1.3533763885498047, 'z': 2.6261637210845947}, {'x': 0.2771509289741516, 'y': 1.8973028659820557, 'z': 2.6261637210845947}, {'x': 0.6263737082481384, 'y': 2.5826914310455322, 'z': 2.6261637210845947}, {'x': 0.7467076182365417, 'y': 3.34244966506958, 'z': 10.821596145629883}, {'x': 0.6263737082481384, 'y': 4.102207660675049, 'z': 10.821596145629883}, {'x': 0.27715104818344116, 'y': 4.787595748901367, 'z': 10.821596145629883}, {'x': -0.26677602529525757, 'y': 5.3315229415893555, 'z': 10.821596145629883}, {'x': -0.9521640539169312, 'y': 5.680745601654053, 'z': 10.821596145629883}, {'x': -1.7119226455688477, 'y': 5.801079273223877, 'z': 10.821596145629883}, {'x': -2.4716811180114746, 'y': 5.680745601654053, 'z': 10.821596145629883}, {'x': -3.157069444656372, 'y': 5.331522464752197, 'z': 10.821596145629883}, {'x': -3.700996160507202, 'y': 4.787595748901367, 'z': 10.821596145629883}, {'x': -4.05021858215332, 'y': 4.102208137512207, 'z': 10.821596145629883}, {'x': -4.170552730560303, 'y': 3.342449426651001, 'z': 10.821596145629883}, {'x': -4.05021858215332, 'y': 2.582690715789795, 'z': 10.821596145629883}, {'x': -3.700995922088623, 'y': 1.8973028659820557, 'z': 10.821596145629883}, {'x': -3.1570687294006348, 'y': 1.3533756732940674, 'z': 10.821596145629883}, {'x': -2.471680164337158, 'y': 1.0041532516479492, 'z': 10.821596145629883}, {'x': -1.7119224071502686, 'y': 0.8838195204734802, 'z': 10.821596145629883}, {'x': -0.9521636962890625, 'y': 1.0041534900665283, 'z': 10.821596145629883}, {'x': -0.2667754292488098, 'y': 1.3533763885498047, 'z': 10.821596145629883}, {'x': 0.2771509289741516, 'y': 1.8973028659820557, 'z': 10.821596145629883}, {'x': 0.6263737082481384, 'y': 2.5826914310455322, 'z': 10.821596145629883}], 'grid_spacing': 0.8311686515808105, 'vertical_step': 2.7318108081817627, 'priority': 1, 'preempt': False}
[DroneInstance 0] Mission 'Mission_9353' added with priority 1 and 75 waypoints.
[DroneInstance 0] Resetting takeoff flags (drone on ground).
[DroneInstance 0] {'type': 'add_mission', 'mission_id': 'Mission_9353', 'waypoints': [(-0.014709472656249778, 1.7149881720542908, 2.6261637210845947), (-0.8458781242370603, 1.7149881720542908, 2.6261637210845947), (-1.6770467758178709, 1.7149881720542908, 2.6261637210845947), (-2.5082154273986816, 1.7149881720542908, 2.6261637210845947), (-3.339384078979492, 1.7149881720542908, 2.6261637210845947), (-3.339384078979492, 2.5461568236351013, 2.6261637210845947), (-2.5082154273986816, 2.5461568236351013, 2.6261637210845947), (-1.6770467758178709, 2.5461568236351013, 2.6261637210845947), (-0.8458781242370603, 2.5461568236351013, 2.6261637210845947), (-0.014709472656249778, 2.5461568236351013, 2.6261637210845947), (-0.014709472656249778, 3.377325475215912, 2.6261637210845947), (-0.8458781242370603, 3.377325475215912, 2.6261637210845947), (-1.6770467758178709, 3.377325475215912, 2.6261637210845947), (-2.5082154273986816, 3.377325475215912, 2.6261637210845947), (-3.339384078979492, 3.377325475215912, 2.6261637210845947), (-3.339384078979492, 4.208494126796722, 2.6261637210845947), (-2.5082154273986816, 4.208494126796722, 2.6261637210845947), (-1.6770467758178709, 4.208494126796722, 2.6261637210845947), (-0.8458781242370603, 4.208494126796722, 2.6261637210845947), (-0.014709472656249778, 4.208494126796722, 2.6261637210845947), (-0.014709472656249778, 5.039662778377533, 2.6261637210845947), (-0.8458781242370603, 5.039662778377533, 2.6261637210845947), (-1.6770467758178709, 5.039662778377533, 2.6261637210845947), (-2.5082154273986816, 5.039662778377533, 2.6261637210845947), (-3.339384078979492, 5.039662778377533, 2.6261637210845947), (-0.01470947265625, 1.7149881720542908, 5.357974529266357), (-0.8458781242370605, 1.7149881720542908, 5.357974529266357), (-1.677046775817871, 1.7149881720542908, 5.357974529266357), (-2.5082154273986816, 1.7149881720542908, 5.357974529266357), (-3.339384078979492, 1.7149881720542908, 5.357974529266357), (-3.339384078979492, 2.5461568236351013, 5.357974529266357), (-2.5082154273986816, 2.5461568236351013, 5.357974529266357), (-1.677046775817871, 2.5461568236351013, 5.357974529266357), (-0.8458781242370605, 2.5461568236351013, 5.357974529266357), (-0.01470947265625, 2.5461568236351013, 5.357974529266357), (-0.01470947265625, 3.377325475215912, 5.357974529266357), (-0.8458781242370605, 3.377325475215912, 5.357974529266357), (-1.677046775817871, 3.377325475215912, 5.357974529266357), (-2.5082154273986816, 3.377325475215912, 5.357974529266357), (-3.339384078979492, 3.377325475215912, 5.357974529266357), (-3.339384078979492, 4.208494126796722, 5.357974529266357), (-2.5082154273986816, 4.208494126796722, 5.357974529266357), (-1.677046775817871, 4.208494126796722, 5.357974529266357), (-0.8458781242370605, 4.208494126796722, 5.357974529266357), (-0.01470947265625, 4.208494126796722, 5.357974529266357), (-0.01470947265625, 5.039662778377533, 5.357974529266357), (-0.8458781242370605, 5.039662778377533, 5.357974529266357), (-1.677046775817871, 5.039662778377533, 5.357974529266357), (-2.5082154273986816, 5.039662778377533, 5.357974529266357), (-3.339384078979492, 5.039662778377533, 5.357974529266357), (-0.014709472656250222, 1.7149881720542908, 8.08978533744812), (-0.8458781242370608, 1.7149881720542908, 8.08978533744812), (-1.6770467758178713, 1.7149881720542908, 8.08978533744812), (-2.5082154273986816, 1.7149881720542908, 8.08978533744812), (-3.339384078979492, 1.7149881720542908, 8.08978533744812), (-3.339384078979492, 2.5461568236351013, 8.08978533744812), (-2.5082154273986816, 2.5461568236351013, 8.08978533744812), (-1.6770467758178713, 2.5461568236351013, 8.08978533744812), (-0.8458781242370608, 2.5461568236351013, 8.08978533744812), (-0.014709472656250222, 2.5461568236351013, 8.08978533744812), (-0.014709472656250222, 3.377325475215912, 8.08978533744812), (-0.8458781242370608, 3.377325475215912, 8.08978533744812), (-1.6770467758178713, 3.377325475215912, 8.08978533744812), (-2.5082154273986816, 3.377325475215912, 8.08978533744812), (-3.339384078979492, 3.377325475215912, 8.08978533744812), (-3.339384078979492, 4.208494126796722, 8.08978533744812), (-2.5082154273986816, 4.208494126796722, 8.08978533744812), (-1.6770467758178713, 4.208494126796722, 8.08978533744812), (-0.8458781242370608, 4.208494126796722, 8.08978533744812), (-0.014709472656250222, 4.208494126796722, 8.08978533744812), (-0.014709472656250222, 5.039662778377533, 8.08978533744812), (-0.8458781242370608, 5.039662778377533, 8.08978533744812), (-1.6770467758178713, 5.039662778377533, 8.08978533744812), (-2.5082154273986816, 5.039662778377533, 8.08978533744812), (-3.339384078979492, 5.039662778377533, 8.08978533744812)], 'mode': 'once', 'patrol_loops': 1, 'priority': 1, 'preempt': False}
[DroneInstance 0] [3D Slicer] 75 waypoints generated from 3D hull between Z=2.63-10.82 every 2.7318108081817627m.
[DroneInstance 0] Starting mission: Mission_9353
[DroneInstance 0] Drone not armed. Sending arm command.
[DroneInstance 0] Switching to GUIDED mode.
[DroneInstance 0] Initiating takeoff to 2.0m.
[DroneInstance 0] Waiting to reach takeoff altitude: z=-0.01
[DroneInstance 0] Waiting to reach takeoff altitude: z=0.10
[DroneInstance 0] Waiting to reach takeoff altitude: z=1.15
[DroneInstance 0] Reached takeoff altitude. Starting mission.
[DroneInstance 0] Distance to waypoint: 1.85 meters
[DroneInstance 0] LatencyProbe | Sent pos command at 6799.588971
[DroneInstance 0] Distance to waypoint: 1.38 meters
[DroneInstance 0] Distance to waypoint: 0.34 meters
[DroneInstance 0] _complete_current_waypoint: idx=0, hold_duration=0, is_holding=False, hold_start_time=None
[DroneInstance 0]  Advancing from waypoint #1 to #2
[DroneInstance 0] Distance to waypoint: 0.80 meters
[DroneInstance 0] LatencyProbe | Sent pos command at 6802.588526
[DroneInstance 0] Distance to waypoint: 0.57 meters
[DroneInstance 0] Distance to waypoint: 0.12 meters
[DroneInstance 0] _complete_current_waypoint: idx=1, hold_duration=0, is_holding=False, hold_start_time=None
[DroneInstance 0]  Advancing from waypoint #2 to #3
[DroneInstance 0] Distance to waypoint: 0.80 meters
[DroneInstance 0] LatencyProbe | Sent pos command at 6805.589167
[DroneInstance 0] Distance to waypoint: 0.58 meters
[DroneInstance 0] Distance to waypoint: 0.14 meters
[DroneInstance 0] _complete_current_waypoint: idx=2, hold_duration=0, is_holding=False, hold_start_time=None
[DroneInstance 0]  Advancing from waypoint #3 to #4
[DroneInstance 0] Distance to waypoint: 0.81 meters
[DroneInstance 0] LatencyProbe | Sent pos command at 6808.589054
[DroneInstance 0] Distance to waypoint: 0.58 meters
[DroneInstance 0] Distance to waypoint: 0.14 meters
[DroneInstance 0] _complete_current_waypoint: idx=3, hold_duration=0, is_holding=False, hold_start_time=None
[DroneInstance 0]  Advancing from waypoint #4 to #5
[DroneInstance 0] Distance to waypoint: 0.82 meters
[DroneInstance 0] LatencyProbe | Sent pos command at 6811.588389
[DroneInstance 0] Distance to waypoint: 0.59 meters
[DroneInstance 0] Distance to waypoint: 0.14 meters
[DroneInstance 0] _complete_current_waypoint: idx=4, hold_duration=0, is_holding=False, hold_start_time=None
[DroneInstance 0]  Advancing from waypoint #5 to #6
[DroneInstance 0] Distance to waypoint: 0.81 meters
[DroneInstance 0] LatencyProbe | Sent pos command at 6814.589224
[DroneInstance 0] Distance to waypoint: 0.58 meters
[DroneInstance 0] Distance to waypoint: 0.11 meters
[DroneInstance 0] _complete_current_waypoint: idx=5, hold_duration=0, is_holding=False, hold_start_time=None
[DroneInstance 0]  Advancing from waypoint #6 to #7
[DroneInstance 0] Distance to waypoint: 0.82 meters
[DroneInstance 0] LatencyProbe | Sent pos command at 6817.589058
[DroneInstance 0] LatencyProbe | Received N/A id=6e3ad56f-96fa-4591-8df8-a23bdecb9544 at 6817.690319
[DroneInstance 0] Received message from Unity: {}
[DroneInstance 0] Unknown message type or structure: {}
[DroneInstance 0] Distance to waypoint: 0.57 meters
[DroneInstance 0] Distance to waypoint: 0.11 meters
[DroneInstance 0] _complete_current_waypoint: idx=6, hold_duration=0, is_holding=False, hold_start_time=None
[DroneInstance 0]  Advancing from waypoint #7 to #8
[DroneInstance 0] Distance to waypoint: 0.78 meters
[DroneInstance 0] LatencyProbe | Sent pos command at 6820.588144
[DroneInstance 0] Distance to waypoint: 0.54 meters
[DroneInstance 0] Distance to waypoint: 0.09 meters
[DroneInstance 0] _complete_current_waypoint: idx=7, hold_duration=0, is_holding=False, hold_start_time=None
[DroneInstance 0]  Advancing from waypoint #8 to #9
[DroneInstance 0] Distance to waypoint: 0.77 meters
[DroneInstance 0] LatencyProbe | Sent pos command at 6823.589160
[DroneInstance 0] Distance to waypoint: 0.54 meters
[DroneInstance 0] Distance to waypoint: 0.09 meters
[DroneInstance 0] _complete_current_waypoint: idx=8, hold_duration=0, is_holding=False, hold_start_time=None
[DroneInstance 0]  Advancing from waypoint #9 to #10
[DroneInstance 0] Shutting down DroneInstance...
