[DroneInstance 0] Initializing DroneInstance with domain ID 0 [SAFE mode]
[DroneInstance 0] Battery percentage unavailable.
[DroneInstance 0] Received message from Unity: {'type': 'map_area', 'mission_id': 'Mission_9620', 'points': [{'x': 0.7969890832901001, 'y': 4.360308647155762, 'z': 2.6521692276000977}, {'x': 0.7336361408233643, 'y': 4.760303974151611, 'z': 2.6521692276000977}, {'x': 0.5497784614562988, 'y': 5.121144771575928, 'z': 2.6521692276000977}, {'x': 0.2634134590625763, 'y': 5.407509803771973, 'z': 2.6521692276000977}, {'x': -0.09742742776870728, 'y': 5.591367721557617, 'z': 2.6521692276000977}, {'x': -0.4974226653575897, 'y': 5.654720306396484, 'z': 2.6521692276000977}, {'x': -0.8974177837371826, 'y': 5.591367721557617, 'z': 2.6521692276000977}, {'x': -1.2582589387893677, 'y': 5.407509803771973, 'z': 2.6521692276000977}, {'x': -1.5446237325668335, 'y': 5.121144771575928, 'z': 2.6521692276000977}, {'x': -1.7284811735153198, 'y': 4.760303974151611, 'z': 2.6521692276000977}, {'x': -1.7918342351913452, 'y': 4.360308647155762, 'z': 2.6521692276000977}, {'x': -1.7284810543060303, 'y': 3.960313320159912, 'z': 2.6521692276000977}, {'x': -1.5446234941482544, 'y': 3.5994725227355957, 'z': 2.6521692276000977}, {'x': -1.2582584619522095, 'y': 3.31310772895813, 'z': 2.6521692276000977}, {'x': -0.8974173069000244, 'y': 3.1292500495910645, 'z': 2.6521692276000977}, {'x': -0.49742257595062256, 'y': 3.065897226333618, 'z': 2.6521692276000977}, {'x': -0.09742724895477295, 'y': 3.1292502880096436, 'z': 2.6521692276000977}, {'x': 0.26341375708580017, 'y': 3.313107967376709, 'z': 2.6521692276000977}, {'x': 0.5497783422470093, 'y': 3.599472761154175, 'z': 2.6521692276000977}, {'x': 0.7336361408233643, 'y': 3.9603137969970703, 'z': 2.6521692276000977}, {'x': 0.7969890832901001, 'y': 4.360308647155762, 'z': 6.966874122619629}, {'x': 0.7336361408233643, 'y': 4.760303974151611, 'z': 6.966874122619629}, {'x': 0.5497784614562988, 'y': 5.121144771575928, 'z': 6.966874122619629}, {'x': 0.2634134590625763, 'y': 5.407509803771973, 'z': 6.966874122619629}, {'x': -0.09742742776870728, 'y': 5.591367721557617, 'z': 6.966874122619629}, {'x': -0.4974226653575897, 'y': 5.654720306396484, 'z': 6.966874122619629}, {'x': -0.8974177837371826, 'y': 5.591367721557617, 'z': 6.966874122619629}, {'x': -1.2582589387893677, 'y': 5.407509803771973, 'z': 6.966874122619629}, {'x': -1.5446237325668335, 'y': 5.121144771575928, 'z': 6.966874122619629}, {'x': -1.7284811735153198, 'y': 4.760303974151611, 'z': 6.966874122619629}, {'x': -1.7918342351913452, 'y': 4.360308647155762, 'z': 6.966874122619629}, {'x': -1.7284810543060303, 'y': 3.960313320159912, 'z': 6.966874122619629}, {'x': -1.5446234941482544, 'y': 3.5994725227355957, 'z': 6.966874122619629}, {'x': -1.2582584619522095, 'y': 3.31310772895813, 'z': 6.966874122619629}, {'x': -0.8974173069000244, 'y': 3.1292500495910645, 'z': 6.966874122619629}, {'x': -0.49742257595062256, 'y': 3.065897226333618, 'z': 6.966874122619629}, {'x': -0.09742724895477295, 'y': 3.1292502880096436, 'z': 6.966874122619629}, {'x': 0.26341375708580017, 'y': 3.313107967376709, 'z': 6.966874122619629}, {'x': 0.5497783422470093, 'y': 3.599472761154175, 'z': 6.966874122619629}, {'x': 0.7336361408233643, 'y': 3.9603137969970703, 'z': 6.966874122619629}], 'grid_spacing': 0.43759098649024963, 'vertical_step': 1.4382349252700806, 'priority': 1, 'preempt': False}
[DroneInstance 0] Mission 'Mission_9620' added with priority 1 and 100 waypoints.
[DroneInstance 0] Resetting takeoff flags (drone on ground).
[DroneInstance 0] [3D Slicer] 100 waypoints generated from 3D hull between Z=2.65-6.97 every 1.4382349252700806m.
[DroneInstance 0] Starting mission: Mission_9620
[DroneInstance 0] Initiating takeoff to 2.0m.
[DroneInstance 0] Waiting to reach takeoff altitude: z=5.22
[DroneInstance 0] Waiting to reach takeoff altitude: z=5.22
[DroneInstance 0] Waiting to reach takeoff altitude: z=5.22
[DroneInstance 0] Waiting to reach takeoff altitude: z=5.22
[DroneInstance 0] Waiting to reach takeoff altitude: z=5.22
[DroneInstance 0] Waiting to reach takeoff altitude: z=5.22
[DroneInstance 0] Waiting to reach takeoff altitude: z=5.22
[DroneInstance 0] Waiting to reach takeoff altitude: z=5.22
[DroneInstance 0] Waiting to reach takeoff altitude: z=5.22
[DroneInstance 0] Waiting to reach takeoff altitude: z=5.22
[DroneInstance 0] Waiting to reach takeoff altitude: z=5.22
[DroneInstance 0] Waiting to reach takeoff altitude: z=5.22
[DroneInstance 0] Waiting to reach takeoff altitude: z=5.22
[DroneInstance 0] Waiting to reach takeoff altitude: z=5.22
[DroneInstance 0] Waiting to reach takeoff altitude: z=5.22
[DroneInstance 0] Waiting to reach takeoff altitude: z=5.22
[DroneInstance 0] Waiting to reach takeoff altitude: z=5.22
[DroneInstance 0] Waiting to reach takeoff altitude: z=5.22
[DroneInstance 0] Waiting to reach takeoff altitude: z=5.22
[DroneInstance 0] Waiting to reach takeoff altitude: z=5.22
[DroneInstance 0] Waiting to reach takeoff altitude: z=5.22
[DroneInstance 0] Waiting to reach takeoff altitude: z=5.22
[DroneInstance 0] Waiting to reach takeoff altitude: z=5.22
[DroneInstance 0] Waiting to reach takeoff altitude: z=5.22
[DroneInstance 0] Waiting to reach takeoff altitude: z=5.22
[DroneInstance 0] Waiting to reach takeoff altitude: z=5.22
[DroneInstance 0] Waiting to reach takeoff altitude: z=5.22
[DroneInstance 0] Waiting to reach takeoff altitude: z=5.22
[DroneInstance 0] Shutting down DroneInstance...
