[DroneInstance 0] Initializing DroneInstance with domain ID 0 [SAFE mode]
[DroneInstance 0] Battery percentage unavailable.
[DroneInstance 0] Received message from Unity: {'type': 'path', 'mission_id': 'path_mission_1', 'waypoints': [{'x': 0.0, 'y': 0.0, 'z': 4.0}, {'x': 4.0, 'y': 0.0, 'z': 4.0}, {'x': 8.0, 'y': 0.0, 'z': 4.0}, {'x': 12.0, 'y': 0.0, 'z': 4.0}, {'x': 16.0, 'y': 0.0, 'z': 4.0}], 'priority': 5, 'mode': 'once', 'patrol_loops': 1, 'preempt': False}
[DroneInstance 0] Unknown message type or structure: {'type': 'path', 'mission_id': 'path_mission_1', 'waypoints': [{'x': 0.0, 'y': 0.0, 'z': 4.0}, {'x': 4.0, 'y': 0.0, 'z': 4.0}, {'x': 8.0, 'y': 0.0, 'z': 4.0}, {'x': 12.0, 'y': 0.0, 'z': 4.0}, {'x': 16.0, 'y': 0.0, 'z': 4.0}], 'priority': 5, 'mode': 'once', 'patrol_loops': 1, 'preempt': False}
[DroneInstance 0] Received message from Unity: {'type': 'path', 'mission_id': 'path_mission_2_preempt', 'waypoints': [{'x': 5.0, 'y': 5.0, 'z': 4.0}, {'x': 7.82842712474619, 'y': 7.82842712474619, 'z': 4.0}, {'x': 10.65685424949238, 'y': 10.65685424949238, 'z': 4.0}, {'x': 13.485281374238571, 'y': 13.48528137423857, 'z': 4.0}, {'x': 16.31370849898476, 'y': 16.31370849898476, 'z': 4.0}], 'priority': 5, 'mode': 'once', 'patrol_loops': 1, 'preempt': True}
[DroneInstance 0] Unknown message type or structure: {'type': 'path', 'mission_id': 'path_mission_2_preempt', 'waypoints': [{'x': 5.0, 'y': 5.0, 'z': 4.0}, {'x': 7.82842712474619, 'y': 7.82842712474619, 'z': 4.0}, {'x': 10.65685424949238, 'y': 10.65685424949238, 'z': 4.0}, {'x': 13.485281374238571, 'y': 13.48528137423857, 'z': 4.0}, {'x': 16.31370849898476, 'y': 16.31370849898476, 'z': 4.0}], 'priority': 5, 'mode': 'once', 'patrol_loops': 1, 'preempt': True}
[DroneInstance 0] Received message from Unity: {'type': 'add_mission', 'mission_id': 'path_mission_1', 'waypoints': [{'x': 0.0, 'y': 0.0, 'z': 4.0}, {'x': 4.0, 'y': 0.0, 'z': 4.0}, {'x': 8.0, 'y': 0.0, 'z': 4.0}, {'x': 12.0, 'y': 0.0, 'z': 4.0}, {'x': 16.0, 'y': 0.0, 'z': 4.0}], 'priority': 5, 'mode': 'once', 'patrol_loops': 1, 'preempt': False}
[DroneInstance 0] Failed to add mission: Waypoints must be [x, y, z] or {coords: [x, y, z], hold_duration: seconds}
[DroneInstance 0] Received message from Unity: {'type': 'add_mission', 'mission_id': 'path_mission_2_preempt', 'waypoints': [{'x': 5.0, 'y': 5.0, 'z': 4.0}, {'x': 7.82842712474619, 'y': 7.82842712474619, 'z': 4.0}, {'x': 10.65685424949238, 'y': 10.65685424949238, 'z': 4.0}, {'x': 13.485281374238571, 'y': 13.48528137423857, 'z': 4.0}, {'x': 16.31370849898476, 'y': 16.31370849898476, 'z': 4.0}], 'priority': 5, 'mode': 'once', 'patrol_loops': 1, 'preempt': True}
[DroneInstance 0] Failed to add mission: Waypoints must be [x, y, z] or {coords: [x, y, z], hold_duration: seconds}
[DroneInstance 0] Received message from Unity: {'type': 'add_mission', 'mission_id': 'path_mission_1', 'waypoints': [{'coords': [0.0, 0.0, 4.0], 'hold_duration': 0}, {'coords': [4.0, 0.0, 4.0], 'hold_duration': 0}, {'coords': [8.0, 0.0, 4.0], 'hold_duration': 0}, {'coords': [12.0, 0.0, 4.0], 'hold_duration': 0}, {'coords': [16.0, 0.0, 4.0], 'hold_duration': 0}], 'priority': 5, 'mode': 'once', 'patrol_loops': 2, 'preempt': False}
[DroneInstance 0] Mission 'path_mission_1' added with priority 5 and 5 waypoints.
[DroneInstance 0] Resetting takeoff flags (drone on ground).
[DroneInstance 0] Starting mission: path_mission_1
[DroneInstance 0] Drone not armed. Sending arm command.
[DroneInstance 0] Switching to GUIDED mode.
[DroneInstance 0] Initiating takeoff to 2.0m.
[DroneInstance 0] Waiting to reach takeoff altitude: z=-0.01
[DroneInstance 0] Waiting to reach takeoff altitude: z=0.09
[DroneInstance 0] Waiting to reach takeoff altitude: z=1.12
[DroneInstance 0] Reached takeoff altitude. Starting mission.
[DroneInstance 0] Distance to waypoint: 2.11 meters
[DroneInstance 0] Distance to waypoint: 1.71 meters
[DroneInstance 0] Distance to waypoint: 0.62 meters
[DroneInstance 0] Distance to waypoint: 0.03 meters
[DroneInstance 0] _complete_current_waypoint: idx=0, hold_duration=0, is_holding=False, hold_start_time=None
[DroneInstance 0]  Advancing from waypoint #1 to #2
[DroneInstance 0] Distance to waypoint: 3.96 meters
[DroneInstance 0] Distance to waypoint: 3.62 meters
[DroneInstance 0] Distance to waypoint: 1.68 meters
[DroneInstance 0] Distance to waypoint: 0.24 meters
[DroneInstance 0] _complete_current_waypoint: idx=1, hold_duration=0, is_holding=False, hold_start_time=None
[DroneInstance 0]  Advancing from waypoint #2 to #3
[DroneInstance 0] Distance to waypoint: 3.85 meters
[DroneInstance 0] Distance to waypoint: 3.54 meters
[DroneInstance 0] Distance to waypoint: 1.65 meters
[DroneInstance 0] Distance to waypoint: 0.22 meters
[DroneInstance 0] _complete_current_waypoint: idx=2, hold_duration=0, is_holding=False, hold_start_time=None
[DroneInstance 0]  Advancing from waypoint #3 to #4
[DroneInstance 0] Distance to waypoint: 3.84 meters
[DroneInstance 0] Distance to waypoint: 3.54 meters
[DroneInstance 0] Distance to waypoint: 1.65 meters
[DroneInstance 0] Distance to waypoint: 0.22 meters
[DroneInstance 0] _complete_current_waypoint: idx=3, hold_duration=0, is_holding=False, hold_start_time=None
[DroneInstance 0]  Advancing from waypoint #4 to #5
[DroneInstance 0] Distance to waypoint: 3.84 meters
[DroneInstance 0] Distance to waypoint: 3.54 meters
[DroneInstance 0] Distance to waypoint: 1.64 meters
[DroneInstance 0] Distance to waypoint: 0.22 meters
[DroneInstance 0] _complete_current_waypoint: idx=4, hold_duration=0, is_holding=False, hold_start_time=None
[DroneInstance 0]  Advancing from waypoint #5 to #6
[DroneInstance 0] Mission 'path_mission_1' complete.
[DroneInstance 0] Dispatching 4 queued command(s)...
[DroneInstance 0] Executed queued command: {'type': 'command', 'command': 'mode', 'mode': 'RTL', 'id': 0}
[DroneInstance 0] Executed queued command: {'type': 'command', 'command': 'mode', 'mode': 'LAND', 'id': 0}
[DroneInstance 0] Executed queued command: {'type': 'command', 'command': 'mode', 'mode': 'RTL', 'id': 0}
[DroneInstance 0] Executed queued command: {'type': 'command', 'command': 'mode', 'mode': 'LAND', 'id': 0}
[DroneInstance 0] Received message from Unity: {'type': 'add_mission', 'mission_id': 'path_mission_2_preempt', 'waypoints': [{'coords': [5.0, 5.0, 4.0], 'hold_duration': 0}, {'coords': [7.82842712474619, 7.82842712474619, 4.0], 'hold_duration': 0}, {'coords': [10.65685424949238, 10.65685424949238, 4.0], 'hold_duration': 0}, {'coords': [13.485281374238571, 13.48528137423857, 4.0], 'hold_duration': 0}, {'coords': [16.31370849898476, 16.31370849898476, 4.0], 'hold_duration': 0}, {'coords': [19.14213562373095, 19.14213562373095, 4.0], 'hold_duration': 0}, {'coords': [21.970562748477143, 21.97056274847714, 4.0], 'hold_duration': 0}, {'coords': [24.79898987322333, 24.798989873223327, 4.0], 'hold_duration': 0}, {'coords': [27.627416997969522, 27.62741699796952, 4.0], 'hold_duration': 0}, {'coords': [30.455844122715714, 30.45584412271571, 4.0], 'hold_duration': 0}, {'coords': [33.2842712474619, 33.2842712474619, 4.0], 'hold_duration': 0}, {'coords': [36.112698372208094, 36.11269837220809, 4.0], 'hold_duration': 0}, {'coords': [38.941125496954285, 38.94112549695428, 4.0], 'hold_duration': 0}, {'coords': [41.76955262170048, 41.76955262170047, 4.0], 'hold_duration': 0}, {'coords': [44.59797974644666, 44.597979746446654, 4.0], 'hold_duration': 0}, {'coords': [47.42640687119285, 47.426406871192846, 4.0], 'hold_duration': 0}, {'coords': [50.254833995939045, 50.25483399593904, 4.0], 'hold_duration': 0}, {'coords': [53.083261120685236, 53.08326112068523, 4.0], 'hold_duration': 0}, {'coords': [55.91168824543143, 55.91168824543142, 4.0], 'hold_duration': 0}, {'coords': [58.74011537017761, 58.740115370177605, 4.0], 'hold_duration': 0}], 'priority': 5, 'mode': 'once', 'patrol_loops': 2, 'preempt': True}
[DroneInstance 0] Mission 'path_mission_2_preempt' added with priority 5 and 20 waypoints.
[DroneInstance 0] Starting mission: path_mission_2_preempt
[DroneInstance 0] Distance to waypoint: 12.35 meters
[DroneInstance 0] Distance to waypoint: 12.44 meters
[DroneInstance 0] Distance to waypoint: 12.55 meters
[DroneInstance 0] Distance to waypoint: 12.67 meters
[DroneInstance 0] Distance to waypoint: 12.81 meters
[DroneInstance 0] Distance to waypoint: 12.92 meters
[DroneInstance 0] No progress. Retrying waypoint command (2/3)
[DroneInstance 0] Distance to waypoint: 12.92 meters
[DroneInstance 0] Distance to waypoint: 12.92 meters
[DroneInstance 0] Distance to waypoint: 12.92 meters
[DroneInstance 0] Distance to waypoint: 12.92 meters
[DroneInstance 0] Distance to waypoint: 12.91 meters
[DroneInstance 0] Distance to waypoint: 12.91 meters
[DroneInstance 0] No progress. Retrying waypoint command (3/3)
[DroneInstance 0] Distance to waypoint: 12.91 meters
[DroneInstance 0] Distance to waypoint: 12.91 meters
[DroneInstance 0] Distance to waypoint: 12.91 meters
[DroneInstance 0] Distance to waypoint: 12.91 meters
[DroneInstance 0] Distance to waypoint: 12.91 meters
[DroneInstance 0] Too many retries without progress. Skipping waypoint.
[DroneInstance 0] Distance to waypoint: 12.17 meters
[DroneInstance 0] Distance to waypoint: 12.17 meters
[DroneInstance 0] Distance to waypoint: 12.17 meters
[DroneInstance 0] Distance to waypoint: 12.17 meters
[DroneInstance 0] Distance to waypoint: 12.17 meters
[DroneInstance 0] Distance to waypoint: 12.17 meters
[DroneInstance 0] No progress. Retrying waypoint command (2/3)
[DroneInstance 0] Distance to waypoint: 12.17 meters
[DroneInstance 0] Distance to waypoint: 12.17 meters
[DroneInstance 0] Distance to waypoint: 12.17 meters
[DroneInstance 0] Distance to waypoint: 12.17 meters
[DroneInstance 0] Distance to waypoint: 12.17 meters
[DroneInstance 0] Distance to waypoint: 12.17 meters
[DroneInstance 0] No progress. Retrying waypoint command (3/3)
[DroneInstance 0] Distance to waypoint: 12.17 meters
[DroneInstance 0] Distance to waypoint: 12.17 meters
[DroneInstance 0] Distance to waypoint: 12.17 meters
[DroneInstance 0] Distance to waypoint: 12.17 meters
[DroneInstance 0] Distance to waypoint: 12.17 meters
[DroneInstance 0] Too many retries without progress. Skipping waypoint.
[DroneInstance 0] Distance to waypoint: 12.70 meters
[DroneInstance 0] Distance to waypoint: 12.70 meters
[DroneInstance 0] Distance to waypoint: 12.70 meters
[DroneInstance 0] Distance to waypoint: 12.70 meters
[DroneInstance 0] Distance to waypoint: 12.70 meters
[DroneInstance 0] Distance to waypoint: 12.70 meters
[DroneInstance 0] No progress. Retrying waypoint command (2/3)
[DroneInstance 0] Distance to waypoint: 12.70 meters
[DroneInstance 0] Distance to waypoint: 12.70 meters
[DroneInstance 0] Distance to waypoint: 12.70 meters
[DroneInstance 0] Distance to waypoint: 12.70 meters
[DroneInstance 0] Distance to waypoint: 12.70 meters
[DroneInstance 0] Distance to waypoint: 12.70 meters
[DroneInstance 0] No progress. Retrying waypoint command (3/3)
[DroneInstance 0] Distance to waypoint: 12.70 meters
[DroneInstance 0] Distance to waypoint: 12.70 meters
[DroneInstance 0] Distance to waypoint: 12.70 meters
[DroneInstance 0] Distance to waypoint: 12.70 meters
[DroneInstance 0] Shutting down DroneInstance...
