[DroneInstance 0] Initializing DroneInstance with domain ID 0 [SAFE mode]
[DroneInstance 0] Battery percentage unavailable.
[DroneInstance 0] Received message from Unity: {'type': 'add_mission', 'mission_id': 'Mission_4332', 'waypoints': [{'coords': [-9.528007507324219, 9.452811241149902, 4.409135341644287], 'hold': 0.0}, {'coords': [0.8439658284187317, 17.750505447387695, 8.392457008361816], 'hold': 0.0}, {'coords': [-10.219413757324219, 1.7498700618743896, 8.88692569732666], 'hold': 0.0}, {'coords': [7.692856788635254, 3.917687177658081, 4.060733795166016], 'hold': 4.0}, {'coords': [-3.4454243183135986, -5.198078155517578, 5.5490546226501465], 'hold': 0.0}], 'mode': 'once', 'patrol_loops': 1, 'priority': 1, 'preempt': False}
[DroneInstance 0] Mission 'Mission_4332' added with priority 1 and 5 waypoints.
[DroneInstance 0] Resetting takeoff flags (drone on ground).
[DroneInstance 0] Starting mission: Mission_4332
[DroneInstance 0] Drone not armed. Sending arm command.
[DroneInstance 0] Switching to GUIDED mode.
[DroneInstance 0] Initiating takeoff to 2.0m.
[DroneInstance 0] Waiting to reach takeoff altitude: z=-0.01
[DroneInstance 0] Waiting to reach takeoff altitude: z=0.14
[DroneInstance 0] Waiting to reach takeoff altitude: z=1.26
[DroneInstance 0] Reached takeoff altitude. Starting mission.
[DroneInstance 0] Distance to waypoint: 13.66 meters
[DroneInstance 0] Distance to waypoint: 13.02 meters
[DroneInstance 0] Distance to waypoint: 10.01 meters
[DroneInstance 0] Distance to waypoint: 5.82 meters
[DroneInstance 0] Distance to waypoint: 2.33 meters
[DroneInstance 0] Distance to waypoint: 0.24 meters
[DroneInstance 0] _complete_current_waypoint: idx=0, hold_duration=0.0, is_holding=False, hold_start_time=None
[DroneInstance 0]  Advancing from waypoint #1 to #2
[DroneInstance 0] Distance to waypoint: 13.91 meters
[DroneInstance 0] Distance to waypoint: 13.25 meters
[DroneInstance 0] Distance to waypoint: 10.06 meters
[DroneInstance 0] Distance to waypoint: 5.71 meters
[DroneInstance 0] Distance to waypoint: 2.25 meters
[DroneInstance 0] Distance to waypoint: 0.22 meters
[DroneInstance 0] _complete_current_waypoint: idx=1, hold_duration=0.0, is_holding=False, hold_start_time=None
[DroneInstance 0]  Advancing from waypoint #2 to #3
[DroneInstance 0] Distance to waypoint: 19.77 meters
[DroneInstance 0] Distance to waypoint: 19.11 meters
[DroneInstance 0] Distance to waypoint: 16.02 meters
[DroneInstance 0] Received message from Unity: {'type': 'command', 'command': 'pause'}
[DroneInstance 0] Paused mission 'Mission_4332' at waypoint 0.
[DroneInstance 0] Received message from Unity: {'type': 'command', 'command': 'resume'}
[DroneInstance 0] Resuming paused mission 'Mission_4332' from waypoint 0.
[DroneInstance 0] Distance to waypoint: 0.21 meters
[DroneInstance 0] _complete_current_waypoint: idx=0, hold_duration=0.0, is_holding=False, hold_start_time=None
[DroneInstance 0]  Advancing from waypoint #1 to #2
[DroneInstance 0] Distance to waypoint: 18.75 meters
[DroneInstance 0] Distance to waypoint: 18.14 meters
[DroneInstance 0] Distance to waypoint: 15.10 meters
[DroneInstance 0] Distance to waypoint: 9.99 meters
[DroneInstance 0] Distance to waypoint: 5.17 meters
[DroneInstance 0] Distance to waypoint: 1.63 meters
[DroneInstance 0] Still approaching target... 1.63m remaining
[DroneInstance 0] Distance to waypoint: 0.19 meters
[DroneInstance 0] _complete_current_waypoint: idx=1, hold_duration=4.0, is_holding=False, hold_start_time=None
[DroneInstance 0] Starting hold at waypoint #2 for 4.0s
[DroneInstance 0] Distance to waypoint: 0.54 meters
[DroneInstance 0] Still approaching target... 0.54m remaining
[DroneInstance 0] Distance to waypoint: 0.42 meters
[DroneInstance 0] _complete_current_waypoint: idx=1, hold_duration=4.0, is_holding=True, hold_start_time=1760615367.689916
[DroneInstance 0]  Holding… elapsed=2.00s / target=4.00s
[DroneInstance 0] Distance to waypoint: 0.17 meters
[DroneInstance 0] _complete_current_waypoint: idx=1, hold_duration=4.0, is_holding=True, hold_start_time=1760615367.689916
[DroneInstance 0]  Holding… elapsed=3.00s / target=4.00s
[DroneInstance 0] Distance to waypoint: 0.08 meters
[DroneInstance 0] _complete_current_waypoint: idx=1, hold_duration=4.0, is_holding=True, hold_start_time=1760615367.689916
[DroneInstance 0]  Holding… elapsed=4.00s / target=4.00s
[DroneInstance 0] Distance to waypoint: 0.03 meters
[DroneInstance 0] _complete_current_waypoint: idx=1, hold_duration=4.0, is_holding=True, hold_start_time=1760615367.689916
[DroneInstance 0]  Holding… elapsed=5.00s / target=4.00s
[DroneInstance 0]  Hold complete at waypoint #2 after 5.00s
[DroneInstance 0]  Advancing from waypoint #2 to #3
[DroneInstance 0] Distance to waypoint: 14.46 meters
[DroneInstance 0] Distance to waypoint: 13.83 meters
[DroneInstance 0] Distance to waypoint: 10.88 meters
[DroneInstance 0] Distance to waypoint: 7.58 meters
[DroneInstance 0] Distance to waypoint: 2.78 meters
[DroneInstance 0] Received message from Unity: {'type': 'command', 'command': 'pause'}
[DroneInstance 0] Paused mission 'Mission_4332' at waypoint 0.
[DroneInstance 0] Received message from Unity: {'type': 'command', 'command': 'resume'}
[DroneInstance 0] Resuming paused mission 'Mission_4332' from waypoint 0.
[DroneInstance 0] Distance to waypoint: 0.07 meters
[DroneInstance 0] _complete_current_waypoint: idx=0, hold_duration=0.0, is_holding=False, hold_start_time=None
[DroneInstance 0]  Advancing from waypoint #1 to #2
[DroneInstance 0] Mission 'Mission_4332' complete.
[DroneInstance 0] Received message from Unity: {'type': 'add_mission', 'mission_id': 'Mission_8459', 'waypoints': [{'coords': [-6.217309474945068, 6.069976329803467, 4.280472755432129], 'hold': 0.0}, {'coords': [2.5829198360443115, 6.9479570388793945, 3.4829609394073486], 'hold': 0.0}, {'coords': [-6.179293632507324, -1.3075958490371704, 3.8248534202575684], 'hold': 0.0}, {'coords': [4.814464569091797, 6.267697811126709, 4.605685710906982], 'hold': 0.0}, {'coords': [-1.8163354396820068, -4.4274582862854, 7.731749534606934], 'hold': 0.0}], 'mode': 'once', 'patrol_loops': 1, 'priority': 1, 'preempt': False}
[DroneInstance 0] Mission 'Mission_8459' added with priority 1 and 5 waypoints.
[DroneInstance 0] Starting mission: Mission_8459
[DroneInstance 0] Distance to waypoint: 11.69 meters
[DroneInstance 0] Distance to waypoint: 11.42 meters
[DroneInstance 0] Distance to waypoint: 9.01 meters
[DroneInstance 0] Distance to waypoint: 5.04 meters
[DroneInstance 0] Distance to waypoint: 1.82 meters
[DroneInstance 0] Distance to waypoint: 0.06 meters
[DroneInstance 0] _complete_current_waypoint: idx=0, hold_duration=0.0, is_holding=False, hold_start_time=None
[DroneInstance 0]  Advancing from waypoint #1 to #2
[DroneInstance 0] Distance to waypoint: 8.98 meters
[DroneInstance 0] Distance to waypoint: 8.70 meters
[DroneInstance 0] Received message from Unity: {'type': 'command', 'command': 'pause'}
[DroneInstance 0] Paused mission 'Mission_8459' at waypoint 0.
[DroneInstance 0] Received message from Unity: {'type': 'return_to_base'}
[DroneInstance 0] Return-to-Base requested — cancelling mission and switching to RTL mode.
[DroneInstance 0] Return-to-Base mode engaged.
[DroneInstance 0] Home reached — issuing LAND command
[DroneInstance 0] Shutting down DroneInstance...
[DroneInstance 0] Shutting down DroneInstance...
