[DroneInstance 0] Initializing DroneInstance with domain ID 0 [SAFE mode]
[DroneInstance 0] Battery percentage unavailable.
[DroneInstance 0] LatencyProbe | Received start_manual id=1ad94d89-469d-4eea-b501-743c13754e86 at 33181.415964
[DroneInstance 0] Received message from Unity: {'type': 'command', 'command': 'start_manual'}
[DroneInstance 0] Entered MANUAL mode
[DroneInstance 0] LatencyProbe | Received takeoff id=ce2ae914-023e-485c-9cd3-00b942263333 at 33181.470730
[DroneInstance 0] Received message from Unity: {'type': 'command', 'command': 'takeoff', 'altitude': 3, 'id': 0}
[DroneInstance 0] LatencyProbe | Sent takeoff id=None at 33181.471033
[DroneInstance 0] LatencyProbe | Received N/A id=b539bca4-d2cb-47da-a624-98ad8c45a886 at 33192.876833
[DroneInstance 0] Received message from Unity: {'type': 'manual_control', 'axes': {'lx': 0, 'ly': 0.1, 'rx': 0, 'ry': 0}}
[DroneInstance 0] Node type: <class 'node_wrapper.node_wrapper.NodeWrapper'> has publish_from_unity: <bound method NodeWrapper.publish_from_unity of <node_wrapper.node_wrapper.NodeWrapper object at 0x7fa72c6c0160>>
[DroneInstance 0] LatencyProbe | Sent vel command at 33192.877330
[DroneInstance 0] Manual VEL cmd: x=0.10, y=0.00, z=0.00, yaw=0.00
[DroneInstance 0] LatencyProbe | Received N/A id=a6cb8f23-29db-4112-8ff3-3ca2e2eac95f at 33201.440653
[DroneInstance 0] Received message from Unity: {'type': 'manual_control', 'axes': {'lx': 0, 'ly': 0.2, 'rx': 0, 'ry': 0}}
[DroneInstance 0] Node type: <class 'node_wrapper.node_wrapper.NodeWrapper'> has publish_from_unity: <bound method NodeWrapper.publish_from_unity of <node_wrapper.node_wrapper.NodeWrapper object at 0x7fa72c6c0160>>
[DroneInstance 0] LatencyProbe | Sent vel command at 33201.441167
[DroneInstance 0] Manual VEL cmd: x=0.20, y=0.00, z=0.00, yaw=0.00
[DroneInstance 0] LatencyProbe | Received N/A id=267545a8-30f9-4c13-af2d-113c96ba2e22 at 33201.937312
[DroneInstance 0] Received message from Unity: {'type': 'manual_control', 'axes': {'lx': 0, 'ly': 0.3, 'rx': 0, 'ry': 0}}
[DroneInstance 0] Node type: <class 'node_wrapper.node_wrapper.NodeWrapper'> has publish_from_unity: <bound method NodeWrapper.publish_from_unity of <node_wrapper.node_wrapper.NodeWrapper object at 0x7fa72c6c0160>>
[DroneInstance 0] LatencyProbe | Sent vel command at 33201.937893
[DroneInstance 0] Manual VEL cmd: x=0.30, y=0.00, z=0.00, yaw=0.00
[DroneInstance 0] LatencyProbe | Received N/A id=0060e094-7c6f-4771-978e-dff62d828c0a at 33202.433701
[DroneInstance 0] Received message from Unity: {'type': 'manual_control', 'axes': {'lx': 0, 'ly': 0.4, 'rx': 0, 'ry': 0}}
[DroneInstance 0] Node type: <class 'node_wrapper.node_wrapper.NodeWrapper'> has publish_from_unity: <bound method NodeWrapper.publish_from_unity of <node_wrapper.node_wrapper.NodeWrapper object at 0x7fa72c6c0160>>
[DroneInstance 0] LatencyProbe | Sent vel command at 33202.434264
[DroneInstance 0] Manual VEL cmd: x=0.40, y=0.00, z=0.00, yaw=0.00
[DroneInstance 0] LatencyProbe | Received N/A id=510a0b58-eb9e-416f-a0c3-a12a18ec85f3 at 33209.841146
[DroneInstance 0] Received message from Unity: {'type': 'manual_control', 'axes': {'lx': 0, 'ly': 0.4, 'rx': 0, 'ry': 0.1144054}}
[DroneInstance 0] Node type: <class 'node_wrapper.node_wrapper.NodeWrapper'> has publish_from_unity: <bound method NodeWrapper.publish_from_unity of <node_wrapper.node_wrapper.NodeWrapper object at 0x7fa72c6c0160>>
[DroneInstance 0] LatencyProbe | Sent vel command at 33209.841734
[DroneInstance 0] Manual VEL cmd: x=0.40, y=0.00, z=0.06, yaw=0.00
[DroneInstance 0] LatencyProbe | Received N/A id=32f68e60-8076-41c7-af29-a8656e364dfc at 33209.941989
[DroneInstance 0] Received message from Unity: {'type': 'manual_control', 'axes': {'lx': 0, 'ly': 0.4, 'rx': 0, 'ry': 0.161602}}
[DroneInstance 0] Node type: <class 'node_wrapper.node_wrapper.NodeWrapper'> has publish_from_unity: <bound method NodeWrapper.publish_from_unity of <node_wrapper.node_wrapper.NodeWrapper object at 0x7fa72c6c0160>>
[DroneInstance 0] LatencyProbe | Sent vel command at 33209.942529
[DroneInstance 0] Manual VEL cmd: x=0.40, y=0.00, z=0.08, yaw=0.00
[DroneInstance 0] LatencyProbe | Received N/A id=ff5da611-a44a-4970-b1de-730ef8b9f1c0 at 33209.943139
[DroneInstance 0] Received message from Unity: {'type': 'manual_control', 'axes': {'lx': 0, 'ly': 0.4, 'rx': 0, 'ry': 0.2299242}}
[DroneInstance 0] Node type: <class 'node_wrapper.node_wrapper.NodeWrapper'> has publish_from_unity: <bound method NodeWrapper.publish_from_unity of <node_wrapper.node_wrapper.NodeWrapper object at 0x7fa72c6c0160>>
[DroneInstance 0] LatencyProbe | Sent vel command at 33209.943644
[DroneInstance 0] Manual VEL cmd: x=0.40, y=0.00, z=0.11, yaw=0.00
[DroneInstance 0] LatencyProbe | Received N/A id=6175e658-559d-491e-9234-5220194a270f at 33209.944301
[DroneInstance 0] Received message from Unity: {'type': 'manual_control', 'axes': {'lx': 0, 'ly': 0.4, 'rx': 0, 'ry': 0.3004165}}
[DroneInstance 0] Node type: <class 'node_wrapper.node_wrapper.NodeWrapper'> has publish_from_unity: <bound method NodeWrapper.publish_from_unity of <node_wrapper.node_wrapper.NodeWrapper object at 0x7fa72c6c0160>>
[DroneInstance 0] LatencyProbe | Sent vel command at 33209.944681
[DroneInstance 0] Manual VEL cmd: x=0.40, y=0.00, z=0.15, yaw=0.00
[DroneInstance 0] LatencyProbe | Received N/A id=e2346ba1-1534-4a33-91f1-40b2a9e6a652 at 33209.945274
[DroneInstance 0] Received message from Unity: {'type': 'manual_control', 'axes': {'lx': 0, 'ly': 0.4, 'rx': 0, 'ry': 0.3853027}}
[DroneInstance 0] Node type: <class 'node_wrapper.node_wrapper.NodeWrapper'> has publish_from_unity: <bound method NodeWrapper.publish_from_unity of <node_wrapper.node_wrapper.NodeWrapper object at 0x7fa72c6c0160>>
[DroneInstance 0] LatencyProbe | Sent vel command at 33209.945694
[DroneInstance 0] Manual VEL cmd: x=0.40, y=0.00, z=0.19, yaw=0.00
[DroneInstance 0] LatencyProbe | Received N/A id=5cb9da42-3b91-4df9-b3f0-6585ff043762 at 33209.946359
[DroneInstance 0] Received message from Unity: {'type': 'manual_control', 'axes': {'lx': 0, 'ly': 0.4, 'rx': 0, 'ry': 0.466702}}
[DroneInstance 0] Node type: <class 'node_wrapper.node_wrapper.NodeWrapper'> has publish_from_unity: <bound method NodeWrapper.publish_from_unity of <node_wrapper.node_wrapper.NodeWrapper object at 0x7fa72c6c0160>>
[DroneInstance 0] LatencyProbe | Sent vel command at 33209.946722
[DroneInstance 0] Manual VEL cmd: x=0.40, y=0.00, z=0.23, yaw=0.00
[DroneInstance 0] LatencyProbe | Received N/A id=90e2ab1a-ab90-4579-a714-1427d9f8b158 at 33209.947344
[DroneInstance 0] Received message from Unity: {'type': 'manual_control', 'axes': {'lx': 0, 'ly': 0.4, 'rx': 0, 'ry': 0.5444653}}
[DroneInstance 0] Node type: <class 'node_wrapper.node_wrapper.NodeWrapper'> has publish_from_unity: <bound method NodeWrapper.publish_from_unity of <node_wrapper.node_wrapper.NodeWrapper object at 0x7fa72c6c0160>>
[DroneInstance 0] LatencyProbe | Sent vel command at 33209.947721
[DroneInstance 0] Manual VEL cmd: x=0.40, y=0.00, z=0.27, yaw=0.00
[DroneInstance 0] LatencyProbe | Received N/A id=66d3c7cb-cb22-45a1-92e9-cf4d08a8de44 at 33209.948257
[DroneInstance 0] Received message from Unity: {'type': 'manual_control', 'axes': {'lx': 0, 'ly': 0.4, 'rx': 0, 'ry': 0.608217}}
[DroneInstance 0] Node type: <class 'node_wrapper.node_wrapper.NodeWrapper'> has publish_from_unity: <bound method NodeWrapper.publish_from_unity of <node_wrapper.node_wrapper.NodeWrapper object at 0x7fa72c6c0160>>
[DroneInstance 0] LatencyProbe | Sent vel command at 33209.948576
[DroneInstance 0] Manual VEL cmd: x=0.40, y=0.00, z=0.30, yaw=0.00
[DroneInstance 0] LatencyProbe | Received N/A id=b4cf0b6f-17bd-4c37-a793-514a0127fcef at 33209.996269
[DroneInstance 0] Received message from Unity: {'type': 'manual_control', 'axes': {'lx': 0, 'ly': 0.4, 'rx': 0, 'ry': 0.7381033}}
[DroneInstance 0] Node type: <class 'node_wrapper.node_wrapper.NodeWrapper'> has publish_from_unity: <bound method NodeWrapper.publish_from_unity of <node_wrapper.node_wrapper.NodeWrapper object at 0x7fa72c6c0160>>
[DroneInstance 0] LatencyProbe | Sent vel command at 33209.996709
[DroneInstance 0] Manual VEL cmd: x=0.40, y=0.00, z=0.37, yaw=0.00
[DroneInstance 0] LatencyProbe | Received N/A id=9e7ac337-bf87-4d9e-9506-646db4410bab at 33209.997211
[DroneInstance 0] Received message from Unity: {'type': 'manual_control', 'axes': {'lx': 0, 'ly': 0.4, 'rx': 0, 'ry': 0.8204789}}
[DroneInstance 0] Node type: <class 'node_wrapper.node_wrapper.NodeWrapper'> has publish_from_unity: <bound method NodeWrapper.publish_from_unity of <node_wrapper.node_wrapper.NodeWrapper object at 0x7fa72c6c0160>>
[DroneInstance 0] LatencyProbe | Sent vel command at 33209.997531
[DroneInstance 0] Manual VEL cmd: x=0.40, y=0.00, z=0.41, yaw=0.00
[DroneInstance 0] LatencyProbe | Received N/A id=5b062cfa-8860-4a8f-b7a0-6d38b558ab78 at 33209.997970
[DroneInstance 0] Received message from Unity: {'type': 'manual_control', 'axes': {'lx': 0, 'ly': 0.4, 'rx': 0, 'ry': 0.8957623}}
[DroneInstance 0] Node type: <class 'node_wrapper.node_wrapper.NodeWrapper'> has publish_from_unity: <bound method NodeWrapper.publish_from_unity of <node_wrapper.node_wrapper.NodeWrapper object at 0x7fa72c6c0160>>
[DroneInstance 0] LatencyProbe | Sent vel command at 33209.998271
[DroneInstance 0] Manual VEL cmd: x=0.40, y=0.00, z=0.45, yaw=0.00
[DroneInstance 0] LatencyProbe | Received N/A id=31f62618-63f5-46b4-a9a4-d7e427bbfad4 at 33210.040087
[DroneInstance 0] Received message from Unity: {'type': 'manual_control', 'axes': {'lx': 0, 'ly': 0.4, 'rx': 0, 'ry': 0.9836365}}
[DroneInstance 0] Node type: <class 'node_wrapper.node_wrapper.NodeWrapper'> has publish_from_unity: <bound method NodeWrapper.publish_from_unity of <node_wrapper.node_wrapper.NodeWrapper object at 0x7fa72c6c0160>>
[DroneInstance 0] LatencyProbe | Sent vel command at 33210.040541
[DroneInstance 0] Manual VEL cmd: x=0.40, y=0.00, z=0.49, yaw=0.00
[DroneInstance 0] LatencyProbe | Received N/A id=eb34625b-72d9-40e3-a7b8-da20d60414e9 at 33210.041048
[DroneInstance 0] Received message from Unity: {'type': 'manual_control', 'axes': {'lx': 0, 'ly': 0.4, 'rx': 0, 'ry': 1}}
[DroneInstance 0] Node type: <class 'node_wrapper.node_wrapper.NodeWrapper'> has publish_from_unity: <bound method NodeWrapper.publish_from_unity of <node_wrapper.node_wrapper.NodeWrapper object at 0x7fa72c6c0160>>
[DroneInstance 0] LatencyProbe | Sent vel command at 33210.041356
[DroneInstance 0] Manual VEL cmd: x=0.40, y=0.00, z=0.50, yaw=0.00
[DroneInstance 0] LatencyProbe | Received N/A id=1a65c2ab-c242-42b0-91e4-51be217b8dea at 33215.452054
[DroneInstance 0] Received message from Unity: {'type': 'manual_control', 'axes': {'lx': 0.1, 'ly': 0.4, 'rx': 0, 'ry': 1}}
[DroneInstance 0] Node type: <class 'node_wrapper.node_wrapper.NodeWrapper'> has publish_from_unity: <bound method NodeWrapper.publish_from_unity of <node_wrapper.node_wrapper.NodeWrapper object at 0x7fa72c6c0160>>
[DroneInstance 0] LatencyProbe | Sent vel command at 33215.452937
[DroneInstance 0] Manual VEL cmd: x=0.40, y=-0.10, z=0.50, yaw=0.00
[DroneInstance 0] LatencyProbe | Received N/A id=29e08705-9b94-4227-a53b-da20487be5cd at 33215.951494
[DroneInstance 0] Received message from Unity: {'type': 'manual_control', 'axes': {'lx': 0.2, 'ly': 0.4, 'rx': 0, 'ry': 1}}
[DroneInstance 0] Node type: <class 'node_wrapper.node_wrapper.NodeWrapper'> has publish_from_unity: <bound method NodeWrapper.publish_from_unity of <node_wrapper.node_wrapper.NodeWrapper object at 0x7fa72c6c0160>>
[DroneInstance 0] LatencyProbe | Sent vel command at 33215.952027
[DroneInstance 0] Manual VEL cmd: x=0.40, y=-0.20, z=0.50, yaw=0.00
[DroneInstance 0] LatencyProbe | Received N/A id=5a2a5d5e-f9a1-4510-83f0-240097f4dbf0 at 33216.456131
[DroneInstance 0] Received message from Unity: {'type': 'manual_control', 'axes': {'lx': 0.3, 'ly': 0.4, 'rx': 0, 'ry': 1}}
[DroneInstance 0] Node type: <class 'node_wrapper.node_wrapper.NodeWrapper'> has publish_from_unity: <bound method NodeWrapper.publish_from_unity of <node_wrapper.node_wrapper.NodeWrapper object at 0x7fa72c6c0160>>
[DroneInstance 0] LatencyProbe | Sent vel command at 33216.456596
[DroneInstance 0] Manual VEL cmd: x=0.40, y=-0.30, z=0.50, yaw=0.00
[DroneInstance 0] LatencyProbe | Received N/A id=dbf37425-57d3-4001-8c03-1e2588937fe2 at 33216.952423
[DroneInstance 0] Received message from Unity: {'type': 'manual_control', 'axes': {'lx': 0.4, 'ly': 0.4, 'rx': 0, 'ry': 1}}
[DroneInstance 0] Node type: <class 'node_wrapper.node_wrapper.NodeWrapper'> has publish_from_unity: <bound method NodeWrapper.publish_from_unity of <node_wrapper.node_wrapper.NodeWrapper object at 0x7fa72c6c0160>>
[DroneInstance 0] LatencyProbe | Sent vel command at 33216.952919
[DroneInstance 0] Manual VEL cmd: x=0.40, y=-0.40, z=0.50, yaw=0.00
[DroneInstance 0] LatencyProbe | Received N/A id=54852ccc-a2f3-4a8a-bd3e-86db660cdf6e at 33217.467592
[DroneInstance 0] Received message from Unity: {'type': 'manual_control', 'axes': {'lx': 0.5, 'ly': 0.4, 'rx': 0, 'ry': 1}}
[DroneInstance 0] Node type: <class 'node_wrapper.node_wrapper.NodeWrapper'> has publish_from_unity: <bound method NodeWrapper.publish_from_unity of <node_wrapper.node_wrapper.NodeWrapper object at 0x7fa72c6c0160>>
[DroneInstance 0] LatencyProbe | Sent vel command at 33217.468127
[DroneInstance 0] Manual VEL cmd: x=0.40, y=-0.50, z=0.50, yaw=0.00
[DroneInstance 0] LatencyProbe | Received N/A id=d6549cf2-31ee-4b4c-98d7-ed999c5ba758 at 33217.980318
[DroneInstance 0] Received message from Unity: {'type': 'manual_control', 'axes': {'lx': 0.6, 'ly': 0.4, 'rx': 0, 'ry': 1}}
[DroneInstance 0] Node type: <class 'node_wrapper.node_wrapper.NodeWrapper'> has publish_from_unity: <bound method NodeWrapper.publish_from_unity of <node_wrapper.node_wrapper.NodeWrapper object at 0x7fa72c6c0160>>
[DroneInstance 0] LatencyProbe | Sent vel command at 33217.980859
[DroneInstance 0] Manual VEL cmd: x=0.40, y=-0.60, z=0.50, yaw=0.00
[DroneInstance 0] LatencyProbe | Received N/A id=c228196d-fdbc-46e2-8524-e7e2afb14764 at 33218.468613
[DroneInstance 0] Received message from Unity: {'type': 'manual_control', 'axes': {'lx': 0.7, 'ly': 0.4, 'rx': 0, 'ry': 1}}
[DroneInstance 0] Node type: <class 'node_wrapper.node_wrapper.NodeWrapper'> has publish_from_unity: <bound method NodeWrapper.publish_from_unity of <node_wrapper.node_wrapper.NodeWrapper object at 0x7fa72c6c0160>>
[DroneInstance 0] LatencyProbe | Sent vel command at 33218.469080
[DroneInstance 0] Manual VEL cmd: x=0.40, y=-0.70, z=0.50, yaw=0.00
[DroneInstance 0] LatencyProbe | Received N/A id=b3ab69b3-0574-4838-9338-8f9752033091 at 33218.981657
[DroneInstance 0] Received message from Unity: {'type': 'manual_control', 'axes': {'lx': 0.8000001, 'ly': 0.4, 'rx': 0, 'ry': 1}}
[DroneInstance 0] Node type: <class 'node_wrapper.node_wrapper.NodeWrapper'> has publish_from_unity: <bound method NodeWrapper.publish_from_unity of <node_wrapper.node_wrapper.NodeWrapper object at 0x7fa72c6c0160>>
[DroneInstance 0] LatencyProbe | Sent vel command at 33218.982156
[DroneInstance 0] Manual VEL cmd: x=0.40, y=-0.80, z=0.50, yaw=0.00
[DroneInstance 0] LatencyProbe | Received N/A id=6404ad70-b0de-4f5b-b662-d817a41c6fd8 at 33219.481587
[DroneInstance 0] Received message from Unity: {'type': 'manual_control', 'axes': {'lx': 0.9000001, 'ly': 0.4, 'rx': 0, 'ry': 1}}
[DroneInstance 0] Node type: <class 'node_wrapper.node_wrapper.NodeWrapper'> has publish_from_unity: <bound method NodeWrapper.publish_from_unity of <node_wrapper.node_wrapper.NodeWrapper object at 0x7fa72c6c0160>>
[DroneInstance 0] LatencyProbe | Sent vel command at 33219.482156
[DroneInstance 0] Manual VEL cmd: x=0.40, y=-0.90, z=0.50, yaw=0.00
[DroneInstance 0] LatencyProbe | Received N/A id=ae2a9586-77a4-41dd-a7f8-4629964f0d7c at 33220.764784
[DroneInstance 0] Received message from Unity: {'type': 'manual_control', 'axes': {'lx': 1, 'ly': 0.4, 'rx': 0, 'ry': 1}}
[DroneInstance 0] Node type: <class 'node_wrapper.node_wrapper.NodeWrapper'> has publish_from_unity: <bound method NodeWrapper.publish_from_unity of <node_wrapper.node_wrapper.NodeWrapper object at 0x7fa72c6c0160>>
[DroneInstance 0] LatencyProbe | Sent vel command at 33220.765436
[DroneInstance 0] Manual VEL cmd: x=0.40, y=-1.00, z=0.50, yaw=0.00
[DroneInstance 0] LatencyProbe | Received N/A id=63e27137-407f-4cb8-83de-c248fcf838fa at 33226.657660
[DroneInstance 0] Received message from Unity: {'type': 'manual_control', 'axes': {'lx': 1, 'ly': 0.4, 'rx': 0, 'ry': 0.7925553}}
[DroneInstance 0] Node type: <class 'node_wrapper.node_wrapper.NodeWrapper'> has publish_from_unity: <bound method NodeWrapper.publish_from_unity of <node_wrapper.node_wrapper.NodeWrapper object at 0x7fa72c6c0160>>
[DroneInstance 0] LatencyProbe | Sent vel command at 33226.658146
[DroneInstance 0] Manual VEL cmd: x=0.40, y=-1.00, z=0.40, yaw=0.00
[DroneInstance 0] LatencyProbe | Received N/A id=5c52129d-153d-4595-a788-aa1f8d798d4b at 33226.856261
[DroneInstance 0] Received message from Unity: {'type': 'manual_control', 'axes': {'lx': 1, 'ly': 0.4, 'rx': 0, 'ry': 0.7521564}}
[DroneInstance 0] Node type: <class 'node_wrapper.node_wrapper.NodeWrapper'> has publish_from_unity: <bound method NodeWrapper.publish_from_unity of <node_wrapper.node_wrapper.NodeWrapper object at 0x7fa72c6c0160>>
[DroneInstance 0] LatencyProbe | Sent vel command at 33226.856698
[DroneInstance 0] Manual VEL cmd: x=0.40, y=-1.00, z=0.38, yaw=0.00
[DroneInstance 0] LatencyProbe | Received N/A id=ca75b34c-ece4-473c-a3b7-16f02dccc0df at 33226.857189
[DroneInstance 0] Received message from Unity: {'type': 'manual_control', 'axes': {'lx': 1, 'ly': 0.4, 'rx': 0, 'ry': 0.7210006}}
[DroneInstance 0] Node type: <class 'node_wrapper.node_wrapper.NodeWrapper'> has publish_from_unity: <bound method NodeWrapper.publish_from_unity of <node_wrapper.node_wrapper.NodeWrapper object at 0x7fa72c6c0160>>
[DroneInstance 0] LatencyProbe | Sent vel command at 33226.857486
[DroneInstance 0] Manual VEL cmd: x=0.40, y=-1.00, z=0.36, yaw=0.00
[DroneInstance 0] LatencyProbe | Received N/A id=dbfe2e32-0d0c-4383-803b-6512c74381f0 at 33226.857998
[DroneInstance 0] Received message from Unity: {'type': 'manual_control', 'axes': {'lx': 1, 'ly': 0.4, 'rx': 0, 'ry': 0.6883463}}
[DroneInstance 0] Node type: <class 'node_wrapper.node_wrapper.NodeWrapper'> has publish_from_unity: <bound method NodeWrapper.publish_from_unity of <node_wrapper.node_wrapper.NodeWrapper object at 0x7fa72c6c0160>>
[DroneInstance 0] LatencyProbe | Sent vel command at 33226.858312
[DroneInstance 0] Manual VEL cmd: x=0.40, y=-1.00, z=0.34, yaw=0.00
[DroneInstance 0] LatencyProbe | Received N/A id=27347ca3-1250-48e0-a303-dbef529b6189 at 33226.858747
[DroneInstance 0] Received message from Unity: {'type': 'manual_control', 'axes': {'lx': 1, 'ly': 0.4, 'rx': 0, 'ry': 0.6462294}}
[DroneInstance 0] Node type: <class 'node_wrapper.node_wrapper.NodeWrapper'> has publish_from_unity: <bound method NodeWrapper.publish_from_unity of <node_wrapper.node_wrapper.NodeWrapper object at 0x7fa72c6c0160>>
[DroneInstance 0] LatencyProbe | Sent vel command at 33226.859076
[DroneInstance 0] Manual VEL cmd: x=0.40, y=-1.00, z=0.32, yaw=0.00
[DroneInstance 0] LatencyProbe | Received N/A id=fc66589e-fa81-4396-a65c-b3d9a4919134 at 33226.859533
[DroneInstance 0] Received message from Unity: {'type': 'manual_control', 'axes': {'lx': 1, 'ly': 0.4, 'rx': 0, 'ry': 0.6029688}}
[DroneInstance 0] Node type: <class 'node_wrapper.node_wrapper.NodeWrapper'> has publish_from_unity: <bound method NodeWrapper.publish_from_unity of <node_wrapper.node_wrapper.NodeWrapper object at 0x7fa72c6c0160>>
[DroneInstance 0] LatencyProbe | Sent vel command at 33226.859833
[DroneInstance 0] Manual VEL cmd: x=0.40, y=-1.00, z=0.30, yaw=0.00
[DroneInstance 0] LatencyProbe | Received N/A id=12787f96-dc64-473d-8ef6-9965597ee607 at 33226.860288
[DroneInstance 0] Received message from Unity: {'type': 'manual_control', 'axes': {'lx': 1, 'ly': 0.4, 'rx': 0, 'ry': 0.5542318}}
[DroneInstance 0] Node type: <class 'node_wrapper.node_wrapper.NodeWrapper'> has publish_from_unity: <bound method NodeWrapper.publish_from_unity of <node_wrapper.node_wrapper.NodeWrapper object at 0x7fa72c6c0160>>
[DroneInstance 0] LatencyProbe | Sent vel command at 33226.860587
[DroneInstance 0] Manual VEL cmd: x=0.40, y=-1.00, z=0.28, yaw=0.00
[DroneInstance 0] LatencyProbe | Received N/A id=ddc395fb-ab23-4639-ba55-88ee9e84c59a at 33226.861041
[DroneInstance 0] Received message from Unity: {'type': 'manual_control', 'axes': {'lx': 1, 'ly': 0.4, 'rx': 0, 'ry': 0.5150013}}
[DroneInstance 0] Node type: <class 'node_wrapper.node_wrapper.NodeWrapper'> has publish_from_unity: <bound method NodeWrapper.publish_from_unity of <node_wrapper.node_wrapper.NodeWrapper object at 0x7fa72c6c0160>>
[DroneInstance 0] LatencyProbe | Sent vel command at 33226.861342
[DroneInstance 0] Manual VEL cmd: x=0.40, y=-1.00, z=0.26, yaw=0.00
[DroneInstance 0] LatencyProbe | Received N/A id=13a13a4f-5f78-4325-a021-4667aac3eee5 at 33226.861785
[DroneInstance 0] Received message from Unity: {'type': 'manual_control', 'axes': {'lx': 1, 'ly': 0.4, 'rx': 0, 'ry': 0.4789175}}
[DroneInstance 0] Node type: <class 'node_wrapper.node_wrapper.NodeWrapper'> has publish_from_unity: <bound method NodeWrapper.publish_from_unity of <node_wrapper.node_wrapper.NodeWrapper object at 0x7fa72c6c0160>>
[DroneInstance 0] LatencyProbe | Sent vel command at 33226.862088
[DroneInstance 0] Manual VEL cmd: x=0.40, y=-1.00, z=0.24, yaw=0.00
[DroneInstance 0] LatencyProbe | Received N/A id=7aedfc6d-e770-4b7f-9adb-e6edb97edd56 at 33226.862528
[DroneInstance 0] Received message from Unity: {'type': 'manual_control', 'axes': {'lx': 1, 'ly': 0.4, 'rx': 0, 'ry': 0.4498631}}
[DroneInstance 0] Node type: <class 'node_wrapper.node_wrapper.NodeWrapper'> has publish_from_unity: <bound method NodeWrapper.publish_from_unity of <node_wrapper.node_wrapper.NodeWrapper object at 0x7fa72c6c0160>>
[DroneInstance 0] LatencyProbe | Sent vel command at 33226.862825
[DroneInstance 0] Manual VEL cmd: x=0.40, y=-1.00, z=0.22, yaw=0.00
[DroneInstance 0] LatencyProbe | Received N/A id=81064c92-7293-4d4a-901e-2fd327d24ece at 33226.863308
[DroneInstance 0] Received message from Unity: {'type': 'manual_control', 'axes': {'lx': 1, 'ly': 0.4, 'rx': 0, 'ry': 0.4198881}}
[DroneInstance 0] Node type: <class 'node_wrapper.node_wrapper.NodeWrapper'> has publish_from_unity: <bound method NodeWrapper.publish_from_unity of <node_wrapper.node_wrapper.NodeWrapper object at 0x7fa72c6c0160>>
[DroneInstance 0] LatencyProbe | Sent vel command at 33226.863605
[DroneInstance 0] Manual VEL cmd: x=0.40, y=-1.00, z=0.21, yaw=0.00
[DroneInstance 0] LatencyProbe | Received N/A id=b87693d1-09c9-43b0-875d-fdaef6d4118e at 33226.864097
[DroneInstance 0] Received message from Unity: {'type': 'manual_control', 'axes': {'lx': 1, 'ly': 0.4, 'rx': 0, 'ry': 0.3853577}}
[DroneInstance 0] Node type: <class 'node_wrapper.node_wrapper.NodeWrapper'> has publish_from_unity: <bound method NodeWrapper.publish_from_unity of <node_wrapper.node_wrapper.NodeWrapper object at 0x7fa72c6c0160>>
[DroneInstance 0] LatencyProbe | Sent vel command at 33226.864396
[DroneInstance 0] Manual VEL cmd: x=0.40, y=-1.00, z=0.19, yaw=0.00
[DroneInstance 0] LatencyProbe | Received N/A id=e763fbdb-1d82-48b6-ac34-ec276ade03cd at 33226.864838
[DroneInstance 0] Received message from Unity: {'type': 'manual_control', 'axes': {'lx': 1, 'ly': 0.4, 'rx': 0, 'ry': 0.344177}}
[DroneInstance 0] Node type: <class 'node_wrapper.node_wrapper.NodeWrapper'> has publish_from_unity: <bound method NodeWrapper.publish_from_unity of <node_wrapper.node_wrapper.NodeWrapper object at 0x7fa72c6c0160>>
[DroneInstance 0] LatencyProbe | Sent vel command at 33226.865148
[DroneInstance 0] Manual VEL cmd: x=0.40, y=-1.00, z=0.17, yaw=0.00
[DroneInstance 0] LatencyProbe | Received N/A id=bc2579be-7aba-47ee-b81b-949a402a6349 at 33226.865591
[DroneInstance 0] Received message from Unity: {'type': 'manual_control', 'axes': {'lx': 1, 'ly': 0.4, 'rx': 0, 'ry': 0.2990065}}
[DroneInstance 0] Node type: <class 'node_wrapper.node_wrapper.NodeWrapper'> has publish_from_unity: <bound method NodeWrapper.publish_from_unity of <node_wrapper.node_wrapper.NodeWrapper object at 0x7fa72c6c0160>>
[DroneInstance 0] LatencyProbe | Sent vel command at 33226.865888
[DroneInstance 0] Manual VEL cmd: x=0.40, y=-1.00, z=0.15, yaw=0.00
[DroneInstance 0] LatencyProbe | Received N/A id=6d9383a0-68f3-4cb5-b06e-26ae84b1e6df at 33226.940695
[DroneInstance 0] Received message from Unity: {'type': 'manual_control', 'axes': {'lx': 1, 'ly': 0.4, 'rx': 0, 'ry': 0.2614444}}
[DroneInstance 0] Node type: <class 'node_wrapper.node_wrapper.NodeWrapper'> has publish_from_unity: <bound method NodeWrapper.publish_from_unity of <node_wrapper.node_wrapper.NodeWrapper object at 0x7fa72c6c0160>>
[DroneInstance 0] LatencyProbe | Sent vel command at 33226.941168
[DroneInstance 0] Manual VEL cmd: x=0.40, y=-1.00, z=0.13, yaw=0.00
[DroneInstance 0] LatencyProbe | Received N/A id=adf6bb31-4996-47b5-be92-14e4583616ec at 33226.941643
[DroneInstance 0] Received message from Unity: {'type': 'manual_control', 'axes': {'lx': 1, 'ly': 0.4, 'rx': 0, 'ry': 0.2285172}}
[DroneInstance 0] Node type: <class 'node_wrapper.node_wrapper.NodeWrapper'> has publish_from_unity: <bound method NodeWrapper.publish_from_unity of <node_wrapper.node_wrapper.NodeWrapper object at 0x7fa72c6c0160>>
[DroneInstance 0] LatencyProbe | Sent vel command at 33226.941969
[DroneInstance 0] Manual VEL cmd: x=0.40, y=-1.00, z=0.11, yaw=0.00
[DroneInstance 0] LatencyProbe | Received N/A id=be497593-178b-4322-be5f-e31b0e0389a5 at 33226.942436
[DroneInstance 0] Received message from Unity: {'type': 'manual_control', 'axes': {'lx': 1, 'ly': 0.4, 'rx': 0, 'ry': 0.2030727}}
[DroneInstance 0] Node type: <class 'node_wrapper.node_wrapper.NodeWrapper'> has publish_from_unity: <bound method NodeWrapper.publish_from_unity of <node_wrapper.node_wrapper.NodeWrapper object at 0x7fa72c6c0160>>
[DroneInstance 0] LatencyProbe | Sent vel command at 33226.942740
[DroneInstance 0] Manual VEL cmd: x=0.40, y=-1.00, z=0.10, yaw=0.00
[DroneInstance 0] LatencyProbe | Received N/A id=558acb70-433e-4303-b4b6-35b78624a286 at 33226.943205
[DroneInstance 0] Received message from Unity: {'type': 'manual_control', 'axes': {'lx': 1, 'ly': 0.4, 'rx': 0, 'ry': 0.1804215}}
[DroneInstance 0] Node type: <class 'node_wrapper.node_wrapper.NodeWrapper'> has publish_from_unity: <bound method NodeWrapper.publish_from_unity of <node_wrapper.node_wrapper.NodeWrapper object at 0x7fa72c6c0160>>
[DroneInstance 0] LatencyProbe | Sent vel command at 33226.943505
[DroneInstance 0] Manual VEL cmd: x=0.40, y=-1.00, z=0.09, yaw=0.00
[DroneInstance 0] LatencyProbe | Received N/A id=2af4a43d-4670-44ed-9176-ce4ccfa50842 at 33226.943996
[DroneInstance 0] Received message from Unity: {'type': 'manual_control', 'axes': {'lx': 1, 'ly': 0.4, 'rx': 0, 'ry': 0.1611929}}
[DroneInstance 0] Node type: <class 'node_wrapper.node_wrapper.NodeWrapper'> has publish_from_unity: <bound method NodeWrapper.publish_from_unity of <node_wrapper.node_wrapper.NodeWrapper object at 0x7fa72c6c0160>>
[DroneInstance 0] LatencyProbe | Sent vel command at 33226.944281
[DroneInstance 0] Manual VEL cmd: x=0.40, y=-1.00, z=0.08, yaw=0.00
[DroneInstance 0] LatencyProbe | Received N/A id=fe7c5ff6-2dc4-4ad3-8cbb-5747fabe9a7d at 33226.944726
[DroneInstance 0] Received message from Unity: {'type': 'manual_control', 'axes': {'lx': 1, 'ly': 0.4, 'rx': 0, 'ry': 0.1419863}}
[DroneInstance 0] Node type: <class 'node_wrapper.node_wrapper.NodeWrapper'> has publish_from_unity: <bound method NodeWrapper.publish_from_unity of <node_wrapper.node_wrapper.NodeWrapper object at 0x7fa72c6c0160>>
[DroneInstance 0] LatencyProbe | Sent vel command at 33226.945030
[DroneInstance 0] Manual VEL cmd: x=0.40, y=-1.00, z=0.07, yaw=0.00
[DroneInstance 0] LatencyProbe | Received N/A id=850d2dc3-8522-4c9b-ad76-6e99d9f09ed4 at 33226.945429
[DroneInstance 0] Received message from Unity: {'type': 'manual_control', 'axes': {'lx': 1, 'ly': 0.4, 'rx': 0, 'ry': 0.122776}}
[DroneInstance 0] Node type: <class 'node_wrapper.node_wrapper.NodeWrapper'> has publish_from_unity: <bound method NodeWrapper.publish_from_unity of <node_wrapper.node_wrapper.NodeWrapper object at 0x7fa72c6c0160>>
[DroneInstance 0] LatencyProbe | Sent vel command at 33226.945727
[DroneInstance 0] Manual VEL cmd: x=0.40, y=-1.00, z=0.06, yaw=0.00
[DroneInstance 0] LatencyProbe | Received N/A id=2ab2042b-7866-4da9-9696-876ae1369a3e at 33227.045451
[DroneInstance 0] Received message from Unity: {'type': 'manual_control', 'axes': {'lx': 1, 'ly': 0.4, 'rx': 0, 'ry': 0.1032791}}
[DroneInstance 0] Node type: <class 'node_wrapper.node_wrapper.NodeWrapper'> has publish_from_unity: <bound method NodeWrapper.publish_from_unity of <node_wrapper.node_wrapper.NodeWrapper object at 0x7fa72c6c0160>>
[DroneInstance 0] LatencyProbe | Sent vel command at 33227.045910
[DroneInstance 0] Manual VEL cmd: x=0.40, y=-1.00, z=0.05, yaw=0.00
[DroneInstance 0] LatencyProbe | Received N/A id=95a547ce-699a-425a-9a26-eea415a972b2 at 33227.046453
[DroneInstance 0] Received message from Unity: {'type': 'manual_control', 'axes': {'lx': 1, 'ly': 0.4, 'rx': 0, 'ry': 0}}
[DroneInstance 0] Node type: <class 'node_wrapper.node_wrapper.NodeWrapper'> has publish_from_unity: <bound method NodeWrapper.publish_from_unity of <node_wrapper.node_wrapper.NodeWrapper object at 0x7fa72c6c0160>>
[DroneInstance 0] LatencyProbe | Sent vel command at 33227.046765
[DroneInstance 0] Manual VEL cmd: x=0.40, y=-1.00, z=0.00, yaw=0.00
[DroneInstance 0] LatencyProbe | Received N/A id=db1d4fc8-71a2-4075-8224-9028829d6fb2 at 33230.897222
[DroneInstance 0] Received message from Unity: {'type': 'manual_control', 'axes': {'lx': 1, 'ly': 0.3, 'rx': 0, 'ry': 0}}
[DroneInstance 0] Node type: <class 'node_wrapper.node_wrapper.NodeWrapper'> has publish_from_unity: <bound method NodeWrapper.publish_from_unity of <node_wrapper.node_wrapper.NodeWrapper object at 0x7fa72c6c0160>>
[DroneInstance 0] LatencyProbe | Sent vel command at 33230.897789
[DroneInstance 0] Manual VEL cmd: x=0.30, y=-1.00, z=0.00, yaw=0.00
[DroneInstance 0] LatencyProbe | Received N/A id=ec341077-b117-45f8-8462-4fb796709738 at 33231.384743
[DroneInstance 0] Received message from Unity: {'type': 'manual_control', 'axes': {'lx': 1, 'ly': 0.2, 'rx': 0, 'ry': 0}}
[DroneInstance 0] Node type: <class 'node_wrapper.node_wrapper.NodeWrapper'> has publish_from_unity: <bound method NodeWrapper.publish_from_unity of <node_wrapper.node_wrapper.NodeWrapper object at 0x7fa72c6c0160>>
[DroneInstance 0] LatencyProbe | Sent vel command at 33231.385196
[DroneInstance 0] Manual VEL cmd: x=0.20, y=-1.00, z=0.00, yaw=0.00
[DroneInstance 0] LatencyProbe | Received N/A id=fdf5f81d-86e3-4cfd-a71b-25306f607896 at 33231.897087
[DroneInstance 0] Received message from Unity: {'type': 'manual_control', 'axes': {'lx': 1, 'ly': 0.1, 'rx': 0, 'ry': 0}}
[DroneInstance 0] Node type: <class 'node_wrapper.node_wrapper.NodeWrapper'> has publish_from_unity: <bound method NodeWrapper.publish_from_unity of <node_wrapper.node_wrapper.NodeWrapper object at 0x7fa72c6c0160>>
[DroneInstance 0] LatencyProbe | Sent vel command at 33231.897585
[DroneInstance 0] Manual VEL cmd: x=0.10, y=-1.00, z=0.00, yaw=0.00
[DroneInstance 0] LatencyProbe | Received N/A id=1facf717-bafa-4687-aaab-2154bdb439f5 at 33233.633619
[DroneInstance 0] Received message from Unity: {'type': 'manual_control', 'axes': {'lx': 1, 'ly': 1.490116e-08, 'rx': 0, 'ry': 0}}
[DroneInstance 0] Node type: <class 'node_wrapper.node_wrapper.NodeWrapper'> has publish_from_unity: <bound method NodeWrapper.publish_from_unity of <node_wrapper.node_wrapper.NodeWrapper object at 0x7fa72c6c0160>>
[DroneInstance 0] LatencyProbe | Sent vel command at 33233.634173
[DroneInstance 0] Manual VEL cmd: x=0.00, y=-1.00, z=0.00, yaw=0.00
[DroneInstance 0] LatencyProbe | Received N/A id=ab46001c-81c1-4846-8b70-3e15b490486d at 33234.665062
[DroneInstance 0] Received message from Unity: {'type': 'manual_control', 'axes': {'lx': 0.9000001, 'ly': 1.490116e-08, 'rx': 0, 'ry': 0}}
[DroneInstance 0] Node type: <class 'node_wrapper.node_wrapper.NodeWrapper'> has publish_from_unity: <bound method NodeWrapper.publish_from_unity of <node_wrapper.node_wrapper.NodeWrapper object at 0x7fa72c6c0160>>
[DroneInstance 0] LatencyProbe | Sent vel command at 33234.665512
[DroneInstance 0] Manual VEL cmd: x=0.00, y=-0.90, z=0.00, yaw=0.00
[DroneInstance 0] LatencyProbe | Received N/A id=ac52b80e-33ea-45fe-bf5c-b3257321dfe5 at 33235.162354
[DroneInstance 0] Received message from Unity: {'type': 'manual_control', 'axes': {'lx': 0.8000001, 'ly': 1.490116e-08, 'rx': 0, 'ry': 0}}
[DroneInstance 0] Node type: <class 'node_wrapper.node_wrapper.NodeWrapper'> has publish_from_unity: <bound method NodeWrapper.publish_from_unity of <node_wrapper.node_wrapper.NodeWrapper object at 0x7fa72c6c0160>>
[DroneInstance 0] LatencyProbe | Sent vel command at 33235.162836
[DroneInstance 0] Manual VEL cmd: x=0.00, y=-0.80, z=0.00, yaw=0.00
[DroneInstance 0] LatencyProbe | Received N/A id=6d0038cb-c38a-4d88-b7d8-095280c14a63 at 33235.677309
[DroneInstance 0] Received message from Unity: {'type': 'manual_control', 'axes': {'lx': 0.7, 'ly': 1.490116e-08, 'rx': 0, 'ry': 0}}
[DroneInstance 0] Node type: <class 'node_wrapper.node_wrapper.NodeWrapper'> has publish_from_unity: <bound method NodeWrapper.publish_from_unity of <node_wrapper.node_wrapper.NodeWrapper object at 0x7fa72c6c0160>>
[DroneInstance 0] LatencyProbe | Sent vel command at 33235.677790
[DroneInstance 0] Manual VEL cmd: x=0.00, y=-0.70, z=0.00, yaw=0.00
[DroneInstance 0] LatencyProbe | Received N/A id=f1d9a276-0e2b-4af3-b082-ecea57c6dd79 at 33236.176132
[DroneInstance 0] Received message from Unity: {'type': 'manual_control', 'axes': {'lx': 0.6, 'ly': 1.490116e-08, 'rx': 0, 'ry': 0}}
[DroneInstance 0] Node type: <class 'node_wrapper.node_wrapper.NodeWrapper'> has publish_from_unity: <bound method NodeWrapper.publish_from_unity of <node_wrapper.node_wrapper.NodeWrapper object at 0x7fa72c6c0160>>
[DroneInstance 0] LatencyProbe | Sent vel command at 33236.176680
[DroneInstance 0] Manual VEL cmd: x=0.00, y=-0.60, z=0.00, yaw=0.00
[DroneInstance 0] LatencyProbe | Received N/A id=1bc32ef1-de27-471b-b7f9-b9e3e4dbb48f at 33236.697420
[DroneInstance 0] Received message from Unity: {'type': 'manual_control', 'axes': {'lx': 0.5, 'ly': 1.490116e-08, 'rx': 0, 'ry': 0}}
[DroneInstance 0] Node type: <class 'node_wrapper.node_wrapper.NodeWrapper'> has publish_from_unity: <bound method NodeWrapper.publish_from_unity of <node_wrapper.node_wrapper.NodeWrapper object at 0x7fa72c6c0160>>
[DroneInstance 0] LatencyProbe | Sent vel command at 33236.698049
[DroneInstance 0] Manual VEL cmd: x=0.00, y=-0.50, z=0.00, yaw=0.00
[DroneInstance 0] LatencyProbe | Received N/A id=522bac8f-147d-4418-ad9c-59ea7b20c5d5 at 33237.208220
[DroneInstance 0] Received message from Unity: {'type': 'manual_control', 'axes': {'lx': 0.4, 'ly': 1.490116e-08, 'rx': 0, 'ry': 0}}
[DroneInstance 0] Node type: <class 'node_wrapper.node_wrapper.NodeWrapper'> has publish_from_unity: <bound method NodeWrapper.publish_from_unity of <node_wrapper.node_wrapper.NodeWrapper object at 0x7fa72c6c0160>>
[DroneInstance 0] LatencyProbe | Sent vel command at 33237.208688
[DroneInstance 0] Manual VEL cmd: x=0.00, y=-0.40, z=0.00, yaw=0.00
[DroneInstance 0] LatencyProbe | Received N/A id=1d22ddd3-9c83-4aca-8f6e-8494ebd5cf2c at 33237.704379
[DroneInstance 0] Received message from Unity: {'type': 'manual_control', 'axes': {'lx': 0.3, 'ly': 1.490116e-08, 'rx': 0, 'ry': 0}}
[DroneInstance 0] Node type: <class 'node_wrapper.node_wrapper.NodeWrapper'> has publish_from_unity: <bound method NodeWrapper.publish_from_unity of <node_wrapper.node_wrapper.NodeWrapper object at 0x7fa72c6c0160>>
[DroneInstance 0] LatencyProbe | Sent vel command at 33237.704927
[DroneInstance 0] Manual VEL cmd: x=0.00, y=-0.30, z=0.00, yaw=0.00
[DroneInstance 0] LatencyProbe | Received N/A id=0d099184-c604-4dd6-9ee4-b17528d2d851 at 33238.191542
[DroneInstance 0] Received message from Unity: {'type': 'manual_control', 'axes': {'lx': 0.2, 'ly': 1.490116e-08, 'rx': 0, 'ry': 0}}
[DroneInstance 0] Node type: <class 'node_wrapper.node_wrapper.NodeWrapper'> has publish_from_unity: <bound method NodeWrapper.publish_from_unity of <node_wrapper.node_wrapper.NodeWrapper object at 0x7fa72c6c0160>>
[DroneInstance 0] LatencyProbe | Sent vel command at 33238.192061
[DroneInstance 0] Manual VEL cmd: x=0.00, y=-0.20, z=0.00, yaw=0.00
[DroneInstance 0] LatencyProbe | Received N/A id=9f3f1f01-3f53-4be2-abfb-2d0a776df0a5 at 33238.717739
[DroneInstance 0] Received message from Unity: {'type': 'manual_control', 'axes': {'lx': 0.1, 'ly': 1.490116e-08, 'rx': 0, 'ry': 0}}
[DroneInstance 0] Node type: <class 'node_wrapper.node_wrapper.NodeWrapper'> has publish_from_unity: <bound method NodeWrapper.publish_from_unity of <node_wrapper.node_wrapper.NodeWrapper object at 0x7fa72c6c0160>>
[DroneInstance 0] LatencyProbe | Sent vel command at 33238.718232
[DroneInstance 0] Manual VEL cmd: x=0.00, y=-0.10, z=0.00, yaw=0.00
[DroneInstance 0] LatencyProbe | Received N/A id=922636b6-e916-4138-bac0-37b0891ee1ca at 33239.217383
[DroneInstance 0] Received message from Unity: {'type': 'manual_control', 'axes': {'lx': 1.490116e-08, 'ly': 1.490116e-08, 'rx': 0, 'ry': 0}}
[DroneInstance 0] Node type: <class 'node_wrapper.node_wrapper.NodeWrapper'> has publish_from_unity: <bound method NodeWrapper.publish_from_unity of <node_wrapper.node_wrapper.NodeWrapper object at 0x7fa72c6c0160>>
[DroneInstance 0] LatencyProbe | Sent vel command at 33239.217886
[DroneInstance 0] Manual VEL cmd: x=0.00, y=-0.00, z=0.00, yaw=0.00
[DroneInstance 0] Home reached — issuing LAND command
[DroneInstance 0] Shutting down DroneInstance...
