[DroneInstance 0] Initializing DroneInstance with domain ID 0 [SAFE mode]
[DroneInstance 0] Battery percentage unavailable.
[DroneInstance 0] Received message from Unity: {'type': 'map_area', 'mission_id': 'map_area_cube_1', 'points': [{'x': 5.0, 'y': 5.0, 'z': 5.0}, {'x': 5.0, 'y': 5.0, 'z': 15.0}, {'x': 5.0, 'y': 15.0, 'z': 5.0}, {'x': 5.0, 'y': 15.0, 'z': 15.0}, {'x': 15.0, 'y': 5.0, 'z': 5.0}, {'x': 15.0, 'y': 5.0, 'z': 15.0}, {'x': 15.0, 'y': 15.0, 'z': 5.0}, {'x': 15.0, 'y': 15.0, 'z': 15.0}], 'grid_spacing': 3.0, 'vertical_step': 2.0, 'priority': 80, 'preempt': False}
[DroneInstance 0] Mission 'map_area_cube_1' added with priority 80 and 45 waypoints.
[DroneInstance 0] Resetting takeoff flags (drone on ground).
[DroneInstance 0] [3D Slicer] 45 waypoints generated from 3D hull between Z=5.00-15.00 every 2.0m.
[DroneInstance 0] Starting mission: map_area_cube_1
[DroneInstance 0] Drone not armed. Sending arm command.
[DroneInstance 0] Received message from Unity: {'type': 'add_mission', 'mission_id': 'recon_task_2', 'waypoints': [[-15.0, -15.0, 5], [-5.0, -15.0, 6], [-5.0, -5.0, 6], [-15.0, -5.0, 5]], 'mode': 'once', 'priority': 95, 'preempt': False}
[DroneInstance 0] Mission 'recon_task_2' added with priority 95 and 4 waypoints.
[DroneInstance 0] Resetting takeoff flags (drone on ground).
[DroneInstance 0] Switching to GUIDED mode.
[DroneInstance 0] Initiating takeoff to 2.0m.
[DroneInstance 0] Waiting to reach takeoff altitude: z=-0.01
[DroneInstance 0] Waiting to reach takeoff altitude: z=0.06
[DroneInstance 0] Waiting to reach takeoff altitude: z=1.02
[DroneInstance 0] Reached takeoff altitude. Starting mission.
[DroneInstance 0] Distance to waypoint: 16.44 meters
[DroneInstance 0] Distance to waypoint: 16.10 meters
[DroneInstance 0] Distance to waypoint: 13.53 meters
[DroneInstance 0] Distance to waypoint: 9.07 meters
[DroneInstance 0] Distance to waypoint: 4.70 meters
[DroneInstance 0] Distance to waypoint: 1.47 meters
[DroneInstance 0] Distance to waypoint: 0.15 meters
[DroneInstance 0] _complete_current_waypoint: idx=0, hold_duration=0, is_holding=False, hold_start_time=None
[DroneInstance 0]  Advancing from waypoint #1 to #2
[DroneInstance 0] Distance to waypoint: 3.38 meters
[DroneInstance 0] Distance to waypoint: 3.00 meters
[DroneInstance 0] Distance to waypoint: 1.26 meters
[DroneInstance 0] Distance to waypoint: 0.17 meters
[DroneInstance 0] _complete_current_waypoint: idx=1, hold_duration=0, is_holding=False, hold_start_time=None
[DroneInstance 0]  Advancing from waypoint #2 to #3
[DroneInstance 0] Distance to waypoint: 2.91 meters
[DroneInstance 0] Distance to waypoint: 2.70 meters
[DroneInstance 0] Distance to waypoint: 1.13 meters
[DroneInstance 0] Distance to waypoint: 0.11 meters
[DroneInstance 0] _complete_current_waypoint: idx=2, hold_duration=0, is_holding=False, hold_start_time=None
[DroneInstance 0]  Advancing from waypoint #3 to #4
[DroneInstance 0] Distance to waypoint: 2.97 meters
[DroneInstance 0] Distance to waypoint: 2.71 meters
[DroneInstance 0] Distance to waypoint: 1.09 meters
[DroneInstance 0] Distance to waypoint: 0.06 meters
[DroneInstance 0] _complete_current_waypoint: idx=3, hold_duration=0, is_holding=False, hold_start_time=None
[DroneInstance 0]  Advancing from waypoint #4 to #5
[DroneInstance 0] Distance to waypoint: 2.98 meters
[DroneInstance 0] Distance to waypoint: 2.71 meters
[DroneInstance 0] Distance to waypoint: 1.10 meters
[DroneInstance 0] Distance to waypoint: 0.08 meters
[DroneInstance 0] _complete_current_waypoint: idx=4, hold_duration=0, is_holding=False, hold_start_time=None
[DroneInstance 0]  Advancing from waypoint #5 to #6
[DroneInstance 0] Distance to waypoint: 2.84 meters
[DroneInstance 0] Distance to waypoint: 2.63 meters
[DroneInstance 0] Distance to waypoint: 1.06 meters
[DroneInstance 0] Distance to waypoint: 0.04 meters
[DroneInstance 0] _complete_current_waypoint: idx=5, hold_duration=0, is_holding=False, hold_start_time=None
[DroneInstance 0]  Advancing from waypoint #6 to #7
[DroneInstance 0] Distance to waypoint: 3.00 meters
[DroneInstance 0] Distance to waypoint: 2.73 meters
[DroneInstance 0] Distance to waypoint: 1.10 meters
[DroneInstance 0] Distance to waypoint: 0.08 meters
[DroneInstance 0] _complete_current_waypoint: idx=6, hold_duration=0, is_holding=False, hold_start_time=None
[DroneInstance 0]  Advancing from waypoint #7 to #8
[DroneInstance 0] Distance to waypoint: 3.05 meters
[DroneInstance 0] Distance to waypoint: 2.78 meters
[DroneInstance 0] Distance to waypoint: 1.15 meters
[DroneInstance 0] Distance to waypoint: 0.12 meters
[DroneInstance 0] _complete_current_waypoint: idx=7, hold_duration=0, is_holding=False, hold_start_time=None
[DroneInstance 0]  Advancing from waypoint #8 to #9
[DroneInstance 0] Distance to waypoint: 2.89 meters
[DroneInstance 0] Distance to waypoint: 2.66 meters
[DroneInstance 0] Distance to waypoint: 1.09 meters
[DroneInstance 0] Distance to waypoint: 0.07 meters
[DroneInstance 0] _complete_current_waypoint: idx=8, hold_duration=0, is_holding=False, hold_start_time=None
[DroneInstance 0]  Advancing from waypoint #9 to #10
[DroneInstance 0] Distance to waypoint: 8.82 meters
[DroneInstance 0] Distance to waypoint: 8.46 meters
[DroneInstance 0] Distance to waypoint: 5.82 meters
[DroneInstance 0] Distance to waypoint: 2.60 meters
[DroneInstance 0] Distance to waypoint: 0.49 meters
[DroneInstance 0] _complete_current_waypoint: idx=9, hold_duration=0, is_holding=False, hold_start_time=None
[DroneInstance 0]  Advancing from waypoint #10 to #11
[DroneInstance 0] Distance to waypoint: 3.16 meters
[DroneInstance 0] Distance to waypoint: 2.88 meters
[DroneInstance 0] Distance to waypoint: 1.20 meters
[DroneInstance 0] Distance to waypoint: 0.15 meters
[DroneInstance 0] _complete_current_waypoint: idx=10, hold_duration=0, is_holding=False, hold_start_time=None
[DroneInstance 0]  Advancing from waypoint #11 to #12
[DroneInstance 0] Distance to waypoint: 2.90 meters
[DroneInstance 0] Distance to waypoint: 2.67 meters
[DroneInstance 0] Distance to waypoint: 1.09 meters
[DroneInstance 0] Distance to waypoint: 0.08 meters
[DroneInstance 0] _complete_current_waypoint: idx=11, hold_duration=0, is_holding=False, hold_start_time=None
[DroneInstance 0]  Advancing from waypoint #12 to #13
[DroneInstance 0] Distance to waypoint: 2.98 meters
[DroneInstance 0] Distance to waypoint: 2.70 meters
[DroneInstance 0] Distance to waypoint: 1.07 meters
[DroneInstance 0] Distance to waypoint: 0.06 meters
[DroneInstance 0] _complete_current_waypoint: idx=12, hold_duration=0, is_holding=False, hold_start_time=None
[DroneInstance 0]  Advancing from waypoint #13 to #14
[DroneInstance 0] Distance to waypoint: 2.98 meters
[DroneInstance 0] Distance to waypoint: 2.69 meters
[DroneInstance 0] Distance to waypoint: 1.06 meters
[DroneInstance 0] Distance to waypoint: 0.07 meters
[DroneInstance 0] _complete_current_waypoint: idx=13, hold_duration=0, is_holding=False, hold_start_time=None
[DroneInstance 0]  Advancing from waypoint #14 to #15
[DroneInstance 0] Distance to waypoint: 2.85 meters
[DroneInstance 0] Distance to waypoint: 2.61 meters
[DroneInstance 0] Distance to waypoint: 1.03 meters
[DroneInstance 0] Distance to waypoint: 0.04 meters
[DroneInstance 0] _complete_current_waypoint: idx=14, hold_duration=0, is_holding=False, hold_start_time=None
[DroneInstance 0]  Advancing from waypoint #15 to #16
[DroneInstance 0] Distance to waypoint: 2.99 meters
[DroneInstance 0] Distance to waypoint: 2.70 meters
[DroneInstance 0] Distance to waypoint: 1.07 meters
[DroneInstance 0] Distance to waypoint: 0.07 meters
[DroneInstance 0] _complete_current_waypoint: idx=15, hold_duration=0, is_holding=False, hold_start_time=None
[DroneInstance 0]  Advancing from waypoint #16 to #17
[DroneInstance 0] Distance to waypoint: 3.04 meters
[DroneInstance 0] Distance to waypoint: 2.75 meters
[DroneInstance 0] Distance to waypoint: 1.12 meters
[DroneInstance 0] Distance to waypoint: 0.10 meters
[DroneInstance 0] _complete_current_waypoint: idx=16, hold_duration=0, is_holding=False, hold_start_time=None
[DroneInstance 0]  Advancing from waypoint #17 to #18
[DroneInstance 0] Distance to waypoint: 2.88 meters
[DroneInstance 0] Distance to waypoint: 2.63 meters
[DroneInstance 0] Distance to waypoint: 1.04 meters
[DroneInstance 0] Distance to waypoint: 0.07 meters
[DroneInstance 0] _complete_current_waypoint: idx=17, hold_duration=0, is_holding=False, hold_start_time=None
[DroneInstance 0]  Advancing from waypoint #18 to #19
[DroneInstance 0] Distance to waypoint: 8.82 meters
[DroneInstance 0] Distance to waypoint: 8.43 meters
[DroneInstance 0] Distance to waypoint: 5.76 meters
[DroneInstance 0] Distance to waypoint: 2.54 meters
[DroneInstance 0] Distance to waypoint: 0.45 meters
[DroneInstance 0] _complete_current_waypoint: idx=18, hold_duration=0, is_holding=False, hold_start_time=None
[DroneInstance 0]  Advancing from waypoint #19 to #20
[DroneInstance 0] Distance to waypoint: 3.17 meters
[DroneInstance 0] Distance to waypoint: 2.86 meters
[DroneInstance 0] Distance to waypoint: 1.17 meters
[DroneInstance 0] Distance to waypoint: 0.13 meters
[DroneInstance 0] _complete_current_waypoint: idx=19, hold_duration=0, is_holding=False, hold_start_time=None
[DroneInstance 0]  Advancing from waypoint #20 to #21
[DroneInstance 0] Distance to waypoint: 2.89 meters
[DroneInstance 0] Distance to waypoint: 2.63 meters
[DroneInstance 0] Distance to waypoint: 1.04 meters
[DroneInstance 0] Distance to waypoint: 0.07 meters
[DroneInstance 0] _complete_current_waypoint: idx=20, hold_duration=0, is_holding=False, hold_start_time=None
[DroneInstance 0]  Advancing from waypoint #21 to #22
[DroneInstance 0] Distance to waypoint: 2.98 meters
[DroneInstance 0] Distance to waypoint: 2.68 meters
[DroneInstance 0] Distance to waypoint: 1.05 meters
[DroneInstance 0] Distance to waypoint: 0.05 meters
[DroneInstance 0] _complete_current_waypoint: idx=21, hold_duration=0, is_holding=False, hold_start_time=None
[DroneInstance 0]  Advancing from waypoint #22 to #23
[DroneInstance 0] Distance to waypoint: 2.99 meters
[DroneInstance 0] Distance to waypoint: 2.67 meters
[DroneInstance 0] Distance to waypoint: 1.03 meters
[DroneInstance 0] Distance to waypoint: 0.06 meters
[DroneInstance 0] _complete_current_waypoint: idx=22, hold_duration=0, is_holding=False, hold_start_time=None
[DroneInstance 0]  Advancing from waypoint #23 to #24
[DroneInstance 0] Distance to waypoint: 2.84 meters
[DroneInstance 0] Distance to waypoint: 2.59 meters
[DroneInstance 0] Distance to waypoint: 1.00 meters
[DroneInstance 0] Distance to waypoint: 0.03 meters
[DroneInstance 0] _complete_current_waypoint: idx=23, hold_duration=0, is_holding=False, hold_start_time=None
[DroneInstance 0]  Advancing from waypoint #24 to #25
[DroneInstance 0] Distance to waypoint: 2.99 meters
[DroneInstance 0] Distance to waypoint: 2.68 meters
[DroneInstance 0] Distance to waypoint: 1.04 meters
[DroneInstance 0] Distance to waypoint: 0.07 meters
[DroneInstance 0] _complete_current_waypoint: idx=24, hold_duration=0, is_holding=False, hold_start_time=None
[DroneInstance 0]  Advancing from waypoint #25 to #26
[DroneInstance 0] Distance to waypoint: 3.04 meters
[DroneInstance 0] Distance to waypoint: 2.72 meters
[DroneInstance 0] Distance to waypoint: 1.08 meters
[DroneInstance 0] Distance to waypoint: 0.09 meters
[DroneInstance 0] _complete_current_waypoint: idx=25, hold_duration=0, is_holding=False, hold_start_time=None
[DroneInstance 0]  Advancing from waypoint #26 to #27
[DroneInstance 0] Distance to waypoint: 2.88 meters
[DroneInstance 0] Distance to waypoint: 2.61 meters
[DroneInstance 0] Distance to waypoint: 1.02 meters
[DroneInstance 0] Distance to waypoint: 0.05 meters
[DroneInstance 0] _complete_current_waypoint: idx=26, hold_duration=0, is_holding=False, hold_start_time=None
[DroneInstance 0]  Advancing from waypoint #27 to #28
[DroneInstance 0] Distance to waypoint: 8.82 meters
[DroneInstance 0] Distance to waypoint: 8.40 meters
[DroneInstance 0] Distance to waypoint: 5.68 meters
[DroneInstance 0] Distance to waypoint: 2.49 meters
[DroneInstance 0] Distance to waypoint: 0.45 meters
[DroneInstance 0] _complete_current_waypoint: idx=27, hold_duration=0, is_holding=False, hold_start_time=None
[DroneInstance 0]  Advancing from waypoint #28 to #29
[DroneInstance 0] Distance to waypoint: 3.16 meters
[DroneInstance 0] Distance to waypoint: 2.84 meters
[DroneInstance 0] Distance to waypoint: 1.15 meters
[DroneInstance 0] Distance to waypoint: 0.12 meters
[DroneInstance 0] _complete_current_waypoint: idx=28, hold_duration=0, is_holding=False, hold_start_time=None
[DroneInstance 0]  Advancing from waypoint #29 to #30
[DroneInstance 0] Distance to waypoint: 2.89 meters
[DroneInstance 0] Distance to waypoint: 2.61 meters
[DroneInstance 0] Distance to waypoint: 1.02 meters
[DroneInstance 0] Distance to waypoint: 0.06 meters
[DroneInstance 0] _complete_current_waypoint: idx=29, hold_duration=0, is_holding=False, hold_start_time=None
[DroneInstance 0]  Advancing from waypoint #30 to #31
[DroneInstance 0] Distance to waypoint: 2.98 meters
[DroneInstance 0] Distance to waypoint: 2.65 meters
[DroneInstance 0] Distance to waypoint: 1.01 meters
[DroneInstance 0] Distance to waypoint: 0.05 meters
[DroneInstance 0] _complete_current_waypoint: idx=30, hold_duration=0, is_holding=False, hold_start_time=None
[DroneInstance 0]  Advancing from waypoint #31 to #32
[DroneInstance 0] Distance to waypoint: 2.99 meters
[DroneInstance 0] Distance to waypoint: 2.65 meters
[DroneInstance 0] Distance to waypoint: 1.01 meters
[DroneInstance 0] Distance to waypoint: 0.06 meters
[DroneInstance 0] _complete_current_waypoint: idx=31, hold_duration=0, is_holding=False, hold_start_time=None
[DroneInstance 0]  Advancing from waypoint #32 to #33
[DroneInstance 0] Distance to waypoint: 2.84 meters
[DroneInstance 0] Distance to waypoint: 2.56 meters
[DroneInstance 0] Distance to waypoint: 0.96 meters
[DroneInstance 0] Distance to waypoint: 0.02 meters
[DroneInstance 0] _complete_current_waypoint: idx=32, hold_duration=0, is_holding=False, hold_start_time=None
[DroneInstance 0]  Advancing from waypoint #33 to #34
[DroneInstance 0] Distance to waypoint: 2.99 meters
[DroneInstance 0] Distance to waypoint: 2.65 meters
[DroneInstance 0] Distance to waypoint: 1.01 meters
[DroneInstance 0] Distance to waypoint: 0.06 meters
[DroneInstance 0] _complete_current_waypoint: idx=33, hold_duration=0, is_holding=False, hold_start_time=None
[DroneInstance 0]  Advancing from waypoint #34 to #35
[DroneInstance 0] Distance to waypoint: 3.04 meters
[DroneInstance 0] Distance to waypoint: 2.70 meters
[DroneInstance 0] Distance to waypoint: 1.05 meters
[DroneInstance 0] Distance to waypoint: 0.09 meters
[DroneInstance 0] _complete_current_waypoint: idx=34, hold_duration=0, is_holding=False, hold_start_time=None
[DroneInstance 0]  Advancing from waypoint #35 to #36
[DroneInstance 0] Distance to waypoint: 2.89 meters
[DroneInstance 0] Distance to waypoint: 2.59 meters
[DroneInstance 0] Distance to waypoint: 0.99 meters
[DroneInstance 0] Distance to waypoint: 0.04 meters
[DroneInstance 0] _complete_current_waypoint: idx=35, hold_duration=0, is_holding=False, hold_start_time=None
[DroneInstance 0]  Advancing from waypoint #36 to #37
[DroneInstance 0] Distance to waypoint: 8.82 meters
[DroneInstance 0] Distance to waypoint: 8.37 meters
[DroneInstance 0] Distance to waypoint: 5.61 meters
[DroneInstance 0] Distance to waypoint: 2.43 meters
[DroneInstance 0] Distance to waypoint: 0.41 meters
[DroneInstance 0] _complete_current_waypoint: idx=36, hold_duration=0, is_holding=False, hold_start_time=None
[DroneInstance 0]  Advancing from waypoint #37 to #38
[DroneInstance 0] Distance to waypoint: 3.17 meters
[DroneInstance 0] Distance to waypoint: 2.81 meters
[DroneInstance 0] Distance to waypoint: 1.11 meters
[DroneInstance 0] Distance to waypoint: 0.12 meters
[DroneInstance 0] _complete_current_waypoint: idx=37, hold_duration=0, is_holding=False, hold_start_time=None
[DroneInstance 0]  Advancing from waypoint #38 to #39
[DroneInstance 0] Distance to waypoint: 2.90 meters
[DroneInstance 0] Distance to waypoint: 2.59 meters
[DroneInstance 0] Distance to waypoint: 0.98 meters
[DroneInstance 0] Distance to waypoint: 0.04 meters
[DroneInstance 0] _complete_current_waypoint: idx=38, hold_duration=0, is_holding=False, hold_start_time=None
[DroneInstance 0]  Advancing from waypoint #39 to #40
[DroneInstance 0] Distance to waypoint: 2.98 meters
[DroneInstance 0] Distance to waypoint: 2.63 meters
[DroneInstance 0] Distance to waypoint: 0.99 meters
[DroneInstance 0] Distance to waypoint: 0.04 meters
[DroneInstance 0] _complete_current_waypoint: idx=39, hold_duration=0, is_holding=False, hold_start_time=None
[DroneInstance 0]  Advancing from waypoint #40 to #41
[DroneInstance 0] Distance to waypoint: 2.99 meters
[DroneInstance 0] Distance to waypoint: 2.61 meters
[DroneInstance 0] Distance to waypoint: 0.97 meters
[DroneInstance 0] Distance to waypoint: 0.06 meters
[DroneInstance 0] _complete_current_waypoint: idx=40, hold_duration=0, is_holding=False, hold_start_time=None
[DroneInstance 0]  Advancing from waypoint #41 to #42
[DroneInstance 0] Distance to waypoint: 2.85 meters
[DroneInstance 0] Distance to waypoint: 2.54 meters
[DroneInstance 0] Distance to waypoint: 0.94 meters
[DroneInstance 0] Distance to waypoint: 0.02 meters
[DroneInstance 0] _complete_current_waypoint: idx=41, hold_duration=0, is_holding=False, hold_start_time=None
[DroneInstance 0]  Advancing from waypoint #42 to #43
[DroneInstance 0] Distance to waypoint: 2.99 meters
[DroneInstance 0] Distance to waypoint: 2.62 meters
[DroneInstance 0] Distance to waypoint: 0.97 meters
[DroneInstance 0] Distance to waypoint: 0.05 meters
[DroneInstance 0] _complete_current_waypoint: idx=42, hold_duration=0, is_holding=False, hold_start_time=None
[DroneInstance 0]  Advancing from waypoint #43 to #44
[DroneInstance 0] Distance to waypoint: 3.04 meters
[DroneInstance 0] Distance to waypoint: 2.67 meters
[DroneInstance 0] Distance to waypoint: 1.01 meters
[DroneInstance 0] Distance to waypoint: 0.08 meters
[DroneInstance 0] _complete_current_waypoint: idx=43, hold_duration=0, is_holding=False, hold_start_time=None
[DroneInstance 0]  Advancing from waypoint #44 to #45
[DroneInstance 0] Distance to waypoint: 2.89 meters
[DroneInstance 0] Distance to waypoint: 2.56 meters
[DroneInstance 0] Distance to waypoint: 0.95 meters
[DroneInstance 0] Distance to waypoint: 0.04 meters
[DroneInstance 0] _complete_current_waypoint: idx=44, hold_duration=0, is_holding=False, hold_start_time=None
[DroneInstance 0]  Advancing from waypoint #45 to #46
[DroneInstance 0] Mission 'map_area_cube_1' complete.
[DroneInstance 0] Starting mission: recon_task_2
[DroneInstance 0] Distance to waypoint: 37.86 meters
[DroneInstance 0] Distance to waypoint: 37.49 meters
[DroneInstance 0] Distance to waypoint: 34.80 meters
[DroneInstance 0] Distance to waypoint: 29.52 meters
[DroneInstance 0] Distance to waypoint: 22.17 meters
[DroneInstance 0] Distance to waypoint: 14.84 meters
[DroneInstance 0] Distance to waypoint: 8.56 meters
[DroneInstance 0] Still approaching target... 8.56m remaining
[DroneInstance 0] Distance to waypoint: 3.77 meters
[DroneInstance 0] Still approaching target... 3.77m remaining
[DroneInstance 0] Distance to waypoint: 0.69 meters
[DroneInstance 0] Still approaching target... 0.69m remaining
[DroneInstance 0] Distance to waypoint: 0.56 meters
[DroneInstance 0] Still approaching target... 0.56m remaining
[DroneInstance 0] Distance to waypoint: 0.58 meters
[DroneInstance 0] No progress. Retrying waypoint command (2/3)
[DroneInstance 0] Distance to waypoint: 0.33 meters
[DroneInstance 0] _complete_current_waypoint: idx=0, hold_duration=0, is_holding=False, hold_start_time=None
[DroneInstance 0]  Advancing from waypoint #1 to #2
[DroneInstance 0] Distance to waypoint: 10.14 meters
[DroneInstance 0] Distance to waypoint: 9.64 meters
[DroneInstance 0] Distance to waypoint: 6.99 meters
[DroneInstance 0] Distance to waypoint: 3.47 meters
[DroneInstance 0] Distance to waypoint: 0.88 meters
[DroneInstance 0] Distance to waypoint: 0.23 meters
[DroneInstance 0] _complete_current_waypoint: idx=1, hold_duration=0, is_holding=False, hold_start_time=None
[DroneInstance 0]  Advancing from waypoint #2 to #3
[DroneInstance 0] Received message from Unity: {'type': 'command', 'command': 'skip_wp'}
[DroneInstance 0] Skip requested — skipping waypoint 3
[DroneInstance 0] _complete_current_waypoint: idx=2, hold_duration=0, is_holding=False, hold_start_time=None
[DroneInstance 0]  Advancing from waypoint #3 to #4
[DroneInstance 0] Distance to waypoint: 14.44 meters
[DroneInstance 0] Distance to waypoint: 13.96 meters
[DroneInstance 0] Distance to waypoint: 11.14 meters
[DroneInstance 0] Distance to waypoint: 6.68 meters
[DroneInstance 0] Distance to waypoint: 2.89 meters
[DroneInstance 0] Distance to waypoint: 0.46 meters
[DroneInstance 0] _complete_current_waypoint: idx=3, hold_duration=0, is_holding=False, hold_start_time=None
[DroneInstance 0]  Advancing from waypoint #4 to #5
[DroneInstance 0] Mission 'recon_task_2' complete.
[DroneInstance 0] Received message from Unity: {'type': 'map_area', 'mission_id': 'map_area_cube_3', 'points': [{'x': 5.0, 'y': 5.0, 'z': 5.0}, {'x': 5.0, 'y': 5.0, 'z': 15.0}, {'x': 5.0, 'y': 15.0, 'z': 5.0}, {'x': 5.0, 'y': 15.0, 'z': 15.0}, {'x': 15.0, 'y': 5.0, 'z': 5.0}, {'x': 15.0, 'y': 5.0, 'z': 15.0}, {'x': 15.0, 'y': 15.0, 'z': 5.0}, {'x': 15.0, 'y': 15.0, 'z': 15.0}], 'grid_spacing': 3.0, 'vertical_step': 2.0, 'priority': 80, 'preempt': False}
[DroneInstance 0] Mission 'map_area_cube_3' added with priority 80 and 45 waypoints.
[DroneInstance 0] [3D Slicer] 45 waypoints generated from 3D hull between Z=5.00-15.00 every 2.0m.
[DroneInstance 0] Starting mission: map_area_cube_3
[DroneInstance 0] Distance to waypoint: 31.78 meters
[DroneInstance 0] Distance to waypoint: 31.37 meters
[DroneInstance 0] Distance to waypoint: 28.70 meters
[DroneInstance 0] Distance to waypoint: 23.62 meters
[DroneInstance 0] Distance to waypoint: 16.88 meters
[DroneInstance 0] Distance to waypoint: 10.56 meters
[DroneInstance 0] Distance to waypoint: 5.34 meters
[DroneInstance 0] Still approaching target... 5.34m remaining
[DroneInstance 0] Distance to waypoint: 1.61 meters
[DroneInstance 0] Still approaching target... 1.61m remaining
[DroneInstance 0] Received message from Unity: {'type': 'command', 'command': 'abort'}
[DroneInstance 0] Abort command received — stopping drone and aborting current mission.
[DroneInstance 0] Cannot issue hold position — no pose available.
[DroneInstance 0] Received message from Unity: {'type': 'resume_missions'}
[DroneInstance 0] Mission processing resumed.
[DroneInstance 0] Received message from Unity: {'type': 'command', 'command': 'start_manual'}
[DroneInstance 0] Entered MANUAL mode
[DroneInstance 0] Received message from Unity: {'type': 'manual_control', 'axes': {'ly': 1.0, 'lx': 0.0, 'ry': 0.0, 'rx': 0.0}}
[DroneInstance 0] Node type: <class 'node_wrapper.node_wrapper.NodeWrapper'> has publish_from_unity: <bound method NodeWrapper.publish_from_unity of <node_wrapper.node_wrapper.NodeWrapper object at 0x7f58e5f54220>>
[DroneInstance 0] Manual VEL cmd: x=1.00, y=-0.00, z=0.00, yaw=0.00
[DroneInstance 0] Received message from Unity: {'type': 'manual_control', 'axes': {'ly': 0.0, 'lx': 1.0, 'ry': 0.0, 'rx': 0.0}}
[DroneInstance 0] Node type: <class 'node_wrapper.node_wrapper.NodeWrapper'> has publish_from_unity: <bound method NodeWrapper.publish_from_unity of <node_wrapper.node_wrapper.NodeWrapper object at 0x7f58e5f54220>>
[DroneInstance 0] Manual VEL cmd: x=0.00, y=-1.00, z=0.00, yaw=0.00
[DroneInstance 0] Received message from Unity: {'type': 'manual_control', 'axes': {'ly': 0.0, 'lx': 0.0, 'ry': 1.0, 'rx': 0.0}}
[DroneInstance 0] Node type: <class 'node_wrapper.node_wrapper.NodeWrapper'> has publish_from_unity: <bound method NodeWrapper.publish_from_unity of <node_wrapper.node_wrapper.NodeWrapper object at 0x7f58e5f54220>>
[DroneInstance 0] Manual VEL cmd: x=0.00, y=-0.00, z=0.50, yaw=0.00
[DroneInstance 0] Received message from Unity: {'type': 'command', 'command': 'stop_manual'}
[DroneInstance 0] Exited MANUAL mode
[DroneInstance 0] Stopped velocity streaming (manual mode off).
[DroneInstance 0] Received message from Unity: {'type': 'command', 'command': 'RTL'}
[DroneInstance 0] Shutting down DroneInstance...
