[DroneInstance 0] Initializing DroneInstance with domain ID 0 [SAFE mode]
[DroneInstance 0] LatencyProbe | Received N/A id=cfaa4991-21f5-4941-8c5c-138f8aa07577 at 5029.715637
[DroneInstance 0] Received message from Unity: {'type': 'map_area', 'mission_id': 'Mission_8699', 'points': [{'x': 0.866321861743927, 'y': 4.178112506866455, 'z': 2.627462387084961}, {'x': 0.7718231081962585, 'y': 4.774754524230957, 'z': 2.627462387084961}, {'x': 0.49757689237594604, 'y': 5.312993049621582, 'z': 2.627462387084961}, {'x': 0.07042844593524933, 'y': 5.74014139175415, 'z': 2.627462387084961}, {'x': -0.4678100347518921, 'y': 6.014387607574463, 'z': 2.627462387084961}, {'x': -1.0644519329071045, 'y': 6.108886241912842, 'z': 2.627462387084961}, {'x': -1.661093831062317, 'y': 6.014387130737305, 'z': 2.627462387084961}, {'x': -2.1993324756622314, 'y': 5.740140914916992, 'z': 2.627462387084961}, {'x': -2.6264808177948, 'y': 5.312992572784424, 'z': 2.627462387084961}, {'x': -2.900726795196533, 'y': 4.774754524230957, 'z': 2.627462387084961}, {'x': -2.995225667953491, 'y': 4.178112030029297, 'z': 2.627462387084961}, {'x': -2.900726556777954, 'y': 3.581470251083374, 'z': 2.627462387084961}, {'x': -2.6264805793762207, 'y': 3.043231964111328, 'z': 2.627462387084961}, {'x': -2.1993319988250732, 'y': 2.6160836219787598, 'z': 2.627462387084961}, {'x': -1.6610931158065796, 'y': 2.3418374061584473, 'z': 2.627462387084961}, {'x': -1.064451813697815, 'y': 2.2473387718200684, 'z': 2.627462387084961}, {'x': -0.4678097367286682, 'y': 2.3418376445770264, 'z': 2.627462387084961}, {'x': 0.07042892277240753, 'y': 2.616084098815918, 'z': 2.627462387084961}, {'x': 0.4975767731666565, 'y': 3.043231964111328, 'z': 2.627462387084961}, {'x': 0.7718231081962585, 'y': 3.5814707279205322, 'z': 2.627462387084961}, {'x': 0.866321861743927, 'y': 4.178112506866455, 'z': 9.063374519348145}, {'x': 0.7718231081962585, 'y': 4.774754524230957, 'z': 9.063374519348145}, {'x': 0.49757689237594604, 'y': 5.312993049621582, 'z': 9.063374519348145}, {'x': 0.07042844593524933, 'y': 5.74014139175415, 'z': 9.063374519348145}, {'x': -0.4678100347518921, 'y': 6.014387607574463, 'z': 9.063374519348145}, {'x': -1.0644519329071045, 'y': 6.108886241912842, 'z': 9.063374519348145}, {'x': -1.661093831062317, 'y': 6.014387130737305, 'z': 9.063374519348145}, {'x': -2.1993324756622314, 'y': 5.740140914916992, 'z': 9.063374519348145}, {'x': -2.6264808177948, 'y': 5.312992572784424, 'z': 9.063374519348145}, {'x': -2.900726795196533, 'y': 4.774754524230957, 'z': 9.063374519348145}, {'x': -2.995225667953491, 'y': 4.178112030029297, 'z': 9.063374519348145}, {'x': -2.900726556777954, 'y': 3.581470251083374, 'z': 9.063374519348145}, {'x': -2.6264805793762207, 'y': 3.043231964111328, 'z': 9.063374519348145}, {'x': -2.1993319988250732, 'y': 2.6160836219787598, 'z': 9.063374519348145}, {'x': -1.6610931158065796, 'y': 2.3418374061584473, 'z': 9.063374519348145}, {'x': -1.064451813697815, 'y': 2.2473387718200684, 'z': 9.063374519348145}, {'x': -0.4678097367286682, 'y': 2.3418376445770264, 'z': 9.063374519348145}, {'x': 0.07042892277240753, 'y': 2.616084098815918, 'z': 9.063374519348145}, {'x': 0.4975767731666565, 'y': 3.043231964111328, 'z': 9.063374519348145}, {'x': 0.7718231081962585, 'y': 3.5814707279205322, 'z': 9.063374519348145}], 'grid_spacing': 0.6527206301689148, 'vertical_step': 2.145303964614868, 'priority': 1, 'preempt': False}
[DroneInstance 0] Mission 'Mission_8699' added with priority 1 and 100 waypoints.
[DroneInstance 0] Resetting takeoff flags (drone on ground).
[DroneInstance 0] {'type': 'add_mission', 'mission_id': 'Mission_8699', 'waypoints': [(0.26837748289108276, 2.900059401988983, 2.627462387084961), (-0.38434314727783203, 2.900059401988983, 2.627462387084961), (-1.0370637774467468, 2.900059401988983, 2.627462387084961), (-1.6897844076156616, 2.900059401988983, 2.627462387084961), (-2.3425050377845764, 2.900059401988983, 2.627462387084961), (-2.3425050377845764, 3.552780032157898, 2.627462387084961), (-1.6897844076156616, 3.552780032157898, 2.627462387084961), (-1.0370637774467468, 3.552780032157898, 2.627462387084961), (-0.38434314727783203, 3.552780032157898, 2.627462387084961), (0.26837748289108276, 3.552780032157898, 2.627462387084961), (0.26837748289108276, 4.205500662326813, 2.627462387084961), (-0.38434314727783203, 4.205500662326813, 2.627462387084961), (-1.0370637774467468, 4.205500662326813, 2.627462387084961), (-1.6897844076156616, 4.205500662326813, 2.627462387084961), (-2.3425050377845764, 4.205500662326813, 2.627462387084961), (-2.3425050377845764, 4.8582212924957275, 2.627462387084961), (-1.6897844076156616, 4.8582212924957275, 2.627462387084961), (-1.0370637774467468, 4.8582212924957275, 2.627462387084961), (-0.38434314727783203, 4.8582212924957275, 2.627462387084961), (0.26837748289108276, 4.8582212924957275, 2.627462387084961), (0.26837748289108276, 5.510941922664642, 2.627462387084961), (-0.38434314727783203, 5.510941922664642, 2.627462387084961), (-1.0370637774467468, 5.510941922664642, 2.627462387084961), (-1.6897844076156616, 5.510941922664642, 2.627462387084961), (-2.3425050377845764, 5.510941922664642, 2.627462387084961), (0.26837748289108276, 2.900059401988983, 4.772766351699829), (-0.38434314727783203, 2.900059401988983, 4.772766351699829), (-1.0370637774467468, 2.900059401988983, 4.772766351699829), (-1.6897844076156616, 2.900059401988983, 4.772766351699829), (-2.3425050377845764, 2.900059401988983, 4.772766351699829), (-2.3425050377845764, 3.552780032157898, 4.772766351699829), (-1.6897844076156616, 3.552780032157898, 4.772766351699829), (-1.0370637774467468, 3.552780032157898, 4.772766351699829), (-0.38434314727783203, 3.552780032157898, 4.772766351699829), (0.26837748289108276, 3.552780032157898, 4.772766351699829), (0.26837748289108276, 4.205500662326813, 4.772766351699829), (-0.38434314727783203, 4.205500662326813, 4.772766351699829), (-1.0370637774467468, 4.205500662326813, 4.772766351699829), (-1.6897844076156616, 4.205500662326813, 4.772766351699829), (-2.3425050377845764, 4.205500662326813, 4.772766351699829), (-2.3425050377845764, 4.8582212924957275, 4.772766351699829), (-1.6897844076156616, 4.8582212924957275, 4.772766351699829), (-1.0370637774467468, 4.8582212924957275, 4.772766351699829), (-0.38434314727783203, 4.8582212924957275, 4.772766351699829), (0.26837748289108276, 4.8582212924957275, 4.772766351699829), (0.26837748289108276, 5.510941922664642, 4.772766351699829), (-0.38434314727783203, 5.510941922664642, 4.772766351699829), (-1.0370637774467468, 5.510941922664642, 4.772766351699829), (-1.6897844076156616, 5.510941922664642, 4.772766351699829), (-2.3425050377845764, 5.510941922664642, 4.772766351699829), (0.26837748289108276, 2.900059401988983, 6.918070316314697), (-0.38434314727783203, 2.900059401988983, 6.918070316314697), (-1.0370637774467468, 2.900059401988983, 6.918070316314697), (-1.6897844076156616, 2.900059401988983, 6.918070316314697), (-2.3425050377845764, 2.900059401988983, 6.918070316314697), (-2.3425050377845764, 3.552780032157898, 6.918070316314697), (-1.6897844076156616, 3.552780032157898, 6.918070316314697), (-1.0370637774467468, 3.552780032157898, 6.918070316314697), (-0.38434314727783203, 3.552780032157898, 6.918070316314697), (0.26837748289108276, 3.552780032157898, 6.918070316314697), (0.26837748289108276, 4.205500662326813, 6.918070316314697), (-0.38434314727783203, 4.205500662326813, 6.918070316314697), (-1.0370637774467468, 4.205500662326813, 6.918070316314697), (-1.6897844076156616, 4.205500662326813, 6.918070316314697), (-2.3425050377845764, 4.205500662326813, 6.918070316314697), (-2.3425050377845764, 4.8582212924957275, 6.918070316314697), (-1.6897844076156616, 4.8582212924957275, 6.918070316314697), (-1.0370637774467468, 4.8582212924957275, 6.918070316314697), (-0.38434314727783203, 4.8582212924957275, 6.918070316314697), (0.26837748289108276, 4.8582212924957275, 6.918070316314697), (0.26837748289108276, 5.510941922664642, 6.918070316314697), (-0.38434314727783203, 5.510941922664642, 6.918070316314697), (-1.0370637774467468, 5.510941922664642, 6.918070316314697), (-1.6897844076156616, 5.510941922664642, 6.918070316314697), (-2.3425050377845764, 5.510941922664642, 6.918070316314697), (0.26837748289108276, 2.900059401988983, 9.063374280929565), (-0.38434314727783203, 2.900059401988983, 9.063374280929565), (-1.0370637774467468, 2.900059401988983, 9.063374280929565), (-1.6897844076156616, 2.900059401988983, 9.063374280929565), (-2.3425050377845764, 2.900059401988983, 9.063374280929565), (-2.3425050377845764, 3.552780032157898, 9.063374280929565), (-1.6897844076156616, 3.552780032157898, 9.063374280929565), (-1.0370637774467468, 3.552780032157898, 9.063374280929565), (-0.38434314727783203, 3.552780032157898, 9.063374280929565), (0.26837748289108276, 3.552780032157898, 9.063374280929565), (0.26837748289108276, 4.205500662326813, 9.063374280929565), (-0.38434314727783203, 4.205500662326813, 9.063374280929565), (-1.0370637774467468, 4.205500662326813, 9.063374280929565), (-1.6897844076156616, 4.205500662326813, 9.063374280929565), (-2.3425050377845764, 4.205500662326813, 9.063374280929565), (-2.3425050377845764, 4.8582212924957275, 9.063374280929565), (-1.6897844076156616, 4.8582212924957275, 9.063374280929565), (-1.0370637774467468, 4.8582212924957275, 9.063374280929565), (-0.38434314727783203, 4.8582212924957275, 9.063374280929565), (0.26837748289108276, 4.8582212924957275, 9.063374280929565), (0.26837748289108276, 5.510941922664642, 9.063374280929565), (-0.38434314727783203, 5.510941922664642, 9.063374280929565), (-1.0370637774467468, 5.510941922664642, 9.063374280929565), (-1.6897844076156616, 5.510941922664642, 9.063374280929565), (-2.3425050377845764, 5.510941922664642, 9.063374280929565)], 'mode': 'once', 'patrol_loops': 1, 'priority': 1, 'preempt': False}
[DroneInstance 0] [3D Slicer] 100 waypoints generated from 3D hull between Z=2.63-9.06 every 2.145303964614868m.
[DroneInstance 0] Starting mission: Mission_8699
[DroneInstance 0] Drone not armed. Sending arm command.
[DroneInstance 0] Switching to GUIDED mode.
[DroneInstance 0] Initiating takeoff to 2.0m.
[DroneInstance 0] Waiting to reach takeoff altitude: z=-0.01
[DroneInstance 0] Waiting to reach takeoff altitude: z=0.15
[DroneInstance 0] Waiting to reach takeoff altitude: z=1.26
[DroneInstance 0] Reached takeoff altitude. Starting mission.
[DroneInstance 0] Distance to waypoint: 2.98 meters
[DroneInstance 0] LatencyProbe | Sent pos command at 5037.592527
[DroneInstance 0] Distance to waypoint: 2.35 meters
[DroneInstance 0] Distance to waypoint: 0.73 meters
[DroneInstance 0] Distance to waypoint: 0.04 meters
[DroneInstance 0] _complete_current_waypoint: idx=0, hold_duration=0, is_holding=False, hold_start_time=None
[DroneInstance 0]  Advancing from waypoint #1 to #2
[DroneInstance 0] Distance to waypoint: 0.68 meters
[DroneInstance 0] LatencyProbe | Sent pos command at 5041.592328
[DroneInstance 0] Distance to waypoint: 0.45 meters
[DroneInstance 0] _complete_current_waypoint: idx=1, hold_duration=0, is_holding=False, hold_start_time=None
[DroneInstance 0]  Advancing from waypoint #2 to #3
[DroneInstance 0] Distance to waypoint: 0.74 meters
[DroneInstance 0] LatencyProbe | Sent pos command at 5043.592265
[DroneInstance 0] Distance to waypoint: 0.51 meters
[DroneInstance 0] Distance to waypoint: 0.06 meters
[DroneInstance 0] _complete_current_waypoint: idx=2, hold_duration=0, is_holding=False, hold_start_time=None
[DroneInstance 0]  Advancing from waypoint #3 to #4
[DroneInstance 0] Distance to waypoint: 0.63 meters
[DroneInstance 0] LatencyProbe | Sent pos command at 5046.591408
[DroneInstance 0] Distance to waypoint: 0.40 meters
[DroneInstance 0] _complete_current_waypoint: idx=3, hold_duration=0, is_holding=False, hold_start_time=None
[DroneInstance 0]  Advancing from waypoint #4 to #5
[DroneInstance 0] Distance to waypoint: 0.79 meters
[DroneInstance 0] LatencyProbe | Sent pos command at 5048.592364
[DroneInstance 0] Distance to waypoint: 0.41 meters
[DroneInstance 0] _complete_current_waypoint: idx=4, hold_duration=0, is_holding=False, hold_start_time=None
[DroneInstance 0]  Advancing from waypoint #5 to #6
[DroneInstance 0] Distance to waypoint: 0.64 meters
[DroneInstance 0] LatencyProbe | Sent pos command at 5050.591829
[DroneInstance 0] Distance to waypoint: 0.50 meters
[DroneInstance 0] _complete_current_waypoint: idx=5, hold_duration=0, is_holding=False, hold_start_time=None
[DroneInstance 0]  Advancing from waypoint #6 to #7
[DroneInstance 0] Distance to waypoint: 0.68 meters
[DroneInstance 0] LatencyProbe | Sent pos command at 5052.592255
[DroneInstance 0] Distance to waypoint: 0.52 meters
[DroneInstance 0] Distance to waypoint: 0.13 meters
[DroneInstance 0] _complete_current_waypoint: idx=6, hold_duration=0, is_holding=False, hold_start_time=None
[DroneInstance 0]  Advancing from waypoint #7 to #8
[DroneInstance 0] Shutting down DroneInstance...
