[DroneInstance 0] Initializing DroneInstance with domain ID 0 [SAFE mode]
[DroneInstance 0] Battery percentage unavailable.
[DroneInstance 0] LatencyProbe | Received N/A id=09ab1de5-2b5c-4f91-9a1f-0198b17c6847 at 17335.488522
[DroneInstance 0] Received message from Unity: {'type': 'add_mission', 'mission_id': 'Mission_3070', 'waypoints': [{'coords': [0.9739, 9.8443, 0.5266]}, {'coords': [-5.3206, 13.3277, 4.9848]}, {'coords': [5.0721, 12.0682, 8.209]}, {'coords': [-5.4314, 8.5361, 7.9325]}, {'coords': [-0.5979, 18.6385, 6.6714]}, {'coords': [-7.798, 7.8753, 4.1556]}], 'mode': 'once', 'patrol_loops': 1, 'priority': 1, 'preempt': False}
[DroneInstance 0] Mission 'Mission_3070' added with priority 1 and 6 waypoints.
[DroneInstance 0] Resetting takeoff flags (drone on ground).
[DroneInstance 0] Starting mission: Mission_3070
[DroneInstance 0] Drone not armed. Sending arm command.
[DroneInstance 0] Switching to GUIDED mode.
[DroneInstance 0] Initiating takeoff to 2.0m.
[DroneInstance 0] Waiting to reach takeoff altitude: z=-0.01
[DroneInstance 0] Waiting to reach takeoff altitude: z=0.13
[DroneInstance 0] Waiting to reach takeoff altitude: z=1.21
[DroneInstance 0] Reached takeoff altitude. Starting mission.
[DroneInstance 0] Distance to waypoint: 10.00 meters
[DroneInstance 0] LatencyProbe | Sent pos command at 17342.601188
[DroneInstance 0] LatencyProbe | Received N/A id=847bd9e3-7ead-47e3-bee6-46a04dd0a5b9 at 17343.497068
[DroneInstance 0] Received message from Unity: {'type': 'map_area', 'mission_id': 'Mission_7939', 'points': [{'x': -0.6824213862419128, 'y': 3.2474277019500732, 'z': 1.415939211845398}, {'x': -0.8669881820678711, 'y': 3.677643060684204, 'z': 1.415939211845398}, {'x': -1.1754653453826904, 'y': 4.0297675132751465, 'z': 1.415939211845398}, {'x': -1.5776573419570923, 'y': 4.269333362579346, 'z': 1.415939211845398}, {'x': -2.0341944694519043, 'y': 4.372889995574951, 'z': 1.415939211845398}, {'x': -2.500387668609619, 'y': 4.330300331115723, 'z': 1.415939211845398}, {'x': -2.93060302734375, 'y': 4.145733833312988, 'z': 1.415939211845398}, {'x': -3.2827277183532715, 'y': 3.83725643157959, 'z': 1.415939211845398}, {'x': -3.5222935676574707, 'y': 3.4350643157958984, 'z': 1.415939211845398}, {'x': -3.625849723815918, 'y': 2.978527545928955, 'z': 1.415939211845398}, {'x': -3.5832605361938477, 'y': 2.512333869934082, 'z': 1.415939211845398}, {'x': -3.398693323135376, 'y': 2.0821187496185303, 'z': 1.415939211845398}, {'x': -3.0902159214019775, 'y': 1.7299940586090088, 'z': 1.415939211845398}, {'x': -2.6880240440368652, 'y': 1.4904284477233887, 'z': 1.415939211845398}, {'x': -2.2314865589141846, 'y': 1.3868720531463623, 'z': 1.415939211845398}, {'x': -1.765294075012207, 'y': 1.4294615983963013, 'z': 1.415939211845398}, {'x': -1.3350787162780762, 'y': 1.6140284538269043, 'z': 1.415939211845398}, {'x': -0.9829539060592651, 'y': 1.9225058555603027, 'z': 1.415939211845398}, {'x': -0.7433883547782898, 'y': 2.3246970176696777, 'z': 1.415939211845398}, {'x': -0.6398317813873291, 'y': 2.7812345027923584, 'z': 1.415939211845398}, {'x': -0.6824213862419128, 'y': 3.2474277019500732, 'z': 6.403487205505371}, {'x': -0.8669881820678711, 'y': 3.677643060684204, 'z': 6.403487205505371}, {'x': -1.1754653453826904, 'y': 4.0297675132751465, 'z': 6.403487205505371}, {'x': -1.5776573419570923, 'y': 4.269333362579346, 'z': 6.403487205505371}, {'x': -2.0341944694519043, 'y': 4.372889995574951, 'z': 6.403487205505371}, {'x': -2.500387668609619, 'y': 4.330300331115723, 'z': 6.403487205505371}, {'x': -2.93060302734375, 'y': 4.145733833312988, 'z': 6.403487205505371}, {'x': -3.2827277183532715, 'y': 3.83725643157959, 'z': 6.403487205505371}, {'x': -3.5222935676574707, 'y': 3.4350643157958984, 'z': 6.403487205505371}, {'x': -3.625849723815918, 'y': 2.978527545928955, 'z': 6.403487205505371}, {'x': -3.5832605361938477, 'y': 2.512333869934082, 'z': 6.403487205505371}, {'x': -3.398693323135376, 'y': 2.0821187496185303, 'z': 6.403487205505371}, {'x': -3.0902159214019775, 'y': 1.7299940586090088, 'z': 6.403487205505371}, {'x': -2.6880240440368652, 'y': 1.4904284477233887, 'z': 6.403487205505371}, {'x': -2.2314865589141846, 'y': 1.3868720531463623, 'z': 6.403487205505371}, {'x': -1.765294075012207, 'y': 1.4294615983963013, 'z': 6.403487205505371}, {'x': -1.3350787162780762, 'y': 1.6140284538269043, 'z': 6.403487205505371}, {'x': -0.9829539060592651, 'y': 1.9225058555603027, 'z': 6.403487205505371}, {'x': -0.7433883547782898, 'y': 2.3246970176696777, 'z': 6.403487205505371}, {'x': -0.6398317813873291, 'y': 2.7812345027923584, 'z': 6.403487205505371}], 'grid_spacing': 0.5058296918869019, 'vertical_step': 1.6625159978866577, 'priority': 86, 'preempt': True}
[DroneInstance 0] Preempting mission 'Mission_3070' with 'Mission_7939'.
[DroneInstance 0] Paused mission chain: ['Mission_3070']
[DroneInstance 0] {'type': 'add_mission', 'mission_id': 'Mission_7939', 'waypoints': [(-1.0967012643814087, 1.8927017450332642, 1.415939211845398), (-1.6025309562683105, 1.8927017450332642, 1.415939211845398), (-2.1083606481552124, 1.8927017450332642, 1.415939211845398), (-2.6141903400421143, 1.8927017450332642, 1.415939211845398), (-3.120020031929016, 1.8927017450332642, 1.415939211845398), (-3.120020031929016, 2.398531436920166, 1.415939211845398), (-2.6141903400421143, 2.398531436920166, 1.415939211845398), (-2.1083606481552124, 2.398531436920166, 1.415939211845398), (-1.6025309562683105, 2.398531436920166, 1.415939211845398), (-1.0967012643814087, 2.398531436920166, 1.415939211845398), (-1.0967012643814087, 2.904361128807068, 1.415939211845398), (-1.6025309562683105, 2.904361128807068, 1.415939211845398), (-2.1083606481552124, 2.904361128807068, 1.415939211845398), (-2.6141903400421143, 2.904361128807068, 1.415939211845398), (-3.120020031929016, 2.904361128807068, 1.415939211845398), (-3.120020031929016, 3.4101908206939697, 1.415939211845398), (-2.6141903400421143, 3.4101908206939697, 1.415939211845398), (-2.1083606481552124, 3.4101908206939697, 1.415939211845398), (-1.6025309562683105, 3.4101908206939697, 1.415939211845398), (-1.0967012643814087, 3.4101908206939697, 1.415939211845398), (-1.0967012643814087, 3.9160205125808716, 1.415939211845398), (-1.6025309562683105, 3.9160205125808716, 1.415939211845398), (-2.1083606481552124, 3.9160205125808716, 1.415939211845398), (-2.6141903400421143, 3.9160205125808716, 1.415939211845398), (-3.120020031929016, 3.9160205125808716, 1.415939211845398), (-1.0967012643814087, 1.8927017450332642, 3.0784552097320557), (-1.6025309562683105, 1.8927017450332642, 3.0784552097320557), (-2.1083606481552124, 1.8927017450332642, 3.0784552097320557), (-2.6141903400421143, 1.8927017450332642, 3.0784552097320557), (-3.120020031929016, 1.8927017450332642, 3.0784552097320557), (-3.120020031929016, 2.398531436920166, 3.0784552097320557), (-2.6141903400421143, 2.398531436920166, 3.0784552097320557), (-2.1083606481552124, 2.398531436920166, 3.0784552097320557), (-1.6025309562683105, 2.398531436920166, 3.0784552097320557), (-1.0967012643814087, 2.398531436920166, 3.0784552097320557), (-1.0967012643814087, 2.904361128807068, 3.0784552097320557), (-1.6025309562683105, 2.904361128807068, 3.0784552097320557), (-2.1083606481552124, 2.904361128807068, 3.0784552097320557), (-2.6141903400421143, 2.904361128807068, 3.0784552097320557), (-3.120020031929016, 2.904361128807068, 3.0784552097320557), (-3.120020031929016, 3.4101908206939697, 3.0784552097320557), (-2.6141903400421143, 3.4101908206939697, 3.0784552097320557), (-2.1083606481552124, 3.4101908206939697, 3.0784552097320557), (-1.6025309562683105, 3.4101908206939697, 3.0784552097320557), (-1.0967012643814087, 3.4101908206939697, 3.0784552097320557), (-1.0967012643814087, 3.9160205125808716, 3.0784552097320557), (-1.6025309562683105, 3.9160205125808716, 3.0784552097320557), (-2.1083606481552124, 3.9160205125808716, 3.0784552097320557), (-2.6141903400421143, 3.9160205125808716, 3.0784552097320557), (-3.120020031929016, 3.9160205125808716, 3.0784552097320557), (-1.0967012643814087, 1.8927017450332642, 4.740971207618713), (-1.6025309562683105, 1.8927017450332642, 4.740971207618713), (-2.1083606481552124, 1.8927017450332642, 4.740971207618713), (-2.6141903400421143, 1.8927017450332642, 4.740971207618713), (-3.120020031929016, 1.8927017450332642, 4.740971207618713), (-3.120020031929016, 2.398531436920166, 4.740971207618713), (-2.6141903400421143, 2.398531436920166, 4.740971207618713), (-2.1083606481552124, 2.398531436920166, 4.740971207618713), (-1.6025309562683105, 2.398531436920166, 4.740971207618713), (-1.0967012643814087, 2.398531436920166, 4.740971207618713), (-1.0967012643814087, 2.904361128807068, 4.740971207618713), (-1.6025309562683105, 2.904361128807068, 4.740971207618713), (-2.1083606481552124, 2.904361128807068, 4.740971207618713), (-2.6141903400421143, 2.904361128807068, 4.740971207618713), (-3.120020031929016, 2.904361128807068, 4.740971207618713), (-3.120020031929016, 3.4101908206939697, 4.740971207618713), (-2.6141903400421143, 3.4101908206939697, 4.740971207618713), (-2.1083606481552124, 3.4101908206939697, 4.740971207618713), (-1.6025309562683105, 3.4101908206939697, 4.740971207618713), (-1.0967012643814087, 3.4101908206939697, 4.740971207618713), (-1.0967012643814087, 3.9160205125808716, 4.740971207618713), (-1.6025309562683105, 3.9160205125808716, 4.740971207618713), (-2.1083606481552124, 3.9160205125808716, 4.740971207618713), (-2.6141903400421143, 3.9160205125808716, 4.740971207618713), (-3.120020031929016, 3.9160205125808716, 4.740971207618713)], 'mode': 'once', 'patrol_loops': 1, 'priority': 86, 'preempt': True}
[DroneInstance 0] [3D Slicer] 75 waypoints generated from 3D hull between Z=1.42-6.40 every 1.6625159978866577m.
[DroneInstance 0] Distance to waypoint: 1.90 meters
[DroneInstance 0] LatencyProbe | Sent pos command at 17343.600159
[DroneInstance 0] Distance to waypoint: 1.52 meters
[DroneInstance 0] Distance to waypoint: 2.18 meters
[DroneInstance 0] Distance to waypoint: 1.14 meters
[DroneInstance 0] Distance to waypoint: 0.23 meters
[DroneInstance 0] _complete_current_waypoint: idx=0, hold_duration=0, is_holding=False, hold_start_time=None
[DroneInstance 0]  Advancing from waypoint #1 to #2
[DroneInstance 0] Distance to waypoint: 0.47 meters
[DroneInstance 0] _complete_current_waypoint: idx=1, hold_duration=0, is_holding=False, hold_start_time=None
[DroneInstance 0]  Advancing from waypoint #2 to #3
[DroneInstance 0] Distance to waypoint: 0.99 meters
[DroneInstance 0] LatencyProbe | Sent pos command at 17349.601096
[DroneInstance 0] Distance to waypoint: 0.69 meters
[DroneInstance 0] Distance to waypoint: 0.14 meters
[DroneInstance 0] _complete_current_waypoint: idx=2, hold_duration=0, is_holding=False, hold_start_time=None
[DroneInstance 0]  Advancing from waypoint #3 to #4
[DroneInstance 0] Distance to waypoint: 0.46 meters
[DroneInstance 0] _complete_current_waypoint: idx=3, hold_duration=0, is_holding=False, hold_start_time=None
[DroneInstance 0]  Advancing from waypoint #4 to #5
[DroneInstance 0] Distance to waypoint: 0.96 meters
[DroneInstance 0] LatencyProbe | Sent pos command at 17353.601061
[DroneInstance 0] Distance to waypoint: 0.66 meters
[DroneInstance 0] Distance to waypoint: 0.11 meters
[DroneInstance 0] _complete_current_waypoint: idx=4, hold_duration=0, is_holding=False, hold_start_time=None
[DroneInstance 0]  Advancing from waypoint #5 to #6
[DroneInstance 0] Distance to waypoint: 0.52 meters
[DroneInstance 0] LatencyProbe | Sent pos command at 17356.601244
[DroneInstance 0] Distance to waypoint: 0.35 meters
[DroneInstance 0] _complete_current_waypoint: idx=5, hold_duration=0, is_holding=False, hold_start_time=None
[DroneInstance 0]  Advancing from waypoint #6 to #7
[DroneInstance 0] Distance to waypoint: 0.56 meters
[DroneInstance 0] LatencyProbe | Sent pos command at 17358.601165
[DroneInstance 0] Distance to waypoint: 0.36 meters
[DroneInstance 0] _complete_current_waypoint: idx=6, hold_duration=0, is_holding=False, hold_start_time=None
[DroneInstance 0]  Advancing from waypoint #7 to #8
[DroneInstance 0] Distance to waypoint: 0.59 meters
[DroneInstance 0] LatencyProbe | Sent pos command at 17360.601299
[DroneInstance 0] Distance to waypoint: 0.33 meters
[DroneInstance 0] _complete_current_waypoint: idx=7, hold_duration=0, is_holding=False, hold_start_time=None
[DroneInstance 0]  Advancing from waypoint #8 to #9
[DroneInstance 0] Distance to waypoint: 0.56 meters
[DroneInstance 0] LatencyProbe | Sent pos command at 17362.601102
[DroneInstance 0] Distance to waypoint: 0.31 meters
[DroneInstance 0] _complete_current_waypoint: idx=8, hold_duration=0, is_holding=False, hold_start_time=None
[DroneInstance 0]  Advancing from waypoint #9 to #10
[DroneInstance 0] Distance to waypoint: 0.55 meters
[DroneInstance 0] LatencyProbe | Sent pos command at 17364.601040
[DroneInstance 0] Distance to waypoint: 0.31 meters
[DroneInstance 0] _complete_current_waypoint: idx=9, hold_duration=0, is_holding=False, hold_start_time=None
[DroneInstance 0]  Advancing from waypoint #10 to #11
[DroneInstance 0] Distance to waypoint: 0.52 meters
[DroneInstance 0] LatencyProbe | Sent pos command at 17366.601108
[DroneInstance 0] Distance to waypoint: 0.34 meters
[DroneInstance 0] _complete_current_waypoint: idx=10, hold_duration=0, is_holding=False, hold_start_time=None
[DroneInstance 0]  Advancing from waypoint #11 to #12
[DroneInstance 0] Distance to waypoint: 0.53 meters
[DroneInstance 0] LatencyProbe | Sent pos command at 17368.601123
[DroneInstance 0] Distance to waypoint: 0.32 meters
[DroneInstance 0] _complete_current_waypoint: idx=11, hold_duration=0, is_holding=False, hold_start_time=None
[DroneInstance 0]  Advancing from waypoint #12 to #13
[DroneInstance 0] Distance to waypoint: 0.56 meters
[DroneInstance 0] LatencyProbe | Sent pos command at 17370.600981
[DroneInstance 0] Distance to waypoint: 0.29 meters
[DroneInstance 0] _complete_current_waypoint: idx=12, hold_duration=0, is_holding=False, hold_start_time=None
[DroneInstance 0]  Advancing from waypoint #13 to #14
[DroneInstance 0] Distance to waypoint: 0.53 meters
[DroneInstance 0] LatencyProbe | Sent pos command at 17372.601171
[DroneInstance 0] Distance to waypoint: 0.28 meters
[DroneInstance 0] _complete_current_waypoint: idx=13, hold_duration=0, is_holding=False, hold_start_time=None
[DroneInstance 0]  Advancing from waypoint #14 to #15
[DroneInstance 0] Distance to waypoint: 0.53 meters
[DroneInstance 0] LatencyProbe | Sent pos command at 17374.601037
[DroneInstance 0] Distance to waypoint: 0.29 meters
[DroneInstance 0] _complete_current_waypoint: idx=14, hold_duration=0, is_holding=False, hold_start_time=None
[DroneInstance 0]  Advancing from waypoint #15 to #16
[DroneInstance 0] Distance to waypoint: 0.51 meters
[DroneInstance 0] LatencyProbe | Sent pos command at 17376.601226
[DroneInstance 0] Distance to waypoint: 0.33 meters
[DroneInstance 0] _complete_current_waypoint: idx=15, hold_duration=0, is_holding=False, hold_start_time=None
[DroneInstance 0]  Advancing from waypoint #16 to #17
[DroneInstance 0] Distance to waypoint: 0.54 meters
[DroneInstance 0] LatencyProbe | Sent pos command at 17378.601178
[DroneInstance 0] Distance to waypoint: 0.33 meters
[DroneInstance 0] _complete_current_waypoint: idx=16, hold_duration=0, is_holding=False, hold_start_time=None
[DroneInstance 0]  Advancing from waypoint #17 to #18
[DroneInstance 0] Distance to waypoint: 0.57 meters
[DroneInstance 0] LatencyProbe | Sent pos command at 17380.601121
[DroneInstance 0] Distance to waypoint: 0.30 meters
[DroneInstance 0] _complete_current_waypoint: idx=17, hold_duration=0, is_holding=False, hold_start_time=None
[DroneInstance 0]  Advancing from waypoint #18 to #19
[DroneInstance 0] Distance to waypoint: 0.54 meters
[DroneInstance 0] LatencyProbe | Sent pos command at 17382.601187
[DroneInstance 0] Distance to waypoint: 0.29 meters
[DroneInstance 0] _complete_current_waypoint: idx=18, hold_duration=0, is_holding=False, hold_start_time=None
[DroneInstance 0]  Advancing from waypoint #19 to #20
[DroneInstance 0] Distance to waypoint: 0.53 meters
[DroneInstance 0] LatencyProbe | Sent pos command at 17384.601030
[DroneInstance 0] Distance to waypoint: 0.28 meters
[DroneInstance 0] _complete_current_waypoint: idx=19, hold_duration=0, is_holding=False, hold_start_time=None
[DroneInstance 0]  Advancing from waypoint #20 to #21
[DroneInstance 0] Distance to waypoint: 0.50 meters
[DroneInstance 0] LatencyProbe | Sent pos command at 17386.601052
[DroneInstance 0] Distance to waypoint: 0.31 meters
[DroneInstance 0] _complete_current_waypoint: idx=20, hold_duration=0, is_holding=False, hold_start_time=None
[DroneInstance 0]  Advancing from waypoint #21 to #22
[DroneInstance 0] Distance to waypoint: 0.55 meters
[DroneInstance 0] LatencyProbe | Sent pos command at 17388.601014
[DroneInstance 0] Distance to waypoint: 0.34 meters
[DroneInstance 0] _complete_current_waypoint: idx=21, hold_duration=0, is_holding=False, hold_start_time=None
[DroneInstance 0]  Advancing from waypoint #22 to #23
[DroneInstance 0] Distance to waypoint: 0.58 meters
[DroneInstance 0] LatencyProbe | Sent pos command at 17390.600725
[DroneInstance 0] Distance to waypoint: 0.31 meters
[DroneInstance 0] _complete_current_waypoint: idx=22, hold_duration=0, is_holding=False, hold_start_time=None
[DroneInstance 0]  Advancing from waypoint #23 to #24
[DroneInstance 0] Distance to waypoint: 0.55 meters
[DroneInstance 0] LatencyProbe | Sent pos command at 17392.600575
[DroneInstance 0] Distance to waypoint: 0.30 meters
[DroneInstance 0] _complete_current_waypoint: idx=23, hold_duration=0, is_holding=False, hold_start_time=None
[DroneInstance 0]  Advancing from waypoint #24 to #25
[DroneInstance 0] Distance to waypoint: 0.55 meters
[DroneInstance 0] LatencyProbe | Sent pos command at 17394.601009
[DroneInstance 0] Distance to waypoint: 0.30 meters
[DroneInstance 0] _complete_current_waypoint: idx=24, hold_duration=0, is_holding=False, hold_start_time=None
[DroneInstance 0]  Advancing from waypoint #25 to #26
[DroneInstance 0] Distance to waypoint: 3.29 meters
[DroneInstance 0] LatencyProbe | Sent pos command at 17396.601194
[DroneInstance 0] Distance to waypoint: 2.67 meters
[DroneInstance 0] Distance to waypoint: 0.80 meters
[DroneInstance 0] Distance to waypoint: 0.07 meters
[DroneInstance 0] _complete_current_waypoint: idx=25, hold_duration=0, is_holding=False, hold_start_time=None
[DroneInstance 0]  Advancing from waypoint #26 to #27
[DroneInstance 0] Distance to waypoint: 0.57 meters
[DroneInstance 0] LatencyProbe | Sent pos command at 17400.601096
[DroneInstance 0] Distance to waypoint: 0.34 meters
[DroneInstance 0] _complete_current_waypoint: idx=26, hold_duration=0, is_holding=False, hold_start_time=None
[DroneInstance 0]  Advancing from waypoint #27 to #28
[DroneInstance 0] Distance to waypoint: 0.57 meters
[DroneInstance 0] LatencyProbe | Sent pos command at 17402.600883
[DroneInstance 0] Distance to waypoint: 0.31 meters
[DroneInstance 0] _complete_current_waypoint: idx=27, hold_duration=0, is_holding=False, hold_start_time=None
[DroneInstance 0]  Advancing from waypoint #28 to #29
[DroneInstance 0] Distance to waypoint: 0.55 meters
[DroneInstance 0] LatencyProbe | Sent pos command at 17404.601221
[DroneInstance 0] Distance to waypoint: 0.29 meters
[DroneInstance 0] _complete_current_waypoint: idx=28, hold_duration=0, is_holding=False, hold_start_time=None
[DroneInstance 0]  Advancing from waypoint #29 to #30
[DroneInstance 0] Distance to waypoint: 0.55 meters
[DroneInstance 0] LatencyProbe | Sent pos command at 17406.601104
[DroneInstance 0] Distance to waypoint: 0.29 meters
[DroneInstance 0] _complete_current_waypoint: idx=29, hold_duration=0, is_holding=False, hold_start_time=None
[DroneInstance 0]  Advancing from waypoint #30 to #31
[DroneInstance 0] Distance to waypoint: 0.49 meters
[DroneInstance 0] _complete_current_waypoint: idx=30, hold_duration=0, is_holding=False, hold_start_time=None
[DroneInstance 0]  Advancing from waypoint #31 to #32
[DroneInstance 0] Distance to waypoint: 0.72 meters
[DroneInstance 0] LatencyProbe | Sent pos command at 17409.600259
[DroneInstance 0] Distance to waypoint: 0.45 meters
[DroneInstance 0] _complete_current_waypoint: idx=31, hold_duration=0, is_holding=False, hold_start_time=None
[DroneInstance 0]  Advancing from waypoint #32 to #33
[DroneInstance 0] Distance to waypoint: 0.56 meters
[DroneInstance 0] LatencyProbe | Sent pos command at 17411.601023
[DroneInstance 0] Distance to waypoint: 0.28 meters
[DroneInstance 0] _complete_current_waypoint: idx=32, hold_duration=0, is_holding=False, hold_start_time=None
[DroneInstance 0]  Advancing from waypoint #33 to #34
[DroneInstance 0] Distance to waypoint: 0.53 meters
[DroneInstance 0] LatencyProbe | Sent pos command at 17413.601060
[DroneInstance 0] Distance to waypoint: 0.27 meters
[DroneInstance 0] _complete_current_waypoint: idx=33, hold_duration=0, is_holding=False, hold_start_time=None
[DroneInstance 0]  Advancing from waypoint #34 to #35
[DroneInstance 0] Distance to waypoint: 0.52 meters
[DroneInstance 0] LatencyProbe | Sent pos command at 17415.600329
[DroneInstance 0] Distance to waypoint: 0.26 meters
[DroneInstance 0] _complete_current_waypoint: idx=34, hold_duration=0, is_holding=False, hold_start_time=None
[DroneInstance 0]  Advancing from waypoint #35 to #36
[DroneInstance 0] Distance to waypoint: 0.49 meters
[DroneInstance 0] _complete_current_waypoint: idx=35, hold_duration=0, is_holding=False, hold_start_time=None
[DroneInstance 0]  Advancing from waypoint #36 to #37
[DroneInstance 0] Distance to waypoint: 0.74 meters
[DroneInstance 0] LatencyProbe | Sent pos command at 17418.601112
[DroneInstance 0] Distance to waypoint: 0.48 meters
[DroneInstance 0] _complete_current_waypoint: idx=36, hold_duration=0, is_holding=False, hold_start_time=None
[DroneInstance 0]  Advancing from waypoint #37 to #38
[DroneInstance 0] Distance to waypoint: 0.60 meters
[DroneInstance 0] LatencyProbe | Sent pos command at 17420.601031
[DroneInstance 0] Distance to waypoint: 0.32 meters
[DroneInstance 0] _complete_current_waypoint: idx=37, hold_duration=0, is_holding=False, hold_start_time=None
[DroneInstance 0]  Advancing from waypoint #38 to #39
[DroneInstance 0] Distance to waypoint: 0.56 meters
[DroneInstance 0] LatencyProbe | Sent pos command at 17422.601185
[DroneInstance 0] Distance to waypoint: 0.30 meters
[DroneInstance 0] _complete_current_waypoint: idx=38, hold_duration=0, is_holding=False, hold_start_time=None
[DroneInstance 0]  Advancing from waypoint #39 to #40
[DroneInstance 0] Distance to waypoint: 0.55 meters
[DroneInstance 0] LatencyProbe | Sent pos command at 17424.600316
[DroneInstance 0] Distance to waypoint: 0.30 meters
[DroneInstance 0] _complete_current_waypoint: idx=39, hold_duration=0, is_holding=False, hold_start_time=None
[DroneInstance 0]  Advancing from waypoint #40 to #41
[DroneInstance 0] Distance to waypoint: 0.49 meters
[DroneInstance 0] _complete_current_waypoint: idx=40, hold_duration=0, is_holding=False, hold_start_time=None
[DroneInstance 0]  Advancing from waypoint #41 to #42
[DroneInstance 0] Distance to waypoint: 0.72 meters
[DroneInstance 0] LatencyProbe | Sent pos command at 17427.601070
[DroneInstance 0] Distance to waypoint: 0.45 meters
[DroneInstance 0] _complete_current_waypoint: idx=41, hold_duration=0, is_holding=False, hold_start_time=None
[DroneInstance 0]  Advancing from waypoint #42 to #43
[DroneInstance 0] Distance to waypoint: 0.56 meters
[DroneInstance 0] LatencyProbe | Sent pos command at 17429.601077
[DroneInstance 0] Distance to waypoint: 0.37 meters
[DroneInstance 0] _complete_current_waypoint: idx=42, hold_duration=0, is_holding=False, hold_start_time=None
[DroneInstance 0]  Advancing from waypoint #43 to #44
[DroneInstance 0] Distance to waypoint: 0.52 meters
[DroneInstance 0] LatencyProbe | Sent pos command at 17431.601030
[DroneInstance 0] Distance to waypoint: 0.35 meters
[DroneInstance 0] _complete_current_waypoint: idx=43, hold_duration=0, is_holding=False, hold_start_time=None
[DroneInstance 0]  Advancing from waypoint #44 to #45
[DroneInstance 0] Distance to waypoint: 0.56 meters
[DroneInstance 0] LatencyProbe | Sent pos command at 17433.601227
[DroneInstance 0] Distance to waypoint: 0.35 meters
[DroneInstance 0] _complete_current_waypoint: idx=44, hold_duration=0, is_holding=False, hold_start_time=None
[DroneInstance 0]  Advancing from waypoint #45 to #46
[DroneInstance 0] Distance to waypoint: 0.49 meters
[DroneInstance 0] _complete_current_waypoint: idx=45, hold_duration=0, is_holding=False, hold_start_time=None
[DroneInstance 0]  Advancing from waypoint #46 to #47
[DroneInstance 0] Distance to waypoint: 0.74 meters
[DroneInstance 0] LatencyProbe | Sent pos command at 17436.600164
[DroneInstance 0] Distance to waypoint: 0.60 meters
[DroneInstance 0] Distance to waypoint: 0.17 meters
[DroneInstance 0] _complete_current_waypoint: idx=46, hold_duration=0, is_holding=False, hold_start_time=None
[DroneInstance 0]  Advancing from waypoint #47 to #48
[DroneInstance 0] Distance to waypoint: 0.52 meters
[DroneInstance 0] LatencyProbe | Sent pos command at 17439.601018
[DroneInstance 0] Distance to waypoint: 0.40 meters
[DroneInstance 0] _complete_current_waypoint: idx=47, hold_duration=0, is_holding=False, hold_start_time=None
[DroneInstance 0]  Advancing from waypoint #48 to #49
[DroneInstance 0] Distance to waypoint: 0.61 meters
[DroneInstance 0] LatencyProbe | Sent pos command at 17441.601113
[DroneInstance 0] Distance to waypoint: 0.39 meters
[DroneInstance 0] _complete_current_waypoint: idx=48, hold_duration=0, is_holding=False, hold_start_time=None
[DroneInstance 0]  Advancing from waypoint #49 to #50
[DroneInstance 0] Distance to waypoint: 0.60 meters
[DroneInstance 0] LatencyProbe | Sent pos command at 17443.600943
[DroneInstance 0] Distance to waypoint: 0.39 meters
[DroneInstance 0] _complete_current_waypoint: idx=49, hold_duration=0, is_holding=False, hold_start_time=None
[DroneInstance 0]  Advancing from waypoint #50 to #51
[DroneInstance 0] Distance to waypoint: 3.26 meters
[DroneInstance 0] LatencyProbe | Sent pos command at 17445.601077
[DroneInstance 0] Distance to waypoint: 3.03 meters
[DroneInstance 0] Distance to waypoint: 1.18 meters
[DroneInstance 0] Distance to waypoint: 0.09 meters
[DroneInstance 0] _complete_current_waypoint: idx=50, hold_duration=0, is_holding=False, hold_start_time=None
[DroneInstance 0]  Advancing from waypoint #51 to #52
[DroneInstance 0] Distance to waypoint: 0.60 meters
[DroneInstance 0] LatencyProbe | Sent pos command at 17449.601181
[DroneInstance 0] Distance to waypoint: 0.46 meters
[DroneInstance 0] _complete_current_waypoint: idx=51, hold_duration=0, is_holding=False, hold_start_time=None
[DroneInstance 0]  Advancing from waypoint #52 to #53
[DroneInstance 0] Distance to waypoint: 0.64 meters
[DroneInstance 0] LatencyProbe | Sent pos command at 17451.600327
[DroneInstance 0] Distance to waypoint: 0.40 meters
[DroneInstance 0] _complete_current_waypoint: idx=52, hold_duration=0, is_holding=False, hold_start_time=None
[DroneInstance 0]  Advancing from waypoint #53 to #54
[DroneInstance 0] Distance to waypoint: 0.60 meters
[DroneInstance 0] LatencyProbe | Sent pos command at 17453.601163
[DroneInstance 0] Distance to waypoint: 0.38 meters
[DroneInstance 0] _complete_current_waypoint: idx=53, hold_duration=0, is_holding=False, hold_start_time=None
[DroneInstance 0]  Advancing from waypoint #54 to #55
[DroneInstance 0] Distance to waypoint: 0.59 meters
[DroneInstance 0] LatencyProbe | Sent pos command at 17455.601169
[DroneInstance 0] Distance to waypoint: 0.38 meters
[DroneInstance 0] _complete_current_waypoint: idx=54, hold_duration=0, is_holding=False, hold_start_time=None
[DroneInstance 0]  Advancing from waypoint #55 to #56
[DroneInstance 0] Distance to waypoint: 0.49 meters
[DroneInstance 0] _complete_current_waypoint: idx=55, hold_duration=0, is_holding=False, hold_start_time=None
[DroneInstance 0]  Advancing from waypoint #56 to #57
[DroneInstance 0] Distance to waypoint: 0.72 meters
[DroneInstance 0] LatencyProbe | Sent pos command at 17458.601094
[DroneInstance 0] Distance to waypoint: 0.57 meters
[DroneInstance 0] Distance to waypoint: 0.13 meters
[DroneInstance 0] _complete_current_waypoint: idx=56, hold_duration=0, is_holding=False, hold_start_time=None
[DroneInstance 0]  Advancing from waypoint #57 to #58
[DroneInstance 0] Distance to waypoint: 0.48 meters
[DroneInstance 0] _complete_current_waypoint: idx=57, hold_duration=0, is_holding=False, hold_start_time=None
[DroneInstance 0]  Advancing from waypoint #58 to #59
[DroneInstance 0] Distance to waypoint: 0.97 meters
[DroneInstance 0] LatencyProbe | Sent pos command at 17462.601170
[DroneInstance 0] Distance to waypoint: 0.79 meters
[DroneInstance 0] Distance to waypoint: 0.20 meters
[DroneInstance 0] _complete_current_waypoint: idx=58, hold_duration=0, is_holding=False, hold_start_time=None
[DroneInstance 0]  Advancing from waypoint #59 to #60
[DroneInstance 0] Distance to waypoint: 0.46 meters
[DroneInstance 0] _complete_current_waypoint: idx=59, hold_duration=0, is_holding=False, hold_start_time=None
[DroneInstance 0]  Advancing from waypoint #60 to #61
[DroneInstance 0] Distance to waypoint: 0.66 meters
[DroneInstance 0] LatencyProbe | Sent pos command at 17466.601075
[DroneInstance 0] Distance to waypoint: 0.52 meters
[DroneInstance 0] Distance to waypoint: 0.11 meters
[DroneInstance 0] _complete_current_waypoint: idx=60, hold_duration=0, is_holding=False, hold_start_time=None
[DroneInstance 0]  Advancing from waypoint #61 to #62
[DroneInstance 0] Distance to waypoint: 0.54 meters
[DroneInstance 0] LatencyProbe | Sent pos command at 17469.600298
[DroneInstance 0] Distance to waypoint: 0.43 meters
[DroneInstance 0] _complete_current_waypoint: idx=61, hold_duration=0, is_holding=False, hold_start_time=None
[DroneInstance 0]  Advancing from waypoint #62 to #63
[DroneInstance 0] Distance to waypoint: 0.64 meters
[DroneInstance 0] LatencyProbe | Sent pos command at 17471.600813
[DroneInstance 0] Distance to waypoint: 0.40 meters
[DroneInstance 0] _complete_current_waypoint: idx=62, hold_duration=0, is_holding=False, hold_start_time=None
[DroneInstance 0]  Advancing from waypoint #63 to #64
[DroneInstance 0] Distance to waypoint: 0.60 meters
[DroneInstance 0] LatencyProbe | Sent pos command at 17473.601128
[DroneInstance 0] Distance to waypoint: 0.38 meters
[DroneInstance 0] _complete_current_waypoint: idx=63, hold_duration=0, is_holding=False, hold_start_time=None
[DroneInstance 0]  Advancing from waypoint #64 to #65
[DroneInstance 0] Distance to waypoint: 0.59 meters
[DroneInstance 0] LatencyProbe | Sent pos command at 17475.601152
[DroneInstance 0] Distance to waypoint: 0.38 meters
[DroneInstance 0] _complete_current_waypoint: idx=64, hold_duration=0, is_holding=False, hold_start_time=None
[DroneInstance 0]  Advancing from waypoint #65 to #66
[DroneInstance 0] Distance to waypoint: 0.50 meters
[DroneInstance 0] _complete_current_waypoint: idx=65, hold_duration=0, is_holding=False, hold_start_time=None
[DroneInstance 0]  Advancing from waypoint #66 to #67
[DroneInstance 0] Distance to waypoint: 0.71 meters
[DroneInstance 0] LatencyProbe | Sent pos command at 17478.600443
[DroneInstance 0] Distance to waypoint: 0.56 meters
[DroneInstance 0] Distance to waypoint: 0.12 meters
[DroneInstance 0] _complete_current_waypoint: idx=66, hold_duration=0, is_holding=False, hold_start_time=None
[DroneInstance 0]  Advancing from waypoint #67 to #68
[DroneInstance 0] Distance to waypoint: 0.48 meters
[DroneInstance 0] _complete_current_waypoint: idx=67, hold_duration=0, is_holding=False, hold_start_time=None
[DroneInstance 0]  Advancing from waypoint #68 to #69
[DroneInstance 0] Distance to waypoint: 0.97 meters
[DroneInstance 0] LatencyProbe | Sent pos command at 17482.600125
[DroneInstance 0] Distance to waypoint: 0.78 meters
[DroneInstance 0] Distance to waypoint: 0.19 meters
[DroneInstance 0] _complete_current_waypoint: idx=68, hold_duration=0, is_holding=False, hold_start_time=None
[DroneInstance 0]  Advancing from waypoint #69 to #70
[DroneInstance 0] Distance to waypoint: 0.46 meters
[DroneInstance 0] _complete_current_waypoint: idx=69, hold_duration=0, is_holding=False, hold_start_time=None
[DroneInstance 0]  Advancing from waypoint #70 to #71
[DroneInstance 0] Distance to waypoint: 0.66 meters
[DroneInstance 0] LatencyProbe | Sent pos command at 17486.601071
[DroneInstance 0] Distance to waypoint: 0.52 meters
[DroneInstance 0] Distance to waypoint: 0.11 meters
[DroneInstance 0] _complete_current_waypoint: idx=70, hold_duration=0, is_holding=False, hold_start_time=None
[DroneInstance 0]  Advancing from waypoint #71 to #72
[DroneInstance 0] Distance to waypoint: 0.55 meters
[DroneInstance 0] LatencyProbe | Sent pos command at 17489.601043
[DroneInstance 0] Distance to waypoint: 0.43 meters
[DroneInstance 0] _complete_current_waypoint: idx=71, hold_duration=0, is_holding=False, hold_start_time=None
[DroneInstance 0]  Advancing from waypoint #72 to #73
[DroneInstance 0] Distance to waypoint: 0.63 meters
[DroneInstance 0] LatencyProbe | Sent pos command at 17491.601160
[DroneInstance 0] Distance to waypoint: 0.40 meters
[DroneInstance 0] _complete_current_waypoint: idx=72, hold_duration=0, is_holding=False, hold_start_time=None
[DroneInstance 0]  Advancing from waypoint #73 to #74
[DroneInstance 0] Distance to waypoint: 0.60 meters
[DroneInstance 0] LatencyProbe | Sent pos command at 17493.601145
[DroneInstance 0] Distance to waypoint: 0.37 meters
[DroneInstance 0] _complete_current_waypoint: idx=73, hold_duration=0, is_holding=False, hold_start_time=None
[DroneInstance 0]  Advancing from waypoint #74 to #75
[DroneInstance 0] Distance to waypoint: 0.59 meters
[DroneInstance 0] LatencyProbe | Sent pos command at 17495.601085
[DroneInstance 0] Distance to waypoint: 0.37 meters
[DroneInstance 0] _complete_current_waypoint: idx=74, hold_duration=0, is_holding=False, hold_start_time=None
[DroneInstance 0]  Advancing from waypoint #75 to #76
[DroneInstance 0] Mission 'Mission_7939' complete.
[DroneInstance 0] Resuming paused mission 'Mission_3070' from waypoint 0.
[DroneInstance 0] Distance to waypoint: 8.35 meters
[DroneInstance 0] LatencyProbe | Sent pos command at 17498.600089
[DroneInstance 0] Distance to waypoint: 8.03 meters
[DroneInstance 0] Distance to waypoint: 5.79 meters
[DroneInstance 0] Distance to waypoint: 2.86 meters
[DroneInstance 0] Distance to waypoint: 0.59 meters
[DroneInstance 0] Distance to waypoint: 0.25 meters
[DroneInstance 0] _complete_current_waypoint: idx=0, hold_duration=0, is_holding=False, hold_start_time=None
[DroneInstance 0]  Advancing from waypoint #1 to #2
[DroneInstance 0] Distance to waypoint: 8.50 meters
[DroneInstance 0] LatencyProbe | Sent pos command at 17504.600859
[DroneInstance 0] Distance to waypoint: 8.12 meters
[DroneInstance 0] Distance to waypoint: 5.46 meters
[DroneInstance 0] Distance to waypoint: 2.26 meters
[DroneInstance 0] Distance to waypoint: 0.43 meters
[DroneInstance 0] _complete_current_waypoint: idx=1, hold_duration=0, is_holding=False, hold_start_time=None
[DroneInstance 0]  Advancing from waypoint #2 to #3
[DroneInstance 0] Distance to waypoint: 11.13 meters
[DroneInstance 0] LatencyProbe | Sent pos command at 17509.601013
[DroneInstance 0] Distance to waypoint: 10.75 meters
[DroneInstance 0] Distance to waypoint: 7.91 meters
[DroneInstance 0] Distance to waypoint: 4.07 meters
[DroneInstance 0] Distance to waypoint: 1.25 meters
[DroneInstance 0] Distance to waypoint: 0.11 meters
[DroneInstance 0] _complete_current_waypoint: idx=2, hold_duration=0, is_holding=False, hold_start_time=None
[DroneInstance 0]  Advancing from waypoint #3 to #4
[DroneInstance 0] Distance to waypoint: 11.40 meters
[DroneInstance 0] LatencyProbe | Sent pos command at 17515.600768
[DroneInstance 0] Distance to waypoint: 11.02 meters
[DroneInstance 0] Distance to waypoint: 8.43 meters
[DroneInstance 0] Distance to waypoint: 4.54 meters
[DroneInstance 0] Distance to waypoint: 1.50 meters
[DroneInstance 0] Distance to waypoint: 0.06 meters
[DroneInstance 0] _complete_current_waypoint: idx=3, hold_duration=0, is_holding=False, hold_start_time=None
[DroneInstance 0]  Advancing from waypoint #4 to #5
[DroneInstance 0] Distance to waypoint: 11.48 meters
[DroneInstance 0] LatencyProbe | Sent pos command at 17521.601094
[DroneInstance 0] Distance to waypoint: 11.12 meters
[DroneInstance 0] Distance to waypoint: 8.53 meters
[DroneInstance 0] Distance to waypoint: 4.57 meters
[DroneInstance 0] Distance to waypoint: 1.48 meters
[DroneInstance 0] Distance to waypoint: 0.10 meters
[DroneInstance 0] _complete_current_waypoint: idx=4, hold_duration=0, is_holding=False, hold_start_time=None
[DroneInstance 0]  Advancing from waypoint #5 to #6
[DroneInstance 0] Distance to waypoint: 13.58 meters
[DroneInstance 0] LatencyProbe | Sent pos command at 17527.601161
[DroneInstance 0] Distance to waypoint: 13.16 meters
[DroneInstance 0] Distance to waypoint: 10.47 meters
[DroneInstance 0] Distance to waypoint: 6.07 meters
[DroneInstance 0] Distance to waypoint: 2.41 meters
[DroneInstance 0] Distance to waypoint: 0.23 meters
[DroneInstance 0] _complete_current_waypoint: idx=5, hold_duration=0, is_holding=False, hold_start_time=None
[DroneInstance 0]  Advancing from waypoint #6 to #7
[DroneInstance 0] Mission 'Mission_3070' complete.
[DroneInstance 0] Shutting down DroneInstance...
