[DroneInstance 0] Initializing DroneInstance with domain ID 0 [SAFE mode]
[DroneInstance 0] LatencyProbe | Received N/A id=4b6fa89a-4ee9-4f65-82ad-5d9e7ca293a6 at 466.826129
[DroneInstance 0] Received message from Unity: {'type': 'add_mission', 'mission_id': 'Mission_6723', 'waypoints': [{'coords': [1.9825832843780518, 6.6748504638671875, 2.410344123840332], 'hold': 0.0}, {'coords': [8.760801315307617, 3.4041526317596436, 3.8850855827331543], 'hold': 0.0}, {'coords': [7.968687057495117, 7.53665828704834, 6.418318748474121], 'hold': 0.0}, {'coords': [3.346712827682495, 9.493528366088867, 5.762691497802734], 'hold': 0.0}], 'mode': 'once', 'patrol_loops': 1, 'priority': 1, 'preempt': False}
[DroneInstance 0] Mission 'Mission_6723' added with priority 1 and 4 waypoints.
[DroneInstance 0] Resetting takeoff flags (drone on ground).
[DroneInstance 0] Starting mission: Mission_6723
[DroneInstance 0] Drone not armed. Sending arm command.
[DroneInstance 0] Switching to GUIDED mode.
[DroneInstance 0] Initiating takeoff to 2.0m.
[DroneInstance 0] Waiting to reach takeoff altitude: z=-0.01
[DroneInstance 0] Waiting to reach takeoff altitude: z=0.14
[DroneInstance 0] Waiting to reach takeoff altitude: z=1.24
[DroneInstance 0] Reached takeoff altitude. Starting mission.
[DroneInstance 0] Distance to waypoint: 6.98 meters
[DroneInstance 0] LatencyProbe | Sent pos command at 473.911574
[DroneInstance 0] Distance to waypoint: 6.44 meters
[DroneInstance 0] Distance to waypoint: 3.85 meters
[DroneInstance 0] Distance to waypoint: 1.28 meters
[DroneInstance 0] Distance to waypoint: 0.05 meters
[DroneInstance 0] _complete_current_waypoint: idx=0, hold_duration=0.0, is_holding=False, hold_start_time=None
[DroneInstance 0]  Advancing from waypoint #1 to #2
[DroneInstance 0] Distance to waypoint: 7.69 meters
[DroneInstance 0] LatencyProbe | Sent pos command at 478.911266
[DroneInstance 0] Distance to waypoint: 7.09 meters
[DroneInstance 0] Distance to waypoint: 4.32 meters
[DroneInstance 0] Distance to waypoint: 1.53 meters
[DroneInstance 0] Distance to waypoint: 0.09 meters
[DroneInstance 0] _complete_current_waypoint: idx=1, hold_duration=0.0, is_holding=False, hold_start_time=None
[DroneInstance 0]  Advancing from waypoint #2 to #3
[DroneInstance 0] Distance to waypoint: 5.00 meters
[DroneInstance 0] LatencyProbe | Sent pos command at 483.911310
[DroneInstance 0] Distance to waypoint: 4.32 meters
[DroneInstance 0] Distance to waypoint: 1.86 meters
[DroneInstance 0] Distance to waypoint: 0.26 meters
[DroneInstance 0] _complete_current_waypoint: idx=2, hold_duration=0.0, is_holding=False, hold_start_time=None
[DroneInstance 0]  Advancing from waypoint #3 to #4
[DroneInstance 0] Distance to waypoint: 5.00 meters
[DroneInstance 0] LatencyProbe | Sent pos command at 487.910284
[DroneInstance 0] Distance to waypoint: 4.47 meters
[DroneInstance 0] Distance to waypoint: 2.19 meters
[DroneInstance 0] Distance to waypoint: 0.38 meters
[DroneInstance 0] _complete_current_waypoint: idx=3, hold_duration=0.0, is_holding=False, hold_start_time=None
[DroneInstance 0]  Advancing from waypoint #4 to #5
[DroneInstance 0] LatencyProbe | Received N/A id=86d1d052-1c43-42a3-9ee0-7c97f3d2441d at 491.610564
[DroneInstance 0] Received message from Unity: {'type': 'map_area', 'mission_id': 'Mission_5831', 'points': [{'x': 1.8482067584991455, 'y': 4.263230800628662, 'z': 2.44976806640625}, {'x': 1.7859783172607422, 'y': 4.656125545501709, 'z': 2.44976806640625}, {'x': 1.605384349822998, 'y': 5.010560989379883, 'z': 2.44976806640625}, {'x': 1.3241028785705566, 'y': 5.291842460632324, 'z': 2.44976806640625}, {'x': 0.969667375087738, 'y': 5.472436428070068, 'z': 2.44976806640625}, {'x': 0.5767726302146912, 'y': 5.534664630889893, 'z': 2.44976806640625}, {'x': 0.18387794494628906, 'y': 5.472436428070068, 'z': 2.44976806640625}, {'x': -0.1705576777458191, 'y': 5.291842460632324, 'z': 2.44976806640625}, {'x': -0.4518390893936157, 'y': 5.010560989379883, 'z': 2.44976806640625}, {'x': -0.6324328184127808, 'y': 4.656125545501709, 'z': 2.44976806640625}, {'x': -0.6946612596511841, 'y': 4.263230800628662, 'z': 2.44976806640625}, {'x': -0.6324326992034912, 'y': 3.870335817337036, 'z': 2.44976806640625}, {'x': -0.45183897018432617, 'y': 3.5159006118774414, 'z': 2.44976806640625}, {'x': -0.1705572009086609, 'y': 3.234619140625, 'z': 2.44976806640625}, {'x': 0.18387842178344727, 'y': 3.054025173187256, 'z': 2.44976806640625}, {'x': 0.5767726898193359, 'y': 2.9917969703674316, 'z': 2.44976806640625}, {'x': 0.9696675539016724, 'y': 3.054025173187256, 'z': 2.44976806640625}, {'x': 1.3241031169891357, 'y': 3.234619379043579, 'z': 2.44976806640625}, {'x': 1.605384349822998, 'y': 3.5159006118774414, 'z': 2.44976806640625}, {'x': 1.7859783172607422, 'y': 3.8703360557556152, 'z': 2.44976806640625}, {'x': 1.8482067584991455, 'y': 4.263230800628662, 'z': 6.687880992889404}, {'x': 1.7859783172607422, 'y': 4.656125545501709, 'z': 6.687880992889404}, {'x': 1.605384349822998, 'y': 5.010560989379883, 'z': 6.687880992889404}, {'x': 1.3241028785705566, 'y': 5.291842460632324, 'z': 6.687880992889404}, {'x': 0.969667375087738, 'y': 5.472436428070068, 'z': 6.687880992889404}, {'x': 0.5767726302146912, 'y': 5.534664630889893, 'z': 6.687880992889404}, {'x': 0.18387794494628906, 'y': 5.472436428070068, 'z': 6.687880992889404}, {'x': -0.1705576777458191, 'y': 5.291842460632324, 'z': 6.687880992889404}, {'x': -0.4518390893936157, 'y': 5.010560989379883, 'z': 6.687880992889404}, {'x': -0.6324328184127808, 'y': 4.656125545501709, 'z': 6.687880992889404}, {'x': -0.6946612596511841, 'y': 4.263230800628662, 'z': 6.687880992889404}, {'x': -0.6324326992034912, 'y': 3.870335817337036, 'z': 6.687880992889404}, {'x': -0.45183897018432617, 'y': 3.5159006118774414, 'z': 6.687880992889404}, {'x': -0.1705572009086609, 'y': 3.234619140625, 'z': 6.687880992889404}, {'x': 0.18387842178344727, 'y': 3.054025173187256, 'z': 6.687880992889404}, {'x': 0.5767726898193359, 'y': 2.9917969703674316, 'z': 6.687880992889404}, {'x': 0.9696675539016724, 'y': 3.054025173187256, 'z': 6.687880992889404}, {'x': 1.3241031169891357, 'y': 3.234619379043579, 'z': 6.687880992889404}, {'x': 1.605384349822998, 'y': 3.5159006118774414, 'z': 6.687880992889404}, {'x': 1.7859783172607422, 'y': 3.8703360557556152, 'z': 6.687880992889404}], 'grid_spacing': 0.4298231303691864, 'vertical_step': 1.412704348564148, 'priority': 1, 'preempt': False}
[DroneInstance 0] Mission 'Mission_5831' added with priority 1 and 75 waypoints.
[DroneInstance 0] {'type': 'add_mission', 'mission_id': 'Mission_5831', 'waypoints': [(1.454454392194748, 3.421620100736618, 2.44976806640625), (1.0246312618255615, 3.421620100736618, 2.44976806640625), (0.5948081314563751, 3.421620100736618, 2.44976806640625), (0.16498500108718872, 3.421620100736618, 2.44976806640625), (-0.2648381292819977, 3.421620100736618, 2.44976806640625), (-0.2648381292819977, 3.8514432311058044, 2.44976806640625), (0.16498500108718872, 3.8514432311058044, 2.44976806640625), (0.5948081314563751, 3.8514432311058044, 2.44976806640625), (1.0246312618255615, 3.8514432311058044, 2.44976806640625), (1.454454392194748, 3.8514432311058044, 2.44976806640625), (1.454454392194748, 4.281266361474991, 2.44976806640625), (1.0246312618255615, 4.281266361474991, 2.44976806640625), (0.5948081314563751, 4.281266361474991, 2.44976806640625), (0.16498500108718872, 4.281266361474991, 2.44976806640625), (-0.2648381292819977, 4.281266361474991, 2.44976806640625), (-0.2648381292819977, 4.711089491844177, 2.44976806640625), (0.16498500108718872, 4.711089491844177, 2.44976806640625), (0.5948081314563751, 4.711089491844177, 2.44976806640625), (1.0246312618255615, 4.711089491844177, 2.44976806640625), (1.454454392194748, 4.711089491844177, 2.44976806640625), (1.454454392194748, 5.140912622213364, 2.44976806640625), (1.0246312618255615, 5.140912622213364, 2.44976806640625), (0.5948081314563751, 5.140912622213364, 2.44976806640625), (0.16498500108718872, 5.140912622213364, 2.44976806640625), (-0.2648381292819977, 5.140912622213364, 2.44976806640625), (1.454454392194748, 3.421620100736618, 3.862472414970398), (1.0246312618255615, 3.421620100736618, 3.862472414970398), (0.594808131456375, 3.421620100736618, 3.862472414970398), (0.1649850010871886, 3.421620100736618, 3.862472414970398), (-0.2648381292819978, 3.421620100736618, 3.862472414970398), (-0.2648381292819978, 3.8514432311058044, 3.862472414970398), (0.1649850010871886, 3.8514432311058044, 3.862472414970398), (0.594808131456375, 3.8514432311058044, 3.862472414970398), (1.0246312618255615, 3.8514432311058044, 3.862472414970398), (1.454454392194748, 3.8514432311058044, 3.862472414970398), (1.454454392194748, 4.281266361474991, 3.862472414970398), (1.0246312618255615, 4.281266361474991, 3.862472414970398), (0.594808131456375, 4.281266361474991, 3.862472414970398), (0.1649850010871886, 4.281266361474991, 3.862472414970398), (-0.2648381292819978, 4.281266361474991, 3.862472414970398), (-0.2648381292819978, 4.711089491844177, 3.862472414970398), (0.1649850010871886, 4.711089491844177, 3.862472414970398), (0.594808131456375, 4.711089491844177, 3.862472414970398), (1.0246312618255615, 4.711089491844177, 3.862472414970398), (1.454454392194748, 4.711089491844177, 3.862472414970398), (1.454454392194748, 5.140912622213364, 3.862472414970398), (1.0246312618255615, 5.140912622213364, 3.862472414970398), (0.594808131456375, 5.140912622213364, 3.862472414970398), (0.1649850010871886, 5.140912622213364, 3.862472414970398), (-0.2648381292819978, 5.140912622213364, 3.862472414970398), (1.454454392194748, 3.421620100736618, 5.275176763534546), (1.0246312618255615, 3.421620100736618, 5.275176763534546), (0.5948081314563752, 3.421620100736618, 5.275176763534546), (0.16498500108718883, 3.421620100736618, 5.275176763534546), (-0.26483812928199757, 3.421620100736618, 5.275176763534546), (-0.26483812928199757, 3.8514432311058044, 5.275176763534546), (0.16498500108718883, 3.8514432311058044, 5.275176763534546), (0.5948081314563752, 3.8514432311058044, 5.275176763534546), (1.0246312618255615, 3.8514432311058044, 5.275176763534546), (1.454454392194748, 3.8514432311058044, 5.275176763534546), (1.454454392194748, 4.281266361474991, 5.275176763534546), (1.0246312618255615, 4.281266361474991, 5.275176763534546), (0.5948081314563752, 4.281266361474991, 5.275176763534546), (0.16498500108718883, 4.281266361474991, 5.275176763534546), (-0.26483812928199757, 4.281266361474991, 5.275176763534546), (-0.26483812928199757, 4.711089491844177, 5.275176763534546), (0.16498500108718883, 4.711089491844177, 5.275176763534546), (0.5948081314563752, 4.711089491844177, 5.275176763534546), (1.0246312618255615, 4.711089491844177, 5.275176763534546), (1.454454392194748, 4.711089491844177, 5.275176763534546), (1.454454392194748, 5.140912622213364, 5.275176763534546), (1.0246312618255615, 5.140912622213364, 5.275176763534546), (0.5948081314563752, 5.140912622213364, 5.275176763534546), (0.16498500108718883, 5.140912622213364, 5.275176763534546), (-0.26483812928199757, 5.140912622213364, 5.275176763534546)], 'mode': 'once', 'patrol_loops': 1, 'priority': 1, 'preempt': False}
[DroneInstance 0] [3D Slicer] 75 waypoints generated from 3D hull between Z=2.45-6.69 every 1.412704348564148m.
[DroneInstance 0] Mission 'Mission_6723' complete.
[DroneInstance 0] Starting mission: Mission_5831
[DroneInstance 0] Distance to waypoint: 7.16 meters
[DroneInstance 0] LatencyProbe | Sent pos command at 493.911361
[DroneInstance 0] Distance to waypoint: 6.57 meters
[DroneInstance 0] Distance to waypoint: 3.91 meters
[DroneInstance 0] Distance to waypoint: 1.19 meters
[DroneInstance 0] Distance to waypoint: 0.10 meters
[DroneInstance 0] _complete_current_waypoint: idx=0, hold_duration=0, is_holding=False, hold_start_time=None
[DroneInstance 0]  Advancing from waypoint #1 to #2
[DroneInstance 0] Distance to waypoint: 0.45 meters
[DroneInstance 0] _complete_current_waypoint: idx=1, hold_duration=0, is_holding=False, hold_start_time=None
[DroneInstance 0]  Advancing from waypoint #2 to #3
[DroneInstance 0] Distance to waypoint: 0.82 meters
[DroneInstance 0] LatencyProbe | Sent pos command at 499.911317
[DroneInstance 0] Distance to waypoint: 0.53 meters
[DroneInstance 0] Distance to waypoint: 0.10 meters
[DroneInstance 0] _complete_current_waypoint: idx=2, hold_duration=0, is_holding=False, hold_start_time=None
[DroneInstance 0]  Advancing from waypoint #3 to #4
[DroneInstance 0] Distance to waypoint: 0.37 meters
[DroneInstance 0] _complete_current_waypoint: idx=3, hold_duration=0, is_holding=False, hold_start_time=None
[DroneInstance 0]  Advancing from waypoint #4 to #5
[DroneInstance 0] Distance to waypoint: 0.80 meters
[DroneInstance 0] LatencyProbe | Sent pos command at 503.911399
[DroneInstance 0] Distance to waypoint: 0.52 meters
[DroneInstance 0] LatencyProbe | Received skip_wp id=fbd94d16-aaa9-4c08-95c5-2e8d78134159 at 505.417081
[DroneInstance 0] Received message from Unity: {'type': 'command', 'command': 'skip_wp'}
[DroneInstance 0] Skip requested — skipping waypoint 5
[DroneInstance 0] _complete_current_waypoint: idx=4, hold_duration=0, is_holding=False, hold_start_time=None
[DroneInstance 0]  Advancing from waypoint #5 to #6
[DroneInstance 0] Distance to waypoint: 0.45 meters
[DroneInstance 0] _complete_current_waypoint: idx=5, hold_duration=0, is_holding=False, hold_start_time=None
[DroneInstance 0]  Advancing from waypoint #6 to #7
[DroneInstance 0] Distance to waypoint: 0.67 meters
[DroneInstance 0] LatencyProbe | Sent pos command at 506.911347
[DroneInstance 0] Distance to waypoint: 0.44 meters
[DroneInstance 0] _complete_current_waypoint: idx=6, hold_duration=0, is_holding=False, hold_start_time=None
[DroneInstance 0]  Advancing from waypoint #7 to #8
[DroneInstance 0] Distance to waypoint: 0.52 meters
[DroneInstance 0] LatencyProbe | Sent pos command at 508.911327
[DroneInstance 0] LatencyProbe | Received pause id=03efbd44-a980-4b9a-b304-9eb7baeb20da at 509.878555
[DroneInstance 0] Received message from Unity: {'type': 'command', 'command': 'pause'}
[DroneInstance 0] Paused mission 'Mission_5831' at waypoint 0.
[DroneInstance 0] LatencyProbe | Received resume id=0fa3054b-7e0c-4e19-8c8e-78e8a881516a at 513.768634
[DroneInstance 0] Received message from Unity: {'type': 'command', 'command': 'resume'}
[DroneInstance 0] Resuming paused mission 'Mission_5831' from waypoint 0.
[DroneInstance 0] Distance to waypoint: 0.01 meters
[DroneInstance 0] _complete_current_waypoint: idx=0, hold_duration=0, is_holding=False, hold_start_time=None
[DroneInstance 0]  Advancing from waypoint #1 to #2
[DroneInstance 0] Distance to waypoint: 0.44 meters
[DroneInstance 0] _complete_current_waypoint: idx=1, hold_duration=0, is_holding=False, hold_start_time=None
[DroneInstance 0]  Advancing from waypoint #2 to #3
[DroneInstance 0] Distance to waypoint: 0.88 meters
[DroneInstance 0] LatencyProbe | Sent pos command at 515.911303
[DroneInstance 0] Distance to waypoint: 0.59 meters
[DroneInstance 0] LatencyProbe | Received skip_wp id=c39e511a-d4b9-4a6d-bb03-535c85257d8e at 517.828823
[DroneInstance 0] Received message from Unity: {'type': 'command', 'command': 'skip_wp'}
[DroneInstance 0] Skip requested — skipping waypoint 3
[DroneInstance 0] _complete_current_waypoint: idx=2, hold_duration=0, is_holding=False, hold_start_time=None
[DroneInstance 0]  Advancing from waypoint #3 to #4
[DroneInstance 0] Distance to waypoint: 0.47 meters
[DroneInstance 0] _complete_current_waypoint: idx=3, hold_duration=0, is_holding=False, hold_start_time=None
[DroneInstance 0]  Advancing from waypoint #4 to #5
[DroneInstance 0] Distance to waypoint: 0.63 meters
[DroneInstance 0] LatencyProbe | Sent pos command at 518.911076
[DroneInstance 0] Distance to waypoint: 0.40 meters
[DroneInstance 0] _complete_current_waypoint: idx=4, hold_duration=0, is_holding=False, hold_start_time=None
[DroneInstance 0]  Advancing from waypoint #5 to #6
[DroneInstance 0] Distance to waypoint: 0.48 meters
[DroneInstance 0] _complete_current_waypoint: idx=5, hold_duration=0, is_holding=False, hold_start_time=None
[DroneInstance 0]  Advancing from waypoint #6 to #7
[DroneInstance 0] LatencyProbe | Received N/A id=84f75c36-5d1f-44c5-821c-ebe0426f11d1 at 521.191503
[DroneInstance 0] Received message from Unity: {'type': 'return_to_base'}
[DroneInstance 0] Return-to-Base requested — cancelling mission and switching to RTL mode.
[DroneInstance 0] Aborting active mission 'Mission_5831' for RTL.
[DroneInstance 0] LatencyProbe | Sent mode=RTL at 521.192079
[DroneInstance 0] Return-to-Base mode engaged.
[DroneInstance 0] Home reached — issuing LAND command
[DroneInstance 0] Shutting down DroneInstance...
