[DroneInstance 0] Initializing DroneInstance with domain ID 0 [SAFE mode]
[DroneInstance 0] Battery percentage unavailable.
[DroneInstance 0] Received message from Unity: {'type': 'add_mission', 'mission_id': 'recon_task', 'waypoints': [[5, 5, 5], [10, 5, 6], [10, -5, 6], [5, -5, 5]], 'mode': 'once', 'priority': 95, 'preempt': True}
[DroneInstance 0] Mission 'recon_task' added with priority 95 and 4 waypoints.
[DroneInstance 0] Resetting takeoff flags (drone on ground).
[DroneInstance 0] Starting mission: recon_task
[DroneInstance 0] Drone not armed. Sending arm command.
[DroneInstance 0] Switching to GUIDED mode.
[DroneInstance 0] Initiating takeoff to 2.0m.
[DroneInstance 0] Waiting to reach takeoff altitude: z=-0.01
[DroneInstance 0] Waiting to reach takeoff altitude: z=0.09
[DroneInstance 0] Waiting to reach takeoff altitude: z=1.09
[DroneInstance 0] Reached takeoff altitude. Starting mission.
[DroneInstance 0] Distance to waypoint: 7.73 meters
[DroneInstance 0] Distance to waypoint: 7.25 meters
[DroneInstance 0] Distance to waypoint: 4.50 meters
[DroneInstance 0] Distance to waypoint: 1.65 meters
[DroneInstance 0] Distance to waypoint: 0.15 meters
[DroneInstance 0] _complete_current_waypoint: idx=0, hold_duration=0, is_holding=False, hold_start_time=None
[DroneInstance 0]  Advancing from waypoint #1 to #2
[DroneInstance 0] Distance to waypoint: 4.96 meters
[DroneInstance 0] Distance to waypoint: 4.64 meters
[DroneInstance 0] Distance to waypoint: 2.47 meters
[DroneInstance 0] Distance to waypoint: 0.56 meters
[DroneInstance 0] Distance to waypoint: 0.13 meters
[DroneInstance 0] _complete_current_waypoint: idx=1, hold_duration=0, is_holding=False, hold_start_time=None
[DroneInstance 0]  Advancing from waypoint #2 to #3
[DroneInstance 0] Distance to waypoint: 10.00 meters
[DroneInstance 0] Distance to waypoint: 9.67 meters
[DroneInstance 0] Distance to waypoint: 7.18 meters
[DroneInstance 0] Distance to waypoint: 3.61 meters
[DroneInstance 0] Distance to waypoint: 0.97 meters
[DroneInstance 0] Distance to waypoint: 0.19 meters
[DroneInstance 0] _complete_current_waypoint: idx=2, hold_duration=0, is_holding=False, hold_start_time=None
[DroneInstance 0]  Advancing from waypoint #3 to #4
[DroneInstance 0] Distance to waypoint: 5.09 meters
[DroneInstance 0] Distance to waypoint: 4.75 meters
[DroneInstance 0] Distance to waypoint: 2.56 meters
[DroneInstance 0] Distance to waypoint: 0.58 meters
[DroneInstance 0] Distance to waypoint: 0.16 meters
[DroneInstance 0] _complete_current_waypoint: idx=3, hold_duration=0, is_holding=False, hold_start_time=None
[DroneInstance 0]  Advancing from waypoint #4 to #5
[DroneInstance 0] Mission 'recon_task' complete.
[DroneInstance 0] Received message from Unity: {'type': 'command', 'command': 'start_manual'}
[DroneInstance 0] Entered MANUAL mode
[DroneInstance 0] Received message from Unity: {'type': 'manual_control', 'axes': {'ly': 0.0, 'lx': 0.0, 'ry': 2.0, 'rx': 0.0}}
[DroneInstance 0] Node type: <class 'node_wrapper.node_wrapper.NodeWrapper'> has publish_from_unity: <bound method NodeWrapper.publish_from_unity of <node_wrapper.node_wrapper.NodeWrapper object at 0x7fd425b3a220>>
[DroneInstance 0] Manual VEL cmd: x=0.00, y=-0.00, z=1.00, yaw=0.00
[DroneInstance 0] Shutting down DroneInstance...
