[DroneInstance 0] Initializing DroneInstance with domain ID 0 [SAFE mode]
[DroneInstance 0] Battery percentage unavailable.
[DroneInstance 0] LatencyProbe | Received N/A id=5302ec19-940b-4eb6-a81d-02b9c2662c0d at 5702.481893
[DroneInstance 0] Received message from Unity: {'type': 'map_area', 'mission_id': 'Mission_1191', 'points': [{'x': 2.5242018699645996, 'y': 3.5654449462890625, 'z': 2.614116668701172}, {'x': 2.431901216506958, 'y': 4.1482086181640625, 'z': 2.614116668701172}, {'x': 2.164033889770508, 'y': 4.6739277839660645, 'z': 2.614116668701172}, {'x': 1.7468211650848389, 'y': 5.091140270233154, 'z': 2.614116668701172}, {'x': 1.221102237701416, 'y': 5.359007835388184, 'z': 2.614116668701172}, {'x': 0.6383383274078369, 'y': 5.451308250427246, 'z': 2.614116668701172}, {'x': 0.0555744506418705, 'y': 5.359007358551025, 'z': 2.614116668701172}, {'x': -0.47014471888542175, 'y': 5.091140270233154, 'z': 2.614116668701172}, {'x': -0.8873572945594788, 'y': 4.6739277839660645, 'z': 2.614116668701172}, {'x': -1.155224323272705, 'y': 4.148209095001221, 'z': 2.614116668701172}, {'x': -1.2475249767303467, 'y': 3.5654449462890625, 'z': 2.614116668701172}, {'x': -1.155224084854126, 'y': 2.9826807975769043, 'z': 2.614116668701172}, {'x': -0.8873570561408997, 'y': 2.4569621086120605, 'z': 2.614116668701172}, {'x': -0.47014400362968445, 'y': 2.0397491455078125, 'z': 2.614116668701172}, {'x': 0.0555751658976078, 'y': 1.771882176399231, 'z': 2.614116668701172}, {'x': 0.6383383870124817, 'y': 1.679581642150879, 'z': 2.614116668701172}, {'x': 1.2211024761199951, 'y': 1.77188241481781, 'z': 2.614116668701172}, {'x': 1.746821641921997, 'y': 2.0397496223449707, 'z': 2.614116668701172}, {'x': 2.164033889770508, 'y': 2.4569621086120605, 'z': 2.614116668701172}, {'x': 2.431901216506958, 'y': 2.9826812744140625, 'z': 2.614116668701172}, {'x': 2.5242018699645996, 'y': 3.5654449462890625, 'z': 8.90032958984375}, {'x': 2.431901216506958, 'y': 4.1482086181640625, 'z': 8.90032958984375}, {'x': 2.164033889770508, 'y': 4.6739277839660645, 'z': 8.90032958984375}, {'x': 1.7468211650848389, 'y': 5.091140270233154, 'z': 8.90032958984375}, {'x': 1.221102237701416, 'y': 5.359007835388184, 'z': 8.90032958984375}, {'x': 0.6383383274078369, 'y': 5.451308250427246, 'z': 8.90032958984375}, {'x': 0.0555744506418705, 'y': 5.359007358551025, 'z': 8.90032958984375}, {'x': -0.47014471888542175, 'y': 5.091140270233154, 'z': 8.90032958984375}, {'x': -0.8873572945594788, 'y': 4.6739277839660645, 'z': 8.90032958984375}, {'x': -1.155224323272705, 'y': 4.148209095001221, 'z': 8.90032958984375}, {'x': -1.2475249767303467, 'y': 3.5654449462890625, 'z': 8.90032958984375}, {'x': -1.155224084854126, 'y': 2.9826807975769043, 'z': 8.90032958984375}, {'x': -0.8873570561408997, 'y': 2.4569621086120605, 'z': 8.90032958984375}, {'x': -0.47014400362968445, 'y': 2.0397491455078125, 'z': 8.90032958984375}, {'x': 0.0555751658976078, 'y': 1.771882176399231, 'z': 8.90032958984375}, {'x': 0.6383383870124817, 'y': 1.679581642150879, 'z': 8.90032958984375}, {'x': 1.2211024761199951, 'y': 1.77188241481781, 'z': 8.90032958984375}, {'x': 1.746821641921997, 'y': 2.0397496223449707, 'z': 8.90032958984375}, {'x': 2.164033889770508, 'y': 2.4569621086120605, 'z': 8.90032958984375}, {'x': 2.431901216506958, 'y': 2.9826812744140625, 'z': 8.90032958984375}], 'grid_spacing': 0.6375381946563721, 'vertical_step': 2.0954043865203857, 'priority': 1, 'preempt': False}
[DroneInstance 0] Mission 'Mission_1191' added with priority 1 and 75 waypoints.
[DroneInstance 0] Resetting takeoff flags (drone on ground).
[DroneInstance 0] {'type': 'add_mission', 'mission_id': 'Mission_1191', 'waypoints': [(1.9401659965515137, 2.317119836807251, 2.614116668701172), (1.3026278018951416, 2.317119836807251, 2.614116668701172), (0.6650896072387695, 2.317119836807251, 2.614116668701172), (0.02755141258239746, 2.317119836807251, 2.614116668701172), (-0.6099867820739746, 2.317119836807251, 2.614116668701172), (-0.6099867820739746, 2.954658031463623, 2.614116668701172), (0.02755141258239746, 2.954658031463623, 2.614116668701172), (0.6650896072387695, 2.954658031463623, 2.614116668701172), (1.3026278018951416, 2.954658031463623, 2.614116668701172), (1.9401659965515137, 2.954658031463623, 2.614116668701172), (1.9401659965515137, 3.592196226119995, 2.614116668701172), (1.3026278018951416, 3.592196226119995, 2.614116668701172), (0.6650896072387695, 3.592196226119995, 2.614116668701172), (0.02755141258239746, 3.592196226119995, 2.614116668701172), (-0.6099867820739746, 3.592196226119995, 2.614116668701172), (-0.6099867820739746, 4.229734420776367, 2.614116668701172), (0.02755141258239746, 4.229734420776367, 2.614116668701172), (0.6650896072387695, 4.229734420776367, 2.614116668701172), (1.3026278018951416, 4.229734420776367, 2.614116668701172), (1.9401659965515137, 4.229734420776367, 2.614116668701172), (1.9401659965515137, 4.867272615432739, 2.614116668701172), (1.3026278018951416, 4.867272615432739, 2.614116668701172), (0.6650896072387695, 4.867272615432739, 2.614116668701172), (0.02755141258239746, 4.867272615432739, 2.614116668701172), (-0.6099867820739746, 4.867272615432739, 2.614116668701172), (1.9401659965515137, 2.317119836807251, 4.709521055221558), (1.3026278018951416, 2.317119836807251, 4.709521055221558), (0.6650896072387695, 2.317119836807251, 4.709521055221558), (0.02755141258239746, 2.317119836807251, 4.709521055221558), (-0.6099867820739746, 2.317119836807251, 4.709521055221558), (-0.6099867820739746, 2.954658031463623, 4.709521055221558), (0.02755141258239746, 2.954658031463623, 4.709521055221558), (0.6650896072387695, 2.954658031463623, 4.709521055221558), (1.3026278018951416, 2.954658031463623, 4.709521055221558), (1.9401659965515137, 2.954658031463623, 4.709521055221558), (1.9401659965515137, 3.592196226119995, 4.709521055221558), (1.3026278018951416, 3.592196226119995, 4.709521055221558), (0.6650896072387695, 3.592196226119995, 4.709521055221558), (0.02755141258239746, 3.592196226119995, 4.709521055221558), (-0.6099867820739746, 3.592196226119995, 4.709521055221558), (-0.6099867820739746, 4.229734420776367, 4.709521055221558), (0.02755141258239746, 4.229734420776367, 4.709521055221558), (0.6650896072387695, 4.229734420776367, 4.709521055221558), (1.3026278018951416, 4.229734420776367, 4.709521055221558), (1.9401659965515137, 4.229734420776367, 4.709521055221558), (1.9401659965515137, 4.867272615432739, 4.709521055221558), (1.3026278018951416, 4.867272615432739, 4.709521055221558), (0.6650896072387695, 4.867272615432739, 4.709521055221558), (0.02755141258239746, 4.867272615432739, 4.709521055221558), (-0.6099867820739746, 4.867272615432739, 4.709521055221558), (1.9401659965515137, 2.317119836807251, 6.804925441741943), (1.3026278018951416, 2.317119836807251, 6.804925441741943), (0.6650896072387694, 2.317119836807251, 6.804925441741943), (0.02755141258239735, 2.317119836807251, 6.804925441741943), (-0.6099867820739747, 2.317119836807251, 6.804925441741943), (-0.6099867820739747, 2.954658031463623, 6.804925441741943), (0.02755141258239735, 2.954658031463623, 6.804925441741943), (0.6650896072387694, 2.954658031463623, 6.804925441741943), (1.3026278018951416, 2.954658031463623, 6.804925441741943), (1.9401659965515137, 2.954658031463623, 6.804925441741943), (1.9401659965515137, 3.592196226119995, 6.804925441741943), (1.3026278018951416, 3.592196226119995, 6.804925441741943), (0.6650896072387694, 3.592196226119995, 6.804925441741943), (0.02755141258239735, 3.592196226119995, 6.804925441741943), (-0.6099867820739747, 3.592196226119995, 6.804925441741943), (-0.6099867820739747, 4.229734420776367, 6.804925441741943), (0.02755141258239735, 4.229734420776367, 6.804925441741943), (0.6650896072387694, 4.229734420776367, 6.804925441741943), (1.3026278018951416, 4.229734420776367, 6.804925441741943), (1.9401659965515137, 4.229734420776367, 6.804925441741943), (1.9401659965515137, 4.867272615432739, 6.804925441741943), (1.3026278018951416, 4.867272615432739, 6.804925441741943), (0.6650896072387694, 4.867272615432739, 6.804925441741943), (0.02755141258239735, 4.867272615432739, 6.804925441741943), (-0.6099867820739747, 4.867272615432739, 6.804925441741943)], 'mode': 'once', 'patrol_loops': 1, 'priority': 1, 'preempt': False}
[DroneInstance 0] [3D Slicer] 75 waypoints generated from 3D hull between Z=2.61-8.90 every 2.0954043865203857m.
[DroneInstance 0] Starting mission: Mission_1191
[DroneInstance 0] Drone not armed. Sending arm command.
[DroneInstance 0] Switching to GUIDED mode.
[DroneInstance 0] Initiating takeoff to 2.0m.
[DroneInstance 0] Waiting to reach takeoff altitude: z=-0.01
[DroneInstance 0] Waiting to reach takeoff altitude: z=0.08
[DroneInstance 0] Waiting to reach takeoff altitude: z=1.06
[DroneInstance 0] Reached takeoff altitude. Starting mission.
[DroneInstance 0] Distance to waypoint: 3.11 meters
[DroneInstance 0] LatencyProbe | Sent pos command at 5710.505798
[DroneInstance 0] Distance to waypoint: 2.74 meters
[DroneInstance 0] Distance to waypoint: 1.07 meters
[DroneInstance 0] Distance to waypoint: 0.09 meters
[DroneInstance 0] _complete_current_waypoint: idx=0, hold_duration=0, is_holding=False, hold_start_time=None
[DroneInstance 0]  Advancing from waypoint #1 to #2
[DroneInstance 0] Distance to waypoint: 0.70 meters
[DroneInstance 0] LatencyProbe | Sent pos command at 5714.505177
[DroneInstance 0] Distance to waypoint: 0.54 meters
[DroneInstance 0] Distance to waypoint: 0.15 meters
[DroneInstance 0] _complete_current_waypoint: idx=1, hold_duration=0, is_holding=False, hold_start_time=None
[DroneInstance 0]  Advancing from waypoint #2 to #3
[DroneInstance 0] Distance to waypoint: 0.64 meters
[DroneInstance 0] LatencyProbe | Sent pos command at 5717.505551
[DroneInstance 0] Distance to waypoint: 0.47 meters
[DroneInstance 0] _complete_current_waypoint: idx=2, hold_duration=0, is_holding=False, hold_start_time=None
[DroneInstance 0]  Advancing from waypoint #3 to #4
[DroneInstance 0] Distance to waypoint: 0.76 meters
[DroneInstance 0] LatencyProbe | Sent pos command at 5719.505604
[DroneInstance 0] Distance to waypoint: 0.48 meters
[DroneInstance 0] _complete_current_waypoint: idx=3, hold_duration=0, is_holding=False, hold_start_time=None
[DroneInstance 0]  Advancing from waypoint #4 to #5
[DroneInstance 0] Distance to waypoint: 0.75 meters
[DroneInstance 0] LatencyProbe | Sent pos command at 5721.505621
[DroneInstance 0] Distance to waypoint: 0.47 meters
[DroneInstance 0] _complete_current_waypoint: idx=4, hold_duration=0, is_holding=False, hold_start_time=None
[DroneInstance 0]  Advancing from waypoint #5 to #6
[DroneInstance 0] Distance to waypoint: 0.62 meters
[DroneInstance 0] LatencyProbe | Sent pos command at 5723.505667
[DroneInstance 0] Distance to waypoint: 0.45 meters
[DroneInstance 0] _complete_current_waypoint: idx=5, hold_duration=0, is_holding=False, hold_start_time=None
[DroneInstance 0]  Advancing from waypoint #6 to #7
[DroneInstance 0] Distance to waypoint: 0.66 meters
[DroneInstance 0] LatencyProbe | Sent pos command at 5725.505659
[DroneInstance 0] Distance to waypoint: 0.48 meters
[DroneInstance 0] _complete_current_waypoint: idx=6, hold_duration=0, is_holding=False, hold_start_time=None
[DroneInstance 0]  Advancing from waypoint #7 to #8
[DroneInstance 0] Distance to waypoint: 0.73 meters
[DroneInstance 0] LatencyProbe | Sent pos command at 5727.505593
[DroneInstance 0] Distance to waypoint: 0.44 meters
[DroneInstance 0] _complete_current_waypoint: idx=7, hold_duration=0, is_holding=False, hold_start_time=None
[DroneInstance 0]  Advancing from waypoint #8 to #9
[DroneInstance 0] Distance to waypoint: 0.70 meters
[DroneInstance 0] LatencyProbe | Sent pos command at 5729.504620
[DroneInstance 0] Distance to waypoint: 0.42 meters
[DroneInstance 0] _complete_current_waypoint: idx=8, hold_duration=0, is_holding=False, hold_start_time=None
[DroneInstance 0]  Advancing from waypoint #9 to #10
[DroneInstance 0] Distance to waypoint: 0.69 meters
[DroneInstance 0] LatencyProbe | Sent pos command at 5731.504642
[DroneInstance 0] Distance to waypoint: 0.42 meters
[DroneInstance 0] _complete_current_waypoint: idx=9, hold_duration=0, is_holding=False, hold_start_time=None
[DroneInstance 0]  Advancing from waypoint #10 to #11
[DroneInstance 0] Distance to waypoint: 0.62 meters
[DroneInstance 0] LatencyProbe | Sent pos command at 5733.504797
[DroneInstance 0] Distance to waypoint: 0.47 meters
[DroneInstance 0] _complete_current_waypoint: idx=10, hold_duration=0, is_holding=False, hold_start_time=None
[DroneInstance 0]  Advancing from waypoint #11 to #12
[DroneInstance 0] Distance to waypoint: 0.70 meters
[DroneInstance 0] LatencyProbe | Sent pos command at 5735.505572
[DroneInstance 0] Distance to waypoint: 0.52 meters
[DroneInstance 0] Distance to waypoint: 0.15 meters
[DroneInstance 0] _complete_current_waypoint: idx=11, hold_duration=0, is_holding=False, hold_start_time=None
[DroneInstance 0]  Advancing from waypoint #12 to #13
[DroneInstance 0] Distance to waypoint: 0.65 meters
[DroneInstance 0] LatencyProbe | Sent pos command at 5738.504961
[DroneInstance 0] Distance to waypoint: 0.48 meters
[DroneInstance 0] _complete_current_waypoint: idx=12, hold_duration=0, is_holding=False, hold_start_time=None
[DroneInstance 0]  Advancing from waypoint #13 to #14
[DroneInstance 0] Distance to waypoint: 0.76 meters
[DroneInstance 0] LatencyProbe | Sent pos command at 5740.505566
[DroneInstance 0] Distance to waypoint: 0.47 meters
[DroneInstance 0] _complete_current_waypoint: idx=13, hold_duration=0, is_holding=False, hold_start_time=None
[DroneInstance 0]  Advancing from waypoint #14 to #15
[DroneInstance 0] Distance to waypoint: 0.74 meters
[DroneInstance 0] LatencyProbe | Sent pos command at 5742.505591
[DroneInstance 0] Distance to waypoint: 0.46 meters
[DroneInstance 0] _complete_current_waypoint: idx=14, hold_duration=0, is_holding=False, hold_start_time=None
[DroneInstance 0]  Advancing from waypoint #15 to #16
[DroneInstance 0] Distance to waypoint: 0.63 meters
[DroneInstance 0] LatencyProbe | Sent pos command at 5744.505584
[DroneInstance 0] Distance to waypoint: 0.46 meters
[DroneInstance 0] _complete_current_waypoint: idx=15, hold_duration=0, is_holding=False, hold_start_time=None
[DroneInstance 0]  Advancing from waypoint #16 to #17
[DroneInstance 0] Distance to waypoint: 0.66 meters
[DroneInstance 0] LatencyProbe | Sent pos command at 5746.505581
[DroneInstance 0] Distance to waypoint: 0.48 meters
[DroneInstance 0] _complete_current_waypoint: idx=16, hold_duration=0, is_holding=False, hold_start_time=None
[DroneInstance 0]  Advancing from waypoint #17 to #18
[DroneInstance 0] Distance to waypoint: 0.73 meters
[DroneInstance 0] LatencyProbe | Sent pos command at 5748.504805
[DroneInstance 0] Distance to waypoint: 0.43 meters
[DroneInstance 0] _complete_current_waypoint: idx=17, hold_duration=0, is_holding=False, hold_start_time=None
[DroneInstance 0]  Advancing from waypoint #18 to #19
[DroneInstance 0] Distance to waypoint: 0.70 meters
[DroneInstance 0] LatencyProbe | Sent pos command at 5750.505622
[DroneInstance 0] Distance to waypoint: 0.42 meters
[DroneInstance 0] _complete_current_waypoint: idx=18, hold_duration=0, is_holding=False, hold_start_time=None
[DroneInstance 0]  Advancing from waypoint #19 to #20
[DroneInstance 0] Distance to waypoint: 0.69 meters
[DroneInstance 0] LatencyProbe | Sent pos command at 5752.505642
[DroneInstance 0] Distance to waypoint: 0.41 meters
[DroneInstance 0] _complete_current_waypoint: idx=19, hold_duration=0, is_holding=False, hold_start_time=None
[DroneInstance 0]  Advancing from waypoint #20 to #21
[DroneInstance 0] Distance to waypoint: 0.63 meters
[DroneInstance 0] LatencyProbe | Sent pos command at 5754.505674
[DroneInstance 0] Distance to waypoint: 0.47 meters
[DroneInstance 0] _complete_current_waypoint: idx=20, hold_duration=0, is_holding=False, hold_start_time=None
[DroneInstance 0]  Advancing from waypoint #21 to #22
[DroneInstance 0] Distance to waypoint: 0.70 meters
[DroneInstance 0] LatencyProbe | Sent pos command at 5756.505585
[DroneInstance 0] Distance to waypoint: 0.51 meters
[DroneInstance 0] Distance to waypoint: 0.15 meters
[DroneInstance 0] _complete_current_waypoint: idx=21, hold_duration=0, is_holding=False, hold_start_time=None
[DroneInstance 0]  Advancing from waypoint #22 to #23
[DroneInstance 0] Distance to waypoint: 0.65 meters
[DroneInstance 0] LatencyProbe | Sent pos command at 5759.505709
[DroneInstance 0] Distance to waypoint: 0.47 meters
[DroneInstance 0] _complete_current_waypoint: idx=22, hold_duration=0, is_holding=False, hold_start_time=None
[DroneInstance 0]  Advancing from waypoint #23 to #24
[DroneInstance 0] Distance to waypoint: 0.75 meters
[DroneInstance 0] LatencyProbe | Sent pos command at 5761.505573
[DroneInstance 0] Distance to waypoint: 0.46 meters
[DroneInstance 0] _complete_current_waypoint: idx=23, hold_duration=0, is_holding=False, hold_start_time=None
[DroneInstance 0]  Advancing from waypoint #24 to #25
[DroneInstance 0] Distance to waypoint: 0.73 meters
[DroneInstance 0] LatencyProbe | Sent pos command at 5763.505704
[DroneInstance 0] Distance to waypoint: 0.46 meters
[DroneInstance 0] _complete_current_waypoint: idx=24, hold_duration=0, is_holding=False, hold_start_time=None
[DroneInstance 0]  Advancing from waypoint #25 to #26
[DroneInstance 0] Distance to waypoint: 4.12 meters
[DroneInstance 0] LatencyProbe | Sent pos command at 5765.505700
[DroneInstance 0] Distance to waypoint: 3.77 meters
[DroneInstance 0] Distance to waypoint: 1.62 meters
[DroneInstance 0] Distance to waypoint: 0.17 meters
[DroneInstance 0] _complete_current_waypoint: idx=25, hold_duration=0, is_holding=False, hold_start_time=None
[DroneInstance 0]  Advancing from waypoint #26 to #27
[DroneInstance 0] Distance to waypoint: 0.74 meters
[DroneInstance 0] LatencyProbe | Sent pos command at 5769.505695
[DroneInstance 0] Distance to waypoint: 0.55 meters
[DroneInstance 0] Distance to waypoint: 0.16 meters
[DroneInstance 0] _complete_current_waypoint: idx=26, hold_duration=0, is_holding=False, hold_start_time=None
[DroneInstance 0]  Advancing from waypoint #27 to #28
[DroneInstance 0] Distance to waypoint: 0.65 meters
[DroneInstance 0] LatencyProbe | Sent pos command at 5772.505758
[DroneInstance 0] Distance to waypoint: 0.47 meters
[DroneInstance 0] _complete_current_waypoint: idx=27, hold_duration=0, is_holding=False, hold_start_time=None
[DroneInstance 0]  Advancing from waypoint #28 to #29
[DroneInstance 0] Distance to waypoint: 0.75 meters
[DroneInstance 0] LatencyProbe | Sent pos command at 5774.505702
[DroneInstance 0] Distance to waypoint: 0.46 meters
[DroneInstance 0] _complete_current_waypoint: idx=28, hold_duration=0, is_holding=False, hold_start_time=None
[DroneInstance 0]  Advancing from waypoint #29 to #30
[DroneInstance 0] Distance to waypoint: 0.73 meters
[DroneInstance 0] LatencyProbe | Sent pos command at 5776.505761
[DroneInstance 0] Distance to waypoint: 0.45 meters
[DroneInstance 0] _complete_current_waypoint: idx=29, hold_duration=0, is_holding=False, hold_start_time=None
[DroneInstance 0]  Advancing from waypoint #30 to #31
[DroneInstance 0] Distance to waypoint: 0.63 meters
[DroneInstance 0] LatencyProbe | Sent pos command at 5778.505731
[DroneInstance 0] LatencyProbe | Received skip_wp id=b8c5a99b-e7d2-4d6f-b4fd-e57b8ea6e5b8 at 5779.456348
[DroneInstance 0] Received message from Unity: {'type': 'command', 'command': 'skip_wp'}
[DroneInstance 0] Skip requested — skipping waypoint 31
[DroneInstance 0] _complete_current_waypoint: idx=30, hold_duration=0, is_holding=False, hold_start_time=None
[DroneInstance 0]  Advancing from waypoint #31 to #32
[DroneInstance 0] Distance to waypoint: 0.80 meters
[DroneInstance 0] LatencyProbe | Sent pos command at 5779.505668
[DroneInstance 0] Distance to waypoint: 0.49 meters
[DroneInstance 0] _complete_current_waypoint: idx=31, hold_duration=0, is_holding=False, hold_start_time=None
[DroneInstance 0]  Advancing from waypoint #32 to #33
[DroneInstance 0] Distance to waypoint: 0.74 meters
[DroneInstance 0] LatencyProbe | Sent pos command at 5781.504692
[DroneInstance 0] Distance to waypoint: 0.43 meters
[DroneInstance 0] _complete_current_waypoint: idx=32, hold_duration=0, is_holding=False, hold_start_time=None
[DroneInstance 0]  Advancing from waypoint #33 to #34
[DroneInstance 0] Distance to waypoint: 0.70 meters
[DroneInstance 0] LatencyProbe | Sent pos command at 5783.505735
[DroneInstance 0] Distance to waypoint: 0.41 meters
[DroneInstance 0] _complete_current_waypoint: idx=33, hold_duration=0, is_holding=False, hold_start_time=None
[DroneInstance 0]  Advancing from waypoint #34 to #35
[DroneInstance 0] Distance to waypoint: 0.69 meters
[DroneInstance 0] LatencyProbe | Sent pos command at 5785.505742
[DroneInstance 0] Distance to waypoint: 0.41 meters
[DroneInstance 0] _complete_current_waypoint: idx=34, hold_duration=0, is_holding=False, hold_start_time=None
[DroneInstance 0]  Advancing from waypoint #35 to #36
[DroneInstance 0] Distance to waypoint: 0.63 meters
[DroneInstance 0] LatencyProbe | Sent pos command at 5787.505697
[DroneInstance 0] Distance to waypoint: 0.46 meters
[DroneInstance 0] _complete_current_waypoint: idx=35, hold_duration=0, is_holding=False, hold_start_time=None
[DroneInstance 0]  Advancing from waypoint #36 to #37
[DroneInstance 0] LatencyProbe | Received pause id=791439f1-9637-4dd8-a53c-d3549da0742e at 5788.672895
[DroneInstance 0] Received message from Unity: {'type': 'command', 'command': 'pause'}
[DroneInstance 0] Paused mission 'Mission_1191' at waypoint 0.
[DroneInstance 0] LatencyProbe | Received resume id=e1dcfb63-34ad-4e6a-af76-6d739bbc80ca at 5797.929821
[DroneInstance 0] Received message from Unity: {'type': 'command', 'command': 'resume'}
[DroneInstance 0] Resuming paused mission 'Mission_1191' from waypoint 0.
[DroneInstance 0] Distance to waypoint: 0.66 meters
[DroneInstance 0] LatencyProbe | Sent pos command at 5798.505593
[DroneInstance 0] Distance to waypoint: 0.49 meters
[DroneInstance 0] _complete_current_waypoint: idx=0, hold_duration=0, is_holding=False, hold_start_time=None
[DroneInstance 0]  Advancing from waypoint #1 to #2
[DroneInstance 0] Distance to waypoint: 0.76 meters
[DroneInstance 0] LatencyProbe | Sent pos command at 5800.505649
[DroneInstance 0] Distance to waypoint: 0.46 meters
[DroneInstance 0] _complete_current_waypoint: idx=1, hold_duration=0, is_holding=False, hold_start_time=None
[DroneInstance 0]  Advancing from waypoint #2 to #3
[DroneInstance 0] Distance to waypoint: 0.73 meters
[DroneInstance 0] LatencyProbe | Sent pos command at 5802.505360
[DroneInstance 0] Distance to waypoint: 0.44 meters
[DroneInstance 0] _complete_current_waypoint: idx=2, hold_duration=0, is_holding=False, hold_start_time=None
[DroneInstance 0]  Advancing from waypoint #3 to #4
[DroneInstance 0] Distance to waypoint: 0.72 meters
[DroneInstance 0] LatencyProbe | Sent pos command at 5804.505515
[DroneInstance 0] Distance to waypoint: 0.44 meters
[DroneInstance 0] _complete_current_waypoint: idx=3, hold_duration=0, is_holding=False, hold_start_time=None
[DroneInstance 0]  Advancing from waypoint #4 to #5
[DroneInstance 0] Distance to waypoint: 0.63 meters
[DroneInstance 0] LatencyProbe | Sent pos command at 5806.505646
[DroneInstance 0] Distance to waypoint: 0.45 meters
[DroneInstance 0] _complete_current_waypoint: idx=4, hold_duration=0, is_holding=False, hold_start_time=None
[DroneInstance 0]  Advancing from waypoint #5 to #6
[DroneInstance 0] Distance to waypoint: 0.66 meters
[DroneInstance 0] LatencyProbe | Sent pos command at 5808.505605
[DroneInstance 0] Distance to waypoint: 0.46 meters
[DroneInstance 0] _complete_current_waypoint: idx=5, hold_duration=0, is_holding=False, hold_start_time=None
[DroneInstance 0]  Advancing from waypoint #6 to #7
[DroneInstance 0] Distance to waypoint: 0.73 meters
[DroneInstance 0] LatencyProbe | Sent pos command at 5810.505596
[DroneInstance 0] Distance to waypoint: 0.42 meters
[DroneInstance 0] _complete_current_waypoint: idx=6, hold_duration=0, is_holding=False, hold_start_time=None
[DroneInstance 0]  Advancing from waypoint #7 to #8
[DroneInstance 0] Distance to waypoint: 0.69 meters
[DroneInstance 0] LatencyProbe | Sent pos command at 5812.505586
[DroneInstance 0] LatencyProbe | Received N/A id=6868b851-c256-4036-8822-1b034635e3c4 at 5812.970836
[DroneInstance 0] Received message from Unity: {'type': 'return_to_base'}
[DroneInstance 0] Return-to-Base requested — cancelling mission and switching to RTL mode.
[DroneInstance 0] Aborting active mission 'Mission_1191' for RTL.
[DroneInstance 0] LatencyProbe | Sent mode=RTL at 5812.971371
[DroneInstance 0] Return-to-Base mode engaged.
[DroneInstance 0] Home reached — issuing LAND command
[DroneInstance 0] Shutting down DroneInstance...
