[DroneInstance 0] Initializing DroneInstance with domain ID 0 [SAFE mode]
[DroneInstance 0] Received message from Unity: {'type': 'map_area', 'mission_id': 'Mission_2544', 'points': [{'x': -5.630895614624023, 'y': 5.640267372131348, 'z': 5.789775848388672}, {'x': -5.630895614624023, 'y': 5.640267372131348, 'z': 5.789775848388672}, {'x': -5.722586631774902, 'y': 6.21917724609375, 'z': 5.789775848388672}, {'x': -5.988682270050049, 'y': 6.741418838500977, 'z': 5.789775848388672}, {'x': -6.403134822845459, 'y': 7.155872344970703, 'z': 5.789775848388672}, {'x': -6.925375938415527, 'y': 7.421967506408691, 'z': 5.789775848388672}, {'x': -7.50428581237793, 'y': 7.513657569885254, 'z': 5.789775848388672}, {'x': -8.083192825317383, 'y': 7.421967506408691, 'z': 5.789775848388672}, {'x': -8.605435371398926, 'y': 7.155872344970703, 'z': 5.789775848388672}, {'x': -9.019888877868652, 'y': 6.741418838500977, 'z': 5.789775848388672}, {'x': -9.285982131958008, 'y': 6.21917724609375, 'z': 5.789775848388672}, {'x': -9.37767219543457, 'y': 5.640267372131348, 'z': 5.789775848388672}, {'x': -9.285982131958008, 'y': 5.061357498168945, 'z': 5.789775848388672}, {'x': -9.019888877868652, 'y': 4.539116859436035, 'z': 5.789775848388672}, {'x': -8.60543441772461, 'y': 4.124662399291992, 'z': 5.789775848388672}, {'x': -8.083192825317383, 'y': 3.8585658073425293, 'z': 5.789775848388672}, {'x': -7.50428581237793, 'y': 3.766875743865967, 'z': 5.789775848388672}, {'x': -6.925374984741211, 'y': 3.8585660457611084, 'z': 5.789775848388672}, {'x': -6.403134346008301, 'y': 4.124663352966309, 'z': 5.789775848388672}, {'x': -5.988682270050049, 'y': 4.539116859436035, 'z': 5.789775848388672}, {'x': -5.722586631774902, 'y': 5.061358451843262, 'z': 5.789775848388672}, {'x': -5.630895614624023, 'y': 5.640267372131348, 'z': 8.912090301513672}, {'x': -5.722586631774902, 'y': 6.21917724609375, 'z': 8.912090301513672}, {'x': -5.988682270050049, 'y': 6.741418838500977, 'z': 8.912090301513672}, {'x': -6.403134822845459, 'y': 7.155872344970703, 'z': 8.912090301513672}, {'x': -6.925375938415527, 'y': 7.421967506408691, 'z': 8.912090301513672}, {'x': -7.50428581237793, 'y': 7.513657569885254, 'z': 8.912090301513672}, {'x': -8.083192825317383, 'y': 7.421967506408691, 'z': 8.912090301513672}, {'x': -8.605435371398926, 'y': 7.155872344970703, 'z': 8.912090301513672}, {'x': -9.019888877868652, 'y': 6.741418838500977, 'z': 8.912090301513672}, {'x': -9.285982131958008, 'y': 6.21917724609375, 'z': 8.912090301513672}, {'x': -9.37767219543457, 'y': 5.640267372131348, 'z': 8.912090301513672}, {'x': -9.285982131958008, 'y': 5.061357498168945, 'z': 8.912090301513672}, {'x': -9.019888877868652, 'y': 4.539116859436035, 'z': 8.912090301513672}, {'x': -8.60543441772461, 'y': 4.124662399291992, 'z': 8.912090301513672}, {'x': -8.083192825317383, 'y': 3.8585658073425293, 'z': 8.912090301513672}, {'x': -7.50428581237793, 'y': 3.766875743865967, 'z': 8.912090301513672}, {'x': -6.925374984741211, 'y': 3.8585660457611084, 'z': 8.912090301513672}, {'x': -6.403134346008301, 'y': 4.124663352966309, 'z': 8.912090301513672}, {'x': -5.988682270050049, 'y': 4.539116859436035, 'z': 8.912090301513672}, {'x': -5.722586631774902, 'y': 5.061358451843262, 'z': 8.912090301513672}], 'grid_spacing': 0.6333212852478027, 'vertical_step': 1.040771484375, 'priority': 1, 'preempt': False}
[DroneInstance 0] Mission 'Mission_2544' added with priority 1 and 75 waypoints.
[DroneInstance 0] Resetting takeoff flags (drone on ground).
[DroneInstance 0] [3D Slicer] 75 waypoints generated from 3D hull between Z=5.79-8.91 every 1.040771484375m.
[DroneInstance 0] Starting mission: Mission_2544
[DroneInstance 0] Drone not armed. Sending arm command.
[DroneInstance 0] Switching to GUIDED mode.
[DroneInstance 0] Initiating takeoff to 2.0m.
[DroneInstance 0] Waiting to reach takeoff altitude: z=-0.01
[DroneInstance 0] Waiting to reach takeoff altitude: z=0.08
[DroneInstance 0] Waiting to reach takeoff altitude: z=1.08
[DroneInstance 0] Reached takeoff altitude. Starting mission.
[DroneInstance 0] Distance to waypoint: 8.54 meters
[DroneInstance 0] Distance to waypoint: 8.06 meters
[DroneInstance 0] Distance to waypoint: 5.23 meters
[DroneInstance 0] Distance to waypoint: 2.05 meters
[DroneInstance 0] Distance to waypoint: 0.26 meters
[DroneInstance 0] _complete_current_waypoint: idx=0, hold_duration=0, is_holding=False, hold_start_time=None
[DroneInstance 0]  Advancing from waypoint #1 to #2
[DroneInstance 0] Distance to waypoint: 0.52 meters
[DroneInstance 0] Distance to waypoint: 0.38 meters
[DroneInstance 0] _complete_current_waypoint: idx=1, hold_duration=0, is_holding=False, hold_start_time=None
[DroneInstance 0]  Advancing from waypoint #2 to #3
[DroneInstance 0] Distance to waypoint: 0.70 meters
[DroneInstance 0] Distance to waypoint: 0.45 meters
[DroneInstance 0] _complete_current_waypoint: idx=2, hold_duration=0, is_holding=False, hold_start_time=None
[DroneInstance 0]  Advancing from waypoint #3 to #4
[DroneInstance 0] Distance to waypoint: 0.73 meters
[DroneInstance 0] Distance to waypoint: 0.46 meters
[DroneInstance 0] _complete_current_waypoint: idx=3, hold_duration=0, is_holding=False, hold_start_time=None
[DroneInstance 0]  Advancing from waypoint #4 to #5
[DroneInstance 0] Distance to waypoint: 0.72 meters
[DroneInstance 0] Distance to waypoint: 0.45 meters
[DroneInstance 0] _complete_current_waypoint: idx=4, hold_duration=0, is_holding=False, hold_start_time=None
[DroneInstance 0]  Advancing from waypoint #5 to #6
[DroneInstance 0] Distance to waypoint: 0.62 meters
[DroneInstance 0] Distance to waypoint: 0.45 meters
[DroneInstance 0] _complete_current_waypoint: idx=5, hold_duration=0, is_holding=False, hold_start_time=None
[DroneInstance 0]  Advancing from waypoint #6 to #7
[DroneInstance 0] Distance to waypoint: 0.66 meters
[DroneInstance 0] Distance to waypoint: 0.47 meters
[DroneInstance 0] _complete_current_waypoint: idx=6, hold_duration=0, is_holding=False, hold_start_time=None
[DroneInstance 0]  Advancing from waypoint #7 to #8
[DroneInstance 0] Distance to waypoint: 0.72 meters
[DroneInstance 0] Distance to waypoint: 0.43 meters
[DroneInstance 0] _complete_current_waypoint: idx=7, hold_duration=0, is_holding=False, hold_start_time=None
[DroneInstance 0]  Advancing from waypoint #8 to #9
[DroneInstance 0] Distance to waypoint: 0.68 meters
[DroneInstance 0] Distance to waypoint: 0.42 meters
[DroneInstance 0] _complete_current_waypoint: idx=8, hold_duration=0, is_holding=False, hold_start_time=None
[DroneInstance 0]  Advancing from waypoint #9 to #10
[DroneInstance 0] Distance to waypoint: 0.68 meters
[DroneInstance 0] Distance to waypoint: 0.41 meters
[DroneInstance 0] _complete_current_waypoint: idx=9, hold_duration=0, is_holding=False, hold_start_time=None
[DroneInstance 0]  Advancing from waypoint #10 to #11
[DroneInstance 0] Distance to waypoint: 0.62 meters
[DroneInstance 0] Distance to waypoint: 0.46 meters
[DroneInstance 0] _complete_current_waypoint: idx=10, hold_duration=0, is_holding=False, hold_start_time=None
[DroneInstance 0]  Advancing from waypoint #11 to #12
[DroneInstance 0] Distance to waypoint: 0.69 meters
[DroneInstance 0] Distance to waypoint: 0.52 meters
[DroneInstance 0] Distance to waypoint: 0.14 meters
[DroneInstance 0] _complete_current_waypoint: idx=11, hold_duration=0, is_holding=False, hold_start_time=None
[DroneInstance 0]  Advancing from waypoint #12 to #13
[DroneInstance 0] Distance to waypoint: 0.64 meters
[DroneInstance 0] Received message from Unity: {'type': 'map_area', 'mission_id': 'Mission_9747', 'points': [{'x': 1.4906516075134277, 'y': 4.425410747528076, 'z': 2.5910897254943848}, {'x': 4.41309118270874, 'y': 4.425410747528076, 'z': 2.5910897254943848}, {'x': 4.41309118270874, 'y': 7.347851753234863, 'z': 2.5910897254943848}, {'x': 1.4906516075134277, 'y': 7.347851753234863, 'z': 2.5910897254943848}, {'x': 1.4906516075134277, 'y': 4.425410747528076, 'z': 5.513530254364014}, {'x': 4.41309118270874, 'y': 4.425410747528076, 'z': 5.513530254364014}, {'x': 4.41309118270874, 'y': 7.347851753234863, 'z': 5.513530254364014}, {'x': 1.4906516075134277, 'y': 7.347851753234863, 'z': 5.513530254364014}], 'grid_spacing': 0.49398258328437805, 'vertical_step': 0.974146842956543, 'priority': 1, 'preempt': False}
[DroneInstance 0] Mission 'Mission_9747' added with priority 1 and 75 waypoints.
[DroneInstance 0] [3D Slicer] 75 waypoints generated from 3D hull between Z=2.59-5.51 every 0.974146842956543m.
[DroneInstance 0] Distance to waypoint: 0.47 meters
[DroneInstance 0] _complete_current_waypoint: idx=12, hold_duration=0, is_holding=False, hold_start_time=None
[DroneInstance 0]  Advancing from waypoint #13 to #14
[DroneInstance 0] Distance to waypoint: 0.74 meters
[DroneInstance 0] Distance to waypoint: 0.47 meters
[DroneInstance 0] _complete_current_waypoint: idx=13, hold_duration=0, is_holding=False, hold_start_time=None
[DroneInstance 0]  Advancing from waypoint #14 to #15
[DroneInstance 0] Distance to waypoint: 0.73 meters
[DroneInstance 0] Distance to waypoint: 0.46 meters
[DroneInstance 0] _complete_current_waypoint: idx=14, hold_duration=0, is_holding=False, hold_start_time=None
[DroneInstance 0]  Advancing from waypoint #15 to #16
[DroneInstance 0] Distance to waypoint: 0.63 meters
[DroneInstance 0] Distance to waypoint: 0.45 meters
[DroneInstance 0] _complete_current_waypoint: idx=15, hold_duration=0, is_holding=False, hold_start_time=None
[DroneInstance 0]  Advancing from waypoint #16 to #17
[DroneInstance 0] Distance to waypoint: 0.66 meters
[DroneInstance 0] Distance to waypoint: 0.48 meters
[DroneInstance 0] _complete_current_waypoint: idx=16, hold_duration=0, is_holding=False, hold_start_time=None
[DroneInstance 0]  Advancing from waypoint #17 to #18
[DroneInstance 0] Distance to waypoint: 0.72 meters
[DroneInstance 0] Distance to waypoint: 0.43 meters
[DroneInstance 0] _complete_current_waypoint: idx=17, hold_duration=0, is_holding=False, hold_start_time=None
[DroneInstance 0]  Advancing from waypoint #18 to #19
[DroneInstance 0] Distance to waypoint: 0.68 meters
[DroneInstance 0] Distance to waypoint: 0.42 meters
[DroneInstance 0] _complete_current_waypoint: idx=18, hold_duration=0, is_holding=False, hold_start_time=None
[DroneInstance 0]  Advancing from waypoint #19 to #20
[DroneInstance 0] Distance to waypoint: 0.68 meters
[DroneInstance 0] Distance to waypoint: 0.41 meters
[DroneInstance 0] _complete_current_waypoint: idx=19, hold_duration=0, is_holding=False, hold_start_time=None
[DroneInstance 0]  Advancing from waypoint #20 to #21
[DroneInstance 0] Distance to waypoint: 0.63 meters
[DroneInstance 0] Distance to waypoint: 0.46 meters
[DroneInstance 0] _complete_current_waypoint: idx=20, hold_duration=0, is_holding=False, hold_start_time=None
[DroneInstance 0]  Advancing from waypoint #21 to #22
[DroneInstance 0] Distance to waypoint: 0.69 meters
[DroneInstance 0] Distance to waypoint: 0.52 meters
[DroneInstance 0] Distance to waypoint: 0.14 meters
[DroneInstance 0] _complete_current_waypoint: idx=21, hold_duration=0, is_holding=False, hold_start_time=None
[DroneInstance 0]  Advancing from waypoint #22 to #23
[DroneInstance 0] Distance to waypoint: 0.64 meters
[DroneInstance 0] Distance to waypoint: 0.47 meters
[DroneInstance 0] _complete_current_waypoint: idx=22, hold_duration=0, is_holding=False, hold_start_time=None
[DroneInstance 0]  Advancing from waypoint #23 to #24
[DroneInstance 0] Distance to waypoint: 0.74 meters
[DroneInstance 0] Distance to waypoint: 0.46 meters
[DroneInstance 0] _complete_current_waypoint: idx=23, hold_duration=0, is_holding=False, hold_start_time=None
[DroneInstance 0]  Advancing from waypoint #24 to #25
[DroneInstance 0] Distance to waypoint: 0.73 meters
[DroneInstance 0] Distance to waypoint: 0.46 meters
[DroneInstance 0] _complete_current_waypoint: idx=24, hold_duration=0, is_holding=False, hold_start_time=None
[DroneInstance 0]  Advancing from waypoint #25 to #26
[DroneInstance 0] Distance to waypoint: 3.68 meters
[DroneInstance 0] Distance to waypoint: 3.37 meters
[DroneInstance 0] Distance to waypoint: 1.41 meters
[DroneInstance 0] Distance to waypoint: 0.15 meters
[DroneInstance 0] _complete_current_waypoint: idx=25, hold_duration=0, is_holding=False, hold_start_time=None
[DroneInstance 0]  Advancing from waypoint #26 to #27
[DroneInstance 0] Distance to waypoint: 0.74 meters
[DroneInstance 0] Distance to waypoint: 0.55 meters
[DroneInstance 0] Distance to waypoint: 0.16 meters
[DroneInstance 0] _complete_current_waypoint: idx=26, hold_duration=0, is_holding=False, hold_start_time=None
[DroneInstance 0]  Advancing from waypoint #27 to #28
[DroneInstance 0] Distance to waypoint: 0.64 meters
[DroneInstance 0] Distance to waypoint: 0.47 meters
[DroneInstance 0] _complete_current_waypoint: idx=27, hold_duration=0, is_holding=False, hold_start_time=None
[DroneInstance 0]  Advancing from waypoint #28 to #29
[DroneInstance 0] Distance to waypoint: 0.74 meters
[DroneInstance 0] Distance to waypoint: 0.46 meters
[DroneInstance 0] _complete_current_waypoint: idx=28, hold_duration=0, is_holding=False, hold_start_time=None
[DroneInstance 0]  Advancing from waypoint #29 to #30
[DroneInstance 0] Distance to waypoint: 0.73 meters
[DroneInstance 0] Distance to waypoint: 0.46 meters
[DroneInstance 0] _complete_current_waypoint: idx=29, hold_duration=0, is_holding=False, hold_start_time=None
[DroneInstance 0]  Advancing from waypoint #30 to #31
[DroneInstance 0] Distance to waypoint: 0.63 meters
[DroneInstance 0] Distance to waypoint: 0.46 meters
[DroneInstance 0] _complete_current_waypoint: idx=30, hold_duration=0, is_holding=False, hold_start_time=None
[DroneInstance 0]  Advancing from waypoint #31 to #32
[DroneInstance 0] Distance to waypoint: 0.65 meters
[DroneInstance 0] Distance to waypoint: 0.47 meters
[DroneInstance 0] _complete_current_waypoint: idx=31, hold_duration=0, is_holding=False, hold_start_time=None
[DroneInstance 0]  Advancing from waypoint #32 to #33
[DroneInstance 0] Distance to waypoint: 0.73 meters
[DroneInstance 0] Distance to waypoint: 0.43 meters
[DroneInstance 0] _complete_current_waypoint: idx=32, hold_duration=0, is_holding=False, hold_start_time=None
[DroneInstance 0]  Advancing from waypoint #33 to #34
[DroneInstance 0] Distance to waypoint: 0.69 meters
[DroneInstance 0] Distance to waypoint: 0.42 meters
[DroneInstance 0] _complete_current_waypoint: idx=33, hold_duration=0, is_holding=False, hold_start_time=None
[DroneInstance 0]  Advancing from waypoint #34 to #35
[DroneInstance 0] Distance to waypoint: 0.68 meters
[DroneInstance 0] Distance to waypoint: 0.41 meters
[DroneInstance 0] _complete_current_waypoint: idx=34, hold_duration=0, is_holding=False, hold_start_time=None
[DroneInstance 0]  Advancing from waypoint #35 to #36
[DroneInstance 0] Distance to waypoint: 0.62 meters
[DroneInstance 0] Distance to waypoint: 0.46 meters
[DroneInstance 0] _complete_current_waypoint: idx=35, hold_duration=0, is_holding=False, hold_start_time=None
[DroneInstance 0]  Advancing from waypoint #36 to #37
[DroneInstance 0] Distance to waypoint: 0.69 meters
[DroneInstance 0] Distance to waypoint: 0.51 meters
[DroneInstance 0] Distance to waypoint: 0.14 meters
[DroneInstance 0] _complete_current_waypoint: idx=36, hold_duration=0, is_holding=False, hold_start_time=None
[DroneInstance 0]  Advancing from waypoint #37 to #38
[DroneInstance 0] Distance to waypoint: 0.64 meters
[DroneInstance 0] Distance to waypoint: 0.47 meters
[DroneInstance 0] _complete_current_waypoint: idx=37, hold_duration=0, is_holding=False, hold_start_time=None
[DroneInstance 0]  Advancing from waypoint #38 to #39
[DroneInstance 0] Distance to waypoint: 0.74 meters
[DroneInstance 0] Distance to waypoint: 0.46 meters
[DroneInstance 0] _complete_current_waypoint: idx=38, hold_duration=0, is_holding=False, hold_start_time=None
[DroneInstance 0]  Advancing from waypoint #39 to #40
[DroneInstance 0] Distance to waypoint: 0.72 meters
[DroneInstance 0] Distance to waypoint: 0.45 meters
[DroneInstance 0] _complete_current_waypoint: idx=39, hold_duration=0, is_holding=False, hold_start_time=None
[DroneInstance 0]  Advancing from waypoint #40 to #41
[DroneInstance 0] Distance to waypoint: 0.63 meters
[DroneInstance 0] Distance to waypoint: 0.45 meters
[DroneInstance 0] _complete_current_waypoint: idx=40, hold_duration=0, is_holding=False, hold_start_time=None
[DroneInstance 0]  Advancing from waypoint #41 to #42
[DroneInstance 0] Distance to waypoint: 0.65 meters
[DroneInstance 0] Distance to waypoint: 0.47 meters
[DroneInstance 0] _complete_current_waypoint: idx=41, hold_duration=0, is_holding=False, hold_start_time=None
[DroneInstance 0]  Advancing from waypoint #42 to #43
[DroneInstance 0] Distance to waypoint: 0.73 meters
[DroneInstance 0] Distance to waypoint: 0.43 meters
[DroneInstance 0] _complete_current_waypoint: idx=42, hold_duration=0, is_holding=False, hold_start_time=None
[DroneInstance 0]  Advancing from waypoint #43 to #44
[DroneInstance 0] Distance to waypoint: 0.69 meters
[DroneInstance 0] Distance to waypoint: 0.41 meters
[DroneInstance 0] _complete_current_waypoint: idx=43, hold_duration=0, is_holding=False, hold_start_time=None
[DroneInstance 0]  Advancing from waypoint #44 to #45
[DroneInstance 0] Distance to waypoint: 0.68 meters
[DroneInstance 0] Distance to waypoint: 0.41 meters
[DroneInstance 0] _complete_current_waypoint: idx=44, hold_duration=0, is_holding=False, hold_start_time=None
[DroneInstance 0]  Advancing from waypoint #45 to #46
[DroneInstance 0] Distance to waypoint: 0.63 meters
[DroneInstance 0] Distance to waypoint: 0.46 meters
[DroneInstance 0] _complete_current_waypoint: idx=45, hold_duration=0, is_holding=False, hold_start_time=None
[DroneInstance 0]  Advancing from waypoint #46 to #47
[DroneInstance 0] Distance to waypoint: 0.69 meters
[DroneInstance 0] Distance to waypoint: 0.51 meters
[DroneInstance 0] Distance to waypoint: 0.14 meters
[DroneInstance 0] _complete_current_waypoint: idx=46, hold_duration=0, is_holding=False, hold_start_time=None
[DroneInstance 0]  Advancing from waypoint #47 to #48
[DroneInstance 0] Distance to waypoint: 0.64 meters
[DroneInstance 0] Distance to waypoint: 0.47 meters
[DroneInstance 0] _complete_current_waypoint: idx=47, hold_duration=0, is_holding=False, hold_start_time=None
[DroneInstance 0]  Advancing from waypoint #48 to #49
[DroneInstance 0] Distance to waypoint: 0.74 meters
[DroneInstance 0] Distance to waypoint: 0.46 meters
[DroneInstance 0] _complete_current_waypoint: idx=48, hold_duration=0, is_holding=False, hold_start_time=None
[DroneInstance 0]  Advancing from waypoint #49 to #50
[DroneInstance 0] Distance to waypoint: 0.72 meters
[DroneInstance 0] Distance to waypoint: 0.45 meters
[DroneInstance 0] _complete_current_waypoint: idx=49, hold_duration=0, is_holding=False, hold_start_time=None
[DroneInstance 0]  Advancing from waypoint #50 to #51
[DroneInstance 0] Distance to waypoint: 3.68 meters
[DroneInstance 0] Distance to waypoint: 3.36 meters
[DroneInstance 0] Distance to waypoint: 1.39 meters
[DroneInstance 0] Distance to waypoint: 0.16 meters
[DroneInstance 0] _complete_current_waypoint: idx=50, hold_duration=0, is_holding=False, hold_start_time=None
[DroneInstance 0]  Advancing from waypoint #51 to #52
[DroneInstance 0] Distance to waypoint: 0.74 meters
[DroneInstance 0] Distance to waypoint: 0.55 meters
[DroneInstance 0] Distance to waypoint: 0.15 meters
[DroneInstance 0] _complete_current_waypoint: idx=51, hold_duration=0, is_holding=False, hold_start_time=None
[DroneInstance 0]  Advancing from waypoint #52 to #53
[DroneInstance 0] Distance to waypoint: 0.64 meters
[DroneInstance 0] Distance to waypoint: 0.47 meters
[DroneInstance 0] _complete_current_waypoint: idx=52, hold_duration=0, is_holding=False, hold_start_time=None
[DroneInstance 0]  Advancing from waypoint #53 to #54
[DroneInstance 0] Distance to waypoint: 0.74 meters
[DroneInstance 0] Distance to waypoint: 0.46 meters
[DroneInstance 0] _complete_current_waypoint: idx=53, hold_duration=0, is_holding=False, hold_start_time=None
[DroneInstance 0]  Advancing from waypoint #54 to #55
[DroneInstance 0] Distance to waypoint: 0.73 meters
[DroneInstance 0] Distance to waypoint: 0.45 meters
[DroneInstance 0] _complete_current_waypoint: idx=54, hold_duration=0, is_holding=False, hold_start_time=None
[DroneInstance 0]  Advancing from waypoint #55 to #56
[DroneInstance 0] Distance to waypoint: 0.63 meters
[DroneInstance 0] Distance to waypoint: 0.46 meters
[DroneInstance 0] _complete_current_waypoint: idx=55, hold_duration=0, is_holding=False, hold_start_time=None
[DroneInstance 0]  Advancing from waypoint #56 to #57
[DroneInstance 0] Distance to waypoint: 0.65 meters
[DroneInstance 0] Distance to waypoint: 0.47 meters
[DroneInstance 0] _complete_current_waypoint: idx=56, hold_duration=0, is_holding=False, hold_start_time=None
[DroneInstance 0]  Advancing from waypoint #57 to #58
[DroneInstance 0] Distance to waypoint: 0.73 meters
[DroneInstance 0] Distance to waypoint: 0.43 meters
[DroneInstance 0] _complete_current_waypoint: idx=57, hold_duration=0, is_holding=False, hold_start_time=None
[DroneInstance 0]  Advancing from waypoint #58 to #59
[DroneInstance 0] Distance to waypoint: 0.69 meters
[DroneInstance 0] Distance to waypoint: 0.42 meters
[DroneInstance 0] _complete_current_waypoint: idx=58, hold_duration=0, is_holding=False, hold_start_time=None
[DroneInstance 0]  Advancing from waypoint #59 to #60
[DroneInstance 0] Distance to waypoint: 0.68 meters
[DroneInstance 0] Distance to waypoint: 0.41 meters
[DroneInstance 0] _complete_current_waypoint: idx=59, hold_duration=0, is_holding=False, hold_start_time=None
[DroneInstance 0]  Advancing from waypoint #60 to #61
[DroneInstance 0] Distance to waypoint: 0.62 meters
[DroneInstance 0] Distance to waypoint: 0.46 meters
[DroneInstance 0] _complete_current_waypoint: idx=60, hold_duration=0, is_holding=False, hold_start_time=None
[DroneInstance 0]  Advancing from waypoint #61 to #62
[DroneInstance 0] Distance to waypoint: 0.69 meters
[DroneInstance 0] Distance to waypoint: 0.50 meters
[DroneInstance 0] _complete_current_waypoint: idx=61, hold_duration=0, is_holding=False, hold_start_time=None
[DroneInstance 0]  Advancing from waypoint #62 to #63
[DroneInstance 0] Distance to waypoint: 0.75 meters
[DroneInstance 0] Distance to waypoint: 0.46 meters
[DroneInstance 0] _complete_current_waypoint: idx=62, hold_duration=0, is_holding=False, hold_start_time=None
[DroneInstance 0]  Advancing from waypoint #63 to #64
[DroneInstance 0] Distance to waypoint: 0.72 meters
[DroneInstance 0] Distance to waypoint: 0.44 meters
[DroneInstance 0] _complete_current_waypoint: idx=63, hold_duration=0, is_holding=False, hold_start_time=None
[DroneInstance 0]  Advancing from waypoint #64 to #65
[DroneInstance 0] Distance to waypoint: 0.71 meters
[DroneInstance 0] Distance to waypoint: 0.43 meters
[DroneInstance 0] _complete_current_waypoint: idx=64, hold_duration=0, is_holding=False, hold_start_time=None
[DroneInstance 0]  Advancing from waypoint #65 to #66
[DroneInstance 0] Distance to waypoint: 0.64 meters
[DroneInstance 0] Distance to waypoint: 0.47 meters
[DroneInstance 0] _complete_current_waypoint: idx=65, hold_duration=0, is_holding=False, hold_start_time=None
[DroneInstance 0]  Advancing from waypoint #66 to #67
[DroneInstance 0] Distance to waypoint: 0.68 meters
[DroneInstance 0] Distance to waypoint: 0.49 meters
[DroneInstance 0] _complete_current_waypoint: idx=66, hold_duration=0, is_holding=False, hold_start_time=None
[DroneInstance 0]  Advancing from waypoint #67 to #68
[DroneInstance 0] Distance to waypoint: 0.75 meters
[DroneInstance 0] Distance to waypoint: 0.45 meters
[DroneInstance 0] _complete_current_waypoint: idx=67, hold_duration=0, is_holding=False, hold_start_time=None
[DroneInstance 0]  Advancing from waypoint #68 to #69
[DroneInstance 0] Distance to waypoint: 0.71 meters
[DroneInstance 0] Distance to waypoint: 0.44 meters
[DroneInstance 0] _complete_current_waypoint: idx=68, hold_duration=0, is_holding=False, hold_start_time=None
[DroneInstance 0]  Advancing from waypoint #69 to #70
[DroneInstance 0] Distance to waypoint: 0.71 meters
[DroneInstance 0] Distance to waypoint: 0.44 meters
[DroneInstance 0] _complete_current_waypoint: idx=69, hold_duration=0, is_holding=False, hold_start_time=None
[DroneInstance 0]  Advancing from waypoint #70 to #71
[DroneInstance 0] Distance to waypoint: 0.65 meters
[DroneInstance 0] Distance to waypoint: 0.48 meters
[DroneInstance 0] _complete_current_waypoint: idx=70, hold_duration=0, is_holding=False, hold_start_time=None
[DroneInstance 0]  Advancing from waypoint #71 to #72
[DroneInstance 0] Distance to waypoint: 0.67 meters
[DroneInstance 0] Distance to waypoint: 0.48 meters
[DroneInstance 0] _complete_current_waypoint: idx=71, hold_duration=0, is_holding=False, hold_start_time=None
[DroneInstance 0]  Advancing from waypoint #72 to #73
[DroneInstance 0] Distance to waypoint: 0.73 meters
[DroneInstance 0] Distance to waypoint: 0.44 meters
[DroneInstance 0] _complete_current_waypoint: idx=72, hold_duration=0, is_holding=False, hold_start_time=None
[DroneInstance 0]  Advancing from waypoint #73 to #74
[DroneInstance 0] Distance to waypoint: 0.70 meters
[DroneInstance 0] Distance to waypoint: 0.42 meters
[DroneInstance 0] _complete_current_waypoint: idx=73, hold_duration=0, is_holding=False, hold_start_time=None
[DroneInstance 0]  Advancing from waypoint #74 to #75
[DroneInstance 0] Distance to waypoint: 0.69 meters
[DroneInstance 0] Distance to waypoint: 0.42 meters
[DroneInstance 0] _complete_current_waypoint: idx=74, hold_duration=0, is_holding=False, hold_start_time=None
[DroneInstance 0]  Advancing from waypoint #75 to #76
[DroneInstance 0] Mission 'Mission_2544' complete.
[DroneInstance 0] Starting mission: Mission_9747
[DroneInstance 0] Distance to waypoint: 13.95 meters
[DroneInstance 0] Distance to waypoint: 13.58 meters
[DroneInstance 0] Distance to waypoint: 10.95 meters
[DroneInstance 0] Distance to waypoint: 6.90 meters
[DroneInstance 0] Distance to waypoint: 2.99 meters
[DroneInstance 0] Distance to waypoint: 0.45 meters
[DroneInstance 0] _complete_current_waypoint: idx=0, hold_duration=0, is_holding=False, hold_start_time=None
[DroneInstance 0]  Advancing from waypoint #1 to #2
[DroneInstance 0] Distance to waypoint: 0.87 meters
[DroneInstance 0] Distance to waypoint: 0.71 meters
[DroneInstance 0] Distance to waypoint: 0.27 meters
[DroneInstance 0] _complete_current_waypoint: idx=1, hold_duration=0, is_holding=False, hold_start_time=None
[DroneInstance 0]  Advancing from waypoint #2 to #3
[DroneInstance 0] Distance to waypoint: 0.56 meters
[DroneInstance 0] Distance to waypoint: 0.36 meters
[DroneInstance 0] _complete_current_waypoint: idx=2, hold_duration=0, is_holding=False, hold_start_time=None
[DroneInstance 0]  Advancing from waypoint #3 to #4
[DroneInstance 0] Distance to waypoint: 0.56 meters
[DroneInstance 0] Distance to waypoint: 0.34 meters
[DroneInstance 0] _complete_current_waypoint: idx=3, hold_duration=0, is_holding=False, hold_start_time=None
[DroneInstance 0]  Advancing from waypoint #4 to #5
[DroneInstance 0] Distance to waypoint: 0.54 meters
[DroneInstance 0] Distance to waypoint: 0.32 meters
[DroneInstance 0] _complete_current_waypoint: idx=4, hold_duration=0, is_holding=False, hold_start_time=None
[DroneInstance 0]  Advancing from waypoint #5 to #6
[DroneInstance 0] Distance to waypoint: 0.50 meters
[DroneInstance 0] Distance to waypoint: 0.37 meters
[DroneInstance 0] _complete_current_waypoint: idx=5, hold_duration=0, is_holding=False, hold_start_time=None
[DroneInstance 0]  Advancing from waypoint #6 to #7
[DroneInstance 0] Distance to waypoint: 0.54 meters
[DroneInstance 0] Distance to waypoint: 0.39 meters
[DroneInstance 0] _complete_current_waypoint: idx=6, hold_duration=0, is_holding=False, hold_start_time=None
[DroneInstance 0]  Advancing from waypoint #7 to #8
[DroneInstance 0] Distance to waypoint: 0.59 meters
[DroneInstance 0] Distance to waypoint: 0.36 meters
[DroneInstance 0] _complete_current_waypoint: idx=7, hold_duration=0, is_holding=False, hold_start_time=None
[DroneInstance 0]  Advancing from waypoint #8 to #9
[DroneInstance 0] Distance to waypoint: 0.56 meters
[DroneInstance 0] Distance to waypoint: 0.35 meters
[DroneInstance 0] _complete_current_waypoint: idx=8, hold_duration=0, is_holding=False, hold_start_time=None
[DroneInstance 0]  Advancing from waypoint #9 to #10
[DroneInstance 0] Distance to waypoint: 0.56 meters
[DroneInstance 0] Distance to waypoint: 0.34 meters
[DroneInstance 0] _complete_current_waypoint: idx=9, hold_duration=0, is_holding=False, hold_start_time=None
[DroneInstance 0]  Advancing from waypoint #10 to #11
[DroneInstance 0] Distance to waypoint: 0.51 meters
[DroneInstance 0] Distance to waypoint: 0.37 meters
[DroneInstance 0] _complete_current_waypoint: idx=10, hold_duration=0, is_holding=False, hold_start_time=None
[DroneInstance 0]  Advancing from waypoint #11 to #12
[DroneInstance 0] Distance to waypoint: 0.51 meters
[DroneInstance 0] Distance to waypoint: 0.35 meters
[DroneInstance 0] _complete_current_waypoint: idx=11, hold_duration=0, is_holding=False, hold_start_time=None
[DroneInstance 0]  Advancing from waypoint #12 to #13
[DroneInstance 0] Distance to waypoint: 0.56 meters
[DroneInstance 0] Distance to waypoint: 0.32 meters
[DroneInstance 0] _complete_current_waypoint: idx=12, hold_duration=0, is_holding=False, hold_start_time=None
[DroneInstance 0]  Advancing from waypoint #13 to #14
[DroneInstance 0] Distance to waypoint: 0.52 meters
[DroneInstance 0] Distance to waypoint: 0.31 meters
[DroneInstance 0] _complete_current_waypoint: idx=13, hold_duration=0, is_holding=False, hold_start_time=None
[DroneInstance 0]  Advancing from waypoint #14 to #15
[DroneInstance 0] Distance to waypoint: 0.52 meters
[DroneInstance 0] Distance to waypoint: 0.31 meters
[DroneInstance 0] _complete_current_waypoint: idx=14, hold_duration=0, is_holding=False, hold_start_time=None
[DroneInstance 0]  Advancing from waypoint #15 to #16
[DroneInstance 0] Distance to waypoint: 0.51 meters
[DroneInstance 0] Distance to waypoint: 0.38 meters
[DroneInstance 0] _complete_current_waypoint: idx=15, hold_duration=0, is_holding=False, hold_start_time=None
[DroneInstance 0]  Advancing from waypoint #16 to #17
[DroneInstance 0] Distance to waypoint: 0.55 meters
[DroneInstance 0] Distance to waypoint: 0.40 meters
[DroneInstance 0] _complete_current_waypoint: idx=16, hold_duration=0, is_holding=False, hold_start_time=None
[DroneInstance 0]  Advancing from waypoint #17 to #18
[DroneInstance 0] Distance to waypoint: 0.59 meters
[DroneInstance 0] Distance to waypoint: 0.36 meters
[DroneInstance 0] _complete_current_waypoint: idx=17, hold_duration=0, is_holding=False, hold_start_time=None
[DroneInstance 0]  Advancing from waypoint #18 to #19
[DroneInstance 0] Distance to waypoint: 0.57 meters
[DroneInstance 0] Distance to waypoint: 0.35 meters
[DroneInstance 0] _complete_current_waypoint: idx=18, hold_duration=0, is_holding=False, hold_start_time=None
[DroneInstance 0]  Advancing from waypoint #19 to #20
[DroneInstance 0] Distance to waypoint: 0.56 meters
[DroneInstance 0] Distance to waypoint: 0.34 meters
[DroneInstance 0] _complete_current_waypoint: idx=19, hold_duration=0, is_holding=False, hold_start_time=None
[DroneInstance 0]  Advancing from waypoint #20 to #21
[DroneInstance 0] Distance to waypoint: 0.52 meters
[DroneInstance 0] Distance to waypoint: 0.37 meters
[DroneInstance 0] _complete_current_waypoint: idx=20, hold_duration=0, is_holding=False, hold_start_time=None
[DroneInstance 0]  Advancing from waypoint #21 to #22
[DroneInstance 0] Distance to waypoint: 0.51 meters
[DroneInstance 0] Distance to waypoint: 0.36 meters
[DroneInstance 0] _complete_current_waypoint: idx=21, hold_duration=0, is_holding=False, hold_start_time=None
[DroneInstance 0]  Advancing from waypoint #22 to #23
[DroneInstance 0] Distance to waypoint: 0.56 meters
[DroneInstance 0] Distance to waypoint: 0.32 meters
[DroneInstance 0] _complete_current_waypoint: idx=22, hold_duration=0, is_holding=False, hold_start_time=None
[DroneInstance 0]  Advancing from waypoint #23 to #24
[DroneInstance 0] Distance to waypoint: 0.52 meters
[DroneInstance 0] Distance to waypoint: 0.31 meters
[DroneInstance 0] _complete_current_waypoint: idx=23, hold_duration=0, is_holding=False, hold_start_time=None
[DroneInstance 0]  Advancing from waypoint #24 to #25
[DroneInstance 0] Distance to waypoint: 0.52 meters
[DroneInstance 0] Distance to waypoint: 0.31 meters
[DroneInstance 0] _complete_current_waypoint: idx=24, hold_duration=0, is_holding=False, hold_start_time=None
[DroneInstance 0]  Advancing from waypoint #25 to #26
[DroneInstance 0] Distance to waypoint: 2.93 meters
[DroneInstance 0] Distance to waypoint: 2.57 meters
[DroneInstance 0] Distance to waypoint: 0.86 meters
[DroneInstance 0] Distance to waypoint: 0.06 meters
[DroneInstance 0] _complete_current_waypoint: idx=25, hold_duration=0, is_holding=False, hold_start_time=None
[DroneInstance 0]  Advancing from waypoint #26 to #27
[DroneInstance 0] Distance to waypoint: 0.56 meters
[DroneInstance 0] Distance to waypoint: 0.39 meters
[DroneInstance 0] _complete_current_waypoint: idx=26, hold_duration=0, is_holding=False, hold_start_time=None
[DroneInstance 0]  Advancing from waypoint #27 to #28
[DroneInstance 0] Distance to waypoint: 0.57 meters
[DroneInstance 0] Distance to waypoint: 0.33 meters
[DroneInstance 0] _complete_current_waypoint: idx=27, hold_duration=0, is_holding=False, hold_start_time=None
[DroneInstance 0]  Advancing from waypoint #28 to #29
[DroneInstance 0] Distance to waypoint: 0.53 meters
[DroneInstance 0] Distance to waypoint: 0.30 meters
[DroneInstance 0] _complete_current_waypoint: idx=28, hold_duration=0, is_holding=False, hold_start_time=None
[DroneInstance 0]  Advancing from waypoint #29 to #30
[DroneInstance 0] Distance to waypoint: 0.52 meters
[DroneInstance 0] Distance to waypoint: 0.30 meters
[DroneInstance 0] _complete_current_waypoint: idx=29, hold_duration=0, is_holding=False, hold_start_time=None
[DroneInstance 0]  Advancing from waypoint #30 to #31
[DroneInstance 0] Distance to waypoint: 0.52 meters
[DroneInstance 0] Distance to waypoint: 0.38 meters
[DroneInstance 0] _complete_current_waypoint: idx=30, hold_duration=0, is_holding=False, hold_start_time=None
[DroneInstance 0]  Advancing from waypoint #31 to #32
[DroneInstance 0] Distance to waypoint: 0.55 meters
[DroneInstance 0] Distance to waypoint: 0.39 meters
[DroneInstance 0] _complete_current_waypoint: idx=31, hold_duration=0, is_holding=False, hold_start_time=None
[DroneInstance 0]  Advancing from waypoint #32 to #33
[DroneInstance 0] Distance to waypoint: 0.59 meters
[DroneInstance 0] Distance to waypoint: 0.36 meters
[DroneInstance 0] _complete_current_waypoint: idx=32, hold_duration=0, is_holding=False, hold_start_time=None
[DroneInstance 0]  Advancing from waypoint #33 to #34
[DroneInstance 0] Distance to waypoint: 0.57 meters
[DroneInstance 0] Distance to waypoint: 0.35 meters
[DroneInstance 0] _complete_current_waypoint: idx=33, hold_duration=0, is_holding=False, hold_start_time=None
[DroneInstance 0]  Advancing from waypoint #34 to #35
[DroneInstance 0] Distance to waypoint: 0.56 meters
[DroneInstance 0] Distance to waypoint: 0.34 meters
[DroneInstance 0] _complete_current_waypoint: idx=34, hold_duration=0, is_holding=False, hold_start_time=None
[DroneInstance 0]  Advancing from waypoint #35 to #36
[DroneInstance 0] Distance to waypoint: 0.51 meters
[DroneInstance 0] Distance to waypoint: 0.37 meters
[DroneInstance 0] _complete_current_waypoint: idx=35, hold_duration=0, is_holding=False, hold_start_time=None
[DroneInstance 0]  Advancing from waypoint #36 to #37
[DroneInstance 0] Distance to waypoint: 0.51 meters
[DroneInstance 0] Distance to waypoint: 0.35 meters
[DroneInstance 0] _complete_current_waypoint: idx=36, hold_duration=0, is_holding=False, hold_start_time=None
[DroneInstance 0]  Advancing from waypoint #37 to #38
[DroneInstance 0] Distance to waypoint: 0.55 meters
[DroneInstance 0] Distance to waypoint: 0.32 meters
[DroneInstance 0] _complete_current_waypoint: idx=37, hold_duration=0, is_holding=False, hold_start_time=None
[DroneInstance 0]  Advancing from waypoint #38 to #39
[DroneInstance 0] Distance to waypoint: 0.52 meters
[DroneInstance 0] Distance to waypoint: 0.31 meters
[DroneInstance 0] _complete_current_waypoint: idx=38, hold_duration=0, is_holding=False, hold_start_time=None
[DroneInstance 0]  Advancing from waypoint #39 to #40
[DroneInstance 0] Distance to waypoint: 0.52 meters
[DroneInstance 0] Distance to waypoint: 0.30 meters
[DroneInstance 0] _complete_current_waypoint: idx=39, hold_duration=0, is_holding=False, hold_start_time=None
[DroneInstance 0]  Advancing from waypoint #40 to #41
[DroneInstance 0] Distance to waypoint: 0.51 meters
[DroneInstance 0] Distance to waypoint: 0.38 meters
[DroneInstance 0] _complete_current_waypoint: idx=40, hold_duration=0, is_holding=False, hold_start_time=None
[DroneInstance 0]  Advancing from waypoint #41 to #42
[DroneInstance 0] Distance to waypoint: 0.55 meters
[DroneInstance 0] Distance to waypoint: 0.39 meters
[DroneInstance 0] _complete_current_waypoint: idx=41, hold_duration=0, is_holding=False, hold_start_time=None
[DroneInstance 0]  Advancing from waypoint #42 to #43
[DroneInstance 0] Distance to waypoint: 0.60 meters
[DroneInstance 0] Distance to waypoint: 0.36 meters
[DroneInstance 0] _complete_current_waypoint: idx=42, hold_duration=0, is_holding=False, hold_start_time=None
[DroneInstance 0]  Advancing from waypoint #43 to #44
[DroneInstance 0] Distance to waypoint: 0.56 meters
[DroneInstance 0] Distance to waypoint: 0.35 meters
[DroneInstance 0] _complete_current_waypoint: idx=43, hold_duration=0, is_holding=False, hold_start_time=None
[DroneInstance 0]  Advancing from waypoint #44 to #45
[DroneInstance 0] Distance to waypoint: 0.56 meters
[DroneInstance 0] Distance to waypoint: 0.35 meters
[DroneInstance 0] _complete_current_waypoint: idx=44, hold_duration=0, is_holding=False, hold_start_time=None
[DroneInstance 0]  Advancing from waypoint #45 to #46
[DroneInstance 0] Distance to waypoint: 0.52 meters
[DroneInstance 0] Distance to waypoint: 0.37 meters
[DroneInstance 0] _complete_current_waypoint: idx=45, hold_duration=0, is_holding=False, hold_start_time=None
[DroneInstance 0]  Advancing from waypoint #46 to #47
[DroneInstance 0] Distance to waypoint: 0.51 meters
[DroneInstance 0] Distance to waypoint: 0.35 meters
[DroneInstance 0] _complete_current_waypoint: idx=46, hold_duration=0, is_holding=False, hold_start_time=None
[DroneInstance 0]  Advancing from waypoint #47 to #48
[DroneInstance 0] Distance to waypoint: 0.55 meters
[DroneInstance 0] Distance to waypoint: 0.31 meters
[DroneInstance 0] _complete_current_waypoint: idx=47, hold_duration=0, is_holding=False, hold_start_time=None
[DroneInstance 0]  Advancing from waypoint #48 to #49
[DroneInstance 0] Distance to waypoint: 0.52 meters
[DroneInstance 0] Distance to waypoint: 0.30 meters
[DroneInstance 0] _complete_current_waypoint: idx=48, hold_duration=0, is_holding=False, hold_start_time=None
[DroneInstance 0]  Advancing from waypoint #49 to #50
[DroneInstance 0] Distance to waypoint: 0.52 meters
[DroneInstance 0] Distance to waypoint: 0.31 meters
[DroneInstance 0] _complete_current_waypoint: idx=49, hold_duration=0, is_holding=False, hold_start_time=None
[DroneInstance 0]  Advancing from waypoint #50 to #51
[DroneInstance 0] Distance to waypoint: 2.93 meters
[DroneInstance 0] Distance to waypoint: 2.56 meters
[DroneInstance 0] Distance to waypoint: 0.85 meters
[DroneInstance 0] Distance to waypoint: 0.06 meters
[DroneInstance 0] _complete_current_waypoint: idx=50, hold_duration=0, is_holding=False, hold_start_time=None
[DroneInstance 0]  Advancing from waypoint #51 to #52
[DroneInstance 0] Distance to waypoint: 0.56 meters
[DroneInstance 0] Distance to waypoint: 0.39 meters
[DroneInstance 0] _complete_current_waypoint: idx=51, hold_duration=0, is_holding=False, hold_start_time=None
[DroneInstance 0]  Advancing from waypoint #52 to #53
[DroneInstance 0] Distance to waypoint: 0.58 meters
[DroneInstance 0] Distance to waypoint: 0.33 meters
[DroneInstance 0] _complete_current_waypoint: idx=52, hold_duration=0, is_holding=False, hold_start_time=None
[DroneInstance 0]  Advancing from waypoint #53 to #54
[DroneInstance 0] Distance to waypoint: 0.53 meters
[DroneInstance 0] Distance to waypoint: 0.30 meters
[DroneInstance 0] _complete_current_waypoint: idx=53, hold_duration=0, is_holding=False, hold_start_time=None
[DroneInstance 0]  Advancing from waypoint #54 to #55
[DroneInstance 0] Distance to waypoint: 0.52 meters
[DroneInstance 0] Distance to waypoint: 0.30 meters
[DroneInstance 0] _complete_current_waypoint: idx=54, hold_duration=0, is_holding=False, hold_start_time=None
[DroneInstance 0]  Advancing from waypoint #55 to #56
[DroneInstance 0] Distance to waypoint: 0.51 meters
[DroneInstance 0] Distance to waypoint: 0.38 meters
[DroneInstance 0] _complete_current_waypoint: idx=55, hold_duration=0, is_holding=False, hold_start_time=None
[DroneInstance 0]  Advancing from waypoint #56 to #57
[DroneInstance 0] Distance to waypoint: 0.55 meters
[DroneInstance 0] Distance to waypoint: 0.39 meters
[DroneInstance 0] _complete_current_waypoint: idx=56, hold_duration=0, is_holding=False, hold_start_time=None
[DroneInstance 0]  Advancing from waypoint #57 to #58
[DroneInstance 0] Distance to waypoint: 0.59 meters
[DroneInstance 0] Distance to waypoint: 0.35 meters
[DroneInstance 0] _complete_current_waypoint: idx=57, hold_duration=0, is_holding=False, hold_start_time=None
[DroneInstance 0]  Advancing from waypoint #58 to #59
[DroneInstance 0] Distance to waypoint: 0.56 meters
[DroneInstance 0] Distance to waypoint: 0.34 meters
[DroneInstance 0] _complete_current_waypoint: idx=58, hold_duration=0, is_holding=False, hold_start_time=None
[DroneInstance 0]  Advancing from waypoint #59 to #60
[DroneInstance 0] Distance to waypoint: 0.56 meters
[DroneInstance 0] Distance to waypoint: 0.34 meters
[DroneInstance 0] _complete_current_waypoint: idx=59, hold_duration=0, is_holding=False, hold_start_time=None
[DroneInstance 0]  Advancing from waypoint #60 to #61
[DroneInstance 0] Distance to waypoint: 0.51 meters
[DroneInstance 0] Distance to waypoint: 0.37 meters
[DroneInstance 0] _complete_current_waypoint: idx=60, hold_duration=0, is_holding=False, hold_start_time=None
[DroneInstance 0]  Advancing from waypoint #61 to #62
[DroneInstance 0] Distance to waypoint: 0.51 meters
[DroneInstance 0] Distance to waypoint: 0.35 meters
[DroneInstance 0] _complete_current_waypoint: idx=61, hold_duration=0, is_holding=False, hold_start_time=None
[DroneInstance 0]  Advancing from waypoint #62 to #63
[DroneInstance 0] Distance to waypoint: 0.55 meters
[DroneInstance 0] Distance to waypoint: 0.31 meters
[DroneInstance 0] _complete_current_waypoint: idx=62, hold_duration=0, is_holding=False, hold_start_time=None
[DroneInstance 0]  Advancing from waypoint #63 to #64
[DroneInstance 0] Distance to waypoint: 0.52 meters
[DroneInstance 0] Distance to waypoint: 0.30 meters
[DroneInstance 0] _complete_current_waypoint: idx=63, hold_duration=0, is_holding=False, hold_start_time=None
[DroneInstance 0]  Advancing from waypoint #64 to #65
[DroneInstance 0] Distance to waypoint: 0.52 meters
[DroneInstance 0] Distance to waypoint: 0.30 meters
[DroneInstance 0] _complete_current_waypoint: idx=64, hold_duration=0, is_holding=False, hold_start_time=None
[DroneInstance 0]  Advancing from waypoint #65 to #66
[DroneInstance 0] Distance to waypoint: 0.51 meters
[DroneInstance 0] Distance to waypoint: 0.37 meters
[DroneInstance 0] _complete_current_waypoint: idx=65, hold_duration=0, is_holding=False, hold_start_time=None
[DroneInstance 0]  Advancing from waypoint #66 to #67
[DroneInstance 0] Distance to waypoint: 0.55 meters
[DroneInstance 0] Distance to waypoint: 0.39 meters
[DroneInstance 0] _complete_current_waypoint: idx=66, hold_duration=0, is_holding=False, hold_start_time=None
[DroneInstance 0]  Advancing from waypoint #67 to #68
[DroneInstance 0] Distance to waypoint: 0.59 meters
[DroneInstance 0] Distance to waypoint: 0.36 meters
[DroneInstance 0] _complete_current_waypoint: idx=67, hold_duration=0, is_holding=False, hold_start_time=None
[DroneInstance 0]  Advancing from waypoint #68 to #69
[DroneInstance 0] Distance to waypoint: 0.56 meters
[DroneInstance 0] Distance to waypoint: 0.34 meters
[DroneInstance 0] _complete_current_waypoint: idx=68, hold_duration=0, is_holding=False, hold_start_time=None
[DroneInstance 0]  Advancing from waypoint #69 to #70
[DroneInstance 0] Distance to waypoint: 0.56 meters
[DroneInstance 0] Distance to waypoint: 0.34 meters
[DroneInstance 0] _complete_current_waypoint: idx=69, hold_duration=0, is_holding=False, hold_start_time=None
[DroneInstance 0]  Advancing from waypoint #70 to #71
[DroneInstance 0] Battery low (24.0%).
[DroneInstance 0] Distance to waypoint: 0.52 meters
[DroneInstance 0] Battery low (24.0%).
[DroneInstance 0] Distance to waypoint: 0.37 meters
[DroneInstance 0] _complete_current_waypoint: idx=70, hold_duration=0, is_holding=False, hold_start_time=None
[DroneInstance 0]  Advancing from waypoint #71 to #72
[DroneInstance 0] Battery low (24.0%).
[DroneInstance 0] Distance to waypoint: 0.51 meters
[DroneInstance 0] Battery low (24.0%).
[DroneInstance 0] Distance to waypoint: 0.35 meters
[DroneInstance 0] _complete_current_waypoint: idx=71, hold_duration=0, is_holding=False, hold_start_time=None
[DroneInstance 0]  Advancing from waypoint #72 to #73
[DroneInstance 0] Battery low (23.0%).
[DroneInstance 0] Distance to waypoint: 0.55 meters
[DroneInstance 0] Battery low (23.0%).
[DroneInstance 0] Distance to waypoint: 0.31 meters
[DroneInstance 0] _complete_current_waypoint: idx=72, hold_duration=0, is_holding=False, hold_start_time=None
[DroneInstance 0]  Advancing from waypoint #73 to #74
[DroneInstance 0] Battery low (23.0%).
[DroneInstance 0] Distance to waypoint: 0.52 meters
[DroneInstance 0] Battery low (23.0%).
[DroneInstance 0] Distance to waypoint: 0.30 meters
[DroneInstance 0] _complete_current_waypoint: idx=73, hold_duration=0, is_holding=False, hold_start_time=None
[DroneInstance 0]  Advancing from waypoint #74 to #75
[DroneInstance 0] Battery low (22.0%).
[DroneInstance 0] Distance to waypoint: 0.52 meters
[DroneInstance 0] Battery low (22.0%).
[DroneInstance 0] Distance to waypoint: 0.30 meters
[DroneInstance 0] _complete_current_waypoint: idx=74, hold_duration=0, is_holding=False, hold_start_time=None
[DroneInstance 0]  Advancing from waypoint #75 to #76
[DroneInstance 0] Battery low (22.0%).
[DroneInstance 0] Mission 'Mission_9747' complete.
[DroneInstance 0] Battery low (22.0%).
[DroneInstance 0] Battery low (21.0%).
[DroneInstance 0] Received message from Unity: {'type': 'return_to_base'}
[DroneInstance 0] RTB requested — cancelling mission and switching to RTL mode.
[DroneInstance 0] Home reached — issuing LAND command
[DroneInstance 0] Shutting down DroneInstance...
[DroneInstance 0] Shutting down DroneInstance...
